mission_file_path	=	".\\Mods\\aircraft\\Su-25T\\Missions\\Single\\Su-25T - Anti-Radar Missiles Practice.miz"
callsign	=	"Lysergia"
world_state = 
{
	[1] = 
	{
		coalition	=	"red",
		type	=	"Su-25T",
		heading	=	2.8623397986041,
		unitId	=	2,
		alt	=	47.046001434326,
		y	=	683447,
		x	=	-284364.53125,
		country	=	0,
	}, -- end of [1]
	[2] = 
	{
		coalition	=	"red",
		type	=	"Su-25",
		heading	=	6.0039324502098,
		unitId	=	3,
		alt	=	47.054672241211,
		y	=	683068,
		x	=	-285580.5625,
		country	=	0,
	}, -- end of [2]
	[3] = 
	{
		coalition	=	"red",
		type	=	"Su-25",
		heading	=	2.4434607664691,
		unitId	=	5,
		alt	=	47.054672241211,
		y	=	684974.6875,
		x	=	-283996.9375,
		country	=	0,
	}, -- end of [3]
	[4] = 
	{
		coalition	=	"red",
		type	=	"Su-25T",
		heading	=	2.8623397986041,
		unitId	=	6,
		alt	=	47.046001434326,
		y	=	683564.625,
		x	=	-284331.03125,
		country	=	0,
	}, -- end of [4]
	[5] = 
	{
		coalition	=	"red",
		type	=	"Su-25",
		heading	=	5.5850534478771,
		unitId	=	8,
		alt	=	47.054672241211,
		y	=	685057.5,
		x	=	-284206.84375,
		country	=	0,
	}, -- end of [5]
	[6] = 
	{
		coalition	=	"red",
		type	=	"Su-25T",
		heading	=	2.8706455866443,
		unitId	=	9,
		alt	=	47.046001434326,
		y	=	683635.375,
		x	=	-284310.5,
		country	=	0,
	}, -- end of [6]
	[7] = 
	{
		coalition	=	"red",
		type	=	"Su-25T",
		heading	=	2.8623397986041,
		unitId	=	10,
		alt	=	47.046001434326,
		y	=	683423.25,
		x	=	-284371.4375,
		country	=	0,
	}, -- end of [7]
	[8] = 
	{
		coalition	=	"red",
		type	=	"Su-25T",
		heading	=	1.3089965025531,
		unitId	=	11,
		alt	=	47.046005249023,
		y	=	682754.0625,
		x	=	-285900,
		country	=	0,
	}, -- end of [8]
	[9] = 
	{
		coalition	=	"red",
		type	=	"Su-25T",
		heading	=	6.0039324204074,
		unitId	=	12,
		alt	=	47.046001434326,
		y	=	682902.5,
		x	=	-285625.53125,
		country	=	0,
	}, -- end of [9]
	[10] = 
	{
		coalition	=	"red",
		type	=	"Su-25T",
		heading	=	6.0039324204074,
		unitId	=	13,
		alt	=	47.046001434326,
		y	=	682949.75,
		x	=	-285612.96875,
		country	=	0,
	}, -- end of [10]
	[11] = 
	{
		coalition	=	"red",
		type	=	"IL-76MD",
		heading	=	2.4085541407215,
		unitId	=	14,
		alt	=	48.953224182129,
		y	=	682464.875,
		x	=	-284492.125,
		country	=	0,
	}, -- end of [11]
	[12] = 
	{
		coalition	=	"red",
		type	=	"Yak-40",
		heading	=	6.0039324204074,
		unitId	=	15,
		alt	=	46.981342315674,
		y	=	683138.5625,
		x	=	-285558.6875,
		country	=	0,
	}, -- end of [12]
	[13] = 
	{
		coalition	=	"red",
		type	=	"Yak-40",
		heading	=	4.4505897204029,
		unitId	=	31,
		alt	=	46.981346130371,
		y	=	685184.9375,
		x	=	-284900.59375,
		country	=	0,
	}, -- end of [13]
	[14] = 
	{
		alt	=	45.011047363281,
		type	=	"ATMZ-5",
		country	=	0,
		y	=	682497.625,
		x	=	-284475.21875,
		speed	=	0,
		heading	=	3.9444442431079,
		coalition	=	"red",
		unitId	=	4,
	}, -- end of [14]
	[15] = 
	{
		alt	=	45.011047363281,
		type	=	"Ural-375",
		country	=	0,
		y	=	682487.3125,
		x	=	-284464.375,
		speed	=	0,
		heading	=	3.9444442431079,
		coalition	=	"red",
		unitId	=	7,
	}, -- end of [15]
	[16] = 
	{
		alt	=	45.011047363281,
		type	=	"ZiL-131 APA-80",
		country	=	0,
		y	=	682528.1875,
		x	=	-284509.84375,
		speed	=	0,
		heading	=	3.9444442431079,
		coalition	=	"red",
		unitId	=	16,
	}, -- end of [16]
	[17] = 
	{
		alt	=	45.011047363281,
		type	=	"Ural-4320T",
		country	=	0,
		y	=	682538.125,
		x	=	-284519.0625,
		speed	=	0,
		heading	=	3.9444442431079,
		coalition	=	"red",
		unitId	=	44,
	}, -- end of [17]
	[18] = 
	{
		alt	=	46.922313690186,
		type	=	"Su-25T",
		groupId	=	1,
		heading	=	2.3436995188342,
		y	=	683118.5625,
		coalition	=	"red",
		x	=	-284704.875,
		unitId	=	1,
		payload = 
		{
			pylons = 
			{
				[1] = 
				{
					CLSID	=	"{44EE8698-89F9-48EE-AF36-5FD31896A82D}",
				}, -- end of [1]
				[2] = 
				{
					CLSID	=	"{CBC29BFE-3D24-4C64-B81D-941239D12249}",
				}, -- end of [2]
				[11] = 
				{
					CLSID	=	"{44EE8698-89F9-48EE-AF36-5FD31896A82C}",
				}, -- end of [11]
				[10] = 
				{
					CLSID	=	"{CBC29BFE-3D24-4C64-B81D-941239D12249}",
				}, -- end of [10]
				[6] = 
				{
					CLSID	=	"{0519A264-0AB6-11d6-9193-00A0249B6F00}",
				}, -- end of [6]
				[8] = 
				{
					CLSID	=	"{752AF1D2-EBCC-4bd7-A1E7-2357F5601C70}",
				}, -- end of [8]
			}, -- end of pylons
			fuel	=	1820,
			flare	=	0,
			chaff	=	6,
			gun	=	0,
		}, -- end of payload
		speed	=	0.0002514656225685,
		goto	=	3,
		N_obj	=	1,
		country	=	0,
	}, -- end of [18]
} -- end of world_state
mission_file_mark	=	1754032458
mission_time	=	2126.187
warehouses = 
{
	airports = 
	{
		[12] = 
		{
			unlimitedFuel	=	true,
			unlimitedMunitions	=	true,
			unlimitedAircrafts	=	true,
		}, -- end of [12]
		[13] = 
		{
			unlimitedFuel	=	true,
			unlimitedMunitions	=	true,
			unlimitedAircrafts	=	true,
		}, -- end of [13]
		[14] = 
		{
			unlimitedFuel	=	true,
			unlimitedMunitions	=	true,
			unlimitedAircrafts	=	true,
		}, -- end of [14]
		[15] = 
		{
			unlimitedFuel	=	true,
			unlimitedMunitions	=	true,
			unlimitedAircrafts	=	true,
		}, -- end of [15]
		[16] = 
		{
			unlimitedFuel	=	true,
			unlimitedMunitions	=	true,
			unlimitedAircrafts	=	true,
		}, -- end of [16]
		[17] = 
		{
			unlimitedFuel	=	true,
			unlimitedMunitions	=	true,
			unlimitedAircrafts	=	true,
		}, -- end of [17]
		[18] = 
		{
			unlimitedFuel	=	true,
			unlimitedMunitions	=	true,
			unlimitedAircrafts	=	true,
		}, -- end of [18]
		[19] = 
		{
			unlimitedFuel	=	true,
			unlimitedMunitions	=	true,
			unlimitedAircrafts	=	true,
		}, -- end of [19]
		[20] = 
		{
			unlimitedFuel	=	true,
			unlimitedMunitions	=	true,
			unlimitedAircrafts	=	true,
		}, -- end of [20]
		[21] = 
		{
			unlimitedFuel	=	true,
			unlimitedMunitions	=	true,
			unlimitedAircrafts	=	true,
		}, -- end of [21]
		[22] = 
		{
			unlimitedFuel	=	true,
			unlimitedMunitions	=	true,
			unlimitedAircrafts	=	true,
		}, -- end of [22]
		[23] = 
		{
			unlimitedFuel	=	true,
			unlimitedMunitions	=	true,
			unlimitedAircrafts	=	true,
		}, -- end of [23]
		[24] = 
		{
			unlimitedFuel	=	true,
			unlimitedMunitions	=	true,
			unlimitedAircrafts	=	true,
		}, -- end of [24]
		[25] = 
		{
			unlimitedFuel	=	true,
			unlimitedMunitions	=	true,
			unlimitedAircrafts	=	true,
		}, -- end of [25]
		[26] = 
		{
			unlimitedFuel	=	true,
			unlimitedMunitions	=	true,
			unlimitedAircrafts	=	true,
		}, -- end of [26]
		[27] = 
		{
			unlimitedFuel	=	true,
			unlimitedMunitions	=	true,
			unlimitedAircrafts	=	true,
		}, -- end of [27]
		[28] = 
		{
			unlimitedFuel	=	true,
			unlimitedMunitions	=	true,
			unlimitedAircrafts	=	true,
		}, -- end of [28]
		[29] = 
		{
			unlimitedFuel	=	true,
			unlimitedMunitions	=	true,
			unlimitedAircrafts	=	true,
		}, -- end of [29]
		[30] = 
		{
			unlimitedFuel	=	true,
			unlimitedMunitions	=	true,
			unlimitedAircrafts	=	true,
		}, -- end of [30]
		[31] = 
		{
			unlimitedFuel	=	true,
			unlimitedMunitions	=	true,
			unlimitedAircrafts	=	true,
		}, -- end of [31]
		[32] = 
		{
			unlimitedFuel	=	true,
			unlimitedMunitions	=	true,
			unlimitedAircrafts	=	true,
		}, -- end of [32]
	}, -- end of airports
	warehouses = 	{},
} -- end of warehouses
triggers_state = 
{
	["9999"] = 
	{
		time	=	1183.801,
		value	=	1,
	}, -- end of ["9999"]
	["100"] = 
	{
		time	=	1183.801,
		value	=	1,
	}, -- end of ["100"]
} -- end of triggers_state
result	=	100
events = 
{
	[1] = 
	{
		type	=	"mission start",
		event_id	=	22,
		t	=	0,
		linked_event_id	=	0,
		ta	=	59100,
	}, -- end of [1]
	[2] = 
	{
		linked_event_id	=	0,
		t	=	0,
		event_id	=	23,
		type	=	"took control",
	}, -- end of [2]
	[3] = 
	{
		initiator_unit_type	=	"Su-25T",
		type	=	"under control",
		initiator_object_id	=	16779520,
		targetMissionID	=	"1",
		target	=	"Player",
		t	=	0,
		initiatorPilotName	=	"Lysergia",
		initiator_coalition	=	1,
	}, -- end of [3]
	[4] = 
	{
		type	=	"takeoff",
		initiatorPilotName	=	"Lysergia",
		place	=	"Kutaisi",
		t	=	173.68,
		placeDisplayName	=	"Kutaisi",
		initiator_unit_type	=	"Su-25T",
		initiator_object_id	=	16779520,
		linked_event_id	=	0,
		event_id	=	40,
		initiator_coalition	=	1,
		initiator_ws_type1	=	1,
		initiatorMissionID	=	"1",
	}, -- end of [4]
	[5] = 
	{
		weapon_type	=	3016756,
		initiatorPilotName	=	"Lysergia",
		target_coalition	=	2,
		linked_event_id	=	0,
		targetMissionID	=	"37",
		target_ws_type1	=	2,
		initiator_object_id	=	16779520,
		target	=	"SA-11 Buk SR 9S18M1",
		target_object_id	=	16778496,
		targetPilotName	=	"SA-11 Buk SR 9S18M1",
		type	=	"shot",
		target_unit_type	=	"SA-11 Buk SR 9S18M1",
		t	=	297.3,
		initiator_unit_type	=	"Su-25T",
		event_id	=	41,
		weapon	=	"Kh-58U",
		initiator_ws_type1	=	1,
		initiatorMissionID	=	"1",
		initiator_coalition	=	1,
	}, -- end of [5]
	[6] = 
	{
		weapon_type	=	3016756,
		initiatorPilotName	=	"Lysergia",
		target_coalition	=	2,
		linked_event_id	=	0,
		targetMissionID	=	"39",
		target_ws_type1	=	2,
		initiator_object_id	=	16779520,
		target	=	"SA-11 Buk LN 9A310M1",
		target_object_id	=	16779008,
		targetPilotName	=	"SA-11 Buk LN 9A310M1",
		type	=	"shot",
		target_unit_type	=	"SA-11 Buk LN 9A310M1",
		t	=	407.88,
		initiator_unit_type	=	"Su-25T",
		event_id	=	42,
		weapon	=	"Kh-58U",
		initiator_ws_type1	=	1,
		initiatorMissionID	=	"1",
		initiator_coalition	=	1,
	}, -- end of [6]
	[7] = 
	{
		weapon_type	=	3016756,
		initiatorPilotName	=	"Lysergia",
		target_coalition	=	2,
		linked_event_id	=	41,
		targetMissionID	=	"37",
		target_ws_type1	=	2,
		initiator_object_id	=	16779520,
		target	=	"SA-11 Buk SR 9S18M1",
		target_object_id	=	16778496,
		targetPilotName	=	"SA-11 Buk SR 9S18M1",
		type	=	"hit",
		target_unit_type	=	"SA-11 Buk SR 9S18M1",
		t	=	505.24,
		initiator_unit_type	=	"Su-25T",
		event_id	=	43,
		weapon	=	"Kh-58U",
		initiator_ws_type1	=	1,
		initiatorMissionID	=	"1",
		initiator_coalition	=	1,
	}, -- end of [7]
	[8] = 
	{
		weapon_type	=	3016756,
		initiatorPilotName	=	"Lysergia",
		target_coalition	=	2,
		linked_event_id	=	0,
		targetMissionID	=	"37",
		target_ws_type1	=	2,
		initiator_object_id	=	16779520,
		target	=	"SA-11 Buk SR 9S18M1",
		target_object_id	=	16778496,
		targetPilotName	=	"SA-11 Buk SR 9S18M1",
		type	=	"bda",
		target_unit_type	=	"SA-11 Buk SR 9S18M1",
		t	=	505.24,
		initiator_unit_type	=	"Su-25T",
		event_id	=	44,
		weapon	=	"Kh-58U",
		initiator_ws_type1	=	1,
		initiatorMissionID	=	"1",
		initiator_coalition	=	1,
	}, -- end of [8]
	[9] = 
	{
		weapon_type	=	3082292,
		initiatorPilotName	=	"Lysergia",
		target_coalition	=	2,
		linked_event_id	=	0,
		targetMissionID	=	"40",
		target_ws_type1	=	2,
		initiator_object_id	=	16779520,
		target	=	"SA-11 Buk LN 9A310M1",
		target_object_id	=	16779264,
		targetPilotName	=	"SA-11 Buk LN 9A310M1",
		type	=	"shot",
		target_unit_type	=	"SA-11 Buk LN 9A310M1",
		t	=	538.72,
		initiator_unit_type	=	"Su-25T",
		event_id	=	45,
		weapon	=	"Kh-25MP",
		initiator_ws_type1	=	1,
		initiatorMissionID	=	"1",
		initiator_coalition	=	1,
	}, -- end of [9]
	[10] = 
	{
		weapon_type	=	3082292,
		initiatorPilotName	=	"Lysergia",
		target_coalition	=	2,
		linked_event_id	=	45,
		targetMissionID	=	"40",
		target_ws_type1	=	2,
		initiator_object_id	=	16779520,
		target	=	"SA-11 Buk LN 9A310M1",
		target_object_id	=	16779264,
		targetPilotName	=	"SA-11 Buk LN 9A310M1",
		type	=	"hit",
		target_unit_type	=	"SA-11 Buk LN 9A310M1",
		t	=	560.32,
		initiator_unit_type	=	"Su-25T",
		event_id	=	46,
		weapon	=	"Kh-25MP",
		initiator_ws_type1	=	1,
		initiatorMissionID	=	"1",
		initiator_coalition	=	1,
	}, -- end of [10]
	[11] = 
	{
		weapon_type	=	3082292,
		initiatorPilotName	=	"Lysergia",
		target_coalition	=	2,
		linked_event_id	=	46,
		targetMissionID	=	"40",
		target_ws_type1	=	2,
		initiator_object_id	=	16779520,
		target	=	"SA-11 Buk LN 9A310M1",
		target_object_id	=	16779264,
		targetPilotName	=	"SA-11 Buk LN 9A310M1",
		type	=	"kill",
		target_unit_type	=	"SA-11 Buk LN 9A310M1",
		t	=	560.32,
		initiator_unit_type	=	"Su-25T",
		event_id	=	48,
		weapon	=	"Kh-25MP",
		initiator_ws_type1	=	1,
		initiatorMissionID	=	"1",
		initiator_coalition	=	1,
	}, -- end of [11]
	[12] = 
	{
		type	=	"score",
		initiatorPilotName	=	"Lysergia",
		t	=	560.32,
		linked_event_id	=	48,
		initiator_unit_type	=	"Su-25T",
		event_id	=	49,
		initiator_object_id	=	16779520,
		amount	=	70,
		comment	=	"ground",
		initiator_coalition	=	1,
		initiator_ws_type1	=	1,
		initiatorMissionID	=	"1",
	}, -- end of [12]
	[13] = 
	{
		weapon_type	=	3082292,
		initiatorPilotName	=	"Lysergia",
		target_coalition	=	2,
		linked_event_id	=	0,
		targetMissionID	=	"40",
		target_ws_type1	=	2,
		initiator_object_id	=	16779520,
		target	=	"SA-11 Buk LN 9A310M1",
		target_object_id	=	16779264,
		targetPilotName	=	"SA-11 Buk LN 9A310M1",
		type	=	"bda",
		target_unit_type	=	"SA-11 Buk LN 9A310M1",
		t	=	560.32,
		initiator_unit_type	=	"Su-25T",
		event_id	=	51,
		weapon	=	"Kh-25MP",
		initiator_ws_type1	=	1,
		initiatorMissionID	=	"1",
		initiator_coalition	=	1,
	}, -- end of [13]
	[14] = 
	{
		weapon_type	=	3016756,
		initiatorPilotName	=	"Lysergia",
		target_coalition	=	2,
		linked_event_id	=	43,
		targetMissionID	=	"37",
		target_ws_type1	=	2,
		initiator_object_id	=	16779520,
		target	=	"SA-11 Buk SR 9S18M1",
		target_object_id	=	16778496,
		targetPilotName	=	"SA-11 Buk SR 9S18M1",
		type	=	"kill",
		target_unit_type	=	"SA-11 Buk SR 9S18M1",
		t	=	586.72,
		initiator_unit_type	=	"Su-25T",
		event_id	=	55,
		weapon	=	"Kh-58U",
		initiator_ws_type1	=	1,
		initiatorMissionID	=	"1",
		initiator_coalition	=	1,
	}, -- end of [14]
	[15] = 
	{
		type	=	"score",
		initiatorPilotName	=	"Lysergia",
		t	=	586.72,
		linked_event_id	=	55,
		initiator_unit_type	=	"Su-25T",
		event_id	=	56,
		initiator_object_id	=	16779520,
		amount	=	20,
		comment	=	"ground",
		initiator_coalition	=	1,
		initiator_ws_type1	=	1,
		initiatorMissionID	=	"1",
	}, -- end of [15]
	[16] = 
	{
		type	=	"start shooting",
		initiatorPilotName	=	"Lysergia",
		t	=	617.6,
		initiator_unit_type	=	"Su-25T",
		linked_event_id	=	0,
		initiator_object_id	=	16779520,
		event_id	=	58,
		weapon	=	"GSh-30-2",
		initiator_coalition	=	1,
		initiator_ws_type1	=	1,
		initiatorMissionID	=	"1",
	}, -- end of [16]
	[17] = 
	{
		weapon_type	=	2566,
		type	=	"end shooting",
		initiatorPilotName	=	"Lysergia",
		t	=	618.125,
		linked_event_id	=	0,
		event_id	=	59,
		initiator_unit_type	=	"Su-25T",
		uin64_t_value	=	21,
		initiator_object_id	=	16779520,
		weapon	=	"GSh-30-2",
		ammo_consumption	=	21,
		initiator_coalition	=	1,
		initiator_ws_type1	=	1,
		initiatorMissionID	=	"1",
	}, -- end of [17]
	[18] = 
	{
		type	=	"start shooting",
		initiatorPilotName	=	"Lysergia",
		t	=	618.3,
		initiator_unit_type	=	"Su-25T",
		linked_event_id	=	0,
		initiator_object_id	=	16779520,
		event_id	=	60,
		weapon	=	"GSh-30-2",
		initiator_coalition	=	1,
		initiator_ws_type1	=	1,
		initiatorMissionID	=	"1",
	}, -- end of [18]
	[19] = 
	{
		weapon_type	=	2566,
		type	=	"end shooting",
		initiatorPilotName	=	"Lysergia",
		t	=	618.9,
		linked_event_id	=	0,
		event_id	=	61,
		initiator_unit_type	=	"Su-25T",
		uin64_t_value	=	24,
		initiator_object_id	=	16779520,
		weapon	=	"GSh-30-2",
		ammo_consumption	=	24,
		initiator_coalition	=	1,
		initiator_ws_type1	=	1,
		initiatorMissionID	=	"1",
	}, -- end of [19]
	[20] = 
	{
		type	=	"start shooting",
		initiatorPilotName	=	"Lysergia",
		t	=	619.04,
		initiator_unit_type	=	"Su-25T",
		linked_event_id	=	0,
		initiator_object_id	=	16779520,
		event_id	=	62,
		weapon	=	"GSh-30-2",
		initiator_coalition	=	1,
		initiator_ws_type1	=	1,
		initiatorMissionID	=	"1",
	}, -- end of [20]
	[21] = 
	{
		weapon_type	=	2566,
		type	=	"end shooting",
		initiatorPilotName	=	"Lysergia",
		t	=	619.615,
		linked_event_id	=	0,
		event_id	=	63,
		initiator_unit_type	=	"Su-25T",
		uin64_t_value	=	23,
		initiator_object_id	=	16779520,
		weapon	=	"GSh-30-2",
		ammo_consumption	=	23,
		initiator_coalition	=	1,
		initiator_ws_type1	=	1,
		initiatorMissionID	=	"1",
	}, -- end of [21]
	[22] = 
	{
		type	=	"start shooting",
		initiatorPilotName	=	"Lysergia",
		t	=	619.8,
		initiator_unit_type	=	"Su-25T",
		linked_event_id	=	0,
		initiator_object_id	=	16779520,
		event_id	=	64,
		weapon	=	"GSh-30-2",
		initiator_coalition	=	1,
		initiator_ws_type1	=	1,
		initiatorMissionID	=	"1",
	}, -- end of [22]
	[23] = 
	{
		weapon_type	=	2566,
		type	=	"end shooting",
		initiatorPilotName	=	"Lysergia",
		t	=	620.425,
		linked_event_id	=	0,
		event_id	=	65,
		initiator_unit_type	=	"Su-25T",
		uin64_t_value	=	25,
		initiator_object_id	=	16779520,
		weapon	=	"GSh-30-2",
		ammo_consumption	=	25,
		initiator_coalition	=	1,
		initiator_ws_type1	=	1,
		initiatorMissionID	=	"1",
	}, -- end of [23]
	[24] = 
	{
		type	=	"start shooting",
		initiatorPilotName	=	"Lysergia",
		t	=	768.02,
		initiator_unit_type	=	"Su-25T",
		linked_event_id	=	0,
		initiator_object_id	=	16779520,
		event_id	=	66,
		weapon	=	"GSh-30-2",
		initiator_coalition	=	1,
		initiator_ws_type1	=	1,
		initiatorMissionID	=	"1",
	}, -- end of [24]
	[25] = 
	{
		weapon_type	=	2566,
		type	=	"end shooting",
		initiatorPilotName	=	"Lysergia",
		t	=	768.645,
		linked_event_id	=	0,
		event_id	=	67,
		initiator_unit_type	=	"Su-25T",
		uin64_t_value	=	25,
		initiator_object_id	=	16779520,
		weapon	=	"GSh-30-2",
		ammo_consumption	=	25,
		initiator_coalition	=	1,
		initiator_ws_type1	=	1,
		initiatorMissionID	=	"1",
	}, -- end of [25]
	[26] = 
	{
		weapon_type	=	9243142,
		initiatorPilotName	=	"Lysergia",
		target_coalition	=	2,
		linked_event_id	=	0,
		targetMissionID	=	"38",
		target_ws_type1	=	2,
		initiator_object_id	=	16779520,
		target	=	"SA-11 Buk LN 9A310M1",
		target_object_id	=	16778752,
		targetPilotName	=	"SA-11 Buk LN 9A310M1",
		type	=	"hit",
		target_unit_type	=	"SA-11 Buk LN 9A310M1",
		t	=	769.335,
		initiator_unit_type	=	"Su-25T",
		event_id	=	68,
		weapon	=	"30mm AP",
		initiator_ws_type1	=	1,
		initiatorMissionID	=	"1",
		initiator_coalition	=	1,
	}, -- end of [26]
	[27] = 
	{
		type	=	"start shooting",
		initiatorPilotName	=	"Lysergia",
		t	=	769.58,
		initiator_unit_type	=	"Su-25T",
		linked_event_id	=	0,
		initiator_object_id	=	16779520,
		event_id	=	69,
		weapon	=	"GSh-30-2",
		initiator_coalition	=	1,
		initiator_ws_type1	=	1,
		initiatorMissionID	=	"1",
	}, -- end of [27]
	[28] = 
	{
		weapon_type	=	2566,
		type	=	"end shooting",
		initiatorPilotName	=	"Lysergia",
		t	=	770.205,
		linked_event_id	=	0,
		event_id	=	70,
		initiator_unit_type	=	"Su-25T",
		uin64_t_value	=	25,
		initiator_object_id	=	16779520,
		weapon	=	"GSh-30-2",
		ammo_consumption	=	25,
		initiator_coalition	=	1,
		initiator_ws_type1	=	1,
		initiatorMissionID	=	"1",
	}, -- end of [28]
	[29] = 
	{
		weapon_type	=	9243142,
		initiatorPilotName	=	"Lysergia",
		target_coalition	=	2,
		linked_event_id	=	0,
		targetMissionID	=	"38",
		target_ws_type1	=	2,
		initiator_object_id	=	16779520,
		target	=	"SA-11 Buk LN 9A310M1",
		target_object_id	=	16778752,
		targetPilotName	=	"SA-11 Buk LN 9A310M1",
		type	=	"hit",
		target_unit_type	=	"SA-11 Buk LN 9A310M1",
		t	=	770.79,
		initiator_unit_type	=	"Su-25T",
		event_id	=	71,
		weapon	=	"30mm AP",
		initiator_ws_type1	=	1,
		initiatorMissionID	=	"1",
		initiator_coalition	=	1,
	}, -- end of [29]
	[30] = 
	{
		weapon_type	=	9243142,
		initiatorPilotName	=	"Lysergia",
		target_coalition	=	2,
		linked_event_id	=	0,
		targetMissionID	=	"38",
		target_ws_type1	=	2,
		initiator_object_id	=	16779520,
		target	=	"SA-11 Buk LN 9A310M1",
		target_object_id	=	16778752,
		targetPilotName	=	"SA-11 Buk LN 9A310M1",
		type	=	"hit",
		target_unit_type	=	"SA-11 Buk LN 9A310M1",
		t	=	770.8,
		initiator_unit_type	=	"Su-25T",
		event_id	=	72,
		weapon	=	"30mm AP",
		initiator_ws_type1	=	1,
		initiatorMissionID	=	"1",
		initiator_coalition	=	1,
	}, -- end of [30]
	[31] = 
	{
		weapon_type	=	9243142,
		initiatorPilotName	=	"Lysergia",
		target_coalition	=	2,
		linked_event_id	=	0,
		targetMissionID	=	"38",
		target_ws_type1	=	2,
		initiator_object_id	=	16779520,
		target	=	"SA-11 Buk LN 9A310M1",
		target_object_id	=	16778752,
		targetPilotName	=	"SA-11 Buk LN 9A310M1",
		type	=	"bda",
		target_unit_type	=	"SA-11 Buk LN 9A310M1",
		t	=	770.8,
		initiator_unit_type	=	"Su-25T",
		event_id	=	73,
		weapon	=	"30mm AP",
		initiator_ws_type1	=	1,
		initiatorMissionID	=	"1",
		initiator_coalition	=	1,
	}, -- end of [31]
	[32] = 
	{
		weapon_type	=	9243142,
		initiatorPilotName	=	"Lysergia",
		target_coalition	=	2,
		linked_event_id	=	72,
		targetMissionID	=	"38",
		target_ws_type1	=	2,
		initiator_object_id	=	16779520,
		target	=	"SA-11 Buk LN 9A310M1",
		target_object_id	=	16778752,
		targetPilotName	=	"SA-11 Buk LN 9A310M1",
		type	=	"kill",
		target_unit_type	=	"SA-11 Buk LN 9A310M1",
		t	=	851.373,
		initiator_unit_type	=	"Su-25T",
		event_id	=	75,
		weapon	=	"30mm AP",
		initiator_ws_type1	=	1,
		initiatorMissionID	=	"1",
		initiator_coalition	=	1,
	}, -- end of [32]
	[33] = 
	{
		type	=	"score",
		initiatorPilotName	=	"Lysergia",
		t	=	851.373,
		linked_event_id	=	75,
		initiator_unit_type	=	"Su-25T",
		event_id	=	76,
		initiator_object_id	=	16779520,
		amount	=	70,
		comment	=	"ground",
		initiator_coalition	=	1,
		initiator_ws_type1	=	1,
		initiatorMissionID	=	"1",
	}, -- end of [33]
	[34] = 
	{
		type	=	"start shooting",
		initiatorPilotName	=	"Lysergia",
		t	=	939.8,
		initiator_unit_type	=	"Su-25T",
		linked_event_id	=	0,
		initiator_object_id	=	16779520,
		event_id	=	78,
		weapon	=	"GSh-30-2",
		initiator_coalition	=	1,
		initiator_ws_type1	=	1,
		initiatorMissionID	=	"1",
	}, -- end of [34]
	[35] = 
	{
		weapon_type	=	2566,
		type	=	"end shooting",
		initiatorPilotName	=	"Lysergia",
		t	=	940.075,
		linked_event_id	=	0,
		event_id	=	79,
		initiator_unit_type	=	"Su-25T",
		uin64_t_value	=	11,
		initiator_object_id	=	16779520,
		weapon	=	"GSh-30-2",
		ammo_consumption	=	11,
		initiator_coalition	=	1,
		initiator_ws_type1	=	1,
		initiatorMissionID	=	"1",
	}, -- end of [35]
	[36] = 
	{
		type	=	"start shooting",
		initiatorPilotName	=	"Lysergia",
		t	=	943.54,
		initiator_unit_type	=	"Su-25T",
		linked_event_id	=	0,
		initiator_object_id	=	16779520,
		event_id	=	80,
		weapon	=	"GSh-30-2",
		initiator_coalition	=	1,
		initiator_ws_type1	=	1,
		initiatorMissionID	=	"1",
	}, -- end of [36]
	[37] = 
	{
		weapon_type	=	2566,
		type	=	"end shooting",
		initiatorPilotName	=	"Lysergia",
		t	=	943.915,
		linked_event_id	=	0,
		event_id	=	81,
		initiator_unit_type	=	"Su-25T",
		uin64_t_value	=	15,
		initiator_object_id	=	16779520,
		weapon	=	"GSh-30-2",
		ammo_consumption	=	15,
		initiator_coalition	=	1,
		initiator_ws_type1	=	1,
		initiatorMissionID	=	"1",
	}, -- end of [37]
	[38] = 
	{
		type	=	"start shooting",
		initiatorPilotName	=	"Lysergia",
		t	=	945.24,
		initiator_unit_type	=	"Su-25T",
		linked_event_id	=	0,
		initiator_object_id	=	16779520,
		event_id	=	82,
		weapon	=	"GSh-30-2",
		initiator_coalition	=	1,
		initiator_ws_type1	=	1,
		initiatorMissionID	=	"1",
	}, -- end of [38]
	[39] = 
	{
		weapon_type	=	2566,
		type	=	"end shooting",
		initiatorPilotName	=	"Lysergia",
		t	=	945.615,
		linked_event_id	=	0,
		event_id	=	83,
		initiator_unit_type	=	"Su-25T",
		uin64_t_value	=	15,
		initiator_object_id	=	16779520,
		weapon	=	"GSh-30-2",
		ammo_consumption	=	15,
		initiator_coalition	=	1,
		initiator_ws_type1	=	1,
		initiatorMissionID	=	"1",
	}, -- end of [39]
	[40] = 
	{
		type	=	"start shooting",
		initiatorPilotName	=	"Lysergia",
		t	=	945.88,
		initiator_unit_type	=	"Su-25T",
		linked_event_id	=	0,
		initiator_object_id	=	16779520,
		event_id	=	84,
		weapon	=	"GSh-30-2",
		initiator_coalition	=	1,
		initiator_ws_type1	=	1,
		initiatorMissionID	=	"1",
	}, -- end of [40]
	[41] = 
	{
		weapon_type	=	2566,
		type	=	"end shooting",
		initiatorPilotName	=	"Lysergia",
		t	=	946.13,
		linked_event_id	=	0,
		event_id	=	85,
		initiator_unit_type	=	"Su-25T",
		uin64_t_value	=	10,
		initiator_object_id	=	16779520,
		weapon	=	"GSh-30-2",
		ammo_consumption	=	10,
		initiator_coalition	=	1,
		initiator_ws_type1	=	1,
		initiatorMissionID	=	"1",
	}, -- end of [41]
	[42] = 
	{
		type	=	"start shooting",
		initiatorPilotName	=	"Lysergia",
		t	=	947.78,
		initiator_unit_type	=	"Su-25T",
		linked_event_id	=	0,
		initiator_object_id	=	16779520,
		event_id	=	86,
		weapon	=	"GSh-30-2",
		initiator_coalition	=	1,
		initiator_ws_type1	=	1,
		initiatorMissionID	=	"1",
	}, -- end of [42]
	[43] = 
	{
		weapon_type	=	2566,
		type	=	"end shooting",
		initiatorPilotName	=	"Lysergia",
		t	=	948.405,
		linked_event_id	=	0,
		event_id	=	87,
		initiator_unit_type	=	"Su-25T",
		uin64_t_value	=	25,
		initiator_object_id	=	16779520,
		weapon	=	"GSh-30-2",
		ammo_consumption	=	25,
		initiator_coalition	=	1,
		initiator_ws_type1	=	1,
		initiatorMissionID	=	"1",
	}, -- end of [43]
	[44] = 
	{
		type	=	"start shooting",
		initiatorPilotName	=	"Lysergia",
		t	=	948.6,
		initiator_unit_type	=	"Su-25T",
		linked_event_id	=	0,
		initiator_object_id	=	16779520,
		event_id	=	88,
		weapon	=	"GSh-30-2",
		initiator_coalition	=	1,
		initiator_ws_type1	=	1,
		initiatorMissionID	=	"1",
	}, -- end of [44]
	[45] = 
	{
		weapon_type	=	2566,
		type	=	"end shooting",
		initiatorPilotName	=	"Lysergia",
		t	=	949.125,
		linked_event_id	=	0,
		event_id	=	89,
		initiator_unit_type	=	"Su-25T",
		uin64_t_value	=	21,
		initiator_object_id	=	16779520,
		weapon	=	"GSh-30-2",
		ammo_consumption	=	21,
		initiator_coalition	=	1,
		initiator_ws_type1	=	1,
		initiatorMissionID	=	"1",
	}, -- end of [45]
	[46] = 
	{
		type	=	"start shooting",
		initiatorPilotName	=	"Lysergia",
		t	=	949.8,
		initiator_unit_type	=	"Su-25T",
		linked_event_id	=	0,
		initiator_object_id	=	16779520,
		event_id	=	90,
		weapon	=	"GSh-30-2",
		initiator_coalition	=	1,
		initiator_ws_type1	=	1,
		initiatorMissionID	=	"1",
	}, -- end of [46]
	[47] = 
	{
		weapon_type	=	2566,
		type	=	"end shooting",
		initiatorPilotName	=	"Lysergia",
		t	=	950.05,
		linked_event_id	=	0,
		event_id	=	91,
		initiator_unit_type	=	"Su-25T",
		uin64_t_value	=	10,
		initiator_object_id	=	16779520,
		weapon	=	"GSh-30-2",
		ammo_consumption	=	10,
		initiator_coalition	=	1,
		initiator_ws_type1	=	1,
		initiatorMissionID	=	"1",
	}, -- end of [47]
	[48] = 
	{
		weapon_type	=	5710436,
		initiatorPilotName	=	"SA-11 Buk LN 9A310M1",
		target_coalition	=	1,
		linked_event_id	=	0,
		targetMissionID	=	"1",
		target_ws_type1	=	1,
		initiator_object_id	=	16779008,
		target	=	"Su-25T",
		target_object_id	=	16779520,
		targetPilotName	=	"Lysergia",
		type	=	"shot",
		target_unit_type	=	"Su-25T",
		t	=	1018.959,
		initiator_unit_type	=	"SA-11 Buk LN 9A310M1",
		event_id	=	92,
		weapon	=	"9M38M1 Buk-M1 (SA-11 Gadfly)",
		initiator_ws_type1	=	2,
		initiatorMissionID	=	"39",
		initiator_coalition	=	2,
	}, -- end of [48]
	[49] = 
	{
		weapon_type	=	5710436,
		initiatorPilotName	=	"SA-11 Buk LN 9A310M1",
		target_coalition	=	1,
		linked_event_id	=	0,
		targetMissionID	=	"1",
		target_ws_type1	=	1,
		initiator_object_id	=	16779008,
		target	=	"Su-25T",
		target_object_id	=	16779520,
		targetPilotName	=	"Lysergia",
		type	=	"shot",
		target_unit_type	=	"Su-25T",
		t	=	1025.072,
		initiator_unit_type	=	"SA-11 Buk LN 9A310M1",
		event_id	=	93,
		weapon	=	"9M38M1 Buk-M1 (SA-11 Gadfly)",
		initiator_ws_type1	=	2,
		initiatorMissionID	=	"39",
		initiator_coalition	=	2,
	}, -- end of [49]
	[50] = 
	{
		weapon_type	=	3082292,
		initiatorPilotName	=	"Lysergia",
		target_coalition	=	2,
		linked_event_id	=	0,
		targetMissionID	=	"39",
		target_ws_type1	=	2,
		initiator_object_id	=	16779520,
		target	=	"SA-11 Buk LN 9A310M1",
		target_object_id	=	16779008,
		targetPilotName	=	"SA-11 Buk LN 9A310M1",
		type	=	"shot",
		target_unit_type	=	"SA-11 Buk LN 9A310M1",
		t	=	1139.78,
		initiator_unit_type	=	"Su-25T",
		event_id	=	94,
		weapon	=	"Kh-25MP",
		initiator_ws_type1	=	1,
		initiatorMissionID	=	"1",
		initiator_coalition	=	1,
	}, -- end of [50]
	[51] = 
	{
		weapon_type	=	3082292,
		initiatorPilotName	=	"Lysergia",
		target_coalition	=	2,
		linked_event_id	=	0,
		targetMissionID	=	"39",
		target_ws_type1	=	2,
		initiator_object_id	=	16779520,
		target	=	"SA-11 Buk LN 9A310M1",
		target_object_id	=	16779008,
		targetPilotName	=	"SA-11 Buk LN 9A310M1",
		type	=	"shot",
		target_unit_type	=	"SA-11 Buk LN 9A310M1",
		t	=	1142.76,
		initiator_unit_type	=	"Su-25T",
		event_id	=	95,
		weapon	=	"Kh-25MP",
		initiator_ws_type1	=	1,
		initiatorMissionID	=	"1",
		initiator_coalition	=	1,
	}, -- end of [51]
	[52] = 
	{
		weapon_type	=	3082292,
		initiatorPilotName	=	"Lysergia",
		target_coalition	=	2,
		linked_event_id	=	94,
		targetMissionID	=	"39",
		target_ws_type1	=	2,
		initiator_object_id	=	16779520,
		target	=	"SA-11 Buk LN 9A310M1",
		target_object_id	=	16779008,
		targetPilotName	=	"SA-11 Buk LN 9A310M1",
		type	=	"hit",
		target_unit_type	=	"SA-11 Buk LN 9A310M1",
		t	=	1183.72,
		initiator_unit_type	=	"Su-25T",
		event_id	=	96,
		weapon	=	"Kh-25MP",
		initiator_ws_type1	=	1,
		initiatorMissionID	=	"1",
		initiator_coalition	=	1,
	}, -- end of [52]
	[53] = 
	{
		weapon_type	=	3082292,
		initiatorPilotName	=	"Lysergia",
		target_coalition	=	2,
		linked_event_id	=	0,
		targetMissionID	=	"39",
		target_ws_type1	=	2,
		initiator_object_id	=	16779520,
		target	=	"SA-11 Buk LN 9A310M1",
		target_object_id	=	16779008,
		targetPilotName	=	"SA-11 Buk LN 9A310M1",
		type	=	"bda",
		target_unit_type	=	"SA-11 Buk LN 9A310M1",
		t	=	1183.72,
		initiator_unit_type	=	"Su-25T",
		event_id	=	97,
		weapon	=	"Kh-25MP",
		initiator_ws_type1	=	1,
		initiatorMissionID	=	"1",
		initiator_coalition	=	1,
	}, -- end of [53]
	[54] = 
	{
		weapon_type	=	3082292,
		initiatorPilotName	=	"Lysergia",
		target_coalition	=	2,
		linked_event_id	=	96,
		targetMissionID	=	"39",
		target_ws_type1	=	2,
		initiator_object_id	=	16779520,
		target	=	"SA-11 Buk LN 9A310M1",
		target_object_id	=	16779008,
		targetPilotName	=	"SA-11 Buk LN 9A310M1",
		type	=	"kill",
		target_unit_type	=	"SA-11 Buk LN 9A310M1",
		t	=	1260.539,
		initiator_unit_type	=	"Su-25T",
		event_id	=	99,
		weapon	=	"Kh-25MP",
		initiator_ws_type1	=	1,
		initiatorMissionID	=	"1",
		initiator_coalition	=	1,
	}, -- end of [54]
	[55] = 
	{
		type	=	"score",
		initiatorPilotName	=	"Lysergia",
		t	=	1260.539,
		linked_event_id	=	99,
		initiator_unit_type	=	"Su-25T",
		event_id	=	100,
		initiator_object_id	=	16779520,
		amount	=	70,
		comment	=	"ground",
		initiator_coalition	=	1,
		initiator_ws_type1	=	1,
		initiatorMissionID	=	"1",
	}, -- end of [55]
	[56] = 
	{
		type	=	"weapon drop",
		initiatorPilotName	=	"Lysergia",
		t	=	1266.654,
		initiator_unit_type	=	"Su-25T",
		initiator_object_id	=	16779520,
		linked_event_id	=	0,
		event_id	=	102,
		initiator_coalition	=	1,
		initiator_ws_type1	=	1,
		initiatorMissionID	=	"1",
	}, -- end of [56]
	[57] = 
	{
		type	=	"land",
		initiatorPilotName	=	"Lysergia",
		place	=	"Kutaisi",
		t	=	1886.44,
		placeDisplayName	=	"Kutaisi",
		initiator_unit_type	=	"Su-25T",
		initiator_object_id	=	16779520,
		linked_event_id	=	0,
		event_id	=	104,
		initiator_coalition	=	1,
		initiator_ws_type1	=	1,
		initiatorMissionID	=	"1",
	}, -- end of [57]
	[58] = 
	{
		type	=	"engine shutdown",
		initiatorPilotName	=	"Lysergia",
		place	=	"Kutaisi",
		t	=	2067.66,
		placeDisplayName	=	"Kutaisi",
		initiator_unit_type	=	"Su-25T",
		initiator_object_id	=	16779520,
		linked_event_id	=	0,
		event_id	=	105,
		initiator_coalition	=	1,
		initiator_ws_type1	=	1,
		initiatorMissionID	=	"1",
	}, -- end of [58]
	[59] = 
	{
		type	=	"mission end",
		comment	=	"winner: , msg: ",
		t	=	2126.187,
		linked_event_id	=	0,
		event_id	=	107,
	}, -- end of [59]
} -- end of events
