callsign = "Lysergia"
events = {
	[1] = {
		["event_id"] = 38,
		["linked_event_id"] = 0,
		["t"] = 0,
		["ta"] = 27000,
		["type"] = "mission start",
	},
	[2] = {
		["initiatorPilotName"] = "Lysergia",
		["initiator_coalition"] = 2,
		["initiator_object_id"] = 16782848,
		["initiator_unit_type"] = "Su-25T",
		["t"] = 0,
		["target"] = "COLT 51 AIR",
		["targetMissionID"] = "7",
		["type"] = "under control",
	},
	[3] = {
		["event_id"] = 73,
		["initiatorMissionID"] = "7",
		["initiatorPilotName"] = "Lysergia",
		["initiator_coalition"] = 2,
		["initiator_object_id"] = 16782848,
		["initiator_unit_type"] = "Su-25T",
		["initiator_ws_type1"] = 1,
		["linked_event_id"] = 0,
		["t"] = 164.88,
		["type"] = "shot",
		["weapon"] = "FAB-500 M-62",
		["weapon_type"] = 461061,
	},
	[4] = {
		["event_id"] = 75,
		["initiatorMissionID"] = "7",
		["initiatorPilotName"] = "Lysergia",
		["initiator_coalition"] = 2,
		["initiator_object_id"] = 16782848,
		["initiator_unit_type"] = "Su-25T",
		["initiator_ws_type1"] = 1,
		["linked_event_id"] = 73,
		["t"] = 174.14,
		["target"] = "Tu-95MS",
		["targetMissionID"] = "4",
		["targetPilotName"] = "Tu-95MS",
		["target_coalition"] = -1,
		["target_object_id"] = 8000002,
		["target_unit_type"] = "Tu-95MS",
		["target_ws_type1"] = 5,
		["type"] = "hit",
		["weapon"] = "FAB-500 M-62",
		["weapon_type"] = 461061,
	},
	[5] = {
		["event_id"] = 77,
		["initiatorMissionID"] = "7",
		["initiatorPilotName"] = "Lysergia",
		["initiator_coalition"] = 2,
		["initiator_object_id"] = 16782848,
		["initiator_unit_type"] = "Su-25T",
		["initiator_ws_type1"] = 1,
		["linked_event_id"] = 75,
		["t"] = 174.14,
		["target"] = "Tu-95MS",
		["targetMissionID"] = "4",
		["targetPilotName"] = "Tu-95MS",
		["target_coalition"] = -1,
		["target_object_id"] = 8000002,
		["target_unit_type"] = "Tu-95MS",
		["target_ws_type1"] = 5,
		["type"] = "kill",
		["weapon"] = "FAB-500 M-62",
		["weapon_type"] = 461061,
	},
	[6] = {
		["amount"] = 100,
		["comment"] = "general",
		["event_id"] = 78,
		["initiatorMissionID"] = "7",
		["initiatorPilotName"] = "Lysergia",
		["initiator_coalition"] = 2,
		["initiator_object_id"] = 16782848,
		["initiator_unit_type"] = "Su-25T",
		["initiator_ws_type1"] = 1,
		["linked_event_id"] = 77,
		["t"] = 174.14,
		["type"] = "score",
	},
	[7] = {
		["event_id"] = 80,
		["initiatorMissionID"] = "7",
		["initiatorPilotName"] = "Lysergia",
		["initiator_coalition"] = 2,
		["initiator_object_id"] = 16782848,
		["initiator_unit_type"] = "Su-25T",
		["initiator_ws_type1"] = 1,
		["linked_event_id"] = 73,
		["t"] = 174.14,
		["target"] = "AM32a-60_02",
		["targetMissionID"] = "20",
		["targetPilotName"] = "AM32a-60_02",
		["target_coalition"] = -1,
		["target_object_id"] = 8000006,
		["target_unit_type"] = "AM32a-60_02",
		["target_ws_type1"] = 5,
		["type"] = "hit",
		["weapon"] = "FAB-500 M-62",
		["weapon_type"] = 461061,
	},
	[8] = {
		["event_id"] = 82,
		["initiatorMissionID"] = "7",
		["initiatorPilotName"] = "Lysergia",
		["initiator_coalition"] = 2,
		["initiator_object_id"] = 16782848,
		["initiator_unit_type"] = "Su-25T",
		["initiator_ws_type1"] = 1,
		["linked_event_id"] = 80,
		["t"] = 174.14,
		["target"] = "AM32a-60_02",
		["targetMissionID"] = "20",
		["targetPilotName"] = "AM32a-60_02",
		["target_coalition"] = -1,
		["target_object_id"] = 8000006,
		["target_unit_type"] = "AM32a-60_02",
		["target_ws_type1"] = 5,
		["type"] = "kill",
		["weapon"] = "FAB-500 M-62",
		["weapon_type"] = 461061,
	},
	[9] = {
		["amount"] = 1,
		["comment"] = "general",
		["event_id"] = 83,
		["initiatorMissionID"] = "7",
		["initiatorPilotName"] = "Lysergia",
		["initiator_coalition"] = 2,
		["initiator_object_id"] = 16782848,
		["initiator_unit_type"] = "Su-25T",
		["initiator_ws_type1"] = 1,
		["linked_event_id"] = 82,
		["t"] = 174.14,
		["type"] = "score",
	},
	[10] = {
		["event_id"] = 85,
		["initiatorMissionID"] = "7",
		["initiatorPilotName"] = "Lysergia",
		["initiator_coalition"] = 2,
		["initiator_object_id"] = 16782848,
		["initiator_unit_type"] = "Su-25T",
		["initiator_ws_type1"] = 1,
		["linked_event_id"] = 73,
		["t"] = 174.14,
		["target"] = "us carrier tech",
		["targetMissionID"] = "28",
		["targetPilotName"] = "us carrier tech",
		["target_coalition"] = -1,
		["target_object_id"] = 8000009,
		["target_unit_type"] = "us carrier tech",
		["target_ws_type1"] = 5,
		["type"] = "hit",
		["weapon"] = "FAB-500 M-62",
		["weapon_type"] = 461061,
	},
	[11] = {
		["event_id"] = 86,
		["initiatorMissionID"] = "7",
		["initiatorPilotName"] = "Lysergia",
		["initiator_coalition"] = 2,
		["initiator_object_id"] = 16782848,
		["initiator_unit_type"] = "Su-25T",
		["initiator_ws_type1"] = 1,
		["linked_event_id"] = 73,
		["t"] = 174.14,
		["target"] = "Camouflage02",
		["targetMissionID"] = "21",
		["targetPilotName"] = "Camouflage02",
		["target_coalition"] = -1,
		["target_object_id"] = 8000007,
		["target_unit_type"] = "Camouflage02",
		["target_ws_type1"] = 5,
		["type"] = "hit",
		["weapon"] = "FAB-500 M-62",
		["weapon_type"] = 461061,
	},
	[12] = {
		["event_id"] = 87,
		["initiatorMissionID"] = "7",
		["initiatorPilotName"] = "Lysergia",
		["initiator_coalition"] = 2,
		["initiator_object_id"] = 16782848,
		["initiator_unit_type"] = "Su-25T",
		["initiator_ws_type1"] = 1,
		["linked_event_id"] = 73,
		["t"] = 174.14,
		["target"] = "CV_59_H60",
		["targetMissionID"] = "19",
		["targetPilotName"] = "CV_59_H60",
		["target_coalition"] = -1,
		["target_object_id"] = 8000005,
		["target_unit_type"] = "CV_59_H60",
		["target_ws_type1"] = 5,
		["type"] = "hit",
		["weapon"] = "FAB-500 M-62",
		["weapon_type"] = 461061,
	},
	[13] = {
		["event_id"] = 88,
		["initiatorMissionID"] = "7",
		["initiatorPilotName"] = "Lysergia",
		["initiator_coalition"] = 2,
		["initiator_object_id"] = 16782848,
		["initiator_unit_type"] = "Su-25T",
		["initiator_ws_type1"] = 1,
		["linked_event_id"] = 73,
		["t"] = 174.14,
		["target"] = "AM32a-60_02",
		["targetMissionID"] = "32",
		["targetPilotName"] = "AM32a-60_02",
		["target_coalition"] = -1,
		["target_object_id"] = 8000012,
		["target_unit_type"] = "AM32a-60_02",
		["target_ws_type1"] = 5,
		["type"] = "hit",
		["weapon"] = "FAB-500 M-62",
		["weapon_type"] = 461061,
	},
	[14] = {
		["event_id"] = 89,
		["initiatorMissionID"] = "7",
		["initiatorPilotName"] = "Lysergia",
		["initiator_coalition"] = 2,
		["initiator_object_id"] = 16782848,
		["initiator_unit_type"] = "Su-25T",
		["initiator_ws_type1"] = 1,
		["linked_event_id"] = 73,
		["t"] = 174.14,
		["target"] = "AM32a-60_02",
		["targetMissionID"] = "33",
		["targetPilotName"] = "AM32a-60_02",
		["target_coalition"] = -1,
		["target_object_id"] = 8000013,
		["target_unit_type"] = "AM32a-60_02",
		["target_ws_type1"] = 5,
		["type"] = "hit",
		["weapon"] = "FAB-500 M-62",
		["weapon_type"] = 461061,
	},
	[15] = {
		["event_id"] = 90,
		["initiatorMissionID"] = "7",
		["initiatorPilotName"] = "Lysergia",
		["initiator_coalition"] = 2,
		["initiator_object_id"] = 16782848,
		["initiator_unit_type"] = "Su-25T",
		["initiator_ws_type1"] = 1,
		["linked_event_id"] = 73,
		["t"] = 174.14,
		["target"] = "Infantry AK ver2",
		["targetMissionID"] = "16",
		["targetPilotName"] = "Infantry AK ver2",
		["target_coalition"] = 1,
		["target_object_id"] = 16778240,
		["target_unit_type"] = "Infantry AK ver2",
		["target_ws_type1"] = 2,
		["type"] = "hit",
		["weapon"] = "FAB-500 M-62",
		["weapon_type"] = 461061,
	},
	[16] = {
		["event_id"] = 91,
		["initiatorMissionID"] = "7",
		["initiatorPilotName"] = "Lysergia",
		["initiator_coalition"] = 2,
		["initiator_object_id"] = 16782848,
		["initiator_unit_type"] = "Su-25T",
		["initiator_ws_type1"] = 1,
		["linked_event_id"] = 0,
		["t"] = 174.14,
		["target"] = "Infantry AK ver2",
		["targetMissionID"] = "16",
		["targetPilotName"] = "Infantry AK ver2",
		["target_coalition"] = 1,
		["target_object_id"] = 16778240,
		["target_unit_type"] = "Infantry AK ver2",
		["target_ws_type1"] = 2,
		["type"] = "bda",
		["weapon"] = "FAB-500 M-62",
		["weapon_type"] = 461061,
	},
	[17] = {
		["event_id"] = 92,
		["initiatorMissionID"] = "7",
		["initiatorPilotName"] = "Lysergia",
		["initiator_coalition"] = 2,
		["initiator_object_id"] = 16782848,
		["initiator_unit_type"] = "Su-25T",
		["initiator_ws_type1"] = 1,
		["linked_event_id"] = 73,
		["t"] = 174.14,
		["target"] = "Infantry AK ver2",
		["targetMissionID"] = "9",
		["targetPilotName"] = "Infantry AK ver2",
		["target_coalition"] = 1,
		["target_object_id"] = 16780032,
		["target_unit_type"] = "Infantry AK ver2",
		["target_ws_type1"] = 2,
		["type"] = "hit",
		["weapon"] = "FAB-500 M-62",
		["weapon_type"] = 461061,
	},
	[18] = {
		["event_id"] = 93,
		["initiatorMissionID"] = "7",
		["initiatorPilotName"] = "Lysergia",
		["initiator_coalition"] = 2,
		["initiator_object_id"] = 16782848,
		["initiator_unit_type"] = "Su-25T",
		["initiator_ws_type1"] = 1,
		["linked_event_id"] = 73,
		["t"] = 174.14,
		["target"] = "Infantry AK ver2",
		["targetMissionID"] = "11",
		["targetPilotName"] = "Infantry AK ver2",
		["target_coalition"] = 1,
		["target_object_id"] = 16779520,
		["target_unit_type"] = "Infantry AK ver2",
		["target_ws_type1"] = 2,
		["type"] = "hit",
		["weapon"] = "FAB-500 M-62",
		["weapon_type"] = 461061,
	},
	[19] = {
		["event_id"] = 94,
		["initiatorMissionID"] = "7",
		["initiatorPilotName"] = "Lysergia",
		["initiator_coalition"] = 2,
		["initiator_object_id"] = 16782848,
		["initiator_unit_type"] = "Su-25T",
		["initiator_ws_type1"] = 1,
		["linked_event_id"] = 73,
		["t"] = 174.14,
		["target"] = "Infantry AK ver2",
		["targetMissionID"] = "12",
		["targetPilotName"] = "Infantry AK ver2",
		["target_coalition"] = 1,
		["target_object_id"] = 16779264,
		["target_unit_type"] = "Infantry AK ver2",
		["target_ws_type1"] = 2,
		["type"] = "hit",
		["weapon"] = "FAB-500 M-62",
		["weapon_type"] = 461061,
	},
	[20] = {
		["event_id"] = 95,
		["initiatorMissionID"] = "7",
		["initiatorPilotName"] = "Lysergia",
		["initiator_coalition"] = 2,
		["initiator_object_id"] = 16782848,
		["initiator_unit_type"] = "Su-25T",
		["initiator_ws_type1"] = 1,
		["linked_event_id"] = 0,
		["t"] = 174.14,
		["target"] = "Infantry AK ver2",
		["targetMissionID"] = "12",
		["targetPilotName"] = "Infantry AK ver2",
		["target_coalition"] = 1,
		["target_object_id"] = 16779264,
		["target_unit_type"] = "Infantry AK ver2",
		["target_ws_type1"] = 2,
		["type"] = "bda",
		["weapon"] = "FAB-500 M-62",
		["weapon_type"] = 461061,
	},
	[21] = {
		["event_id"] = 96,
		["initiatorMissionID"] = "7",
		["initiatorPilotName"] = "Lysergia",
		["initiator_coalition"] = 2,
		["initiator_object_id"] = 16782848,
		["initiator_unit_type"] = "Su-25T",
		["initiator_ws_type1"] = 1,
		["linked_event_id"] = 73,
		["t"] = 174.14,
		["target"] = "Infantry AK ver2",
		["targetMissionID"] = "17",
		["targetPilotName"] = "Infantry AK ver2",
		["target_coalition"] = 1,
		["target_object_id"] = 16777984,
		["target_unit_type"] = "Infantry AK ver2",
		["target_ws_type1"] = 2,
		["type"] = "hit",
		["weapon"] = "FAB-500 M-62",
		["weapon_type"] = 461061,
	},
	[22] = {
		["event_id"] = 97,
		["initiatorMissionID"] = "7",
		["initiatorPilotName"] = "Lysergia",
		["initiator_coalition"] = 2,
		["initiator_object_id"] = 16782848,
		["initiator_unit_type"] = "Su-25T",
		["initiator_ws_type1"] = 1,
		["linked_event_id"] = 0,
		["t"] = 174.14,
		["target"] = "Infantry AK ver2",
		["targetMissionID"] = "17",
		["targetPilotName"] = "Infantry AK ver2",
		["target_coalition"] = 1,
		["target_object_id"] = 16777984,
		["target_unit_type"] = "Infantry AK ver2",
		["target_ws_type1"] = 2,
		["type"] = "bda",
		["weapon"] = "FAB-500 M-62",
		["weapon_type"] = 461061,
	},
	[23] = {
		["event_id"] = 98,
		["initiatorMissionID"] = "7",
		["initiatorPilotName"] = "Lysergia",
		["initiator_coalition"] = 2,
		["initiator_object_id"] = 16782848,
		["initiator_unit_type"] = "Su-25T",
		["initiator_ws_type1"] = 1,
		["linked_event_id"] = 73,
		["t"] = 174.14,
		["target"] = "ATMZ-5",
		["targetMissionID"] = "22",
		["targetPilotName"] = "ATMZ-5",
		["target_coalition"] = 1,
		["target_object_id"] = 16777472,
		["target_unit_type"] = "ATMZ-5",
		["target_ws_type1"] = 2,
		["type"] = "hit",
		["weapon"] = "FAB-500 M-62",
		["weapon_type"] = 461061,
	},
	[24] = {
		["event_id"] = 99,
		["initiatorMissionID"] = "7",
		["initiatorPilotName"] = "Lysergia",
		["initiator_coalition"] = 2,
		["initiator_object_id"] = 16782848,
		["initiator_unit_type"] = "Su-25T",
		["initiator_ws_type1"] = 1,
		["linked_event_id"] = 0,
		["t"] = 174.14,
		["target"] = "ATMZ-5",
		["targetMissionID"] = "22",
		["targetPilotName"] = "ATMZ-5",
		["target_coalition"] = 1,
		["target_object_id"] = 16777472,
		["target_unit_type"] = "ATMZ-5",
		["target_ws_type1"] = 2,
		["type"] = "bda",
		["weapon"] = "FAB-500 M-62",
		["weapon_type"] = 461061,
	},
	[25] = {
		["event_id"] = 100,
		["initiatorMissionID"] = "7",
		["initiatorPilotName"] = "Lysergia",
		["initiator_coalition"] = 2,
		["initiator_object_id"] = 16782848,
		["initiator_unit_type"] = "Su-25T",
		["initiator_ws_type1"] = 1,
		["linked_event_id"] = 73,
		["t"] = 174.14,
		["target"] = "Infantry AK ver2",
		["targetMissionID"] = "18",
		["targetPilotName"] = "Infantry AK ver2",
		["target_coalition"] = 1,
		["target_object_id"] = 16777728,
		["target_unit_type"] = "Infantry AK ver2",
		["target_ws_type1"] = 2,
		["type"] = "hit",
		["weapon"] = "FAB-500 M-62",
		["weapon_type"] = 461061,
	},
	[26] = {
		["event_id"] = 101,
		["initiatorMissionID"] = "7",
		["initiatorPilotName"] = "Lysergia",
		["initiator_coalition"] = 2,
		["initiator_object_id"] = 16782848,
		["initiator_unit_type"] = "Su-25T",
		["initiator_ws_type1"] = 1,
		["linked_event_id"] = 0,
		["t"] = 174.14,
		["target"] = "Infantry AK ver2",
		["targetMissionID"] = "18",
		["targetPilotName"] = "Infantry AK ver2",
		["target_coalition"] = 1,
		["target_object_id"] = 16777728,
		["target_unit_type"] = "Infantry AK ver2",
		["target_ws_type1"] = 2,
		["type"] = "bda",
		["weapon"] = "FAB-500 M-62",
		["weapon_type"] = 461061,
	},
	[27] = {
		["event_id"] = 102,
		["initiatorMissionID"] = "7",
		["initiatorPilotName"] = "Lysergia",
		["initiator_coalition"] = 2,
		["initiator_object_id"] = 16782848,
		["initiator_unit_type"] = "Su-25T",
		["initiator_ws_type1"] = 1,
		["linked_event_id"] = 73,
		["t"] = 174.14,
		["target"] = "Infantry AK ver2",
		["targetMissionID"] = "10",
		["targetPilotName"] = "Infantry AK ver2",
		["target_coalition"] = 1,
		["target_object_id"] = 16779776,
		["target_unit_type"] = "Infantry AK ver2",
		["target_ws_type1"] = 2,
		["type"] = "hit",
		["weapon"] = "FAB-500 M-62",
		["weapon_type"] = 461061,
	},
	[28] = {
		["event_id"] = 103,
		["initiatorMissionID"] = "7",
		["initiatorPilotName"] = "Lysergia",
		["initiator_coalition"] = 2,
		["initiator_object_id"] = 16782848,
		["initiator_unit_type"] = "Su-25T",
		["initiator_ws_type1"] = 1,
		["linked_event_id"] = 0,
		["t"] = 174.14,
		["target"] = "Infantry AK ver2",
		["targetMissionID"] = "10",
		["targetPilotName"] = "Infantry AK ver2",
		["target_coalition"] = 1,
		["target_object_id"] = 16779776,
		["target_unit_type"] = "Infantry AK ver2",
		["target_ws_type1"] = 2,
		["type"] = "bda",
		["weapon"] = "FAB-500 M-62",
		["weapon_type"] = 461061,
	},
	[29] = {
		["event_id"] = 104,
		["initiatorMissionID"] = "7",
		["initiatorPilotName"] = "Lysergia",
		["initiator_coalition"] = 2,
		["initiator_object_id"] = 16782848,
		["initiator_unit_type"] = "Su-25T",
		["initiator_ws_type1"] = 1,
		["linked_event_id"] = 73,
		["t"] = 174.14,
		["target"] = "Infantry AK ver2",
		["targetMissionID"] = "13",
		["targetPilotName"] = "Infantry AK ver2",
		["target_coalition"] = 1,
		["target_object_id"] = 16779008,
		["target_unit_type"] = "Infantry AK ver2",
		["target_ws_type1"] = 2,
		["type"] = "hit",
		["weapon"] = "FAB-500 M-62",
		["weapon_type"] = 461061,
	},
	[30] = {
		["event_id"] = 105,
		["initiatorMissionID"] = "4",
		["initiatorPilotName"] = "Tu-95MS",
		["initiator_coalition"] = -1,
		["initiator_object_id"] = 8000002,
		["initiator_unit_type"] = "Tu-95MS",
		["initiator_ws_type1"] = 5,
		["linked_event_id"] = 0,
		["t"] = 174.14,
		["target"] = "Camouflage02",
		["targetMissionID"] = "21",
		["targetPilotName"] = "Camouflage02",
		["target_coalition"] = -1,
		["target_object_id"] = 8000007,
		["target_unit_type"] = "Camouflage02",
		["target_ws_type1"] = 5,
		["type"] = "hit",
	},
	[31] = {
		["event_id"] = 106,
		["initiatorMissionID"] = "4",
		["initiatorPilotName"] = "Tu-95MS",
		["initiator_coalition"] = -1,
		["initiator_object_id"] = 8000002,
		["initiator_unit_type"] = "Tu-95MS",
		["initiator_ws_type1"] = 5,
		["linked_event_id"] = 0,
		["t"] = 174.14,
		["target"] = "CV_59_H60",
		["targetMissionID"] = "19",
		["targetPilotName"] = "CV_59_H60",
		["target_coalition"] = -1,
		["target_object_id"] = 8000005,
		["target_unit_type"] = "CV_59_H60",
		["target_ws_type1"] = 5,
		["type"] = "hit",
	},
	[32] = {
		["event_id"] = 107,
		["initiatorMissionID"] = "7",
		["initiatorPilotName"] = "Lysergia",
		["initiator_coalition"] = 2,
		["initiator_object_id"] = 16782848,
		["initiator_unit_type"] = "Su-25T",
		["initiator_ws_type1"] = 1,
		["linked_event_id"] = 73,
		["t"] = 174.14,
		["target"] = "Camouflage02",
		["targetMissionID"] = "21",
		["targetPilotName"] = "Camouflage02",
		["target_coalition"] = -1,
		["target_object_id"] = 8000007,
		["target_unit_type"] = "Camouflage02",
		["target_ws_type1"] = 5,
		["type"] = "hit",
		["weapon"] = "FAB-500 M-62",
		["weapon_type"] = 461061,
	},
	[33] = {
		["event_id"] = 108,
		["initiatorMissionID"] = "7",
		["initiatorPilotName"] = "Lysergia",
		["initiator_coalition"] = 2,
		["initiator_object_id"] = 16782848,
		["initiator_unit_type"] = "Su-25T",
		["initiator_ws_type1"] = 1,
		["linked_event_id"] = 73,
		["t"] = 174.14,
		["target"] = "CV_59_H60",
		["targetMissionID"] = "19",
		["targetPilotName"] = "CV_59_H60",
		["target_coalition"] = -1,
		["target_object_id"] = 8000005,
		["target_unit_type"] = "CV_59_H60",
		["target_ws_type1"] = 5,
		["type"] = "hit",
		["weapon"] = "FAB-500 M-62",
		["weapon_type"] = 461061,
	},
	[34] = {
		["event_id"] = 109,
		["initiatorMissionID"] = "7",
		["initiatorPilotName"] = "Lysergia",
		["initiator_coalition"] = 2,
		["initiator_object_id"] = 16782848,
		["initiator_unit_type"] = "Su-25T",
		["initiator_ws_type1"] = 1,
		["linked_event_id"] = 0,
		["t"] = 174.14,
		["target"] = "Infantry AK ver2",
		["targetMissionID"] = "9",
		["targetPilotName"] = "Infantry AK ver2",
		["target_coalition"] = 1,
		["target_object_id"] = 16780032,
		["target_unit_type"] = "Infantry AK ver2",
		["target_ws_type1"] = 2,
		["type"] = "bda",
		["weapon"] = "FAB-500 M-62",
		["weapon_type"] = 461061,
	},
	[35] = {
		["event_id"] = 110,
		["initiatorMissionID"] = "7",
		["initiatorPilotName"] = "Lysergia",
		["initiator_coalition"] = 2,
		["initiator_object_id"] = 16782848,
		["initiator_unit_type"] = "Su-25T",
		["initiator_ws_type1"] = 1,
		["linked_event_id"] = 0,
		["t"] = 174.14,
		["target"] = "Infantry AK ver2",
		["targetMissionID"] = "11",
		["targetPilotName"] = "Infantry AK ver2",
		["target_coalition"] = 1,
		["target_object_id"] = 16779520,
		["target_unit_type"] = "Infantry AK ver2",
		["target_ws_type1"] = 2,
		["type"] = "bda",
		["weapon"] = "FAB-500 M-62",
		["weapon_type"] = 461061,
	},
	[36] = {
		["event_id"] = 111,
		["initiatorMissionID"] = "7",
		["initiatorPilotName"] = "Lysergia",
		["initiator_coalition"] = 2,
		["initiator_object_id"] = 16782848,
		["initiator_unit_type"] = "Su-25T",
		["initiator_ws_type1"] = 1,
		["linked_event_id"] = 0,
		["t"] = 174.14,
		["target"] = "Infantry AK ver2",
		["targetMissionID"] = "13",
		["targetPilotName"] = "Infantry AK ver2",
		["target_coalition"] = 1,
		["target_object_id"] = 16779008,
		["target_unit_type"] = "Infantry AK ver2",
		["target_ws_type1"] = 2,
		["type"] = "bda",
		["weapon"] = "FAB-500 M-62",
		["weapon_type"] = 461061,
	},
	[37] = {
		["event_id"] = 113,
		["initiatorMissionID"] = "7",
		["initiatorPilotName"] = "Lysergia",
		["initiator_coalition"] = 2,
		["initiator_object_id"] = 16782848,
		["initiator_unit_type"] = "Su-25T",
		["initiator_ws_type1"] = 1,
		["linked_event_id"] = 93,
		["t"] = 176.727,
		["target"] = "Infantry AK ver2",
		["targetMissionID"] = "11",
		["targetPilotName"] = "Infantry AK ver2",
		["target_coalition"] = 1,
		["target_object_id"] = 16779520,
		["target_unit_type"] = "Infantry AK ver2",
		["target_ws_type1"] = 2,
		["type"] = "kill",
		["weapon"] = "FAB-500 M-62",
		["weapon_type"] = 461061,
	},
	[38] = {
		["amount"] = 1,
		["comment"] = "ground",
		["event_id"] = 114,
		["initiatorMissionID"] = "7",
		["initiatorPilotName"] = "Lysergia",
		["initiator_coalition"] = 2,
		["initiator_object_id"] = 16782848,
		["initiator_unit_type"] = "Su-25T",
		["initiator_ws_type1"] = 1,
		["linked_event_id"] = 113,
		["t"] = 176.727,
		["type"] = "score",
	},
	[39] = {
		["event_id"] = 117,
		["initiatorMissionID"] = "7",
		["initiatorPilotName"] = "Lysergia",
		["initiator_coalition"] = 2,
		["initiator_object_id"] = 16782848,
		["initiator_unit_type"] = "Su-25T",
		["initiator_ws_type1"] = 1,
		["linked_event_id"] = 104,
		["t"] = 176.728,
		["target"] = "Infantry AK ver2",
		["targetMissionID"] = "13",
		["targetPilotName"] = "Infantry AK ver2",
		["target_coalition"] = 1,
		["target_object_id"] = 16779008,
		["target_unit_type"] = "Infantry AK ver2",
		["target_ws_type1"] = 2,
		["type"] = "kill",
		["weapon"] = "FAB-500 M-62",
		["weapon_type"] = 461061,
	},
	[40] = {
		["amount"] = 1,
		["comment"] = "ground",
		["event_id"] = 118,
		["initiatorMissionID"] = "7",
		["initiatorPilotName"] = "Lysergia",
		["initiator_coalition"] = 2,
		["initiator_object_id"] = 16782848,
		["initiator_unit_type"] = "Su-25T",
		["initiator_ws_type1"] = 1,
		["linked_event_id"] = 117,
		["t"] = 176.728,
		["type"] = "score",
	},
	[41] = {
		["event_id"] = 121,
		["initiatorMissionID"] = "7",
		["initiatorPilotName"] = "Lysergia",
		["initiator_coalition"] = 2,
		["initiator_object_id"] = 16782848,
		["initiator_unit_type"] = "Su-25T",
		["initiator_ws_type1"] = 1,
		["linked_event_id"] = 102,
		["t"] = 176.729,
		["target"] = "Infantry AK ver2",
		["targetMissionID"] = "10",
		["targetPilotName"] = "Infantry AK ver2",
		["target_coalition"] = 1,
		["target_object_id"] = 16779776,
		["target_unit_type"] = "Infantry AK ver2",
		["target_ws_type1"] = 2,
		["type"] = "kill",
		["weapon"] = "FAB-500 M-62",
		["weapon_type"] = 461061,
	},
	[42] = {
		["amount"] = 1,
		["comment"] = "ground",
		["event_id"] = 122,
		["initiatorMissionID"] = "7",
		["initiatorPilotName"] = "Lysergia",
		["initiator_coalition"] = 2,
		["initiator_object_id"] = 16782848,
		["initiator_unit_type"] = "Su-25T",
		["initiator_ws_type1"] = 1,
		["linked_event_id"] = 121,
		["t"] = 176.729,
		["type"] = "score",
	},
	[43] = {
		["event_id"] = 125,
		["initiatorMissionID"] = "7",
		["initiatorPilotName"] = "Lysergia",
		["initiator_coalition"] = 2,
		["initiator_object_id"] = 16782848,
		["initiator_unit_type"] = "Su-25T",
		["initiator_ws_type1"] = 1,
		["linked_event_id"] = 90,
		["t"] = 176.732,
		["target"] = "Infantry AK ver2",
		["targetMissionID"] = "16",
		["targetPilotName"] = "Infantry AK ver2",
		["target_coalition"] = 1,
		["target_object_id"] = 16778240,
		["target_unit_type"] = "Infantry AK ver2",
		["target_ws_type1"] = 2,
		["type"] = "kill",
		["weapon"] = "FAB-500 M-62",
		["weapon_type"] = 461061,
	},
	[44] = {
		["amount"] = 1,
		["comment"] = "ground",
		["event_id"] = 126,
		["initiatorMissionID"] = "7",
		["initiatorPilotName"] = "Lysergia",
		["initiator_coalition"] = 2,
		["initiator_object_id"] = 16782848,
		["initiator_unit_type"] = "Su-25T",
		["initiator_ws_type1"] = 1,
		["linked_event_id"] = 125,
		["t"] = 176.732,
		["type"] = "score",
	},
	[45] = {
		["event_id"] = 129,
		["initiatorMissionID"] = "7",
		["initiatorPilotName"] = "Lysergia",
		["initiator_coalition"] = 2,
		["initiator_object_id"] = 16782848,
		["initiator_unit_type"] = "Su-25T",
		["initiator_ws_type1"] = 1,
		["linked_event_id"] = 96,
		["t"] = 176.745,
		["target"] = "Infantry AK ver2",
		["targetMissionID"] = "17",
		["targetPilotName"] = "Infantry AK ver2",
		["target_coalition"] = 1,
		["target_object_id"] = 16777984,
		["target_unit_type"] = "Infantry AK ver2",
		["target_ws_type1"] = 2,
		["type"] = "kill",
		["weapon"] = "FAB-500 M-62",
		["weapon_type"] = 461061,
	},
	[46] = {
		["amount"] = 1,
		["comment"] = "ground",
		["event_id"] = 130,
		["initiatorMissionID"] = "7",
		["initiatorPilotName"] = "Lysergia",
		["initiator_coalition"] = 2,
		["initiator_object_id"] = 16782848,
		["initiator_unit_type"] = "Su-25T",
		["initiator_ws_type1"] = 1,
		["linked_event_id"] = 129,
		["t"] = 176.745,
		["type"] = "score",
	},
	[47] = {
		["event_id"] = 133,
		["initiatorMissionID"] = "7",
		["initiatorPilotName"] = "Lysergia",
		["initiator_coalition"] = 2,
		["initiator_object_id"] = 16782848,
		["initiator_unit_type"] = "Su-25T",
		["initiator_ws_type1"] = 1,
		["linked_event_id"] = 94,
		["t"] = 176.753,
		["target"] = "Infantry AK ver2",
		["targetMissionID"] = "12",
		["targetPilotName"] = "Infantry AK ver2",
		["target_coalition"] = 1,
		["target_object_id"] = 16779264,
		["target_unit_type"] = "Infantry AK ver2",
		["target_ws_type1"] = 2,
		["type"] = "kill",
		["weapon"] = "FAB-500 M-62",
		["weapon_type"] = 461061,
	},
	[48] = {
		["amount"] = 1,
		["comment"] = "ground",
		["event_id"] = 134,
		["initiatorMissionID"] = "7",
		["initiatorPilotName"] = "Lysergia",
		["initiator_coalition"] = 2,
		["initiator_object_id"] = 16782848,
		["initiator_unit_type"] = "Su-25T",
		["initiator_ws_type1"] = 1,
		["linked_event_id"] = 133,
		["t"] = 176.753,
		["type"] = "score",
	},
	[49] = {
		["event_id"] = 137,
		["initiatorMissionID"] = "7",
		["initiatorPilotName"] = "Lysergia",
		["initiator_coalition"] = 2,
		["initiator_object_id"] = 16782848,
		["initiator_unit_type"] = "Su-25T",
		["initiator_ws_type1"] = 1,
		["linked_event_id"] = 100,
		["t"] = 176.755,
		["target"] = "Infantry AK ver2",
		["targetMissionID"] = "18",
		["targetPilotName"] = "Infantry AK ver2",
		["target_coalition"] = 1,
		["target_object_id"] = 16777728,
		["target_unit_type"] = "Infantry AK ver2",
		["target_ws_type1"] = 2,
		["type"] = "kill",
		["weapon"] = "FAB-500 M-62",
		["weapon_type"] = 461061,
	},
	[50] = {
		["amount"] = 1,
		["comment"] = "ground",
		["event_id"] = 138,
		["initiatorMissionID"] = "7",
		["initiatorPilotName"] = "Lysergia",
		["initiator_coalition"] = 2,
		["initiator_object_id"] = 16782848,
		["initiator_unit_type"] = "Su-25T",
		["initiator_ws_type1"] = 1,
		["linked_event_id"] = 137,
		["t"] = 176.755,
		["type"] = "score",
	},
	[51] = {
		["event_id"] = 141,
		["initiatorMissionID"] = "7",
		["initiatorPilotName"] = "Lysergia",
		["initiator_coalition"] = 2,
		["initiator_object_id"] = 16782848,
		["initiator_unit_type"] = "Su-25T",
		["initiator_ws_type1"] = 1,
		["linked_event_id"] = 92,
		["t"] = 176.755,
		["target"] = "Infantry AK ver2",
		["targetMissionID"] = "9",
		["targetPilotName"] = "Infantry AK ver2",
		["target_coalition"] = 1,
		["target_object_id"] = 16780032,
		["target_unit_type"] = "Infantry AK ver2",
		["target_ws_type1"] = 2,
		["type"] = "kill",
		["weapon"] = "FAB-500 M-62",
		["weapon_type"] = 461061,
	},
	[52] = {
		["amount"] = 1,
		["comment"] = "ground",
		["event_id"] = 142,
		["initiatorMissionID"] = "7",
		["initiatorPilotName"] = "Lysergia",
		["initiator_coalition"] = 2,
		["initiator_object_id"] = 16782848,
		["initiator_unit_type"] = "Su-25T",
		["initiator_ws_type1"] = 1,
		["linked_event_id"] = 141,
		["t"] = 176.755,
		["type"] = "score",
	},
	[53] = {
		["event_id"] = 145,
		["initiatorMissionID"] = "7",
		["initiatorPilotName"] = "Lysergia",
		["initiator_coalition"] = 2,
		["initiator_object_id"] = 16782848,
		["initiator_unit_type"] = "Su-25T",
		["initiator_ws_type1"] = 1,
		["linked_event_id"] = 98,
		["t"] = 202.591,
		["target"] = "ATMZ-5",
		["targetMissionID"] = "22",
		["targetPilotName"] = "ATMZ-5",
		["target_coalition"] = 1,
		["target_object_id"] = 16777472,
		["target_unit_type"] = "ATMZ-5",
		["target_ws_type1"] = 2,
		["type"] = "kill",
		["weapon"] = "FAB-500 M-62",
		["weapon_type"] = 461061,
	},
	[54] = {
		["amount"] = 3,
		["comment"] = "ground",
		["event_id"] = 146,
		["initiatorMissionID"] = "7",
		["initiatorPilotName"] = "Lysergia",
		["initiator_coalition"] = 2,
		["initiator_object_id"] = 16782848,
		["initiator_unit_type"] = "Su-25T",
		["initiator_ws_type1"] = 1,
		["linked_event_id"] = 145,
		["t"] = 202.591,
		["type"] = "score",
	},
	[55] = {
		["event_id"] = 149,
		["initiatorMissionID"] = "40",
		["initiatorPilotName"] = "Su-25T",
		["initiator_coalition"] = 2,
		["initiator_object_id"] = 16781312,
		["initiator_unit_type"] = "Su-25T",
		["initiator_ws_type1"] = 1,
		["linked_event_id"] = 0,
		["place"] = "Gelendzhik",
		["placeDisplayName"] = "Gelendzhik",
		["t"] = 221.41,
		["type"] = "takeoff",
	},
	[56] = {
		["event_id"] = 151,
		["initiatorMissionID"] = "41",
		["initiatorPilotName"] = "Su-25T",
		["initiator_coalition"] = 2,
		["initiator_object_id"] = 16781568,
		["initiator_unit_type"] = "Su-25T",
		["initiator_ws_type1"] = 1,
		["linked_event_id"] = 0,
		["place"] = "Gelendzhik",
		["placeDisplayName"] = "Gelendzhik",
		["t"] = 258.36,
		["type"] = "takeoff",
	},
	[57] = {
		["event_id"] = 152,
		["initiatorMissionID"] = "7",
		["initiatorPilotName"] = "Lysergia",
		["initiator_coalition"] = 2,
		["initiator_object_id"] = 16782848,
		["initiator_unit_type"] = "Su-25T",
		["initiator_ws_type1"] = 1,
		["linked_event_id"] = 0,
		["t"] = 321.3,
		["type"] = "shot",
		["weapon"] = "FAB-500 M-62",
		["weapon_type"] = 461061,
	},
	[58] = {
		["event_id"] = 155,
		["initiatorMissionID"] = "7",
		["initiatorPilotName"] = "Lysergia",
		["initiator_coalition"] = 2,
		["initiator_object_id"] = 16782848,
		["initiator_unit_type"] = "Su-25T",
		["initiator_ws_type1"] = 1,
		["linked_event_id"] = 152,
		["t"] = 334.26,
		["target"] = "Su-27",
		["targetMissionID"] = "5",
		["targetPilotName"] = "Su-27",
		["target_coalition"] = -1,
		["target_object_id"] = 8000003,
		["target_unit_type"] = "Su-27",
		["target_ws_type1"] = 5,
		["type"] = "hit",
		["weapon"] = "FAB-500 M-62",
		["weapon_type"] = 461061,
	},
	[59] = {
		["amount"] = 0,
		["comment"] = "general",
		["event_id"] = 158,
		["initiatorMissionID"] = "7",
		["initiatorPilotName"] = "Lysergia",
		["initiator_coalition"] = 2,
		["initiator_object_id"] = 16782848,
		["initiator_unit_type"] = "Su-25T",
		["initiator_ws_type1"] = 1,
		["linked_event_id"] = 157,
		["t"] = 334.26,
		["type"] = "score",
	},
	[60] = {
		["event_id"] = 160,
		["initiatorMissionID"] = "7",
		["initiatorPilotName"] = "Lysergia",
		["initiator_coalition"] = 2,
		["initiator_object_id"] = 16782848,
		["initiator_unit_type"] = "Su-25T",
		["initiator_ws_type1"] = 1,
		["linked_event_id"] = 0,
		["t"] = 401.895,
		["type"] = "shot",
		["weapon"] = "S-5KO HEAT/Frag",
		["weapon_type"] = 2040071,
	},
	[61] = {
		["event_id"] = 161,
		["initiatorMissionID"] = "7",
		["initiatorPilotName"] = "Lysergia",
		["initiator_coalition"] = 2,
		["initiator_object_id"] = 16782848,
		["initiator_unit_type"] = "Su-25T",
		["initiator_ws_type1"] = 1,
		["linked_event_id"] = 0,
		["t"] = 401.895,
		["type"] = "shot",
		["weapon"] = "S-5KO HEAT/Frag",
		["weapon_type"] = 2040071,
	},
	[62] = {
		["event_id"] = 162,
		["initiatorMissionID"] = "7",
		["initiatorPilotName"] = "Lysergia",
		["initiator_coalition"] = 2,
		["initiator_object_id"] = 16782848,
		["initiator_unit_type"] = "Su-25T",
		["initiator_ws_type1"] = 1,
		["linked_event_id"] = 0,
		["t"] = 401.96,
		["type"] = "shot",
		["weapon"] = "S-5KO HEAT/Frag",
		["weapon_type"] = 2040071,
	},
	[63] = {
		["event_id"] = 163,
		["initiatorMissionID"] = "7",
		["initiatorPilotName"] = "Lysergia",
		["initiator_coalition"] = 2,
		["initiator_object_id"] = 16782848,
		["initiator_unit_type"] = "Su-25T",
		["initiator_ws_type1"] = 1,
		["linked_event_id"] = 0,
		["t"] = 401.96,
		["type"] = "shot",
		["weapon"] = "S-5KO HEAT/Frag",
		["weapon_type"] = 2040071,
	},
	[64] = {
		["event_id"] = 164,
		["initiatorMissionID"] = "7",
		["initiatorPilotName"] = "Lysergia",
		["initiator_coalition"] = 2,
		["initiator_object_id"] = 16782848,
		["initiator_unit_type"] = "Su-25T",
		["initiator_ws_type1"] = 1,
		["linked_event_id"] = 0,
		["t"] = 402.02,
		["type"] = "shot",
		["weapon"] = "S-5KO HEAT/Frag",
		["weapon_type"] = 2040071,
	},
	[65] = {
		["event_id"] = 165,
		["initiatorMissionID"] = "7",
		["initiatorPilotName"] = "Lysergia",
		["initiator_coalition"] = 2,
		["initiator_object_id"] = 16782848,
		["initiator_unit_type"] = "Su-25T",
		["initiator_ws_type1"] = 1,
		["linked_event_id"] = 0,
		["t"] = 402.02,
		["type"] = "shot",
		["weapon"] = "S-5KO HEAT/Frag",
		["weapon_type"] = 2040071,
	},
	[66] = {
		["event_id"] = 166,
		["initiatorMissionID"] = "7",
		["initiatorPilotName"] = "Lysergia",
		["initiator_coalition"] = 2,
		["initiator_object_id"] = 16782848,
		["initiator_unit_type"] = "Su-25T",
		["initiator_ws_type1"] = 1,
		["linked_event_id"] = 0,
		["t"] = 402.08,
		["type"] = "shot",
		["weapon"] = "S-5KO HEAT/Frag",
		["weapon_type"] = 2040071,
	},
	[67] = {
		["event_id"] = 167,
		["initiatorMissionID"] = "7",
		["initiatorPilotName"] = "Lysergia",
		["initiator_coalition"] = 2,
		["initiator_object_id"] = 16782848,
		["initiator_unit_type"] = "Su-25T",
		["initiator_ws_type1"] = 1,
		["linked_event_id"] = 0,
		["t"] = 402.08,
		["type"] = "shot",
		["weapon"] = "S-5KO HEAT/Frag",
		["weapon_type"] = 2040071,
	},
	[68] = {
		["event_id"] = 168,
		["initiatorMissionID"] = "7",
		["initiatorPilotName"] = "Lysergia",
		["initiator_coalition"] = 2,
		["initiator_object_id"] = 16782848,
		["initiator_unit_type"] = "Su-25T",
		["initiator_ws_type1"] = 1,
		["linked_event_id"] = 0,
		["t"] = 402.14,
		["type"] = "shot",
		["weapon"] = "S-5KO HEAT/Frag",
		["weapon_type"] = 2040071,
	},
	[69] = {
		["event_id"] = 169,
		["initiatorMissionID"] = "7",
		["initiatorPilotName"] = "Lysergia",
		["initiator_coalition"] = 2,
		["initiator_object_id"] = 16782848,
		["initiator_unit_type"] = "Su-25T",
		["initiator_ws_type1"] = 1,
		["linked_event_id"] = 0,
		["t"] = 402.14,
		["type"] = "shot",
		["weapon"] = "S-5KO HEAT/Frag",
		["weapon_type"] = 2040071,
	},
	[70] = {
		["event_id"] = 170,
		["initiatorMissionID"] = "7",
		["initiatorPilotName"] = "Lysergia",
		["initiator_coalition"] = 2,
		["initiator_object_id"] = 16782848,
		["initiator_unit_type"] = "Su-25T",
		["initiator_ws_type1"] = 1,
		["linked_event_id"] = 0,
		["t"] = 402.2,
		["type"] = "shot",
		["weapon"] = "S-5KO HEAT/Frag",
		["weapon_type"] = 2040071,
	},
	[71] = {
		["event_id"] = 171,
		["initiatorMissionID"] = "7",
		["initiatorPilotName"] = "Lysergia",
		["initiator_coalition"] = 2,
		["initiator_object_id"] = 16782848,
		["initiator_unit_type"] = "Su-25T",
		["initiator_ws_type1"] = 1,
		["linked_event_id"] = 0,
		["t"] = 402.2,
		["type"] = "shot",
		["weapon"] = "S-5KO HEAT/Frag",
		["weapon_type"] = 2040071,
	},
	[72] = {
		["event_id"] = 172,
		["initiatorMissionID"] = "7",
		["initiatorPilotName"] = "Lysergia",
		["initiator_coalition"] = 2,
		["initiator_object_id"] = 16782848,
		["initiator_unit_type"] = "Su-25T",
		["initiator_ws_type1"] = 1,
		["linked_event_id"] = 0,
		["t"] = 402.26,
		["type"] = "shot",
		["weapon"] = "S-5KO HEAT/Frag",
		["weapon_type"] = 2040071,
	},
	[73] = {
		["event_id"] = 173,
		["initiatorMissionID"] = "7",
		["initiatorPilotName"] = "Lysergia",
		["initiator_coalition"] = 2,
		["initiator_object_id"] = 16782848,
		["initiator_unit_type"] = "Su-25T",
		["initiator_ws_type1"] = 1,
		["linked_event_id"] = 0,
		["t"] = 402.26,
		["type"] = "shot",
		["weapon"] = "S-5KO HEAT/Frag",
		["weapon_type"] = 2040071,
	},
	[74] = {
		["event_id"] = 174,
		["initiatorMissionID"] = "7",
		["initiatorPilotName"] = "Lysergia",
		["initiator_coalition"] = 2,
		["initiator_object_id"] = 16782848,
		["initiator_unit_type"] = "Su-25T",
		["initiator_ws_type1"] = 1,
		["linked_event_id"] = 0,
		["t"] = 402.32,
		["type"] = "shot",
		["weapon"] = "S-5KO HEAT/Frag",
		["weapon_type"] = 2040071,
	},
	[75] = {
		["event_id"] = 175,
		["initiatorMissionID"] = "7",
		["initiatorPilotName"] = "Lysergia",
		["initiator_coalition"] = 2,
		["initiator_object_id"] = 16782848,
		["initiator_unit_type"] = "Su-25T",
		["initiator_ws_type1"] = 1,
		["linked_event_id"] = 0,
		["t"] = 402.32,
		["type"] = "shot",
		["weapon"] = "S-5KO HEAT/Frag",
		["weapon_type"] = 2040071,
	},
	[76] = {
		["event_id"] = 176,
		["initiatorMissionID"] = "7",
		["initiatorPilotName"] = "Lysergia",
		["initiator_coalition"] = 2,
		["initiator_object_id"] = 16782848,
		["initiator_unit_type"] = "Su-25T",
		["initiator_ws_type1"] = 1,
		["linked_event_id"] = 0,
		["t"] = 402.38,
		["type"] = "shot",
		["weapon"] = "S-5KO HEAT/Frag",
		["weapon_type"] = 2040071,
	},
	[77] = {
		["event_id"] = 177,
		["initiatorMissionID"] = "7",
		["initiatorPilotName"] = "Lysergia",
		["initiator_coalition"] = 2,
		["initiator_object_id"] = 16782848,
		["initiator_unit_type"] = "Su-25T",
		["initiator_ws_type1"] = 1,
		["linked_event_id"] = 0,
		["t"] = 402.38,
		["type"] = "shot",
		["weapon"] = "S-5KO HEAT/Frag",
		["weapon_type"] = 2040071,
	},
	[78] = {
		["event_id"] = 178,
		["initiatorMissionID"] = "7",
		["initiatorPilotName"] = "Lysergia",
		["initiator_coalition"] = 2,
		["initiator_object_id"] = 16782848,
		["initiator_unit_type"] = "Su-25T",
		["initiator_ws_type1"] = 1,
		["linked_event_id"] = 0,
		["t"] = 402.552,
		["type"] = "shot",
		["weapon"] = "S-5KO HEAT/Frag",
		["weapon_type"] = 2040071,
	},
	[79] = {
		["event_id"] = 179,
		["initiatorMissionID"] = "7",
		["initiatorPilotName"] = "Lysergia",
		["initiator_coalition"] = 2,
		["initiator_object_id"] = 16782848,
		["initiator_unit_type"] = "Su-25T",
		["initiator_ws_type1"] = 1,
		["linked_event_id"] = 0,
		["t"] = 402.552,
		["type"] = "shot",
		["weapon"] = "S-5KO HEAT/Frag",
		["weapon_type"] = 2040071,
	},
	[80] = {
		["event_id"] = 180,
		["initiatorMissionID"] = "7",
		["initiatorPilotName"] = "Lysergia",
		["initiator_coalition"] = 2,
		["initiator_object_id"] = 16782848,
		["initiator_unit_type"] = "Su-25T",
		["initiator_ws_type1"] = 1,
		["linked_event_id"] = 0,
		["t"] = 402.62,
		["type"] = "shot",
		["weapon"] = "S-5KO HEAT/Frag",
		["weapon_type"] = 2040071,
	},
	[81] = {
		["event_id"] = 181,
		["initiatorMissionID"] = "7",
		["initiatorPilotName"] = "Lysergia",
		["initiator_coalition"] = 2,
		["initiator_object_id"] = 16782848,
		["initiator_unit_type"] = "Su-25T",
		["initiator_ws_type1"] = 1,
		["linked_event_id"] = 0,
		["t"] = 402.62,
		["type"] = "shot",
		["weapon"] = "S-5KO HEAT/Frag",
		["weapon_type"] = 2040071,
	},
	[82] = {
		["event_id"] = 182,
		["initiatorMissionID"] = "7",
		["initiatorPilotName"] = "Lysergia",
		["initiator_coalition"] = 2,
		["initiator_object_id"] = 16782848,
		["initiator_unit_type"] = "Su-25T",
		["initiator_ws_type1"] = 1,
		["linked_event_id"] = 0,
		["t"] = 402.68,
		["type"] = "shot",
		["weapon"] = "S-5KO HEAT/Frag",
		["weapon_type"] = 2040071,
	},
	[83] = {
		["event_id"] = 183,
		["initiatorMissionID"] = "7",
		["initiatorPilotName"] = "Lysergia",
		["initiator_coalition"] = 2,
		["initiator_object_id"] = 16782848,
		["initiator_unit_type"] = "Su-25T",
		["initiator_ws_type1"] = 1,
		["linked_event_id"] = 0,
		["t"] = 402.68,
		["type"] = "shot",
		["weapon"] = "S-5KO HEAT/Frag",
		["weapon_type"] = 2040071,
	},
	[84] = {
		["event_id"] = 184,
		["initiatorMissionID"] = "7",
		["initiatorPilotName"] = "Lysergia",
		["initiator_coalition"] = 2,
		["initiator_object_id"] = 16782848,
		["initiator_unit_type"] = "Su-25T",
		["initiator_ws_type1"] = 1,
		["linked_event_id"] = 0,
		["t"] = 402.74,
		["type"] = "shot",
		["weapon"] = "S-5KO HEAT/Frag",
		["weapon_type"] = 2040071,
	},
	[85] = {
		["event_id"] = 185,
		["initiatorMissionID"] = "7",
		["initiatorPilotName"] = "Lysergia",
		["initiator_coalition"] = 2,
		["initiator_object_id"] = 16782848,
		["initiator_unit_type"] = "Su-25T",
		["initiator_ws_type1"] = 1,
		["linked_event_id"] = 0,
		["t"] = 402.74,
		["type"] = "shot",
		["weapon"] = "S-5KO HEAT/Frag",
		["weapon_type"] = 2040071,
	},
	[86] = {
		["event_id"] = 186,
		["initiatorMissionID"] = "7",
		["initiatorPilotName"] = "Lysergia",
		["initiator_coalition"] = 2,
		["initiator_object_id"] = 16782848,
		["initiator_unit_type"] = "Su-25T",
		["initiator_ws_type1"] = 1,
		["linked_event_id"] = 0,
		["t"] = 402.8,
		["type"] = "shot",
		["weapon"] = "S-5KO HEAT/Frag",
		["weapon_type"] = 2040071,
	},
	[87] = {
		["event_id"] = 187,
		["initiatorMissionID"] = "7",
		["initiatorPilotName"] = "Lysergia",
		["initiator_coalition"] = 2,
		["initiator_object_id"] = 16782848,
		["initiator_unit_type"] = "Su-25T",
		["initiator_ws_type1"] = 1,
		["linked_event_id"] = 0,
		["t"] = 402.8,
		["type"] = "shot",
		["weapon"] = "S-5KO HEAT/Frag",
		["weapon_type"] = 2040071,
	},
	[88] = {
		["event_id"] = 188,
		["initiatorMissionID"] = "7",
		["initiatorPilotName"] = "Lysergia",
		["initiator_coalition"] = 2,
		["initiator_object_id"] = 16782848,
		["initiator_unit_type"] = "Su-25T",
		["initiator_ws_type1"] = 1,
		["linked_event_id"] = 0,
		["t"] = 402.86,
		["type"] = "shot",
		["weapon"] = "S-5KO HEAT/Frag",
		["weapon_type"] = 2040071,
	},
	[89] = {
		["event_id"] = 189,
		["initiatorMissionID"] = "7",
		["initiatorPilotName"] = "Lysergia",
		["initiator_coalition"] = 2,
		["initiator_object_id"] = 16782848,
		["initiator_unit_type"] = "Su-25T",
		["initiator_ws_type1"] = 1,
		["linked_event_id"] = 0,
		["t"] = 402.86,
		["type"] = "shot",
		["weapon"] = "S-5KO HEAT/Frag",
		["weapon_type"] = 2040071,
	},
	[90] = {
		["event_id"] = 190,
		["initiatorMissionID"] = "7",
		["initiatorPilotName"] = "Lysergia",
		["initiator_coalition"] = 2,
		["initiator_object_id"] = 16782848,
		["initiator_unit_type"] = "Su-25T",
		["initiator_ws_type1"] = 1,
		["linked_event_id"] = 0,
		["t"] = 402.92,
		["type"] = "shot",
		["weapon"] = "S-5KO HEAT/Frag",
		["weapon_type"] = 2040071,
	},
	[91] = {
		["event_id"] = 191,
		["initiatorMissionID"] = "7",
		["initiatorPilotName"] = "Lysergia",
		["initiator_coalition"] = 2,
		["initiator_object_id"] = 16782848,
		["initiator_unit_type"] = "Su-25T",
		["initiator_ws_type1"] = 1,
		["linked_event_id"] = 0,
		["t"] = 402.92,
		["type"] = "shot",
		["weapon"] = "S-5KO HEAT/Frag",
		["weapon_type"] = 2040071,
	},
	[92] = {
		["event_id"] = 192,
		["initiatorMissionID"] = "7",
		["initiatorPilotName"] = "Lysergia",
		["initiator_coalition"] = 2,
		["initiator_object_id"] = 16782848,
		["initiator_unit_type"] = "Su-25T",
		["initiator_ws_type1"] = 1,
		["linked_event_id"] = 0,
		["t"] = 402.98,
		["type"] = "shot",
		["weapon"] = "S-5KO HEAT/Frag",
		["weapon_type"] = 2040071,
	},
	[93] = {
		["event_id"] = 193,
		["initiatorMissionID"] = "7",
		["initiatorPilotName"] = "Lysergia",
		["initiator_coalition"] = 2,
		["initiator_object_id"] = 16782848,
		["initiator_unit_type"] = "Su-25T",
		["initiator_ws_type1"] = 1,
		["linked_event_id"] = 0,
		["t"] = 402.98,
		["type"] = "shot",
		["weapon"] = "S-5KO HEAT/Frag",
		["weapon_type"] = 2040071,
	},
	[94] = {
		["event_id"] = 194,
		["initiatorMissionID"] = "7",
		["initiatorPilotName"] = "Lysergia",
		["initiator_coalition"] = 2,
		["initiator_object_id"] = 16782848,
		["initiator_unit_type"] = "Su-25T",
		["initiator_ws_type1"] = 1,
		["linked_event_id"] = 0,
		["t"] = 403.04,
		["type"] = "shot",
		["weapon"] = "S-5KO HEAT/Frag",
		["weapon_type"] = 2040071,
	},
	[95] = {
		["event_id"] = 195,
		["initiatorMissionID"] = "7",
		["initiatorPilotName"] = "Lysergia",
		["initiator_coalition"] = 2,
		["initiator_object_id"] = 16782848,
		["initiator_unit_type"] = "Su-25T",
		["initiator_ws_type1"] = 1,
		["linked_event_id"] = 0,
		["t"] = 403.04,
		["type"] = "shot",
		["weapon"] = "S-5KO HEAT/Frag",
		["weapon_type"] = 2040071,
	},
	[96] = {
		["event_id"] = 196,
		["initiatorMissionID"] = "7",
		["initiatorPilotName"] = "Lysergia",
		["initiator_coalition"] = 2,
		["initiator_object_id"] = 16782848,
		["initiator_unit_type"] = "Su-25T",
		["initiator_ws_type1"] = 1,
		["linked_event_id"] = 0,
		["t"] = 403.1,
		["type"] = "shot",
		["weapon"] = "S-5KO HEAT/Frag",
		["weapon_type"] = 2040071,
	},
	[97] = {
		["event_id"] = 197,
		["initiatorMissionID"] = "7",
		["initiatorPilotName"] = "Lysergia",
		["initiator_coalition"] = 2,
		["initiator_object_id"] = 16782848,
		["initiator_unit_type"] = "Su-25T",
		["initiator_ws_type1"] = 1,
		["linked_event_id"] = 0,
		["t"] = 403.1,
		["type"] = "shot",
		["weapon"] = "S-5KO HEAT/Frag",
		["weapon_type"] = 2040071,
	},
	[98] = {
		["event_id"] = 198,
		["initiatorMissionID"] = "7",
		["initiatorPilotName"] = "Lysergia",
		["initiator_coalition"] = 2,
		["initiator_object_id"] = 16782848,
		["initiator_unit_type"] = "Su-25T",
		["initiator_ws_type1"] = 1,
		["linked_event_id"] = 0,
		["t"] = 403.16,
		["type"] = "shot",
		["weapon"] = "S-5KO HEAT/Frag",
		["weapon_type"] = 2040071,
	},
	[99] = {
		["event_id"] = 199,
		["initiatorMissionID"] = "7",
		["initiatorPilotName"] = "Lysergia",
		["initiator_coalition"] = 2,
		["initiator_object_id"] = 16782848,
		["initiator_unit_type"] = "Su-25T",
		["initiator_ws_type1"] = 1,
		["linked_event_id"] = 0,
		["t"] = 403.16,
		["type"] = "shot",
		["weapon"] = "S-5KO HEAT/Frag",
		["weapon_type"] = 2040071,
	},
	[100] = {
		["event_id"] = 200,
		["initiatorMissionID"] = "7",
		["initiatorPilotName"] = "Lysergia",
		["initiator_coalition"] = 2,
		["initiator_object_id"] = 16782848,
		["initiator_unit_type"] = "Su-25T",
		["initiator_ws_type1"] = 1,
		["linked_event_id"] = 0,
		["t"] = 403.22,
		["type"] = "shot",
		["weapon"] = "S-5KO HEAT/Frag",
		["weapon_type"] = 2040071,
	},
	[101] = {
		["event_id"] = 201,
		["initiatorMissionID"] = "7",
		["initiatorPilotName"] = "Lysergia",
		["initiator_coalition"] = 2,
		["initiator_object_id"] = 16782848,
		["initiator_unit_type"] = "Su-25T",
		["initiator_ws_type1"] = 1,
		["linked_event_id"] = 0,
		["t"] = 403.22,
		["type"] = "shot",
		["weapon"] = "S-5KO HEAT/Frag",
		["weapon_type"] = 2040071,
	},
	[102] = {
		["event_id"] = 202,
		["initiatorMissionID"] = "7",
		["initiatorPilotName"] = "Lysergia",
		["initiator_coalition"] = 2,
		["initiator_object_id"] = 16782848,
		["initiator_unit_type"] = "Su-25T",
		["initiator_ws_type1"] = 1,
		["linked_event_id"] = 0,
		["t"] = 403.3,
		["type"] = "shot",
		["weapon"] = "S-5KO HEAT/Frag",
		["weapon_type"] = 2040071,
	},
	[103] = {
		["event_id"] = 203,
		["initiatorMissionID"] = "7",
		["initiatorPilotName"] = "Lysergia",
		["initiator_coalition"] = 2,
		["initiator_object_id"] = 16782848,
		["initiator_unit_type"] = "Su-25T",
		["initiator_ws_type1"] = 1,
		["linked_event_id"] = 0,
		["t"] = 403.3,
		["type"] = "shot",
		["weapon"] = "S-5KO HEAT/Frag",
		["weapon_type"] = 2040071,
	},
	[104] = {
		["event_id"] = 204,
		["initiatorMissionID"] = "7",
		["initiatorPilotName"] = "Lysergia",
		["initiator_coalition"] = 2,
		["initiator_object_id"] = 16782848,
		["initiator_unit_type"] = "Su-25T",
		["initiator_ws_type1"] = 1,
		["linked_event_id"] = 0,
		["t"] = 403.36,
		["type"] = "shot",
		["weapon"] = "S-5KO HEAT/Frag",
		["weapon_type"] = 2040071,
	},
	[105] = {
		["event_id"] = 205,
		["initiatorMissionID"] = "7",
		["initiatorPilotName"] = "Lysergia",
		["initiator_coalition"] = 2,
		["initiator_object_id"] = 16782848,
		["initiator_unit_type"] = "Su-25T",
		["initiator_ws_type1"] = 1,
		["linked_event_id"] = 0,
		["t"] = 403.36,
		["type"] = "shot",
		["weapon"] = "S-5KO HEAT/Frag",
		["weapon_type"] = 2040071,
	},
	[106] = {
		["event_id"] = 206,
		["initiatorMissionID"] = "7",
		["initiatorPilotName"] = "Lysergia",
		["initiator_coalition"] = 2,
		["initiator_object_id"] = 16782848,
		["initiator_unit_type"] = "Su-25T",
		["initiator_ws_type1"] = 1,
		["linked_event_id"] = 0,
		["t"] = 403.42,
		["type"] = "shot",
		["weapon"] = "S-5KO HEAT/Frag",
		["weapon_type"] = 2040071,
	},
	[107] = {
		["event_id"] = 207,
		["initiatorMissionID"] = "7",
		["initiatorPilotName"] = "Lysergia",
		["initiator_coalition"] = 2,
		["initiator_object_id"] = 16782848,
		["initiator_unit_type"] = "Su-25T",
		["initiator_ws_type1"] = 1,
		["linked_event_id"] = 0,
		["t"] = 403.42,
		["type"] = "shot",
		["weapon"] = "S-5KO HEAT/Frag",
		["weapon_type"] = 2040071,
	},
	[108] = {
		["event_id"] = 208,
		["initiatorMissionID"] = "7",
		["initiatorPilotName"] = "Lysergia",
		["initiator_coalition"] = 2,
		["initiator_object_id"] = 16782848,
		["initiator_unit_type"] = "Su-25T",
		["initiator_ws_type1"] = 1,
		["linked_event_id"] = 0,
		["t"] = 403.48,
		["type"] = "shot",
		["weapon"] = "S-5KO HEAT/Frag",
		["weapon_type"] = 2040071,
	},
	[109] = {
		["event_id"] = 209,
		["initiatorMissionID"] = "7",
		["initiatorPilotName"] = "Lysergia",
		["initiator_coalition"] = 2,
		["initiator_object_id"] = 16782848,
		["initiator_unit_type"] = "Su-25T",
		["initiator_ws_type1"] = 1,
		["linked_event_id"] = 0,
		["t"] = 403.48,
		["type"] = "shot",
		["weapon"] = "S-5KO HEAT/Frag",
		["weapon_type"] = 2040071,
	},
	[110] = {
		["event_id"] = 210,
		["initiatorMissionID"] = "7",
		["initiatorPilotName"] = "Lysergia",
		["initiator_coalition"] = 2,
		["initiator_object_id"] = 16782848,
		["initiator_unit_type"] = "Su-25T",
		["initiator_ws_type1"] = 1,
		["linked_event_id"] = 0,
		["t"] = 403.54,
		["type"] = "shot",
		["weapon"] = "S-5KO HEAT/Frag",
		["weapon_type"] = 2040071,
	},
	[111] = {
		["event_id"] = 211,
		["initiatorMissionID"] = "7",
		["initiatorPilotName"] = "Lysergia",
		["initiator_coalition"] = 2,
		["initiator_object_id"] = 16782848,
		["initiator_unit_type"] = "Su-25T",
		["initiator_ws_type1"] = 1,
		["linked_event_id"] = 0,
		["t"] = 403.54,
		["type"] = "shot",
		["weapon"] = "S-5KO HEAT/Frag",
		["weapon_type"] = 2040071,
	},
	[112] = {
		["event_id"] = 212,
		["initiatorMissionID"] = "7",
		["initiatorPilotName"] = "Lysergia",
		["initiator_coalition"] = 2,
		["initiator_object_id"] = 16782848,
		["initiator_unit_type"] = "Su-25T",
		["initiator_ws_type1"] = 1,
		["linked_event_id"] = 0,
		["t"] = 403.6,
		["type"] = "shot",
		["weapon"] = "S-5KO HEAT/Frag",
		["weapon_type"] = 2040071,
	},
	[113] = {
		["event_id"] = 213,
		["initiatorMissionID"] = "7",
		["initiatorPilotName"] = "Lysergia",
		["initiator_coalition"] = 2,
		["initiator_object_id"] = 16782848,
		["initiator_unit_type"] = "Su-25T",
		["initiator_ws_type1"] = 1,
		["linked_event_id"] = 0,
		["t"] = 403.6,
		["type"] = "shot",
		["weapon"] = "S-5KO HEAT/Frag",
		["weapon_type"] = 2040071,
	},
	[114] = {
		["event_id"] = 214,
		["initiatorMissionID"] = "7",
		["initiatorPilotName"] = "Lysergia",
		["initiator_coalition"] = 2,
		["initiator_object_id"] = 16782848,
		["initiator_unit_type"] = "Su-25T",
		["initiator_ws_type1"] = 1,
		["linked_event_id"] = 0,
		["t"] = 541.457,
		["type"] = "shot",
		["weapon"] = "S-5KO HEAT/Frag",
		["weapon_type"] = 2040071,
	},
	[115] = {
		["event_id"] = 215,
		["initiatorMissionID"] = "7",
		["initiatorPilotName"] = "Lysergia",
		["initiator_coalition"] = 2,
		["initiator_object_id"] = 16782848,
		["initiator_unit_type"] = "Su-25T",
		["initiator_ws_type1"] = 1,
		["linked_event_id"] = 0,
		["t"] = 541.457,
		["type"] = "shot",
		["weapon"] = "S-5KO HEAT/Frag",
		["weapon_type"] = 2040071,
	},
	[116] = {
		["event_id"] = 216,
		["initiatorMissionID"] = "7",
		["initiatorPilotName"] = "Lysergia",
		["initiator_coalition"] = 2,
		["initiator_object_id"] = 16782848,
		["initiator_unit_type"] = "Su-25T",
		["initiator_ws_type1"] = 1,
		["linked_event_id"] = 0,
		["t"] = 541.52,
		["type"] = "shot",
		["weapon"] = "S-5KO HEAT/Frag",
		["weapon_type"] = 2040071,
	},
	[117] = {
		["event_id"] = 217,
		["initiatorMissionID"] = "7",
		["initiatorPilotName"] = "Lysergia",
		["initiator_coalition"] = 2,
		["initiator_object_id"] = 16782848,
		["initiator_unit_type"] = "Su-25T",
		["initiator_ws_type1"] = 1,
		["linked_event_id"] = 0,
		["t"] = 541.52,
		["type"] = "shot",
		["weapon"] = "S-5KO HEAT/Frag",
		["weapon_type"] = 2040071,
	},
	[118] = {
		["event_id"] = 218,
		["initiatorMissionID"] = "7",
		["initiatorPilotName"] = "Lysergia",
		["initiator_coalition"] = 2,
		["initiator_object_id"] = 16782848,
		["initiator_unit_type"] = "Su-25T",
		["initiator_ws_type1"] = 1,
		["linked_event_id"] = 0,
		["t"] = 541.58,
		["type"] = "shot",
		["weapon"] = "S-5KO HEAT/Frag",
		["weapon_type"] = 2040071,
	},
	[119] = {
		["event_id"] = 219,
		["initiatorMissionID"] = "7",
		["initiatorPilotName"] = "Lysergia",
		["initiator_coalition"] = 2,
		["initiator_object_id"] = 16782848,
		["initiator_unit_type"] = "Su-25T",
		["initiator_ws_type1"] = 1,
		["linked_event_id"] = 0,
		["t"] = 541.58,
		["type"] = "shot",
		["weapon"] = "S-5KO HEAT/Frag",
		["weapon_type"] = 2040071,
	},
	[120] = {
		["event_id"] = 220,
		["initiatorMissionID"] = "7",
		["initiatorPilotName"] = "Lysergia",
		["initiator_coalition"] = 2,
		["initiator_object_id"] = 16782848,
		["initiator_unit_type"] = "Su-25T",
		["initiator_ws_type1"] = 1,
		["linked_event_id"] = 0,
		["t"] = 541.66,
		["type"] = "shot",
		["weapon"] = "S-5KO HEAT/Frag",
		["weapon_type"] = 2040071,
	},
	[121] = {
		["event_id"] = 221,
		["initiatorMissionID"] = "7",
		["initiatorPilotName"] = "Lysergia",
		["initiator_coalition"] = 2,
		["initiator_object_id"] = 16782848,
		["initiator_unit_type"] = "Su-25T",
		["initiator_ws_type1"] = 1,
		["linked_event_id"] = 0,
		["t"] = 541.66,
		["type"] = "shot",
		["weapon"] = "S-5KO HEAT/Frag",
		["weapon_type"] = 2040071,
	},
	[122] = {
		["event_id"] = 222,
		["initiatorMissionID"] = "7",
		["initiatorPilotName"] = "Lysergia",
		["initiator_coalition"] = 2,
		["initiator_object_id"] = 16782848,
		["initiator_unit_type"] = "Su-25T",
		["initiator_ws_type1"] = 1,
		["linked_event_id"] = 0,
		["t"] = 541.72,
		["type"] = "shot",
		["weapon"] = "S-5KO HEAT/Frag",
		["weapon_type"] = 2040071,
	},
	[123] = {
		["event_id"] = 223,
		["initiatorMissionID"] = "7",
		["initiatorPilotName"] = "Lysergia",
		["initiator_coalition"] = 2,
		["initiator_object_id"] = 16782848,
		["initiator_unit_type"] = "Su-25T",
		["initiator_ws_type1"] = 1,
		["linked_event_id"] = 0,
		["t"] = 541.72,
		["type"] = "shot",
		["weapon"] = "S-5KO HEAT/Frag",
		["weapon_type"] = 2040071,
	},
	[124] = {
		["event_id"] = 224,
		["initiatorMissionID"] = "7",
		["initiatorPilotName"] = "Lysergia",
		["initiator_coalition"] = 2,
		["initiator_object_id"] = 16782848,
		["initiator_unit_type"] = "Su-25T",
		["initiator_ws_type1"] = 1,
		["linked_event_id"] = 218,
		["t"] = 547.44,
		["target"] = "Su-27",
		["targetMissionID"] = "3",
		["targetPilotName"] = "Su-27",
		["target_coalition"] = -1,
		["target_object_id"] = 8000001,
		["target_unit_type"] = "Su-27",
		["target_ws_type1"] = 5,
		["type"] = "hit",
		["weapon"] = "S-5KO HEAT/Frag",
		["weapon_type"] = 2040071,
	},
	[125] = {
		["event_id"] = 225,
		["initiatorMissionID"] = "7",
		["initiatorPilotName"] = "Lysergia",
		["initiator_coalition"] = 2,
		["initiator_object_id"] = 16782848,
		["initiator_unit_type"] = "Su-25T",
		["initiator_ws_type1"] = 1,
		["linked_event_id"] = 218,
		["t"] = 547.44,
		["target"] = "Su-27",
		["targetMissionID"] = "5",
		["targetPilotName"] = "Su-27",
		["target_coalition"] = -1,
		["target_object_id"] = 8000003,
		["target_unit_type"] = "Su-27",
		["target_ws_type1"] = 5,
		["type"] = "hit",
		["weapon"] = "S-5KO HEAT/Frag",
		["weapon_type"] = 2040071,
	},
	[126] = {
		["event_id"] = 226,
		["initiatorMissionID"] = "7",
		["initiatorPilotName"] = "Lysergia",
		["initiator_coalition"] = 2,
		["initiator_object_id"] = 16782848,
		["initiator_unit_type"] = "Su-25T",
		["initiator_ws_type1"] = 1,
		["linked_event_id"] = 219,
		["t"] = 547.53,
		["target"] = "Su-27",
		["targetMissionID"] = "5",
		["targetPilotName"] = "Su-27",
		["target_coalition"] = -1,
		["target_object_id"] = 8000003,
		["target_unit_type"] = "Su-27",
		["target_ws_type1"] = 5,
		["type"] = "hit",
		["weapon"] = "S-5KO HEAT/Frag",
		["weapon_type"] = 2040071,
	},
	[127] = {
		["event_id"] = 227,
		["initiatorMissionID"] = "7",
		["initiatorPilotName"] = "Lysergia",
		["initiator_coalition"] = 2,
		["initiator_object_id"] = 16782848,
		["initiator_unit_type"] = "Su-25T",
		["initiator_ws_type1"] = 1,
		["linked_event_id"] = 0,
		["t"] = 548.84,
		["type"] = "shot",
		["weapon"] = "FAB-500 M-62",
		["weapon_type"] = 461061,
	},
	[128] = {
		["event_id"] = 229,
		["initiatorMissionID"] = "7",
		["initiatorPilotName"] = "Lysergia",
		["initiator_coalition"] = 2,
		["initiator_object_id"] = 16782848,
		["initiator_unit_type"] = "Su-25T",
		["initiator_ws_type1"] = 1,
		["linked_event_id"] = 227,
		["t"] = 554.92,
		["target"] = "Su-27",
		["targetMissionID"] = "3",
		["targetPilotName"] = "Su-27",
		["target_coalition"] = -1,
		["target_object_id"] = 8000001,
		["target_unit_type"] = "Su-27",
		["target_ws_type1"] = 5,
		["type"] = "hit",
		["weapon"] = "FAB-500 M-62",
		["weapon_type"] = 461061,
	},
	[129] = {
		["event_id"] = 230,
		["initiatorMissionID"] = "7",
		["initiatorPilotName"] = "Lysergia",
		["initiator_coalition"] = 2,
		["initiator_object_id"] = 16782848,
		["initiator_unit_type"] = "Su-25T",
		["initiator_ws_type1"] = 1,
		["linked_event_id"] = 227,
		["t"] = 554.92,
		["target"] = "Su-27",
		["targetMissionID"] = "5",
		["targetPilotName"] = "Su-27",
		["target_coalition"] = -1,
		["target_object_id"] = 8000003,
		["target_unit_type"] = "Su-27",
		["target_ws_type1"] = 5,
		["type"] = "hit",
		["weapon"] = "FAB-500 M-62",
		["weapon_type"] = 461061,
	},
	[130] = {
		["event_id"] = 231,
		["initiatorMissionID"] = "7",
		["initiatorPilotName"] = "Lysergia",
		["initiator_coalition"] = 2,
		["initiator_object_id"] = 16782848,
		["initiator_unit_type"] = "Su-25T",
		["initiator_ws_type1"] = 1,
		["linked_event_id"] = 227,
		["t"] = 554.92,
		["target"] = "Infantry AK ver2",
		["targetMissionID"] = "14",
		["targetPilotName"] = "Infantry AK ver2",
		["target_coalition"] = 1,
		["target_object_id"] = 16778752,
		["target_unit_type"] = "Infantry AK ver2",
		["target_ws_type1"] = 2,
		["type"] = "hit",
		["weapon"] = "FAB-500 M-62",
		["weapon_type"] = 461061,
	},
	[131] = {
		["event_id"] = 232,
		["initiatorMissionID"] = "7",
		["initiatorPilotName"] = "Lysergia",
		["initiator_coalition"] = 2,
		["initiator_object_id"] = 16782848,
		["initiator_unit_type"] = "Su-25T",
		["initiator_ws_type1"] = 1,
		["linked_event_id"] = 0,
		["t"] = 554.92,
		["target"] = "Infantry AK ver2",
		["targetMissionID"] = "14",
		["targetPilotName"] = "Infantry AK ver2",
		["target_coalition"] = 1,
		["target_object_id"] = 16778752,
		["target_unit_type"] = "Infantry AK ver2",
		["target_ws_type1"] = 2,
		["type"] = "bda",
		["weapon"] = "FAB-500 M-62",
		["weapon_type"] = 461061,
	},
	[132] = {
		["event_id"] = 233,
		["initiatorMissionID"] = "7",
		["initiatorPilotName"] = "Lysergia",
		["initiator_coalition"] = 2,
		["initiator_object_id"] = 16782848,
		["initiator_unit_type"] = "Su-25T",
		["initiator_ws_type1"] = 1,
		["linked_event_id"] = 227,
		["t"] = 554.92,
		["target"] = "Infantry AK ver2",
		["targetMissionID"] = "15",
		["targetPilotName"] = "Infantry AK ver2",
		["target_coalition"] = 1,
		["target_object_id"] = 16778496,
		["target_unit_type"] = "Infantry AK ver2",
		["target_ws_type1"] = 2,
		["type"] = "hit",
		["weapon"] = "FAB-500 M-62",
		["weapon_type"] = 461061,
	},
	[133] = {
		["event_id"] = 234,
		["initiatorMissionID"] = "7",
		["initiatorPilotName"] = "Lysergia",
		["initiator_coalition"] = 2,
		["initiator_object_id"] = 16782848,
		["initiator_unit_type"] = "Su-25T",
		["initiator_ws_type1"] = 1,
		["linked_event_id"] = 0,
		["t"] = 554.92,
		["target"] = "Infantry AK ver2",
		["targetMissionID"] = "15",
		["targetPilotName"] = "Infantry AK ver2",
		["target_coalition"] = 1,
		["target_object_id"] = 16778496,
		["target_unit_type"] = "Infantry AK ver2",
		["target_ws_type1"] = 2,
		["type"] = "bda",
		["weapon"] = "FAB-500 M-62",
		["weapon_type"] = 461061,
	},
	[134] = {
		["event_id"] = 237,
		["initiatorMissionID"] = "7",
		["initiatorPilotName"] = "Lysergia",
		["initiator_coalition"] = 2,
		["initiator_object_id"] = 16782848,
		["initiator_unit_type"] = "Su-25T",
		["initiator_ws_type1"] = 1,
		["linked_event_id"] = 233,
		["t"] = 557.519,
		["target"] = "Infantry AK ver2",
		["targetMissionID"] = "15",
		["targetPilotName"] = "Infantry AK ver2",
		["target_coalition"] = 1,
		["target_object_id"] = 16778496,
		["target_unit_type"] = "Infantry AK ver2",
		["target_ws_type1"] = 2,
		["type"] = "kill",
		["weapon"] = "FAB-500 M-62",
		["weapon_type"] = 461061,
	},
	[135] = {
		["amount"] = 1,
		["comment"] = "ground",
		["event_id"] = 238,
		["initiatorMissionID"] = "7",
		["initiatorPilotName"] = "Lysergia",
		["initiator_coalition"] = 2,
		["initiator_object_id"] = 16782848,
		["initiator_unit_type"] = "Su-25T",
		["initiator_ws_type1"] = 1,
		["linked_event_id"] = 237,
		["t"] = 557.519,
		["type"] = "score",
	},
	[136] = {
		["event_id"] = 241,
		["initiatorMissionID"] = "7",
		["initiatorPilotName"] = "Lysergia",
		["initiator_coalition"] = 2,
		["initiator_object_id"] = 16782848,
		["initiator_unit_type"] = "Su-25T",
		["initiator_ws_type1"] = 1,
		["linked_event_id"] = 231,
		["t"] = 557.527,
		["target"] = "Infantry AK ver2",
		["targetMissionID"] = "14",
		["targetPilotName"] = "Infantry AK ver2",
		["target_coalition"] = 1,
		["target_object_id"] = 16778752,
		["target_unit_type"] = "Infantry AK ver2",
		["target_ws_type1"] = 2,
		["type"] = "kill",
		["weapon"] = "FAB-500 M-62",
		["weapon_type"] = 461061,
	},
	[137] = {
		["amount"] = 1,
		["comment"] = "ground",
		["event_id"] = 242,
		["initiatorMissionID"] = "7",
		["initiatorPilotName"] = "Lysergia",
		["initiator_coalition"] = 2,
		["initiator_object_id"] = 16782848,
		["initiator_unit_type"] = "Su-25T",
		["initiator_ws_type1"] = 1,
		["linked_event_id"] = 241,
		["t"] = 557.527,
		["type"] = "score",
	},
	[138] = {
		["event_id"] = 244,
		["initiatorMissionID"] = "7",
		["initiatorPilotName"] = "Lysergia",
		["initiator_coalition"] = 2,
		["initiator_object_id"] = 16782848,
		["initiator_unit_type"] = "Su-25T",
		["initiator_ws_type1"] = 1,
		["linked_event_id"] = 0,
		["t"] = 647.38,
		["type"] = "shot",
		["weapon"] = "FAB-500 M-62",
		["weapon_type"] = 461061,
	},
	[139] = {
		["event_id"] = 247,
		["initiatorMissionID"] = "7",
		["initiatorPilotName"] = "Lysergia",
		["initiator_coalition"] = 2,
		["initiator_object_id"] = 16782848,
		["initiator_unit_type"] = "Su-25T",
		["initiator_ws_type1"] = 1,
		["linked_event_id"] = 244,
		["t"] = 653.62,
		["target"] = "Su-27",
		["targetMissionID"] = "3",
		["targetPilotName"] = "Su-27",
		["target_coalition"] = -1,
		["target_object_id"] = 8000001,
		["target_unit_type"] = "Su-27",
		["target_ws_type1"] = 5,
		["type"] = "hit",
		["weapon"] = "FAB-500 M-62",
		["weapon_type"] = 461061,
	},
	[140] = {
		["event_id"] = 248,
		["initiatorMissionID"] = "7",
		["initiatorPilotName"] = "Lysergia",
		["initiator_coalition"] = 2,
		["initiator_object_id"] = 16782848,
		["initiator_unit_type"] = "Su-25T",
		["initiator_ws_type1"] = 1,
		["linked_event_id"] = 244,
		["t"] = 653.62,
		["target"] = "Su-27",
		["targetMissionID"] = "5",
		["targetPilotName"] = "Su-27",
		["target_coalition"] = -1,
		["target_object_id"] = 8000003,
		["target_unit_type"] = "Su-27",
		["target_ws_type1"] = 5,
		["type"] = "hit",
		["weapon"] = "FAB-500 M-62",
		["weapon_type"] = 461061,
	},
	[141] = {
		["event_id"] = 251,
		["initiatorMissionID"] = "7",
		["initiatorPilotName"] = "Lysergia",
		["initiator_coalition"] = 2,
		["initiator_object_id"] = 16782848,
		["initiator_unit_type"] = "Su-25T",
		["initiator_ws_type1"] = 1,
		["linked_event_id"] = 0,
		["t"] = 998.98,
		["type"] = "start shooting",
		["weapon"] = "GSh-30-2",
	},
	[142] = {
		["ammo_consumption"] = 12,
		["event_id"] = 252,
		["initiatorMissionID"] = "7",
		["initiatorPilotName"] = "Lysergia",
		["initiator_coalition"] = 2,
		["initiator_object_id"] = 16782848,
		["initiator_unit_type"] = "Su-25T",
		["initiator_ws_type1"] = 1,
		["linked_event_id"] = 0,
		["t"] = 999.28,
		["type"] = "end shooting",
		["uin64_t_value"] = 12,
		["weapon"] = "GSh-30-2",
		["weapon_type"] = 2566,
	},
	[143] = {
		["event_id"] = 253,
		["initiatorMissionID"] = "7",
		["initiatorPilotName"] = "Lysergia",
		["initiator_coalition"] = 2,
		["initiator_object_id"] = 16782848,
		["initiator_unit_type"] = "Su-25T",
		["initiator_ws_type1"] = 1,
		["linked_event_id"] = 0,
		["t"] = 999.72,
		["type"] = "start shooting",
		["weapon"] = "GSh-30-2",
	},
	[144] = {
		["ammo_consumption"] = 10,
		["event_id"] = 254,
		["initiatorMissionID"] = "7",
		["initiatorPilotName"] = "Lysergia",
		["initiator_coalition"] = 2,
		["initiator_object_id"] = 16782848,
		["initiator_unit_type"] = "Su-25T",
		["initiator_ws_type1"] = 1,
		["linked_event_id"] = 0,
		["t"] = 999.97,
		["type"] = "end shooting",
		["uin64_t_value"] = 10,
		["weapon"] = "GSh-30-2",
		["weapon_type"] = 2566,
	},
	[145] = {
		["event_id"] = 255,
		["initiatorMissionID"] = "7",
		["initiatorPilotName"] = "Lysergia",
		["initiator_coalition"] = 2,
		["initiator_object_id"] = 16782848,
		["initiator_unit_type"] = "Su-25T",
		["initiator_ws_type1"] = 1,
		["linked_event_id"] = 0,
		["t"] = 1001.5,
		["type"] = "start shooting",
		["weapon"] = "GSh-30-2",
	},
	[146] = {
		["ammo_consumption"] = 10,
		["event_id"] = 256,
		["initiatorMissionID"] = "7",
		["initiatorPilotName"] = "Lysergia",
		["initiator_coalition"] = 2,
		["initiator_object_id"] = 16782848,
		["initiator_unit_type"] = "Su-25T",
		["initiator_ws_type1"] = 1,
		["linked_event_id"] = 0,
		["t"] = 1001.75,
		["type"] = "end shooting",
		["uin64_t_value"] = 10,
		["weapon"] = "GSh-30-2",
		["weapon_type"] = 2566,
	},
	[147] = {
		["event_id"] = 257,
		["initiatorMissionID"] = "7",
		["initiatorPilotName"] = "Lysergia",
		["initiator_coalition"] = 2,
		["initiator_object_id"] = 16782848,
		["initiator_unit_type"] = "Su-25T",
		["initiator_ws_type1"] = 1,
		["linked_event_id"] = 0,
		["t"] = 1002,
		["type"] = "start shooting",
		["weapon"] = "GSh-30-2",
	},
	[148] = {
		["ammo_consumption"] = 14,
		["event_id"] = 258,
		["initiatorMissionID"] = "7",
		["initiatorPilotName"] = "Lysergia",
		["initiator_coalition"] = 2,
		["initiator_object_id"] = 16782848,
		["initiator_unit_type"] = "Su-25T",
		["initiator_ws_type1"] = 1,
		["linked_event_id"] = 0,
		["t"] = 1002.35,
		["type"] = "end shooting",
		["uin64_t_value"] = 14,
		["weapon"] = "GSh-30-2",
		["weapon_type"] = 2566,
	},
	[149] = {
		["amount"] = 0,
		["comment"] = "general",
		["event_id"] = 265,
		["initiatorMissionID"] = "7",
		["initiatorPilotName"] = "Lysergia",
		["initiator_coalition"] = 2,
		["initiator_object_id"] = 16782848,
		["initiator_unit_type"] = "Su-25T",
		["initiator_ws_type1"] = 1,
		["linked_event_id"] = 264,
		["t"] = 1003.919,
		["type"] = "score",
	},
	[150] = {
		["event_id"] = 267,
		["initiatorMissionID"] = "7",
		["initiatorPilotName"] = "Lysergia",
		["initiator_coalition"] = 2,
		["initiator_object_id"] = 16782848,
		["initiator_unit_type"] = "Su-25T",
		["initiator_ws_type1"] = 1,
		["linked_event_id"] = 0,
		["t"] = 1005.1,
		["type"] = "start shooting",
		["weapon"] = "GSh-30-2",
	},
	[151] = {
		["ammo_consumption"] = 13,
		["event_id"] = 268,
		["initiatorMissionID"] = "7",
		["initiatorPilotName"] = "Lysergia",
		["initiator_coalition"] = 2,
		["initiator_object_id"] = 16782848,
		["initiator_unit_type"] = "Su-25T",
		["initiator_ws_type1"] = 1,
		["linked_event_id"] = 0,
		["t"] = 1005.425,
		["type"] = "end shooting",
		["uin64_t_value"] = 13,
		["weapon"] = "GSh-30-2",
		["weapon_type"] = 2566,
	},
	[152] = {
		["event_id"] = 269,
		["initiatorMissionID"] = "7",
		["initiatorPilotName"] = "Lysergia",
		["initiator_coalition"] = 2,
		["initiator_object_id"] = 16782848,
		["initiator_unit_type"] = "Su-25T",
		["initiator_ws_type1"] = 1,
		["linked_event_id"] = 0,
		["t"] = 1005.72,
		["type"] = "start shooting",
		["weapon"] = "GSh-30-2",
	},
	[153] = {
		["ammo_consumption"] = 12,
		["event_id"] = 270,
		["initiatorMissionID"] = "7",
		["initiatorPilotName"] = "Lysergia",
		["initiator_coalition"] = 2,
		["initiator_object_id"] = 16782848,
		["initiator_unit_type"] = "Su-25T",
		["initiator_ws_type1"] = 1,
		["linked_event_id"] = 0,
		["t"] = 1006.02,
		["type"] = "end shooting",
		["uin64_t_value"] = 12,
		["weapon"] = "GSh-30-2",
		["weapon_type"] = 2566,
	},
	[154] = {
		["event_id"] = 271,
		["initiatorMissionID"] = "7",
		["initiatorPilotName"] = "Lysergia",
		["initiator_coalition"] = 2,
		["initiator_object_id"] = 16782848,
		["initiator_unit_type"] = "Su-25T",
		["initiator_ws_type1"] = 1,
		["linked_event_id"] = 0,
		["t"] = 1007.1,
		["type"] = "start shooting",
		["weapon"] = "GSh-30-2",
	},
	[155] = {
		["ammo_consumption"] = 12,
		["event_id"] = 272,
		["initiatorMissionID"] = "7",
		["initiatorPilotName"] = "Lysergia",
		["initiator_coalition"] = 2,
		["initiator_object_id"] = 16782848,
		["initiator_unit_type"] = "Su-25T",
		["initiator_ws_type1"] = 1,
		["linked_event_id"] = 0,
		["t"] = 1007.4,
		["type"] = "end shooting",
		["uin64_t_value"] = 12,
		["weapon"] = "GSh-30-2",
		["weapon_type"] = 2566,
	},
	[156] = {
		["event_id"] = 273,
		["initiatorMissionID"] = "7",
		["initiatorPilotName"] = "Lysergia",
		["initiator_coalition"] = 2,
		["initiator_object_id"] = 16782848,
		["initiator_unit_type"] = "Su-25T",
		["initiator_ws_type1"] = 1,
		["linked_event_id"] = 0,
		["t"] = 1007.7,
		["type"] = "start shooting",
		["weapon"] = "GSh-30-2",
	},
	[157] = {
		["ammo_consumption"] = 25,
		["event_id"] = 274,
		["initiatorMissionID"] = "7",
		["initiatorPilotName"] = "Lysergia",
		["initiator_coalition"] = 2,
		["initiator_object_id"] = 16782848,
		["initiator_unit_type"] = "Su-25T",
		["initiator_ws_type1"] = 1,
		["linked_event_id"] = 0,
		["t"] = 1008.325,
		["type"] = "end shooting",
		["uin64_t_value"] = 25,
		["weapon"] = "GSh-30-2",
		["weapon_type"] = 2566,
	},
	[158] = {
		["amount"] = 0,
		["comment"] = "general",
		["event_id"] = 281,
		["initiatorMissionID"] = "7",
		["initiatorPilotName"] = "Lysergia",
		["initiator_coalition"] = 2,
		["initiator_object_id"] = 16782848,
		["initiator_unit_type"] = "Su-25T",
		["initiator_ws_type1"] = 1,
		["linked_event_id"] = 280,
		["t"] = 1008.81,
		["type"] = "score",
	},
	[159] = {
		["event_id"] = 284,
		["initiatorMissionID"] = "7",
		["initiatorPilotName"] = "Lysergia",
		["initiator_coalition"] = 2,
		["initiator_object_id"] = 16782848,
		["initiator_unit_type"] = "Su-25T",
		["initiator_ws_type1"] = 1,
		["linked_event_id"] = 0,
		["t"] = 1008.84,
		["type"] = "start shooting",
		["weapon"] = "GSh-30-2",
	},
	[160] = {
		["ammo_consumption"] = 6,
		["event_id"] = 285,
		["initiatorMissionID"] = "7",
		["initiatorPilotName"] = "Lysergia",
		["initiator_coalition"] = 2,
		["initiator_object_id"] = 16782848,
		["initiator_unit_type"] = "Su-25T",
		["initiator_ws_type1"] = 1,
		["linked_event_id"] = 0,
		["t"] = 1008.99,
		["type"] = "end shooting",
		["uin64_t_value"] = 6,
		["weapon"] = "GSh-30-2",
		["weapon_type"] = 2566,
	},
	[161] = {
		["event_id"] = 286,
		["initiatorMissionID"] = "7",
		["initiatorPilotName"] = "Lysergia",
		["initiator_coalition"] = 2,
		["initiator_object_id"] = 16782848,
		["initiator_unit_type"] = "Su-25T",
		["initiator_ws_type1"] = 1,
		["linked_event_id"] = 0,
		["t"] = 1010.82,
		["type"] = "start shooting",
		["weapon"] = "GSh-30-2",
	},
	[162] = {
		["ammo_consumption"] = 25,
		["event_id"] = 287,
		["initiatorMissionID"] = "7",
		["initiatorPilotName"] = "Lysergia",
		["initiator_coalition"] = 2,
		["initiator_object_id"] = 16782848,
		["initiator_unit_type"] = "Su-25T",
		["initiator_ws_type1"] = 1,
		["linked_event_id"] = 0,
		["t"] = 1011.445,
		["type"] = "end shooting",
		["uin64_t_value"] = 25,
		["weapon"] = "GSh-30-2",
		["weapon_type"] = 2566,
	},
	[163] = {
		["event_id"] = 288,
		["initiatorMissionID"] = "7",
		["initiatorPilotName"] = "Lysergia",
		["initiator_coalition"] = 2,
		["initiator_object_id"] = 16782848,
		["initiator_unit_type"] = "Su-25T",
		["initiator_ws_type1"] = 1,
		["linked_event_id"] = 0,
		["t"] = 1102.24,
		["type"] = "start shooting",
		["weapon"] = "GSh-30-2",
	},
	[164] = {
		["ammo_consumption"] = 10,
		["event_id"] = 289,
		["initiatorMissionID"] = "7",
		["initiatorPilotName"] = "Lysergia",
		["initiator_coalition"] = 2,
		["initiator_object_id"] = 16782848,
		["initiator_unit_type"] = "Su-25T",
		["initiator_ws_type1"] = 1,
		["linked_event_id"] = 0,
		["t"] = 1102.49,
		["type"] = "end shooting",
		["uin64_t_value"] = 10,
		["weapon"] = "GSh-30-2",
		["weapon_type"] = 2566,
	},
	[165] = {
		["event_id"] = 290,
		["initiatorMissionID"] = "7",
		["initiatorPilotName"] = "Lysergia",
		["initiator_coalition"] = 2,
		["initiator_object_id"] = 16782848,
		["initiator_unit_type"] = "Su-25T",
		["initiator_ws_type1"] = 1,
		["linked_event_id"] = 0,
		["t"] = 1104.54,
		["type"] = "start shooting",
		["weapon"] = "GSh-30-2",
	},
	[166] = {
		["ammo_consumption"] = 10,
		["event_id"] = 291,
		["initiatorMissionID"] = "7",
		["initiatorPilotName"] = "Lysergia",
		["initiator_coalition"] = 2,
		["initiator_object_id"] = 16782848,
		["initiator_unit_type"] = "Su-25T",
		["initiator_ws_type1"] = 1,
		["linked_event_id"] = 0,
		["t"] = 1104.79,
		["type"] = "end shooting",
		["uin64_t_value"] = 10,
		["weapon"] = "GSh-30-2",
		["weapon_type"] = 2566,
	},
	[167] = {
		["event_id"] = 292,
		["initiatorMissionID"] = "7",
		["initiatorPilotName"] = "Lysergia",
		["initiator_coalition"] = 2,
		["initiator_object_id"] = 16782848,
		["initiator_unit_type"] = "Su-25T",
		["initiator_ws_type1"] = 1,
		["linked_event_id"] = 0,
		["t"] = 1106,
		["type"] = "start shooting",
		["weapon"] = "GSh-30-2",
	},
	[168] = {
		["ammo_consumption"] = 25,
		["event_id"] = 293,
		["initiatorMissionID"] = "7",
		["initiatorPilotName"] = "Lysergia",
		["initiator_coalition"] = 2,
		["initiator_object_id"] = 16782848,
		["initiator_unit_type"] = "Su-25T",
		["initiator_ws_type1"] = 1,
		["linked_event_id"] = 0,
		["t"] = 1106.625,
		["type"] = "end shooting",
		["uin64_t_value"] = 25,
		["weapon"] = "GSh-30-2",
		["weapon_type"] = 2566,
	},
	[169] = {
		["event_id"] = 294,
		["initiatorMissionID"] = "7",
		["initiatorPilotName"] = "Lysergia",
		["initiator_coalition"] = 2,
		["initiator_object_id"] = 16782848,
		["initiator_unit_type"] = "Su-25T",
		["initiator_ws_type1"] = 1,
		["linked_event_id"] = 0,
		["t"] = 1107.74,
		["type"] = "start shooting",
		["weapon"] = "GSh-30-2",
	},
	[170] = {
		["ammo_consumption"] = 24,
		["event_id"] = 295,
		["initiatorMissionID"] = "7",
		["initiatorPilotName"] = "Lysergia",
		["initiator_coalition"] = 2,
		["initiator_object_id"] = 16782848,
		["initiator_unit_type"] = "Su-25T",
		["initiator_ws_type1"] = 1,
		["linked_event_id"] = 0,
		["t"] = 1108.34,
		["type"] = "end shooting",
		["uin64_t_value"] = 24,
		["weapon"] = "GSh-30-2",
		["weapon_type"] = 2566,
	},
	[171] = {
		["event_id"] = 299,
		["initiatorMissionID"] = "7",
		["initiatorPilotName"] = "Lysergia",
		["initiator_coalition"] = 2,
		["initiator_object_id"] = 16782848,
		["initiator_unit_type"] = "Su-25T",
		["initiator_ws_type1"] = 1,
		["linked_event_id"] = 0,
		["place"] = "Gelendzhik",
		["placeDisplayName"] = "Gelendzhik",
		["t"] = 1795.82,
		["type"] = "land",
	},
	[172] = {
		["comment"] = "winner: , msg: ",
		["event_id"] = 301,
		["linked_event_id"] = 0,
		["t"] = 1948.801,
		["type"] = "mission end",
	},
}
mission_file_mark = 1754533127
mission_file_path = "C:/users/steamuser/Saved Games/DCS/Missions//Su-25T - Community - PokeBear.miz"
mission_time = 1948.801
result = 70
triggers_state = {
	["C51"] = {
		["time"] = 0.801,
		["value"] = 1,
	},
	["LAND"] = {
		["time"] = 1932.601,
		["value"] = 1,
	},
	["WAR"] = {
		["time"] = 18.001,
		["value"] = 1,
	},
	["WIN"] = {
		["time"] = 334.401,
		["value"] = 10,
	},
}
warehouses = {
	["airports"] = {
		[12] = {
			["unlimitedAircrafts"] = true,
			["unlimitedFuel"] = true,
			["unlimitedMunitions"] = true,
		},
		[13] = {
			["unlimitedAircrafts"] = true,
			["unlimitedFuel"] = true,
			["unlimitedMunitions"] = true,
		},
		[14] = {
			["unlimitedAircrafts"] = true,
			["unlimitedFuel"] = true,
			["unlimitedMunitions"] = true,
		},
		[15] = {
			["unlimitedAircrafts"] = true,
			["unlimitedFuel"] = true,
			["unlimitedMunitions"] = true,
		},
		[16] = {
			["unlimitedAircrafts"] = true,
			["unlimitedFuel"] = true,
			["unlimitedMunitions"] = true,
		},
		[17] = {
			["unlimitedAircrafts"] = true,
			["unlimitedFuel"] = true,
			["unlimitedMunitions"] = true,
		},
		[18] = {
			["unlimitedAircrafts"] = true,
			["unlimitedFuel"] = true,
			["unlimitedMunitions"] = true,
		},
		[19] = {
			["unlimitedAircrafts"] = true,
			["unlimitedFuel"] = true,
			["unlimitedMunitions"] = true,
		},
		[20] = {
			["unlimitedAircrafts"] = true,
			["unlimitedFuel"] = true,
			["unlimitedMunitions"] = true,
		},
		[21] = {
			["unlimitedAircrafts"] = true,
			["unlimitedFuel"] = true,
			["unlimitedMunitions"] = true,
		},
		[22] = {
			["unlimitedAircrafts"] = true,
			["unlimitedFuel"] = true,
			["unlimitedMunitions"] = true,
		},
		[23] = {
			["unlimitedAircrafts"] = true,
			["unlimitedFuel"] = true,
			["unlimitedMunitions"] = true,
		},
		[24] = {
			["unlimitedAircrafts"] = true,
			["unlimitedFuel"] = true,
			["unlimitedMunitions"] = true,
		},
		[25] = {
			["unlimitedAircrafts"] = true,
			["unlimitedFuel"] = true,
			["unlimitedMunitions"] = true,
		},
		[26] = {
			["unlimitedAircrafts"] = true,
			["unlimitedFuel"] = true,
			["unlimitedMunitions"] = true,
		},
		[27] = {
			["unlimitedAircrafts"] = true,
			["unlimitedFuel"] = true,
			["unlimitedMunitions"] = true,
		},
		[28] = {
			["unlimitedAircrafts"] = true,
			["unlimitedFuel"] = true,
			["unlimitedMunitions"] = true,
		},
		[29] = {
			["unlimitedAircrafts"] = true,
			["unlimitedFuel"] = true,
			["unlimitedMunitions"] = true,
		},
		[30] = {
			["unlimitedAircrafts"] = true,
			["unlimitedFuel"] = true,
			["unlimitedMunitions"] = true,
		},
		[31] = {
			["unlimitedAircrafts"] = true,
			["unlimitedFuel"] = true,
			["unlimitedMunitions"] = true,
		},
		[32] = {
			["unlimitedAircrafts"] = true,
			["unlimitedFuel"] = true,
			["unlimitedMunitions"] = true,
		},
	},
	["warehouses"] = {
	},
}
world_state = {
	[1] = {
		["alt"] = 32.330486297607,
		["coalition"] = "red",
		["country"] = 81,
		["heading"] = 2.3212876955615,
		["type"] = "Su-27",
		["unitId"] = 3,
		["x"] = 10971.734375,
		["y"] = 368340.9375,
	},
	[2] = {
		["alt"] = 32.330486297607,
		["coalition"] = "red",
		["country"] = 81,
		["heading"] = 2.3212876955615,
		["type"] = "Su-27",
		["unitId"] = 5,
		["x"] = 10995.86328125,
		["y"] = 368365.0625,
	},
	[3] = {
		["alt"] = 30.01003074646,
		["coalition"] = "red",
		["country"] = 81,
		["heading"] = 3.9269908110248,
		["type"] = "Tech hangar A",
		["unitId"] = 6,
		["x"] = 11163.086914063,
		["y"] = 368545.53125,
	},
	[4] = {
		["alt"] = 30.010032653809,
		["coalition"] = "red",
		["country"] = 81,
		["heading"] = 0.29670602480044,
		["type"] = "CV_59_H60",
		["unitId"] = 19,
		["x"] = 11027.036132813,
		["y"] = 368537.28125,
	},
	[5] = {
		["alt"] = 30.01003074646,
		["coalition"] = "red",
		["country"] = 81,
		["heading"] = 3.9269908110248,
		["type"] = "Camouflage02",
		["unitId"] = 21,
		["x"] = 11032.205078125,
		["y"] = 368542.6875,
	},
	[6] = {
		["alt"] = 30.01003074646,
		["coalition"] = "red",
		["country"] = 81,
		["heading"] = 3.1939526239978,
		["type"] = "us carrier tech",
		["unitId"] = 27,
		["x"] = 11036.037109375,
		["y"] = 368541.25,
	},
	[7] = {
		["alt"] = 30.01003074646,
		["coalition"] = "red",
		["country"] = 81,
		["heading"] = 3.1066859404193,
		["type"] = "us carrier tech",
		["unitId"] = 28,
		["x"] = 11041.553710938,
		["y"] = 368516.71875,
	},
	[8] = {
		["alt"] = 30.01003074646,
		["coalition"] = "red",
		["country"] = 81,
		["heading"] = 3.1066859404193,
		["type"] = "us carrier tech",
		["unitId"] = 29,
		["x"] = 11047.75390625,
		["y"] = 368516.96875,
	},
	[9] = {
		["alt"] = 30.01003074646,
		["coalition"] = "red",
		["country"] = 81,
		["heading"] = 3.4557519594776,
		["type"] = "us carrier tech",
		["unitId"] = 30,
		["x"] = 11034.3671875,
		["y"] = 368540.03125,
	},
	[10] = {
		["alt"] = 30.01003074646,
		["coalition"] = "red",
		["country"] = 81,
		["heading"] = 2.4958205858814,
		["type"] = "AM32a-60_02",
		["unitId"] = 32,
		["x"] = 11037.475585938,
		["y"] = 368546.5,
	},
	[11] = {
		["alt"] = 30.010028839111,
		["coalition"] = "red",
		["country"] = 81,
		["heading"] = 2.199114624654,
		["type"] = "AM32a-60_02",
		["unitId"] = 33,
		["x"] = 11039.21875,
		["y"] = 368548.21875,
	},
	[12] = {
		["alt"] = 24.045877456665,
		["coalition"] = "blue",
		["country"] = 80,
		["heading"] = 2.303834501897,
		["type"] = "Su-25T",
		["unitId"] = 34,
		["x"] = -50558.8125,
		["y"] = 298018.25,
	},
	[13] = {
		["alt"] = 24.045877456665,
		["coalition"] = "blue",
		["country"] = 80,
		["heading"] = 2.303834501897,
		["type"] = "Su-25T",
		["unitId"] = 35,
		["x"] = -50543.578125,
		["y"] = 298031.09375,
	},
	[14] = {
		["alt"] = 24.045875549316,
		["coalition"] = "blue",
		["country"] = 80,
		["heading"] = 2.303834501897,
		["type"] = "Su-25T",
		["unitId"] = 36,
		["x"] = -50527.7421875,
		["y"] = 298043.71875,
	},
	[15] = {
		["alt"] = 24.045875549316,
		["coalition"] = "blue",
		["country"] = 80,
		["heading"] = 2.303834501897,
		["type"] = "Su-25T",
		["unitId"] = 37,
		["x"] = -50512.46875,
		["y"] = 298056.78125,
	},
	[16] = {
		["alt"] = 24.045877456665,
		["coalition"] = "blue",
		["country"] = 80,
		["heading"] = 2.303834501897,
		["type"] = "Su-25T",
		["unitId"] = 38,
		["x"] = -50497.13671875,
		["y"] = 298069.3125,
	},
	[17] = {
		["alt"] = 24.045877456665,
		["coalition"] = "blue",
		["country"] = 80,
		["heading"] = 2.303834501897,
		["type"] = "Su-25T",
		["unitId"] = 39,
		["x"] = -50452.0234375,
		["y"] = 298108.5625,
	},
	[18] = {
		["alt"] = 24.045877456665,
		["coalition"] = "blue",
		["country"] = 80,
		["heading"] = 2.303834501897,
		["type"] = "Su-25T",
		["unitId"] = 42,
		["x"] = -50435,
		["y"] = 298121.6875,
	},
	[19] = {
		["alt"] = 25.953102111816,
		["coalition"] = "blue",
		["country"] = 80,
		["heading"] = 2.2689278761493,
		["type"] = "IL-78M",
		["unitId"] = 47,
		["x"] = -50018.8203125,
		["y"] = 298473.625,
	},
	[20] = {
		["alt"] = 25.953100204468,
		["coalition"] = "blue",
		["country"] = 80,
		["heading"] = 2.2689278761493,
		["type"] = "IL-78M",
		["unitId"] = 48,
		["x"] = -50089.703125,
		["y"] = 298415.6875,
	},
	[21] = {
		["N_obj"] = 1,
		["alt"] = 30.011030197144,
		["coalition"] = "red",
		["country"] = 81,
		["groupId"] = 37,
		["heading"] = 4.1538835207569,
		["speed"] = 0,
		["type"] = "tt_ZU-23",
		["unitId"] = 49,
		["x"] = 11432.431640625,
		["y"] = 368817.0625,
	},
	[22] = {
		["N_obj"] = 1,
		["alt"] = 30.011032104492,
		["coalition"] = "red",
		["country"] = 81,
		["groupId"] = 38,
		["heading"] = 3.2637658754932,
		["speed"] = 0,
		["type"] = "tt_ZU-23",
		["unitId"] = 50,
		["x"] = 11239.659179688,
		["y"] = 367446.5625,
	},
	[23] = {
		["N_obj"] = 1,
		["alt"] = 30.011030197144,
		["coalition"] = "red",
		["country"] = 81,
		["groupId"] = 39,
		["heading"] = 2.3561943213092,
		["speed"] = 0,
		["type"] = "tt_ZU-23",
		["unitId"] = 51,
		["x"] = 11349.62109375,
		["y"] = 369475.6875,
	},
	[24] = {
		["N_obj"] = 1,
		["alt"] = 30.011032104492,
		["coalition"] = "red",
		["country"] = 81,
		["groupId"] = 40,
		["heading"] = 3.5255652109729,
		["speed"] = 0,
		["type"] = "tt_ZU-23",
		["unitId"] = 52,
		["x"] = 11107.706054688,
		["y"] = 368557.65625,
	},
	[25] = {
		["N_obj"] = 1,
		["alt"] = 1389.3695068359,
		["coalition"] = "blue",
		["country"] = 80,
		["groupId"] = 31,
		["heading"] = 1.5139005819904,
		["inAir"] = true,
		["payload"] = {
			["chaff"] = 128,
			["flare"] = 128,
			["fuel"] = 3790,
			["gun"] = 100,
			["pylons"] = {
				[1] = {
					["CLSID"] = "{682A481F-0CB5-4693-A382-D00DD4A156D7}",
				},
				[3] = {
					["CLSID"] = "{FC56DF80-9B09-44C5-8976-DCFAFF219062}",
				},
				[4] = {
					["CLSID"] = "{FC56DF80-9B09-44C5-8976-DCFAFF219062}",
				},
				[5] = {
					["CLSID"] = "{E8D4652F-FD48-45B7-BA5B-2AE05BB5A9CF}",
				},
				[7] = {
					["CLSID"] = "{E8D4652F-FD48-45B7-BA5B-2AE05BB5A9CF}",
				},
				[8] = {
					["CLSID"] = "{FC56DF80-9B09-44C5-8976-DCFAFF219062}",
				},
				[9] = {
					["CLSID"] = "{FC56DF80-9B09-44C5-8976-DCFAFF219062}",
				},
				[11] = {
					["CLSID"] = "{682A481F-0CB5-4693-A382-D00DD4A156D7}",
				},
			},
		},
		["speed"] = 124.52437591553,
		["type"] = "Su-25T",
		["unitId"] = 40,
		["x"] = -56349.40625,
		["y"] = 287535.71875,
	},
	[26] = {
		["N_obj"] = 2,
		["alt"] = 1400.7424316406,
		["coalition"] = "blue",
		["country"] = 80,
		["goto"] = 1,
		["groupId"] = 31,
		["heading"] = 1.7241409460651,
		["inAir"] = true,
		["payload"] = {
			["chaff"] = 128,
			["flare"] = 128,
			["fuel"] = 3790,
			["gun"] = 100,
			["pylons"] = {
				[1] = {
					["CLSID"] = "{682A481F-0CB5-4693-A382-D00DD4A156D7}",
				},
				[3] = {
					["CLSID"] = "{FC56DF80-9B09-44C5-8976-DCFAFF219062}",
				},
				[4] = {
					["CLSID"] = "{FC56DF80-9B09-44C5-8976-DCFAFF219062}",
				},
				[5] = {
					["CLSID"] = "{E8D4652F-FD48-45B7-BA5B-2AE05BB5A9CF}",
				},
				[7] = {
					["CLSID"] = "{E8D4652F-FD48-45B7-BA5B-2AE05BB5A9CF}",
				},
				[8] = {
					["CLSID"] = "{FC56DF80-9B09-44C5-8976-DCFAFF219062}",
				},
				[9] = {
					["CLSID"] = "{FC56DF80-9B09-44C5-8976-DCFAFF219062}",
				},
				[11] = {
					["CLSID"] = "{682A481F-0CB5-4693-A382-D00DD4A156D7}",
				},
			},
		},
		["speed"] = 147.6117401123,
		["type"] = "Su-25T",
		["unitId"] = 41,
		["x"] = -56195.234375,
		["y"] = 286646.5,
	},
	[27] = {
		["N_obj"] = 1,
		["alt"] = 22.01092338562,
		["coalition"] = "blue",
		["country"] = 80,
		["groupId"] = 33,
		["heading"] = 5.396918360387,
		["speed"] = 0,
		["type"] = "ATZ-10",
		["unitId"] = 43,
		["x"] = -50611.08203125,
		["y"] = 297967.40625,
	},
	[28] = {
		["N_obj"] = 1,
		["alt"] = 22.01092338562,
		["coalition"] = "blue",
		["country"] = 80,
		["groupId"] = 34,
		["heading"] = 3.0019660631763,
		["speed"] = 0,
		["type"] = "M-2 Bradley",
		["unitId"] = 46,
		["x"] = -50273.59375,
		["y"] = 298284.90625,
	},
	[29] = {
		["N_obj"] = 2,
		["alt"] = 22.01092338562,
		["coalition"] = "blue",
		["country"] = 80,
		["groupId"] = 34,
		["heading"] = 2.0420354048358,
		["speed"] = 0,
		["type"] = "Soldier M4",
		["unitId"] = 45,
		["x"] = -50274.40625,
		["y"] = 298291.25,
	},
	[30] = {
		["N_obj"] = 3,
		["alt"] = 22.01092338562,
		["coalition"] = "blue",
		["country"] = 80,
		["groupId"] = 34,
		["heading"] = 3.0019660631763,
		["speed"] = 0,
		["type"] = "Soldier M4",
		["unitId"] = 44,
		["x"] = -50279.48828125,
		["y"] = 298287.375,
	},
	[31] = {
		["N_obj"] = 1,
		["alt"] = 23.857755661011,
		["coalition"] = "blue",
		["country"] = 80,
		["goto"] = 2,
		["groupId"] = 7,
		["heading"] = 5.459610823785,
		["payload"] = {
			["chaff"] = 128,
			["flare"] = 128,
			["fuel"] = 2129,
			["gun"] = 16,
			["pylons"] = {
				[1] = {
					["CLSID"] = "{682A481F-0CB5-4693-A382-D00DD4A156D7}",
				},
				[5] = {
					["CLSID"] = "{E8D4652F-FD48-45B7-BA5B-2AE05BB5A9CF}",
				},
				[7] = {
					["CLSID"] = "{E8D4652F-FD48-45B7-BA5B-2AE05BB5A9CF}",
				},
				[11] = {
					["CLSID"] = "{682A481F-0CB5-4693-A382-D00DD4A156D7}",
				},
			},
		},
		["speed"] = 8.0704128777143e-05,
		["type"] = "Su-25T",
		["unitId"] = 7,
		["x"] = -50011.2734375,
		["y"] = 298417.75,
	},
}
