callsign = "Lysergia"
events = {
	[1] = {
		["event_id"] = 22,
		["linked_event_id"] = 0,
		["t"] = 0,
		["ta"] = 59100,
		["type"] = "mission start",
	},
	[2] = {
		["initiatorPilotName"] = "Lysergia",
		["initiator_coalition"] = 1,
		["initiator_object_id"] = 16779520,
		["initiator_unit_type"] = "Su-25T",
		["t"] = 0,
		["target"] = "Player",
		["targetMissionID"] = "1",
		["type"] = "under control",
	},
	[3] = {
		["event_id"] = 39,
		["initiatorMissionID"] = "1",
		["initiatorPilotName"] = "Lysergia",
		["initiator_coalition"] = 1,
		["initiator_object_id"] = 16779520,
		["initiator_unit_type"] = "Su-25T",
		["initiator_ws_type1"] = 1,
		["linked_event_id"] = 0,
		["place"] = "Kutaisi",
		["placeDisplayName"] = "Kutaisi",
		["t"] = 78.9,
		["type"] = "takeoff",
	},
	[4] = {
		["event_id"] = 40,
		["initiatorMissionID"] = "1",
		["initiatorPilotName"] = "Lysergia",
		["initiator_coalition"] = 1,
		["initiator_object_id"] = 16779520,
		["initiator_unit_type"] = "Su-25T",
		["initiator_ws_type1"] = 1,
		["linked_event_id"] = 0,
		["t"] = 201.3,
		["target"] = "SA-11 Buk SR 9S18M1",
		["targetMissionID"] = "37",
		["targetPilotName"] = "SA-11 Buk SR 9S18M1",
		["target_coalition"] = 2,
		["target_object_id"] = 16778496,
		["target_unit_type"] = "SA-11 Buk SR 9S18M1",
		["target_ws_type1"] = 2,
		["type"] = "shot",
		["weapon"] = "Kh-58U",
		["weapon_type"] = 3016756,
	},
	[5] = {
		["event_id"] = 41,
		["initiatorMissionID"] = "1",
		["initiatorPilotName"] = "Lysergia",
		["initiator_coalition"] = 1,
		["initiator_object_id"] = 16779520,
		["initiator_unit_type"] = "Su-25T",
		["initiator_ws_type1"] = 1,
		["linked_event_id"] = 0,
		["t"] = 292.04,
		["target"] = "SA-11 Buk SR 9S18M1",
		["targetMissionID"] = "37",
		["targetPilotName"] = "SA-11 Buk SR 9S18M1",
		["target_coalition"] = 2,
		["target_object_id"] = 16778496,
		["target_unit_type"] = "SA-11 Buk SR 9S18M1",
		["target_ws_type1"] = 2,
		["type"] = "shot",
		["weapon"] = "Kh-58U",
		["weapon_type"] = 3016756,
	},
	[6] = {
		["event_id"] = 42,
		["initiatorMissionID"] = "1",
		["initiatorPilotName"] = "Lysergia",
		["initiator_coalition"] = 1,
		["initiator_object_id"] = 16779520,
		["initiator_unit_type"] = "Su-25T",
		["initiator_ws_type1"] = 1,
		["linked_event_id"] = 0,
		["t"] = 429.16,
		["target"] = "SA-11 Buk LN 9A310M1",
		["targetMissionID"] = "38",
		["targetPilotName"] = "SA-11 Buk LN 9A310M1",
		["target_coalition"] = 2,
		["target_object_id"] = 16778752,
		["target_unit_type"] = "SA-11 Buk LN 9A310M1",
		["target_ws_type1"] = 2,
		["type"] = "shot",
		["weapon"] = "Kh-25MP",
		["weapon_type"] = 3082292,
	},
	[7] = {
		["event_id"] = 43,
		["initiatorMissionID"] = "1",
		["initiatorPilotName"] = "Lysergia",
		["initiator_coalition"] = 1,
		["initiator_object_id"] = 16779520,
		["initiator_unit_type"] = "Su-25T",
		["initiator_ws_type1"] = 1,
		["linked_event_id"] = 0,
		["t"] = 436,
		["target"] = "SA-11 Buk LN 9A310M1",
		["targetMissionID"] = "40",
		["targetPilotName"] = "SA-11 Buk LN 9A310M1",
		["target_coalition"] = 2,
		["target_object_id"] = 16779264,
		["target_unit_type"] = "SA-11 Buk LN 9A310M1",
		["target_ws_type1"] = 2,
		["type"] = "shot",
		["weapon"] = "Kh-25MP",
		["weapon_type"] = 3082292,
	},
	[8] = {
		["event_id"] = 44,
		["initiatorMissionID"] = "1",
		["initiatorPilotName"] = "Lysergia",
		["initiator_coalition"] = 1,
		["initiator_object_id"] = 16779520,
		["initiator_unit_type"] = "Su-25T",
		["initiator_ws_type1"] = 1,
		["linked_event_id"] = 42,
		["t"] = 507.94,
		["target"] = "SA-11 Buk LN 9A310M1",
		["targetMissionID"] = "38",
		["targetPilotName"] = "SA-11 Buk LN 9A310M1",
		["target_coalition"] = 2,
		["target_object_id"] = 16778752,
		["target_unit_type"] = "SA-11 Buk LN 9A310M1",
		["target_ws_type1"] = 2,
		["type"] = "hit",
		["weapon"] = "Kh-25MP",
		["weapon_type"] = 3082292,
	},
	[9] = {
		["event_id"] = 46,
		["initiatorMissionID"] = "1",
		["initiatorPilotName"] = "Lysergia",
		["initiator_coalition"] = 1,
		["initiator_object_id"] = 16779520,
		["initiator_unit_type"] = "Su-25T",
		["initiator_ws_type1"] = 1,
		["linked_event_id"] = 44,
		["t"] = 507.94,
		["target"] = "SA-11 Buk LN 9A310M1",
		["targetMissionID"] = "38",
		["targetPilotName"] = "SA-11 Buk LN 9A310M1",
		["target_coalition"] = 2,
		["target_object_id"] = 16778752,
		["target_unit_type"] = "SA-11 Buk LN 9A310M1",
		["target_ws_type1"] = 2,
		["type"] = "kill",
		["weapon"] = "Kh-25MP",
		["weapon_type"] = 3082292,
	},
	[10] = {
		["amount"] = 70,
		["comment"] = "ground",
		["event_id"] = 47,
		["initiatorMissionID"] = "1",
		["initiatorPilotName"] = "Lysergia",
		["initiator_coalition"] = 1,
		["initiator_object_id"] = 16779520,
		["initiator_unit_type"] = "Su-25T",
		["initiator_ws_type1"] = 1,
		["linked_event_id"] = 46,
		["t"] = 507.94,
		["type"] = "score",
	},
	[11] = {
		["event_id"] = 49,
		["initiatorMissionID"] = "1",
		["initiatorPilotName"] = "Lysergia",
		["initiator_coalition"] = 1,
		["initiator_object_id"] = 16779520,
		["initiator_unit_type"] = "Su-25T",
		["initiator_ws_type1"] = 1,
		["linked_event_id"] = 0,
		["t"] = 507.94,
		["target"] = "SA-11 Buk LN 9A310M1",
		["targetMissionID"] = "38",
		["targetPilotName"] = "SA-11 Buk LN 9A310M1",
		["target_coalition"] = 2,
		["target_object_id"] = 16778752,
		["target_unit_type"] = "SA-11 Buk LN 9A310M1",
		["target_ws_type1"] = 2,
		["type"] = "bda",
		["weapon"] = "Kh-25MP",
		["weapon_type"] = 3082292,
	},
	[12] = {
		["event_id"] = 52,
		["initiatorMissionID"] = "1",
		["initiatorPilotName"] = "Lysergia",
		["initiator_coalition"] = 1,
		["initiator_object_id"] = 16779520,
		["initiator_unit_type"] = "Su-25T",
		["initiator_ws_type1"] = 1,
		["linked_event_id"] = 0,
		["t"] = 509.3,
		["target"] = "SA-11 Buk SR 9S18M1",
		["targetMissionID"] = "37",
		["targetPilotName"] = "SA-11 Buk SR 9S18M1",
		["target_coalition"] = 2,
		["target_object_id"] = 16778496,
		["target_unit_type"] = "SA-11 Buk SR 9S18M1",
		["target_ws_type1"] = 2,
		["type"] = "shot",
		["weapon"] = "Kh-25MP",
		["weapon_type"] = 3082292,
	},
	[13] = {
		["event_id"] = 53,
		["initiatorMissionID"] = "1",
		["initiatorPilotName"] = "Lysergia",
		["initiator_coalition"] = 1,
		["initiator_object_id"] = 16779520,
		["initiator_unit_type"] = "Su-25T",
		["initiator_ws_type1"] = 1,
		["linked_event_id"] = 0,
		["t"] = 521.56,
		["target"] = "SA-11 Buk LN 9A310M1",
		["targetMissionID"] = "40",
		["targetPilotName"] = "SA-11 Buk LN 9A310M1",
		["target_coalition"] = 2,
		["target_object_id"] = 16779264,
		["target_unit_type"] = "SA-11 Buk LN 9A310M1",
		["target_ws_type1"] = 2,
		["type"] = "shot",
		["weapon"] = "Kh-25MP",
		["weapon_type"] = 3082292,
	},
	[14] = {
		["event_id"] = 54,
		["initiatorMissionID"] = "40",
		["initiatorPilotName"] = "SA-11 Buk LN 9A310M1",
		["initiator_coalition"] = 2,
		["initiator_object_id"] = 16779264,
		["initiator_unit_type"] = "SA-11 Buk LN 9A310M1",
		["initiator_ws_type1"] = 2,
		["linked_event_id"] = 0,
		["t"] = 538.92,
		["target"] = "Su-25T",
		["targetMissionID"] = "1",
		["targetPilotName"] = "Lysergia",
		["target_coalition"] = 1,
		["target_object_id"] = 16779520,
		["target_unit_type"] = "Su-25T",
		["target_ws_type1"] = 1,
		["type"] = "shot",
		["weapon"] = "9M38M1 Buk-M1 (SA-11 Gadfly)",
		["weapon_type"] = 5710436,
	},
	[15] = {
		["event_id"] = 55,
		["initiatorMissionID"] = "1",
		["initiatorPilotName"] = "Lysergia",
		["initiator_coalition"] = 1,
		["initiator_object_id"] = 16779520,
		["initiator_unit_type"] = "Su-25T",
		["initiator_ws_type1"] = 1,
		["linked_event_id"] = 53,
		["t"] = 552.72,
		["target"] = "SA-11 Buk LN 9A310M1",
		["targetMissionID"] = "40",
		["targetPilotName"] = "SA-11 Buk LN 9A310M1",
		["target_coalition"] = 2,
		["target_object_id"] = 16779264,
		["target_unit_type"] = "SA-11 Buk LN 9A310M1",
		["target_ws_type1"] = 2,
		["type"] = "hit",
		["weapon"] = "Kh-25MP",
		["weapon_type"] = 3082292,
	},
	[16] = {
		["event_id"] = 57,
		["initiatorMissionID"] = "1",
		["initiatorPilotName"] = "Lysergia",
		["initiator_coalition"] = 1,
		["initiator_object_id"] = 16779520,
		["initiator_unit_type"] = "Su-25T",
		["initiator_ws_type1"] = 1,
		["linked_event_id"] = 55,
		["t"] = 552.72,
		["target"] = "SA-11 Buk LN 9A310M1",
		["targetMissionID"] = "40",
		["targetPilotName"] = "SA-11 Buk LN 9A310M1",
		["target_coalition"] = 2,
		["target_object_id"] = 16779264,
		["target_unit_type"] = "SA-11 Buk LN 9A310M1",
		["target_ws_type1"] = 2,
		["type"] = "kill",
		["weapon"] = "Kh-25MP",
		["weapon_type"] = 3082292,
	},
	[17] = {
		["amount"] = 70,
		["comment"] = "ground",
		["event_id"] = 58,
		["initiatorMissionID"] = "1",
		["initiatorPilotName"] = "Lysergia",
		["initiator_coalition"] = 1,
		["initiator_object_id"] = 16779520,
		["initiator_unit_type"] = "Su-25T",
		["initiator_ws_type1"] = 1,
		["linked_event_id"] = 57,
		["t"] = 552.72,
		["type"] = "score",
	},
	[18] = {
		["event_id"] = 60,
		["initiatorMissionID"] = "1",
		["initiatorPilotName"] = "Lysergia",
		["initiator_coalition"] = 1,
		["initiator_object_id"] = 16779520,
		["initiator_unit_type"] = "Su-25T",
		["initiator_ws_type1"] = 1,
		["linked_event_id"] = 0,
		["t"] = 552.72,
		["target"] = "SA-11 Buk LN 9A310M1",
		["targetMissionID"] = "40",
		["targetPilotName"] = "SA-11 Buk LN 9A310M1",
		["target_coalition"] = 2,
		["target_object_id"] = 16779264,
		["target_unit_type"] = "SA-11 Buk LN 9A310M1",
		["target_ws_type1"] = 2,
		["type"] = "bda",
		["weapon"] = "Kh-25MP",
		["weapon_type"] = 3082292,
	},
	[19] = {
		["event_id"] = 63,
		["initiatorMissionID"] = "1",
		["initiatorPilotName"] = "Lysergia",
		["initiator_coalition"] = 1,
		["initiator_object_id"] = 16779520,
		["initiator_unit_type"] = "Su-25T",
		["initiator_ws_type1"] = 1,
		["linked_event_id"] = 52,
		["t"] = 553.92,
		["target"] = "SA-11 Buk SR 9S18M1",
		["targetMissionID"] = "37",
		["targetPilotName"] = "SA-11 Buk SR 9S18M1",
		["target_coalition"] = 2,
		["target_object_id"] = 16778496,
		["target_unit_type"] = "SA-11 Buk SR 9S18M1",
		["target_ws_type1"] = 2,
		["type"] = "hit",
		["weapon"] = "Kh-25MP",
		["weapon_type"] = 3082292,
	},
	[20] = {
		["event_id"] = 65,
		["initiatorMissionID"] = "1",
		["initiatorPilotName"] = "Lysergia",
		["initiator_coalition"] = 1,
		["initiator_object_id"] = 16779520,
		["initiator_unit_type"] = "Su-25T",
		["initiator_ws_type1"] = 1,
		["linked_event_id"] = 63,
		["t"] = 553.92,
		["target"] = "SA-11 Buk SR 9S18M1",
		["targetMissionID"] = "37",
		["targetPilotName"] = "SA-11 Buk SR 9S18M1",
		["target_coalition"] = 2,
		["target_object_id"] = 16778496,
		["target_unit_type"] = "SA-11 Buk SR 9S18M1",
		["target_ws_type1"] = 2,
		["type"] = "kill",
		["weapon"] = "Kh-25MP",
		["weapon_type"] = 3082292,
	},
	[21] = {
		["amount"] = 20,
		["comment"] = "ground",
		["event_id"] = 66,
		["initiatorMissionID"] = "1",
		["initiatorPilotName"] = "Lysergia",
		["initiator_coalition"] = 1,
		["initiator_object_id"] = 16779520,
		["initiator_unit_type"] = "Su-25T",
		["initiator_ws_type1"] = 1,
		["linked_event_id"] = 65,
		["t"] = 553.92,
		["type"] = "score",
	},
	[22] = {
		["event_id"] = 68,
		["initiatorMissionID"] = "1",
		["initiatorPilotName"] = "Lysergia",
		["initiator_coalition"] = 1,
		["initiator_object_id"] = 16779520,
		["initiator_unit_type"] = "Su-25T",
		["initiator_ws_type1"] = 1,
		["linked_event_id"] = 0,
		["t"] = 553.92,
		["target"] = "SA-11 Buk SR 9S18M1",
		["targetMissionID"] = "37",
		["targetPilotName"] = "SA-11 Buk SR 9S18M1",
		["target_coalition"] = 2,
		["target_object_id"] = 16778496,
		["target_unit_type"] = "SA-11 Buk SR 9S18M1",
		["target_ws_type1"] = 2,
		["type"] = "bda",
		["weapon"] = "Kh-25MP",
		["weapon_type"] = 3082292,
	},
	[23] = {
		["event_id"] = 71,
		["initiatorMissionID"] = "1",
		["initiatorPilotName"] = "Lysergia",
		["initiator_coalition"] = 1,
		["initiator_object_id"] = 16779520,
		["initiator_unit_type"] = "Su-25T",
		["initiator_ws_type1"] = 1,
		["linked_event_id"] = 0,
		["t"] = 709.74,
		["type"] = "start shooting",
		["weapon"] = "GSh-30-2",
	},
	[24] = {
		["ammo_consumption"] = 12,
		["event_id"] = 72,
		["initiatorMissionID"] = "1",
		["initiatorPilotName"] = "Lysergia",
		["initiator_coalition"] = 1,
		["initiator_object_id"] = 16779520,
		["initiator_unit_type"] = "Su-25T",
		["initiator_ws_type1"] = 1,
		["linked_event_id"] = 0,
		["t"] = 710.04,
		["type"] = "end shooting",
		["uin64_t_value"] = 12,
		["weapon"] = "GSh-30-2",
		["weapon_type"] = 2566,
	},
	[25] = {
		["event_id"] = 73,
		["initiatorMissionID"] = "1",
		["initiatorPilotName"] = "Lysergia",
		["initiator_coalition"] = 1,
		["initiator_object_id"] = 16779520,
		["initiator_unit_type"] = "Su-25T",
		["initiator_ws_type1"] = 1,
		["linked_event_id"] = 0,
		["t"] = 710.28,
		["type"] = "start shooting",
		["weapon"] = "GSh-30-2",
	},
	[26] = {
		["ammo_consumption"] = 18,
		["event_id"] = 74,
		["initiatorMissionID"] = "1",
		["initiatorPilotName"] = "Lysergia",
		["initiator_coalition"] = 1,
		["initiator_object_id"] = 16779520,
		["initiator_unit_type"] = "Su-25T",
		["initiator_ws_type1"] = 1,
		["linked_event_id"] = 0,
		["t"] = 710.73,
		["type"] = "end shooting",
		["uin64_t_value"] = 18,
		["weapon"] = "GSh-30-2",
		["weapon_type"] = 2566,
	},
	[27] = {
		["event_id"] = 75,
		["initiatorMissionID"] = "1",
		["initiatorPilotName"] = "Lysergia",
		["initiator_coalition"] = 1,
		["initiator_object_id"] = 16779520,
		["initiator_unit_type"] = "Su-25T",
		["initiator_ws_type1"] = 1,
		["linked_event_id"] = 0,
		["t"] = 711.14,
		["type"] = "start shooting",
		["weapon"] = "GSh-30-2",
	},
	[28] = {
		["ammo_consumption"] = 20,
		["event_id"] = 76,
		["initiatorMissionID"] = "1",
		["initiatorPilotName"] = "Lysergia",
		["initiator_coalition"] = 1,
		["initiator_object_id"] = 16779520,
		["initiator_unit_type"] = "Su-25T",
		["initiator_ws_type1"] = 1,
		["linked_event_id"] = 0,
		["t"] = 711.64,
		["type"] = "end shooting",
		["uin64_t_value"] = 20,
		["weapon"] = "GSh-30-2",
		["weapon_type"] = 2566,
	},
	[29] = {
		["event_id"] = 77,
		["initiatorMissionID"] = "1",
		["initiatorPilotName"] = "Lysergia",
		["initiator_coalition"] = 1,
		["initiator_object_id"] = 16779520,
		["initiator_unit_type"] = "Su-25T",
		["initiator_ws_type1"] = 1,
		["linked_event_id"] = 0,
		["t"] = 711.8,
		["type"] = "start shooting",
		["weapon"] = "GSh-30-2",
	},
	[30] = {
		["ammo_consumption"] = 21,
		["event_id"] = 78,
		["initiatorMissionID"] = "1",
		["initiatorPilotName"] = "Lysergia",
		["initiator_coalition"] = 1,
		["initiator_object_id"] = 16779520,
		["initiator_unit_type"] = "Su-25T",
		["initiator_ws_type1"] = 1,
		["linked_event_id"] = 0,
		["t"] = 712.325,
		["type"] = "end shooting",
		["uin64_t_value"] = 21,
		["weapon"] = "GSh-30-2",
		["weapon_type"] = 2566,
	},
	[31] = {
		["event_id"] = 79,
		["initiatorMissionID"] = "1",
		["initiatorPilotName"] = "Lysergia",
		["initiator_coalition"] = 1,
		["initiator_object_id"] = 16779520,
		["initiator_unit_type"] = "Su-25T",
		["initiator_ws_type1"] = 1,
		["linked_event_id"] = 0,
		["t"] = 712.48,
		["type"] = "start shooting",
		["weapon"] = "GSh-30-2",
	},
	[32] = {
		["ammo_consumption"] = 15,
		["event_id"] = 80,
		["initiatorMissionID"] = "1",
		["initiatorPilotName"] = "Lysergia",
		["initiator_coalition"] = 1,
		["initiator_object_id"] = 16779520,
		["initiator_unit_type"] = "Su-25T",
		["initiator_ws_type1"] = 1,
		["linked_event_id"] = 0,
		["t"] = 712.855,
		["type"] = "end shooting",
		["uin64_t_value"] = 15,
		["weapon"] = "GSh-30-2",
		["weapon_type"] = 2566,
	},
	[33] = {
		["event_id"] = 81,
		["initiatorMissionID"] = "1",
		["initiatorPilotName"] = "Lysergia",
		["initiator_coalition"] = 1,
		["initiator_object_id"] = 16779520,
		["initiator_unit_type"] = "Su-25T",
		["initiator_ws_type1"] = 1,
		["linked_event_id"] = 0,
		["t"] = 713.18,
		["type"] = "start shooting",
		["weapon"] = "GSh-30-2",
	},
	[34] = {
		["ammo_consumption"] = 17,
		["event_id"] = 82,
		["initiatorMissionID"] = "1",
		["initiatorPilotName"] = "Lysergia",
		["initiator_coalition"] = 1,
		["initiator_object_id"] = 16779520,
		["initiator_unit_type"] = "Su-25T",
		["initiator_ws_type1"] = 1,
		["linked_event_id"] = 0,
		["t"] = 713.605,
		["type"] = "end shooting",
		["uin64_t_value"] = 17,
		["weapon"] = "GSh-30-2",
		["weapon_type"] = 2566,
	},
	[35] = {
		["event_id"] = 83,
		["initiatorMissionID"] = "1",
		["initiatorPilotName"] = "Lysergia",
		["initiator_coalition"] = 1,
		["initiator_object_id"] = 16779520,
		["initiator_unit_type"] = "Su-25T",
		["initiator_ws_type1"] = 1,
		["linked_event_id"] = 0,
		["t"] = 715.96,
		["type"] = "start shooting",
		["weapon"] = "GSh-30-2",
	},
	[36] = {
		["ammo_consumption"] = 25,
		["event_id"] = 84,
		["initiatorMissionID"] = "1",
		["initiatorPilotName"] = "Lysergia",
		["initiator_coalition"] = 1,
		["initiator_object_id"] = 16779520,
		["initiator_unit_type"] = "Su-25T",
		["initiator_ws_type1"] = 1,
		["linked_event_id"] = 0,
		["t"] = 716.585,
		["type"] = "end shooting",
		["uin64_t_value"] = 25,
		["weapon"] = "GSh-30-2",
		["weapon_type"] = 2566,
	},
	[37] = {
		["event_id"] = 85,
		["initiatorMissionID"] = "1",
		["initiatorPilotName"] = "Lysergia",
		["initiator_coalition"] = 1,
		["initiator_object_id"] = 16779520,
		["initiator_unit_type"] = "Su-25T",
		["initiator_ws_type1"] = 1,
		["linked_event_id"] = 0,
		["t"] = 717.22,
		["type"] = "start shooting",
		["weapon"] = "GSh-30-2",
	},
	[38] = {
		["ammo_consumption"] = 18,
		["event_id"] = 86,
		["initiatorMissionID"] = "1",
		["initiatorPilotName"] = "Lysergia",
		["initiator_coalition"] = 1,
		["initiator_object_id"] = 16779520,
		["initiator_unit_type"] = "Su-25T",
		["initiator_ws_type1"] = 1,
		["linked_event_id"] = 0,
		["t"] = 717.67,
		["type"] = "end shooting",
		["uin64_t_value"] = 18,
		["weapon"] = "GSh-30-2",
		["weapon_type"] = 2566,
	},
	[39] = {
		["event_id"] = 87,
		["initiatorMissionID"] = "1",
		["initiatorPilotName"] = "Lysergia",
		["initiator_coalition"] = 1,
		["initiator_object_id"] = 16779520,
		["initiator_unit_type"] = "Su-25T",
		["initiator_ws_type1"] = 1,
		["linked_event_id"] = 0,
		["t"] = 717.713,
		["target"] = "SA-11 Buk LN 9A310M1",
		["targetMissionID"] = "39",
		["targetPilotName"] = "SA-11 Buk LN 9A310M1",
		["target_coalition"] = 2,
		["target_object_id"] = 16779008,
		["target_unit_type"] = "SA-11 Buk LN 9A310M1",
		["target_ws_type1"] = 2,
		["type"] = "hit",
		["weapon"] = "30mm AP",
		["weapon_type"] = 9243142,
	},
	[40] = {
		["event_id"] = 88,
		["initiatorMissionID"] = "1",
		["initiatorPilotName"] = "Lysergia",
		["initiator_coalition"] = 1,
		["initiator_object_id"] = 16779520,
		["initiator_unit_type"] = "Su-25T",
		["initiator_ws_type1"] = 1,
		["linked_event_id"] = 0,
		["t"] = 717.74,
		["target"] = "SA-11 Buk LN 9A310M1",
		["targetMissionID"] = "39",
		["targetPilotName"] = "SA-11 Buk LN 9A310M1",
		["target_coalition"] = 2,
		["target_object_id"] = 16779008,
		["target_unit_type"] = "SA-11 Buk LN 9A310M1",
		["target_ws_type1"] = 2,
		["type"] = "hit",
		["weapon"] = "30mm AP",
		["weapon_type"] = 9243142,
	},
	[41] = {
		["event_id"] = 89,
		["initiatorMissionID"] = "1",
		["initiatorPilotName"] = "Lysergia",
		["initiator_coalition"] = 1,
		["initiator_object_id"] = 16779520,
		["initiator_unit_type"] = "Su-25T",
		["initiator_ws_type1"] = 1,
		["linked_event_id"] = 0,
		["t"] = 859.12,
		["type"] = "start shooting",
		["weapon"] = "GSh-30-2",
	},
	[42] = {
		["ammo_consumption"] = 18,
		["event_id"] = 90,
		["initiatorMissionID"] = "1",
		["initiatorPilotName"] = "Lysergia",
		["initiator_coalition"] = 1,
		["initiator_object_id"] = 16779520,
		["initiator_unit_type"] = "Su-25T",
		["initiator_ws_type1"] = 1,
		["linked_event_id"] = 0,
		["t"] = 859.57,
		["type"] = "end shooting",
		["uin64_t_value"] = 18,
		["weapon"] = "GSh-30-2",
		["weapon_type"] = 2566,
	},
	[43] = {
		["event_id"] = 91,
		["initiatorMissionID"] = "1",
		["initiatorPilotName"] = "Lysergia",
		["initiator_coalition"] = 1,
		["initiator_object_id"] = 16779520,
		["initiator_unit_type"] = "Su-25T",
		["initiator_ws_type1"] = 1,
		["linked_event_id"] = 0,
		["t"] = 859.82,
		["type"] = "start shooting",
		["weapon"] = "GSh-30-2",
	},
	[44] = {
		["ammo_consumption"] = 19,
		["event_id"] = 92,
		["initiatorMissionID"] = "1",
		["initiatorPilotName"] = "Lysergia",
		["initiator_coalition"] = 1,
		["initiator_object_id"] = 16779520,
		["initiator_unit_type"] = "Su-25T",
		["initiator_ws_type1"] = 1,
		["linked_event_id"] = 0,
		["t"] = 860.295,
		["type"] = "end shooting",
		["uin64_t_value"] = 19,
		["weapon"] = "GSh-30-2",
		["weapon_type"] = 2566,
	},
	[45] = {
		["event_id"] = 93,
		["initiatorMissionID"] = "1",
		["initiatorPilotName"] = "Lysergia",
		["initiator_coalition"] = 1,
		["initiator_object_id"] = 16779520,
		["initiator_unit_type"] = "Su-25T",
		["initiator_ws_type1"] = 1,
		["linked_event_id"] = 0,
		["t"] = 860.48,
		["type"] = "start shooting",
		["weapon"] = "GSh-30-2",
	},
	[46] = {
		["ammo_consumption"] = 20,
		["event_id"] = 94,
		["initiatorMissionID"] = "1",
		["initiatorPilotName"] = "Lysergia",
		["initiator_coalition"] = 1,
		["initiator_object_id"] = 16779520,
		["initiator_unit_type"] = "Su-25T",
		["initiator_ws_type1"] = 1,
		["linked_event_id"] = 0,
		["t"] = 860.98,
		["type"] = "end shooting",
		["uin64_t_value"] = 20,
		["weapon"] = "GSh-30-2",
		["weapon_type"] = 2566,
	},
	[47] = {
		["event_id"] = 95,
		["initiatorMissionID"] = "1",
		["initiatorPilotName"] = "Lysergia",
		["initiator_coalition"] = 1,
		["initiator_object_id"] = 16779520,
		["initiator_unit_type"] = "Su-25T",
		["initiator_ws_type1"] = 1,
		["linked_event_id"] = 0,
		["t"] = 861.62,
		["type"] = "start shooting",
		["weapon"] = "GSh-30-2",
	},
	[48] = {
		["event_id"] = 96,
		["initiatorMissionID"] = "1",
		["initiatorPilotName"] = "Lysergia",
		["initiator_coalition"] = 1,
		["initiator_object_id"] = 16779520,
		["initiator_unit_type"] = "Su-25T",
		["initiator_ws_type1"] = 1,
		["linked_event_id"] = 0,
		["t"] = 861.754,
		["target"] = "SA-11 Buk LN 9A310M1",
		["targetMissionID"] = "39",
		["targetPilotName"] = "SA-11 Buk LN 9A310M1",
		["target_coalition"] = 2,
		["target_object_id"] = 16779008,
		["target_unit_type"] = "SA-11 Buk LN 9A310M1",
		["target_ws_type1"] = 2,
		["type"] = "hit",
		["weapon"] = "30mm AP",
		["weapon_type"] = 9243142,
	},
	[49] = {
		["event_id"] = 97,
		["initiatorMissionID"] = "1",
		["initiatorPilotName"] = "Lysergia",
		["initiator_coalition"] = 1,
		["initiator_object_id"] = 16779520,
		["initiator_unit_type"] = "Su-25T",
		["initiator_ws_type1"] = 1,
		["linked_event_id"] = 0,
		["t"] = 861.754,
		["target"] = "SA-11 Buk LN 9A310M1",
		["targetMissionID"] = "39",
		["targetPilotName"] = "SA-11 Buk LN 9A310M1",
		["target_coalition"] = 2,
		["target_object_id"] = 16779008,
		["target_unit_type"] = "SA-11 Buk LN 9A310M1",
		["target_ws_type1"] = 2,
		["type"] = "bda",
		["weapon"] = "30mm AP",
		["weapon_type"] = 9243142,
	},
	[50] = {
		["ammo_consumption"] = 14,
		["event_id"] = 98,
		["initiatorMissionID"] = "1",
		["initiatorPilotName"] = "Lysergia",
		["initiator_coalition"] = 1,
		["initiator_object_id"] = 16779520,
		["initiator_unit_type"] = "Su-25T",
		["initiator_ws_type1"] = 1,
		["linked_event_id"] = 0,
		["t"] = 861.97,
		["type"] = "end shooting",
		["uin64_t_value"] = 14,
		["weapon"] = "GSh-30-2",
		["weapon_type"] = 2566,
	},
	[51] = {
		["event_id"] = 99,
		["initiatorMissionID"] = "1",
		["initiatorPilotName"] = "Lysergia",
		["initiator_coalition"] = 1,
		["initiator_object_id"] = 16779520,
		["initiator_unit_type"] = "Su-25T",
		["initiator_ws_type1"] = 1,
		["linked_event_id"] = 0,
		["t"] = 862.18,
		["type"] = "start shooting",
		["weapon"] = "GSh-30-2",
	},
	[52] = {
		["ammo_consumption"] = 16,
		["event_id"] = 100,
		["initiatorMissionID"] = "1",
		["initiatorPilotName"] = "Lysergia",
		["initiator_coalition"] = 1,
		["initiator_object_id"] = 16779520,
		["initiator_unit_type"] = "Su-25T",
		["initiator_ws_type1"] = 1,
		["linked_event_id"] = 0,
		["t"] = 862.58,
		["type"] = "end shooting",
		["uin64_t_value"] = 16,
		["weapon"] = "GSh-30-2",
		["weapon_type"] = 2566,
	},
	[53] = {
		["event_id"] = 102,
		["initiatorMissionID"] = "1",
		["initiatorPilotName"] = "Lysergia",
		["initiator_coalition"] = 1,
		["initiator_object_id"] = 16779520,
		["initiator_unit_type"] = "Su-25T",
		["initiator_ws_type1"] = 1,
		["linked_event_id"] = 96,
		["t"] = 882.742,
		["target"] = "SA-11 Buk LN 9A310M1",
		["targetMissionID"] = "39",
		["targetPilotName"] = "SA-11 Buk LN 9A310M1",
		["target_coalition"] = 2,
		["target_object_id"] = 16779008,
		["target_unit_type"] = "SA-11 Buk LN 9A310M1",
		["target_ws_type1"] = 2,
		["type"] = "kill",
		["weapon"] = "30mm AP",
		["weapon_type"] = 9243142,
	},
	[54] = {
		["amount"] = 70,
		["comment"] = "ground",
		["event_id"] = 103,
		["initiatorMissionID"] = "1",
		["initiatorPilotName"] = "Lysergia",
		["initiator_coalition"] = 1,
		["initiator_object_id"] = 16779520,
		["initiator_unit_type"] = "Su-25T",
		["initiator_ws_type1"] = 1,
		["linked_event_id"] = 102,
		["t"] = 882.742,
		["type"] = "score",
	},
	[55] = {
		["event_id"] = 106,
		["initiatorMissionID"] = "1",
		["initiatorPilotName"] = "Lysergia",
		["initiator_coalition"] = 1,
		["initiator_object_id"] = 16779520,
		["initiator_unit_type"] = "Su-25T",
		["initiator_ws_type1"] = 1,
		["linked_event_id"] = 0,
		["place"] = "Kutaisi",
		["placeDisplayName"] = "Kutaisi",
		["t"] = 1629.84,
		["type"] = "land",
	},
	[56] = {
		["event_id"] = 107,
		["initiatorMissionID"] = "1",
		["initiatorPilotName"] = "Lysergia",
		["initiator_coalition"] = 1,
		["initiator_object_id"] = 16779520,
		["initiator_unit_type"] = "Su-25T",
		["initiator_ws_type1"] = 1,
		["linked_event_id"] = 0,
		["place"] = "Kutaisi",
		["placeDisplayName"] = "Kutaisi",
		["t"] = 1860.76,
		["type"] = "engine shutdown",
	},
	[57] = {
		["comment"] = "winner: , msg: ",
		["event_id"] = 109,
		["linked_event_id"] = 0,
		["t"] = 1912.64,
		["type"] = "mission end",
	},
}
mission_file_mark = 1754032458
mission_file_path = ".\\Mods\\aircraft\\Su-25T\\Missions\\Single\\Su-25T - Anti-Radar Missiles Practice.miz"
mission_time = 1912.64
result = 100
triggers_state = {
	["100"] = {
		["time"] = 861.801,
		["value"] = 1,
	},
	["9999"] = {
		["time"] = 861.801,
		["value"] = 1,
	},
}
warehouses = {
	["airports"] = {
		[12] = {
			["unlimitedAircrafts"] = true,
			["unlimitedFuel"] = true,
			["unlimitedMunitions"] = true,
		},
		[13] = {
			["unlimitedAircrafts"] = true,
			["unlimitedFuel"] = true,
			["unlimitedMunitions"] = true,
		},
		[14] = {
			["unlimitedAircrafts"] = true,
			["unlimitedFuel"] = true,
			["unlimitedMunitions"] = true,
		},
		[15] = {
			["unlimitedAircrafts"] = true,
			["unlimitedFuel"] = true,
			["unlimitedMunitions"] = true,
		},
		[16] = {
			["unlimitedAircrafts"] = true,
			["unlimitedFuel"] = true,
			["unlimitedMunitions"] = true,
		},
		[17] = {
			["unlimitedAircrafts"] = true,
			["unlimitedFuel"] = true,
			["unlimitedMunitions"] = true,
		},
		[18] = {
			["unlimitedAircrafts"] = true,
			["unlimitedFuel"] = true,
			["unlimitedMunitions"] = true,
		},
		[19] = {
			["unlimitedAircrafts"] = true,
			["unlimitedFuel"] = true,
			["unlimitedMunitions"] = true,
		},
		[20] = {
			["unlimitedAircrafts"] = true,
			["unlimitedFuel"] = true,
			["unlimitedMunitions"] = true,
		},
		[21] = {
			["unlimitedAircrafts"] = true,
			["unlimitedFuel"] = true,
			["unlimitedMunitions"] = true,
		},
		[22] = {
			["unlimitedAircrafts"] = true,
			["unlimitedFuel"] = true,
			["unlimitedMunitions"] = true,
		},
		[23] = {
			["unlimitedAircrafts"] = true,
			["unlimitedFuel"] = true,
			["unlimitedMunitions"] = true,
		},
		[24] = {
			["unlimitedAircrafts"] = true,
			["unlimitedFuel"] = true,
			["unlimitedMunitions"] = true,
		},
		[25] = {
			["unlimitedAircrafts"] = true,
			["unlimitedFuel"] = true,
			["unlimitedMunitions"] = true,
		},
		[26] = {
			["unlimitedAircrafts"] = true,
			["unlimitedFuel"] = true,
			["unlimitedMunitions"] = true,
		},
		[27] = {
			["unlimitedAircrafts"] = true,
			["unlimitedFuel"] = true,
			["unlimitedMunitions"] = true,
		},
		[28] = {
			["unlimitedAircrafts"] = true,
			["unlimitedFuel"] = true,
			["unlimitedMunitions"] = true,
		},
		[29] = {
			["unlimitedAircrafts"] = true,
			["unlimitedFuel"] = true,
			["unlimitedMunitions"] = true,
		},
		[30] = {
			["unlimitedAircrafts"] = true,
			["unlimitedFuel"] = true,
			["unlimitedMunitions"] = true,
		},
		[31] = {
			["unlimitedAircrafts"] = true,
			["unlimitedFuel"] = true,
			["unlimitedMunitions"] = true,
		},
		[32] = {
			["unlimitedAircrafts"] = true,
			["unlimitedFuel"] = true,
			["unlimitedMunitions"] = true,
		},
	},
	["warehouses"] = {
	},
}
world_state = {
	[1] = {
		["alt"] = 47.046001434326,
		["coalition"] = "red",
		["country"] = 0,
		["heading"] = 2.8623397986041,
		["type"] = "Su-25T",
		["unitId"] = 2,
		["x"] = -284364.53125,
		["y"] = 683447,
	},
	[2] = {
		["alt"] = 47.054672241211,
		["coalition"] = "red",
		["country"] = 0,
		["heading"] = 6.0039324502098,
		["type"] = "Su-25",
		["unitId"] = 3,
		["x"] = -285580.5625,
		["y"] = 683068,
	},
	[3] = {
		["alt"] = 47.054672241211,
		["coalition"] = "red",
		["country"] = 0,
		["heading"] = 2.4434607664691,
		["type"] = "Su-25",
		["unitId"] = 5,
		["x"] = -283996.9375,
		["y"] = 684974.6875,
	},
	[4] = {
		["alt"] = 47.046001434326,
		["coalition"] = "red",
		["country"] = 0,
		["heading"] = 2.8623397986041,
		["type"] = "Su-25T",
		["unitId"] = 6,
		["x"] = -284331.03125,
		["y"] = 683564.625,
	},
	[5] = {
		["alt"] = 47.054672241211,
		["coalition"] = "red",
		["country"] = 0,
		["heading"] = 5.5850534478771,
		["type"] = "Su-25",
		["unitId"] = 8,
		["x"] = -284206.84375,
		["y"] = 685057.5,
	},
	[6] = {
		["alt"] = 47.046001434326,
		["coalition"] = "red",
		["country"] = 0,
		["heading"] = 2.8706455866443,
		["type"] = "Su-25T",
		["unitId"] = 9,
		["x"] = -284310.5,
		["y"] = 683635.375,
	},
	[7] = {
		["alt"] = 47.046001434326,
		["coalition"] = "red",
		["country"] = 0,
		["heading"] = 2.8623397986041,
		["type"] = "Su-25T",
		["unitId"] = 10,
		["x"] = -284371.4375,
		["y"] = 683423.25,
	},
	[8] = {
		["alt"] = 47.046005249023,
		["coalition"] = "red",
		["country"] = 0,
		["heading"] = 1.3089965025531,
		["type"] = "Su-25T",
		["unitId"] = 11,
		["x"] = -285900,
		["y"] = 682754.0625,
	},
	[9] = {
		["alt"] = 47.046001434326,
		["coalition"] = "red",
		["country"] = 0,
		["heading"] = 6.0039324204074,
		["type"] = "Su-25T",
		["unitId"] = 12,
		["x"] = -285625.53125,
		["y"] = 682902.5,
	},
	[10] = {
		["alt"] = 47.046001434326,
		["coalition"] = "red",
		["country"] = 0,
		["heading"] = 6.0039324204074,
		["type"] = "Su-25T",
		["unitId"] = 13,
		["x"] = -285612.96875,
		["y"] = 682949.75,
	},
	[11] = {
		["alt"] = 48.953224182129,
		["coalition"] = "red",
		["country"] = 0,
		["heading"] = 2.4085541407215,
		["type"] = "IL-76MD",
		["unitId"] = 14,
		["x"] = -284492.125,
		["y"] = 682464.875,
	},
	[12] = {
		["alt"] = 46.981342315674,
		["coalition"] = "red",
		["country"] = 0,
		["heading"] = 6.0039324204074,
		["type"] = "Yak-40",
		["unitId"] = 15,
		["x"] = -285558.6875,
		["y"] = 683138.5625,
	},
	[13] = {
		["alt"] = 46.981346130371,
		["coalition"] = "red",
		["country"] = 0,
		["heading"] = 4.4505897204029,
		["type"] = "Yak-40",
		["unitId"] = 31,
		["x"] = -284900.59375,
		["y"] = 685184.9375,
	},
	[14] = {
		["alt"] = 45.011047363281,
		["coalition"] = "red",
		["country"] = 0,
		["heading"] = 3.9444442431079,
		["speed"] = 0,
		["type"] = "ATMZ-5",
		["unitId"] = 4,
		["x"] = -284475.21875,
		["y"] = 682497.625,
	},
	[15] = {
		["alt"] = 45.011047363281,
		["coalition"] = "red",
		["country"] = 0,
		["heading"] = 3.9444442431079,
		["speed"] = 0,
		["type"] = "Ural-375",
		["unitId"] = 7,
		["x"] = -284464.375,
		["y"] = 682487.3125,
	},
	[16] = {
		["alt"] = 45.011047363281,
		["coalition"] = "red",
		["country"] = 0,
		["heading"] = 3.9444442431079,
		["speed"] = 0,
		["type"] = "ZiL-131 APA-80",
		["unitId"] = 16,
		["x"] = -284509.84375,
		["y"] = 682528.1875,
	},
	[17] = {
		["alt"] = 45.011047363281,
		["coalition"] = "red",
		["country"] = 0,
		["heading"] = 3.9444442431079,
		["speed"] = 0,
		["type"] = "Ural-4320T",
		["unitId"] = 44,
		["x"] = -284519.0625,
		["y"] = 682538.125,
	},
	[18] = {
		["N_obj"] = 1,
		["alt"] = 46.928417205811,
		["coalition"] = "red",
		["country"] = 0,
		["goto"] = 3,
		["groupId"] = 1,
		["heading"] = 6.0334852675544,
		["payload"] = {
			["chaff"] = 100,
			["flare"] = 72,
			["fuel"] = 1389,
			["gun"] = 6,
			["pylons"] = {
				[1] = {
					["CLSID"] = "{44EE8698-89F9-48EE-AF36-5FD31896A82D}",
				},
				[2] = {
					["CLSID"] = "{CBC29BFE-3D24-4C64-B81D-941239D12249}",
				},
				[6] = {
					["CLSID"] = "{0519A264-0AB6-11d6-9193-00A0249B6F00}",
				},
				[10] = {
					["CLSID"] = "{CBC29BFE-3D24-4C64-B81D-941239D12249}",
				},
				[11] = {
					["CLSID"] = "{44EE8698-89F9-48EE-AF36-5FD31896A82C}",
				},
			},
		},
		["speed"] = 1.4933440070308e-05,
		["type"] = "Su-25T",
		["unitId"] = 1,
		["x"] = -284238.0625,
		["y"] = 684508,
	},
}
