mission_file_path	=	".\\Mods\\aircraft\\Su-25T\\Missions\\Single\\Su-25T - Command post strike.miz"
callsign	=	"Lysergia"
world_state = 
{
	[1] = 
	{
		coalition	=	"red",
		type	=	"Su-25T",
		heading	=	5.6723199526416,
		unitId	=	40,
		alt	=	432.04638671875,
		y	=	760271.8125,
		x	=	-125461.765625,
		country	=	0,
	}, -- end of [1]
	[2] = 
	{
		coalition	=	"red",
		type	=	"Su-25T",
		heading	=	5.6723199526416,
		unitId	=	41,
		alt	=	432.04635620117,
		y	=	760321.0625,
		x	=	-125427.828125,
		country	=	0,
	}, -- end of [2]
	[3] = 
	{
		coalition	=	"red",
		type	=	"Su-25T",
		heading	=	5.6723199526416,
		unitId	=	42,
		alt	=	432.04635620117,
		y	=	760370.3125,
		x	=	-125393.8984375,
		country	=	0,
	}, -- end of [3]
	[4] = 
	{
		coalition	=	"red",
		type	=	"An-26B",
		heading	=	5.6897735635387,
		unitId	=	44,
		alt	=	432.68890380859,
		y	=	760766.625,
		x	=	-125123.3828125,
		country	=	0,
	}, -- end of [4]
	[5] = 
	{
		coalition	=	"blue",
		type	=	".Command Center",
		heading	=	3.0543261210071,
		unitId	=	1,
		alt	=	115.95494842529,
		y	=	695299.875,
		x	=	-275225.03125,
		country	=	16,
	}, -- end of [5]
	[6] = 
	{
		coalition	=	"blue",
		type	=	".Ammunition depot",
		heading	=	4.7123889366733,
		unitId	=	2,
		alt	=	111.19746398926,
		y	=	694181.25,
		x	=	-275327.71875,
		country	=	16,
	}, -- end of [6]
	[7] = 
	{
		coalition	=	"blue",
		type	=	".Ammunition depot",
		heading	=	4.7123889366733,
		unitId	=	3,
		alt	=	111.78379058838,
		y	=	694298.0625,
		x	=	-275326.875,
		country	=	16,
	}, -- end of [7]
	[8] = 
	{
		coalition	=	"blue",
		type	=	".Ammunition depot",
		heading	=	4.7123889366733,
		unitId	=	4,
		alt	=	112.37938690186,
		y	=	694416.5625,
		x	=	-275325.15625,
		country	=	16,
	}, -- end of [8]
	[9] = 
	{
		coalition	=	"blue",
		type	=	"An-26B",
		heading	=	6.0737457017051,
		unitId	=	5,
		alt	=	112.68858337402,
		y	=	695043.4375,
		x	=	-275886.84375,
		country	=	16,
	}, -- end of [9]
	[10] = 
	{
		coalition	=	"blue",
		type	=	"An-26B",
		heading	=	6.0737457017051,
		unitId	=	6,
		alt	=	112.68859100342,
		y	=	694989.5,
		x	=	-275898.8125,
		country	=	16,
	}, -- end of [10]
	[11] = 
	{
		coalition	=	"blue",
		type	=	".Command Center",
		heading	=	3.0543261210071,
		unitId	=	48,
		alt	=	115.88205718994,
		y	=	695103.25,
		x	=	-275161.53125,
		country	=	16,
	}, -- end of [11]
	[12] = 
	{
		alt	=	3113.8034667969,
		type	=	"Su-34",
		groupId	=	14,
		heading	=	0.5333722273456,
		y	=	725206.6875,
		goto	=	3,
		coalition	=	"red",
		x	=	-207032.203125,
		speed	=	109.1188583374,
		payload = 
		{
			pylons = 
			{
				[1] = 
				{
					CLSID	=	"{44EE8698-89F9-48EE-AF36-5FD31896A82F}",
				}, -- end of [1]
				[2] = 
				{
					CLSID	=	"{FBC29BFE-3D24-4C64-B81D-941239D12249}",
				}, -- end of [2]
				[5] = 
				{
					CLSID	=	"{B4C01D60-A8A3-4237-BD72-CA7655BC0FE9}",
				}, -- end of [5]
				[6] = 
				{
					CLSID	=	"{E8069896-8435-4B90-95C0-01A03AE6E400}",
				}, -- end of [6]
				[7] = 
				{
					CLSID	=	"{E8069896-8435-4B90-95C0-01A03AE6E400}",
				}, -- end of [7]
				[8] = 
				{
					CLSID	=	"{B4C01D60-A8A3-4237-BD72-CA7655BC0FE9}",
				}, -- end of [8]
				[12] = 
				{
					CLSID	=	"{44EE8698-89F9-48EE-AF36-5FD31896A82A}",
				}, -- end of [12]
				[11] = 
				{
					CLSID	=	"{FBC29BFE-3D24-4C64-B81D-941239D12249}",
				}, -- end of [11]
			}, -- end of pylons
			fuel	=	7107,
			flare	=	64,
			chaff	=	0,
			gun	=	100,
		}, -- end of payload
		N_obj	=	1,
		inAir	=	true,
		unitId	=	29,
		country	=	0,
	}, -- end of [12]
	[13] = 
	{
		alt	=	3781.5805664063,
		type	=	"Su-34",
		groupId	=	14,
		heading	=	0.53727418581118,
		y	=	764158.25,
		goto	=	2,
		coalition	=	"red",
		x	=	-140802.765625,
		speed	=	197.68284606934,
		payload = 
		{
			pylons = 
			{
				[1] = 
				{
					CLSID	=	"{44EE8698-89F9-48EE-AF36-5FD31896A82F}",
				}, -- end of [1]
				[2] = 
				{
					CLSID	=	"{FBC29BFE-3D24-4C64-B81D-941239D12249}",
				}, -- end of [2]
				[5] = 
				{
					CLSID	=	"{B4C01D60-A8A3-4237-BD72-CA7655BC0FE9}",
				}, -- end of [5]
				[6] = 
				{
					CLSID	=	"{E8069896-8435-4B90-95C0-01A03AE6E400}",
				}, -- end of [6]
				[7] = 
				{
					CLSID	=	"{E8069896-8435-4B90-95C0-01A03AE6E400}",
				}, -- end of [7]
				[8] = 
				{
					CLSID	=	"{B4C01D60-A8A3-4237-BD72-CA7655BC0FE9}",
				}, -- end of [8]
				[12] = 
				{
					CLSID	=	"{44EE8698-89F9-48EE-AF36-5FD31896A82A}",
				}, -- end of [12]
				[11] = 
				{
					CLSID	=	"{FBC29BFE-3D24-4C64-B81D-941239D12249}",
				}, -- end of [11]
			}, -- end of pylons
			fuel	=	6729,
			flare	=	64,
			chaff	=	64,
			gun	=	100,
		}, -- end of payload
		N_obj	=	2,
		inAir	=	true,
		unitId	=	30,
		country	=	0,
	}, -- end of [13]
	[14] = 
	{
		alt	=	4928.0703125,
		type	=	"Su-34",
		groupId	=	14,
		heading	=	0.60307008424868,
		y	=	751420.125,
		goto	=	2,
		coalition	=	"red",
		x	=	-157267.25,
		speed	=	170.30400085449,
		payload = 
		{
			pylons = 
			{
				[1] = 
				{
					CLSID	=	"{44EE8698-89F9-48EE-AF36-5FD31896A82F}",
				}, -- end of [1]
				[2] = 
				{
					CLSID	=	"{FBC29BFE-3D24-4C64-B81D-941239D12249}",
				}, -- end of [2]
				[5] = 
				{
					CLSID	=	"{B4C01D60-A8A3-4237-BD72-CA7655BC0FE9}",
				}, -- end of [5]
				[6] = 
				{
					CLSID	=	"{E8069896-8435-4B90-95C0-01A03AE6E400}",
				}, -- end of [6]
				[7] = 
				{
					CLSID	=	"{E8069896-8435-4B90-95C0-01A03AE6E400}",
				}, -- end of [7]
				[8] = 
				{
					CLSID	=	"{B4C01D60-A8A3-4237-BD72-CA7655BC0FE9}",
				}, -- end of [8]
				[12] = 
				{
					CLSID	=	"{44EE8698-89F9-48EE-AF36-5FD31896A82A}",
				}, -- end of [12]
				[11] = 
				{
					CLSID	=	"{FBC29BFE-3D24-4C64-B81D-941239D12249}",
				}, -- end of [11]
			}, -- end of pylons
			fuel	=	6706,
			flare	=	64,
			chaff	=	64,
			gun	=	100,
		}, -- end of payload
		N_obj	=	3,
		inAir	=	true,
		unitId	=	78,
		country	=	0,
	}, -- end of [14]
	[15] = 
	{
		alt	=	431.97528076172,
		type	=	"Su-25T",
		groupId	=	16,
		heading	=	4.1432402769672,
		y	=	760395.1875,
		coalition	=	"red",
		x	=	-125385.140625,
		unitId	=	34,
		payload = 
		{
			pylons = 
			{
				[1] = 
				{
					CLSID	=	"{44EE8698-89F9-48EE-AF36-5FD31896A82D}",
				}, -- end of [1]
				[2] = 
				{
					CLSID	=	"{35B698AC-9FEF-4EC4-AD29-484A0085F62B}",
				}, -- end of [2]
				[3] = 
				{
					CLSID	=	"{35B698AC-9FEF-4EC4-AD29-484A0085F62B}",
				}, -- end of [3]
				[4] = 
				{
					CLSID	=	"{35B698AC-9FEF-4EC4-AD29-484A0085F62B}",
				}, -- end of [4]
				[5] = 
				{
					CLSID	=	"{0180F983-C14A-11d8-9897-000476191836}",
				}, -- end of [5]
				[6] = 
				{
					CLSID	=	"{0519A264-0AB6-11d6-9193-00A0249B6F00}",
				}, -- end of [6]
				[7] = 
				{
					CLSID	=	"{0180F983-C14A-11d8-9897-000476191836}",
				}, -- end of [7]
				[8] = 
				{
					CLSID	=	"{35B698AC-9FEF-4EC4-AD29-484A0085F62B}",
				}, -- end of [8]
				[9] = 
				{
					CLSID	=	"{35B698AC-9FEF-4EC4-AD29-484A0085F62B}",
				}, -- end of [9]
				[10] = 
				{
					CLSID	=	"{35B698AC-9FEF-4EC4-AD29-484A0085F62B}",
				}, -- end of [10]
				[11] = 
				{
					CLSID	=	"{44EE8698-89F9-48EE-AF36-5FD31896A82C}",
				}, -- end of [11]
			}, -- end of pylons
			fuel	=	2981,
			flare	=	128,
			chaff	=	128,
			gun	=	100,
		}, -- end of payload
		speed	=	0,
		goto	=	1,
		N_obj	=	1,
		country	=	0,
	}, -- end of [15]
	[16] = 
	{
		alt	=	431.97528076172,
		type	=	"Su-25T",
		groupId	=	16,
		heading	=	4.1099713484394,
		y	=	760441.1875,
		coalition	=	"red",
		x	=	-125353.0703125,
		unitId	=	35,
		payload = 
		{
			pylons = 
			{
				[1] = 
				{
					CLSID	=	"{44EE8698-89F9-48EE-AF36-5FD31896A82D}",
				}, -- end of [1]
				[2] = 
				{
					CLSID	=	"{35B698AC-9FEF-4EC4-AD29-484A0085F62B}",
				}, -- end of [2]
				[3] = 
				{
					CLSID	=	"{35B698AC-9FEF-4EC4-AD29-484A0085F62B}",
				}, -- end of [3]
				[4] = 
				{
					CLSID	=	"{35B698AC-9FEF-4EC4-AD29-484A0085F62B}",
				}, -- end of [4]
				[5] = 
				{
					CLSID	=	"{0180F983-C14A-11d8-9897-000476191836}",
				}, -- end of [5]
				[6] = 
				{
					CLSID	=	"{0519A264-0AB6-11d6-9193-00A0249B6F00}",
				}, -- end of [6]
				[7] = 
				{
					CLSID	=	"{0180F983-C14A-11d8-9897-000476191836}",
				}, -- end of [7]
				[8] = 
				{
					CLSID	=	"{35B698AC-9FEF-4EC4-AD29-484A0085F62B}",
				}, -- end of [8]
				[9] = 
				{
					CLSID	=	"{35B698AC-9FEF-4EC4-AD29-484A0085F62B}",
				}, -- end of [9]
				[10] = 
				{
					CLSID	=	"{35B698AC-9FEF-4EC4-AD29-484A0085F62B}",
				}, -- end of [10]
				[11] = 
				{
					CLSID	=	"{44EE8698-89F9-48EE-AF36-5FD31896A82C}",
				}, -- end of [11]
			}, -- end of pylons
			fuel	=	2969,
			flare	=	128,
			chaff	=	128,
			gun	=	100,
		}, -- end of payload
		speed	=	0,
		goto	=	1,
		N_obj	=	2,
		country	=	0,
	}, -- end of [16]
	[17] = 
	{
		alt	=	4999.9858398438,
		type	=	"Su-27",
		groupId	=	17,
		heading	=	5.4034708778011,
		y	=	709145.4375,
		goto	=	5,
		coalition	=	"red",
		x	=	-231882.84375,
		speed	=	180.55555725098,
		payload = 
		{
			pylons = 
			{
				[1] = 
				{
					CLSID	=	"{44EE8698-89F9-48EE-AF36-5FD31896A82F}",
				}, -- end of [1]
				[2] = 
				{
					CLSID	=	"{FBC29BFE-3D24-4C64-B81D-941239D12249}",
				}, -- end of [2]
				[3] = 
				{
					CLSID	=	"{B79C379A-9E87-4E50-A1EE-7F7E29C2E87A}",
				}, -- end of [3]
				[5] = 
				{
					CLSID	=	"{E8069896-8435-4B90-95C0-01A03AE6E400}",
				}, -- end of [5]
				[6] = 
				{
					CLSID	=	"{E8069896-8435-4B90-95C0-01A03AE6E400}",
				}, -- end of [6]
				[7] = 
				{
					CLSID	=	"{E8069896-8435-4B90-95C0-01A03AE6E400}",
				}, -- end of [7]
				[8] = 
				{
					CLSID	=	"{B79C379A-9E87-4E50-A1EE-7F7E29C2E87A}",
				}, -- end of [8]
				[9] = 
				{
					CLSID	=	"{FBC29BFE-3D24-4C64-B81D-941239D12249}",
				}, -- end of [9]
				[10] = 
				{
					CLSID	=	"{44EE8698-89F9-48EE-AF36-5FD31896A82A}",
				}, -- end of [10]
			}, -- end of pylons
			fuel	=	7333,
			flare	=	96,
			chaff	=	0,
			gun	=	100,
		}, -- end of payload
		N_obj	=	1,
		inAir	=	true,
		unitId	=	36,
		country	=	0,
	}, -- end of [17]
	[18] = 
	{
		alt	=	5000.0581054688,
		type	=	"Su-27",
		groupId	=	17,
		heading	=	5.4059770146953,
		y	=	710285.8125,
		goto	=	5,
		coalition	=	"red",
		x	=	-231458.515625,
		speed	=	180.02502441406,
		payload = 
		{
			pylons = 
			{
				[1] = 
				{
					CLSID	=	"{44EE8698-89F9-48EE-AF36-5FD31896A82F}",
				}, -- end of [1]
				[2] = 
				{
					CLSID	=	"{FBC29BFE-3D24-4C64-B81D-941239D12249}",
				}, -- end of [2]
				[3] = 
				{
					CLSID	=	"{B79C379A-9E87-4E50-A1EE-7F7E29C2E87A}",
				}, -- end of [3]
				[5] = 
				{
					CLSID	=	"{E8069896-8435-4B90-95C0-01A03AE6E400}",
				}, -- end of [5]
				[6] = 
				{
					CLSID	=	"{E8069896-8435-4B90-95C0-01A03AE6E400}",
				}, -- end of [6]
				[8] = 
				{
					CLSID	=	"{B79C379A-9E87-4E50-A1EE-7F7E29C2E87A}",
				}, -- end of [8]
				[9] = 
				{
					CLSID	=	"{FBC29BFE-3D24-4C64-B81D-941239D12249}",
				}, -- end of [9]
				[10] = 
				{
					CLSID	=	"{44EE8698-89F9-48EE-AF36-5FD31896A82A}",
				}, -- end of [10]
			}, -- end of pylons
			fuel	=	6999,
			flare	=	96,
			chaff	=	0,
			gun	=	100,
		}, -- end of payload
		N_obj	=	2,
		inAir	=	true,
		unitId	=	37,
		country	=	0,
	}, -- end of [18]
	[19] = 
	{
		alt	=	7000.001953125,
		type	=	"A-50",
		groupId	=	24,
		heading	=	1.5890210310565,
		y	=	716649.25,
		goto	=	2,
		coalition	=	"red",
		x	=	-108182.7578125,
		speed	=	222.22222900391,
		payload = 
		{
			pylons = 	{},
			fuel	=	62532,
			flare	=	192,
			chaff	=	192,
			gun	=	100,
		}, -- end of payload
		N_obj	=	1,
		inAir	=	true,
		unitId	=	45,
		country	=	0,
	}, -- end of [19]
	[20] = 
	{
		alt	=	6499.6879882813,
		type	=	"Su-27",
		groupId	=	25,
		heading	=	1.5889456907855,
		y	=	716448.8125,
		goto	=	1,
		coalition	=	"red",
		x	=	-108179.109375,
		speed	=	222.23442077637,
		payload = 
		{
			pylons = 
			{
				[1] = 
				{
					CLSID	=	"{44EE8698-89F9-48EE-AF36-5FD31896A82F}",
				}, -- end of [1]
				[2] = 
				{
					CLSID	=	"{FBC29BFE-3D24-4C64-B81D-941239D12249}",
				}, -- end of [2]
				[3] = 
				{
					CLSID	=	"{B79C379A-9E87-4E50-A1EE-7F7E29C2E87A}",
				}, -- end of [3]
				[4] = 
				{
					CLSID	=	"{E8069896-8435-4B90-95C0-01A03AE6E400}",
				}, -- end of [4]
				[5] = 
				{
					CLSID	=	"{E8069896-8435-4B90-95C0-01A03AE6E400}",
				}, -- end of [5]
				[6] = 
				{
					CLSID	=	"{E8069896-8435-4B90-95C0-01A03AE6E400}",
				}, -- end of [6]
				[7] = 
				{
					CLSID	=	"{E8069896-8435-4B90-95C0-01A03AE6E400}",
				}, -- end of [7]
				[8] = 
				{
					CLSID	=	"{B79C379A-9E87-4E50-A1EE-7F7E29C2E87A}",
				}, -- end of [8]
				[9] = 
				{
					CLSID	=	"{FBC29BFE-3D24-4C64-B81D-941239D12249}",
				}, -- end of [9]
				[10] = 
				{
					CLSID	=	"{44EE8698-89F9-48EE-AF36-5FD31896A82A}",
				}, -- end of [10]
			}, -- end of pylons
			fuel	=	8310,
			flare	=	96,
			chaff	=	96,
			gun	=	100,
		}, -- end of payload
		N_obj	=	1,
		inAir	=	true,
		unitId	=	46,
		country	=	0,
	}, -- end of [20]
	[21] = 
	{
		alt	=	6499.6831054688,
		type	=	"Su-27",
		groupId	=	25,
		heading	=	1.5887134710895,
		y	=	715577,
		goto	=	1,
		coalition	=	"red",
		x	=	-109219.2578125,
		speed	=	246.07807922363,
		payload = 
		{
			pylons = 
			{
				[1] = 
				{
					CLSID	=	"{44EE8698-89F9-48EE-AF36-5FD31896A82F}",
				}, -- end of [1]
				[2] = 
				{
					CLSID	=	"{FBC29BFE-3D24-4C64-B81D-941239D12249}",
				}, -- end of [2]
				[3] = 
				{
					CLSID	=	"{B79C379A-9E87-4E50-A1EE-7F7E29C2E87A}",
				}, -- end of [3]
				[4] = 
				{
					CLSID	=	"{E8069896-8435-4B90-95C0-01A03AE6E400}",
				}, -- end of [4]
				[5] = 
				{
					CLSID	=	"{E8069896-8435-4B90-95C0-01A03AE6E400}",
				}, -- end of [5]
				[6] = 
				{
					CLSID	=	"{E8069896-8435-4B90-95C0-01A03AE6E400}",
				}, -- end of [6]
				[7] = 
				{
					CLSID	=	"{E8069896-8435-4B90-95C0-01A03AE6E400}",
				}, -- end of [7]
				[8] = 
				{
					CLSID	=	"{B79C379A-9E87-4E50-A1EE-7F7E29C2E87A}",
				}, -- end of [8]
				[9] = 
				{
					CLSID	=	"{FBC29BFE-3D24-4C64-B81D-941239D12249}",
				}, -- end of [9]
				[10] = 
				{
					CLSID	=	"{44EE8698-89F9-48EE-AF36-5FD31896A82A}",
				}, -- end of [10]
			}, -- end of pylons
			fuel	=	8099,
			flare	=	96,
			chaff	=	96,
			gun	=	100,
		}, -- end of payload
		N_obj	=	2,
		inAir	=	true,
		unitId	=	47,
		country	=	0,
	}, -- end of [21]
	[22] = 
	{
		alt	=	430.0114440918,
		type	=	"Ural-4320 APA-5D",
		groupId	=	22,
		coalition	=	"red",
		x	=	-125404.8671875,
		heading	=	5.672319893037,
		y	=	760358.5625,
		speed	=	0,
		unitId	=	43,
		N_obj	=	1,
		country	=	0,
	}, -- end of [22]
	[23] = 
	{
		alt	=	366.9328918457,
		type	=	"S-300PS 40B6MD sr",
		groupId	=	27,
		coalition	=	"red",
		x	=	-124311.6328125,
		heading	=	6.2831853071778,
		y	=	768136.875,
		speed	=	0,
		unitId	=	49,
		N_obj	=	1,
		country	=	0,
	}, -- end of [23]
	[24] = 
	{
		alt	=	367.85342407227,
		type	=	"S-300PS 64H6E sr",
		groupId	=	27,
		coalition	=	"red",
		x	=	-124398.5078125,
		heading	=	6.2831853071796,
		y	=	768082.625,
		speed	=	0,
		unitId	=	50,
		N_obj	=	2,
		country	=	0,
	}, -- end of [24]
	[25] = 
	{
		alt	=	367.1591796875,
		type	=	"S-300PS 40B6M tr",
		groupId	=	27,
		coalition	=	"red",
		x	=	-124392.4375,
		heading	=	6.2831853071778,
		y	=	768213.4375,
		speed	=	0,
		unitId	=	51,
		N_obj	=	3,
		country	=	0,
	}, -- end of [25]
	[26] = 
	{
		alt	=	367.3671875,
		type	=	"S-300PS 54K6 cp",
		groupId	=	27,
		coalition	=	"red",
		x	=	-124382.875,
		heading	=	6.2831853071778,
		y	=	768146,
		speed	=	0,
		unitId	=	52,
		N_obj	=	4,
		country	=	0,
	}, -- end of [26]
	[27] = 
	{
		alt	=	369.95901489258,
		type	=	"S-300PS 5P85D ln",
		groupId	=	27,
		coalition	=	"red",
		x	=	-124436.640625,
		heading	=	6.2831853071796,
		y	=	767832.75,
		speed	=	0,
		unitId	=	53,
		N_obj	=	5,
		country	=	0,
	}, -- end of [27]
	[28] = 
	{
		alt	=	370.55868530273,
		type	=	"S-300PS 5P85D ln",
		groupId	=	27,
		coalition	=	"red",
		x	=	-124576.8515625,
		heading	=	6.2831853071796,
		y	=	767897.4375,
		speed	=	0,
		unitId	=	54,
		N_obj	=	6,
		country	=	0,
	}, -- end of [28]
	[29] = 
	{
		alt	=	369.55252075195,
		type	=	"S-300PS 5P85D ln",
		groupId	=	27,
		coalition	=	"red",
		x	=	-124642.9140625,
		heading	=	6.2831853071796,
		y	=	768115.75,
		speed	=	0,
		unitId	=	55,
		N_obj	=	7,
		country	=	0,
	}, -- end of [29]
	[30] = 
	{
		alt	=	367.45034790039,
		type	=	"S-300PS 5P85D ln",
		groupId	=	27,
		coalition	=	"red",
		x	=	-124546.015625,
		heading	=	6.2831853071796,
		y	=	768350.625,
		speed	=	0,
		unitId	=	56,
		N_obj	=	8,
		country	=	0,
	}, -- end of [30]
	[31] = 
	{
		alt	=	365.5964050293,
		type	=	"S-300PS 5P85D ln",
		groupId	=	27,
		coalition	=	"red",
		x	=	-124379.4765625,
		heading	=	6.2831853071796,
		y	=	768473.3125,
		speed	=	0,
		unitId	=	57,
		N_obj	=	9,
		country	=	0,
	}, -- end of [31]
	[32] = 
	{
		alt	=	365.466796875,
		type	=	"S-300PS 5P85C ln",
		groupId	=	27,
		coalition	=	"red",
		x	=	-124376.8984375,
		heading	=	6.2831853071796,
		y	=	768493.25,
		speed	=	0,
		unitId	=	59,
		N_obj	=	10,
		country	=	0,
	}, -- end of [32]
	[33] = 
	{
		alt	=	367.32870483398,
		type	=	"S-300PS 5P85C ln",
		groupId	=	27,
		coalition	=	"red",
		x	=	-124543.234375,
		heading	=	6.2831853071796,
		y	=	768372.1875,
		speed	=	0,
		unitId	=	60,
		N_obj	=	11,
		country	=	0,
	}, -- end of [33]
	[34] = 
	{
		alt	=	369.38891601563,
		type	=	"S-300PS 5P85C ln",
		groupId	=	27,
		coalition	=	"red",
		x	=	-124640.296875,
		heading	=	6.2831853071796,
		y	=	768135.9375,
		speed	=	0,
		unitId	=	61,
		N_obj	=	12,
		country	=	0,
	}, -- end of [34]
	[35] = 
	{
		alt	=	370.41198730469,
		type	=	"S-300PS 5P85C ln",
		groupId	=	27,
		coalition	=	"red",
		x	=	-124574.625,
		heading	=	6.2831853071796,
		y	=	767914.6875,
		speed	=	0,
		unitId	=	62,
		N_obj	=	13,
		country	=	0,
	}, -- end of [35]
	[36] = 
	{
		alt	=	369.75747680664,
		type	=	"S-300PS 5P85C ln",
		groupId	=	27,
		coalition	=	"red",
		x	=	-124433.3671875,
		heading	=	6.2831853071796,
		y	=	767854,
		speed	=	0,
		unitId	=	63,
		N_obj	=	14,
		country	=	0,
	}, -- end of [36]
	[37] = 
	{
		alt	=	367.60244750977,
		type	=	"55G6 EWR",
		groupId	=	27,
		coalition	=	"red",
		x	=	-124254.4140625,
		heading	=	6.2831853071796,
		y	=	767920.1875,
		speed	=	0,
		unitId	=	64,
		N_obj	=	15,
		country	=	0,
	}, -- end of [37]
	[38] = 
	{
		alt	=	366.92041015625,
		type	=	"ZIL-131 KUNG",
		groupId	=	27,
		coalition	=	"red",
		x	=	-124219.9375,
		heading	=	6.2831853071778,
		y	=	767989.25,
		speed	=	0,
		unitId	=	65,
		N_obj	=	16,
		country	=	0,
	}, -- end of [38]
	[39] = 
	{
		alt	=	366.88598632813,
		type	=	"ZIL-131 KUNG",
		groupId	=	27,
		coalition	=	"red",
		x	=	-124219.8984375,
		heading	=	6.2831853071778,
		y	=	767997.75,
		speed	=	0,
		unitId	=	66,
		N_obj	=	17,
		country	=	0,
	}, -- end of [39]
	[40] = 
	{
		alt	=	430.0114440918,
		type	=	"ATMZ-5",
		groupId	=	29,
		coalition	=	"red",
		x	=	-125027.7109375,
		heading	=	5.550147060548,
		y	=	760901.4375,
		speed	=	0,
		unitId	=	79,
		N_obj	=	1,
		country	=	0,
	}, -- end of [40]
	[41] = 
	{
		alt	=	430.0114440918,
		type	=	"ZiL-131 APA-80",
		groupId	=	30,
		coalition	=	"red",
		x	=	-125009.140625,
		heading	=	5.550147060548,
		y	=	760931.4375,
		speed	=	0,
		unitId	=	80,
		N_obj	=	1,
		country	=	0,
	}, -- end of [41]
	[42] = 
	{
		alt	=	430.0114440918,
		type	=	"Ural-375",
		groupId	=	31,
		coalition	=	"red",
		x	=	-124987.140625,
		heading	=	5.550147060548,
		y	=	760962.875,
		speed	=	0,
		unitId	=	81,
		N_obj	=	1,
		country	=	0,
	}, -- end of [42]
	[43] = 
	{
		alt	=	112.54824829102,
		type	=	"SA-11 Buk SR 9S18M1",
		groupId	=	7,
		coalition	=	"blue",
		x	=	-275084.40625,
		heading	=	-1.7484556025238e-07,
		y	=	693967.0625,
		speed	=	0,
		unitId	=	7,
		N_obj	=	1,
		country	=	16,
	}, -- end of [43]
	[44] = 
	{
		alt	=	113.19716644287,
		type	=	"SA-11 Buk LN 9A310M1",
		groupId	=	7,
		coalition	=	"blue",
		x	=	-275004.71875,
		heading	=	-1.7484556025238e-07,
		y	=	693869.875,
		speed	=	0,
		unitId	=	8,
		N_obj	=	2,
		country	=	16,
	}, -- end of [44]
	[45] = 
	{
		alt	=	114.13059234619,
		type	=	"SA-11 Buk LN 9A310M1",
		groupId	=	7,
		coalition	=	"blue",
		x	=	-274990.09375,
		heading	=	6.2831853071796,
		y	=	694034.9375,
		speed	=	0,
		unitId	=	9,
		N_obj	=	3,
		country	=	16,
	}, -- end of [45]
	[46] = 
	{
		alt	=	110.93581390381,
		type	=	"SA-11 Buk LN 9A310M1",
		groupId	=	7,
		coalition	=	"blue",
		x	=	-275207.15625,
		heading	=	6.2831853071796,
		y	=	693979.125,
		speed	=	0,
		unitId	=	10,
		N_obj	=	4,
		country	=	16,
	}, -- end of [46]
	[47] = 
	{
		alt	=	112.07739257813,
		type	=	"SA-11 Buk CC 9S470M1",
		groupId	=	7,
		coalition	=	"blue",
		x	=	-275119.875,
		heading	=	-1.7484556025238e-07,
		y	=	693969.4375,
		speed	=	0,
		unitId	=	11,
		N_obj	=	5,
		country	=	16,
	}, -- end of [47]
	[48] = 
	{
		alt	=	117.33431243896,
		type	=	"Strela-10M3",
		groupId	=	8,
		coalition	=	"blue",
		x	=	-275174.6875,
		heading	=	6.2831853071796,
		y	=	695430.4375,
		speed	=	0,
		unitId	=	14,
		N_obj	=	1,
		country	=	16,
	}, -- end of [48]
	[49] = 
	{
		alt	=	112.61572265625,
		type	=	"Strela-10M3",
		groupId	=	8,
		coalition	=	"blue",
		x	=	-275423.8125,
		heading	=	6.2831853071796,
		y	=	695209.5625,
		speed	=	0,
		unitId	=	15,
		N_obj	=	2,
		country	=	16,
	}, -- end of [49]
	[50] = 
	{
		alt	=	119.15767669678,
		type	=	"ZSU-23-4 Shilka",
		groupId	=	8,
		coalition	=	"blue",
		x	=	-274919.40625,
		heading	=	6.2831853071796,
		y	=	695357.375,
		speed	=	0,
		unitId	=	16,
		N_obj	=	3,
		country	=	16,
	}, -- end of [50]
	[51] = 
	{
		alt	=	114.60457611084,
		type	=	"ZSU-23-4 Shilka",
		groupId	=	8,
		coalition	=	"blue",
		x	=	-275379.375,
		heading	=	-1.7484556025238e-07,
		y	=	695471.25,
		speed	=	0,
		unitId	=	17,
		N_obj	=	4,
		country	=	16,
	}, -- end of [51]
	[52] = 
	{
		alt	=	110.01111602783,
		type	=	"KAMAZ Truck",
		groupId	=	9,
		coalition	=	"blue",
		x	=	-275864.65625,
		heading	=	1.3448146025287,
		y	=	695038.6875,
		speed	=	0,
		unitId	=	18,
		N_obj	=	1,
		country	=	16,
	}, -- end of [52]
	[53] = 
	{
		alt	=	110.01110839844,
		type	=	"KAMAZ Truck",
		groupId	=	9,
		coalition	=	"blue",
		x	=	-275871.375,
		heading	=	1.3450029532062,
		y	=	695009.4375,
		speed	=	0,
		unitId	=	19,
		N_obj	=	2,
		country	=	16,
	}, -- end of [53]
	[54] = 
	{
		alt	=	110.01111602783,
		type	=	"KAMAZ Truck",
		groupId	=	9,
		coalition	=	"blue",
		x	=	-275878,
		heading	=	1.4780352751361,
		y	=	694980.1875,
		speed	=	0,
		unitId	=	20,
		N_obj	=	3,
		country	=	16,
	}, -- end of [54]
	[55] = 
	{
		alt	=	110.01111602783,
		type	=	"KAMAZ Truck",
		groupId	=	9,
		coalition	=	"blue",
		x	=	-275879.65625,
		heading	=	1.5488131682025,
		y	=	694950.3125,
		speed	=	0,
		unitId	=	21,
		N_obj	=	4,
		country	=	16,
	}, -- end of [55]
	[56] = 
	{
		alt	=	113.21995544434,
		type	=	"SA-18 Igla manpad",
		groupId	=	11,
		coalition	=	"blue",
		x	=	-275307.34375,
		heading	=	6.2831853071796,
		y	=	694521.6875,
		speed	=	0,
		unitId	=	24,
		N_obj	=	1,
		country	=	16,
	}, -- end of [56]
	[57] = 
	{
		alt	=	113.22637939453,
		type	=	"SA-18 Igla comm",
		groupId	=	11,
		coalition	=	"blue",
		x	=	-275308.34375,
		heading	=	6.2831853071796,
		y	=	694524.75,
		speed	=	0,
		unitId	=	25,
		N_obj	=	2,
		country	=	16,
	}, -- end of [57]
	[58] = 
	{
		alt	=	110.01110839844,
		type	=	"ZiL-131 APA-80",
		groupId	=	12,
		coalition	=	"blue",
		x	=	-275892.90625,
		heading	=	0.78539783159365,
		y	=	695016.9375,
		speed	=	0,
		unitId	=	26,
		N_obj	=	1,
		country	=	16,
	}, -- end of [58]
	[59] = 
	{
		alt	=	159.21028137207,
		type	=	"SA-11 Buk SR 9S18M1",
		groupId	=	28,
		coalition	=	"blue",
		x	=	-287219.34375,
		heading	=	6.2831853071796,
		y	=	728786.3125,
		speed	=	0,
		unitId	=	67,
		N_obj	=	1,
		country	=	16,
	}, -- end of [59]
	[60] = 
	{
		alt	=	159.8738861084,
		type	=	"SA-11 Buk LN 9A310M1",
		groupId	=	28,
		coalition	=	"blue",
		x	=	-287034.3125,
		heading	=	6.2831853071787,
		y	=	728658.6875,
		speed	=	0,
		unitId	=	68,
		N_obj	=	2,
		country	=	16,
	}, -- end of [60]
	[61] = 
	{
		alt	=	159.54403686523,
		type	=	"SA-11 Buk LN 9A310M1",
		groupId	=	28,
		coalition	=	"blue",
		x	=	-287200.46875,
		heading	=	-1.7484556025238e-07,
		y	=	728536.6875,
		speed	=	0,
		unitId	=	69,
		N_obj	=	3,
		country	=	16,
	}, -- end of [61]
	[62] = 
	{
		alt	=	160.25355529785,
		type	=	"SA-11 Buk LN 9A310M1",
		groupId	=	28,
		coalition	=	"blue",
		x	=	-287402.1875,
		heading	=	6.2831853071759,
		y	=	728559.9375,
		speed	=	0,
		unitId	=	70,
		N_obj	=	4,
		country	=	16,
	}, -- end of [62]
	[63] = 
	{
		alt	=	160.32585144043,
		type	=	"Ural-375 PBU",
		groupId	=	28,
		coalition	=	"blue",
		x	=	-287390.03125,
		heading	=	6.2831853071791,
		y	=	728830.25,
		speed	=	0,
		unitId	=	71,
		N_obj	=	5,
		country	=	16,
	}, -- end of [63]
	[64] = 
	{
		alt	=	160.29417419434,
		type	=	"Ural-375 PBU",
		groupId	=	28,
		coalition	=	"blue",
		x	=	-287388.3125,
		heading	=	6.2831853071791,
		y	=	728844.5625,
		speed	=	0,
		unitId	=	72,
		N_obj	=	6,
		country	=	16,
	}, -- end of [64]
	[65] = 
	{
		alt	=	160.28945922852,
		type	=	"Ural-375 PBU",
		groupId	=	28,
		coalition	=	"blue",
		x	=	-287388.3125,
		heading	=	6.2831853071791,
		y	=	728857.4375,
		speed	=	0,
		unitId	=	73,
		N_obj	=	7,
		country	=	16,
	}, -- end of [65]
	[66] = 
	{
		alt	=	159.06715393066,
		type	=	"UAZ-469",
		groupId	=	28,
		coalition	=	"blue",
		x	=	-287088.125,
		heading	=	4.0176506678211,
		y	=	728872.0625,
		speed	=	0,
		unitId	=	74,
		N_obj	=	8,
		country	=	16,
	}, -- end of [66]
	[67] = 
	{
		alt	=	160.54396057129,
		type	=	"SA-11 Buk CC 9S470M1",
		groupId	=	28,
		coalition	=	"blue",
		x	=	-287220.09375,
		heading	=	6.2831853071796,
		y	=	728927.3125,
		speed	=	0,
		unitId	=	83,
		N_obj	=	9,
		country	=	16,
	}, -- end of [67]
	[68] = 
	{
		alt	=	1872.2745361328,
		type	=	"X_58",
		country	=	0,
		y	=	695524.25,
		x	=	-271818.34375,
		heading	=	3.5696345011341,
		speed	=	171.72135925293,
		inAir	=	true,
		coalition	=	"red",
		unitId	=	0,
	}, -- end of [68]
} -- end of world_state
mission_file_mark	=	1754032553
mission_time	=	1460.94
warehouses = 
{
	airports = 
	{
		[12] = 
		{
			unlimitedFuel	=	true,
			unlimitedMunitions	=	true,
			unlimitedAircrafts	=	true,
		}, -- end of [12]
		[13] = 
		{
			unlimitedFuel	=	true,
			unlimitedMunitions	=	true,
			unlimitedAircrafts	=	true,
		}, -- end of [13]
		[14] = 
		{
			unlimitedFuel	=	true,
			unlimitedMunitions	=	true,
			unlimitedAircrafts	=	true,
		}, -- end of [14]
		[15] = 
		{
			unlimitedFuel	=	true,
			unlimitedMunitions	=	true,
			unlimitedAircrafts	=	true,
		}, -- end of [15]
		[16] = 
		{
			unlimitedFuel	=	true,
			unlimitedMunitions	=	true,
			unlimitedAircrafts	=	true,
		}, -- end of [16]
		[17] = 
		{
			unlimitedFuel	=	true,
			unlimitedMunitions	=	true,
			unlimitedAircrafts	=	true,
		}, -- end of [17]
		[18] = 
		{
			unlimitedFuel	=	true,
			unlimitedMunitions	=	true,
			unlimitedAircrafts	=	true,
		}, -- end of [18]
		[19] = 
		{
			unlimitedFuel	=	true,
			unlimitedMunitions	=	true,
			unlimitedAircrafts	=	true,
		}, -- end of [19]
		[20] = 
		{
			unlimitedFuel	=	true,
			unlimitedMunitions	=	true,
			unlimitedAircrafts	=	true,
		}, -- end of [20]
		[21] = 
		{
			unlimitedFuel	=	true,
			unlimitedMunitions	=	true,
			unlimitedAircrafts	=	true,
		}, -- end of [21]
		[22] = 
		{
			unlimitedFuel	=	true,
			unlimitedMunitions	=	true,
			unlimitedAircrafts	=	true,
		}, -- end of [22]
		[23] = 
		{
			unlimitedFuel	=	true,
			unlimitedMunitions	=	true,
			unlimitedAircrafts	=	true,
		}, -- end of [23]
		[24] = 
		{
			unlimitedFuel	=	true,
			unlimitedMunitions	=	true,
			unlimitedAircrafts	=	true,
		}, -- end of [24]
		[25] = 
		{
			unlimitedFuel	=	true,
			unlimitedMunitions	=	true,
			unlimitedAircrafts	=	true,
		}, -- end of [25]
		[26] = 
		{
			unlimitedFuel	=	true,
			unlimitedMunitions	=	true,
			unlimitedAircrafts	=	true,
		}, -- end of [26]
		[27] = 
		{
			unlimitedFuel	=	true,
			unlimitedMunitions	=	true,
			unlimitedAircrafts	=	true,
		}, -- end of [27]
		[28] = 
		{
			unlimitedFuel	=	true,
			unlimitedMunitions	=	true,
			unlimitedAircrafts	=	true,
		}, -- end of [28]
		[29] = 
		{
			unlimitedFuel	=	true,
			unlimitedMunitions	=	true,
			unlimitedAircrafts	=	true,
		}, -- end of [29]
		[30] = 
		{
			unlimitedFuel	=	true,
			unlimitedMunitions	=	true,
			unlimitedAircrafts	=	true,
		}, -- end of [30]
		[31] = 
		{
			unlimitedFuel	=	true,
			unlimitedMunitions	=	true,
			unlimitedAircrafts	=	true,
		}, -- end of [31]
		[32] = 
		{
			unlimitedFuel	=	true,
			unlimitedMunitions	=	true,
			unlimitedAircrafts	=	true,
		}, -- end of [32]
	}, -- end of airports
	warehouses = 
	{
		[2] = 
		{
			unlimitedFuel	=	true,
			unlimitedMunitions	=	true,
			unlimitedAircrafts	=	true,
		}, -- end of [2]
		[3] = 
		{
			unlimitedFuel	=	true,
			unlimitedMunitions	=	true,
			unlimitedAircrafts	=	true,
		}, -- end of [3]
		[4] = 
		{
			unlimitedFuel	=	true,
			unlimitedMunitions	=	true,
			unlimitedAircrafts	=	true,
		}, -- end of [4]
	}, -- end of warehouses
} -- end of warehouses
triggers_state = 
{
	["1"] = 
	{
		time	=	657.901,
		value	=	1,
	}, -- end of ["1"]
	["11"] = 
	{
		time	=	1427.701,
		value	=	1,
	}, -- end of ["11"]
	["5"] = 
	{
		time	=	1172.101,
		value	=	1,
	}, -- end of ["5"]
} -- end of triggers_state
result	=	0
events = 
{
	[1] = 
	{
		type	=	"mission start",
		event_id	=	51,
		t	=	0,
		linked_event_id	=	0,
		ta	=	28800,
	}, -- end of [1]
	[2] = 
	{
		initiator_unit_type	=	"Su-25T",
		type	=	"under control",
		initiator_object_id	=	16792832,
		targetMissionID	=	"27",
		target	=	"Player (430)",
		t	=	0,
		initiatorPilotName	=	"Lysergia",
		initiator_coalition	=	1,
	}, -- end of [2]
	[3] = 
	{
		type	=	"engine startup",
		initiatorPilotName	=	"Su-25T",
		place	=	"Nalchik",
		t	=	32.5,
		placeDisplayName	=	"Nalchik",
		initiator_unit_type	=	"Su-25T",
		initiator_object_id	=	16778496,
		linked_event_id	=	0,
		event_id	=	209,
		initiator_coalition	=	1,
		initiator_ws_type1	=	1,
		initiatorMissionID	=	"35",
	}, -- end of [3]
	[4] = 
	{
		type	=	"engine startup",
		initiatorPilotName	=	"Su-25T",
		place	=	"Nalchik",
		t	=	32.7,
		placeDisplayName	=	"Nalchik",
		initiator_unit_type	=	"Su-25T",
		initiator_object_id	=	16778240,
		linked_event_id	=	0,
		event_id	=	210,
		initiator_coalition	=	1,
		initiator_ws_type1	=	1,
		initiatorMissionID	=	"34",
	}, -- end of [4]
	[5] = 
	{
		type	=	"takeoff",
		initiatorPilotName	=	"Su-25",
		place	=	"Kutaisi",
		t	=	49.1,
		placeDisplayName	=	"Kutaisi",
		initiator_unit_type	=	"Su-25",
		initiator_object_id	=	16785664,
		linked_event_id	=	0,
		event_id	=	215,
		initiator_coalition	=	2,
		initiator_ws_type1	=	1,
		initiatorMissionID	=	"39",
	}, -- end of [5]
	[6] = 
	{
		type	=	"takeoff",
		initiatorPilotName	=	"Su-25",
		place	=	"Kutaisi",
		t	=	50,
		placeDisplayName	=	"Kutaisi",
		initiator_unit_type	=	"Su-25",
		initiator_object_id	=	16785408,
		linked_event_id	=	0,
		event_id	=	216,
		initiator_coalition	=	2,
		initiator_ws_type1	=	1,
		initiatorMissionID	=	"38",
	}, -- end of [6]
	[7] = 
	{
		type	=	"takeoff",
		initiatorPilotName	=	"Su-25T",
		place	=	"Nalchik",
		t	=	56.1,
		placeDisplayName	=	"Nalchik",
		initiator_unit_type	=	"Su-25T",
		initiator_object_id	=	16793088,
		linked_event_id	=	0,
		event_id	=	217,
		initiator_coalition	=	1,
		initiator_ws_type1	=	1,
		initiatorMissionID	=	"28",
	}, -- end of [7]
	[8] = 
	{
		type	=	"takeoff",
		initiatorPilotName	=	"Su-25T",
		place	=	"Nalchik",
		t	=	58.88,
		placeDisplayName	=	"Nalchik",
		initiator_unit_type	=	"Su-25T",
		initiator_object_id	=	16792832,
		linked_event_id	=	0,
		event_id	=	218,
		initiator_coalition	=	1,
		initiator_ws_type1	=	1,
		initiatorMissionID	=	"27",
	}, -- end of [8]
	[9] = 
	{
		weapon_type	=	919396,
		initiatorPilotName	=	"Su-27",
		target_coalition	=	2,
		linked_event_id	=	0,
		targetMissionID	=	"39",
		target_ws_type1	=	1,
		initiator_object_id	=	16779008,
		target	=	"Su-25",
		target_object_id	=	16785664,
		targetPilotName	=	"Su-25",
		type	=	"shot",
		target_unit_type	=	"Su-25",
		t	=	487.16,
		initiator_unit_type	=	"Su-27",
		event_id	=	219,
		weapon	=	"R-27ER (AA-10 Alamo C)",
		initiator_ws_type1	=	1,
		initiatorMissionID	=	"37",
		initiator_coalition	=	1,
	}, -- end of [9]
	[10] = 
	{
		weapon_type	=	919396,
		initiatorPilotName	=	"Su-27",
		target_coalition	=	2,
		linked_event_id	=	219,
		targetMissionID	=	"39",
		target_ws_type1	=	1,
		initiator_object_id	=	16779008,
		target	=	"Su-25",
		target_object_id	=	16785664,
		targetPilotName	=	"Su-25",
		type	=	"hit",
		target_unit_type	=	"Su-25",
		t	=	522,
		initiator_unit_type	=	"Su-27",
		event_id	=	220,
		weapon	=	"R-27ER (AA-10 Alamo C)",
		initiator_ws_type1	=	1,
		initiatorMissionID	=	"37",
		initiator_coalition	=	1,
	}, -- end of [10]
	[11] = 
	{
		weapon_type	=	919396,
		initiatorPilotName	=	"Su-27",
		target_coalition	=	2,
		linked_event_id	=	0,
		targetMissionID	=	"39",
		target_ws_type1	=	1,
		initiator_object_id	=	16779008,
		target	=	"Su-25",
		target_object_id	=	16785664,
		targetPilotName	=	"Su-25",
		type	=	"bda",
		target_unit_type	=	"Su-25",
		t	=	522,
		initiator_unit_type	=	"Su-27",
		event_id	=	221,
		weapon	=	"R-27ER (AA-10 Alamo C)",
		initiator_ws_type1	=	1,
		initiatorMissionID	=	"37",
		initiator_coalition	=	1,
	}, -- end of [11]
	[12] = 
	{
		type	=	"ai abort mission",
		initiatorPilotName	=	"Su-25",
		t	=	522,
		initiator_unit_type	=	"Su-25",
		initiator_object_id	=	16785664,
		linked_event_id	=	0,
		event_id	=	222,
		initiator_coalition	=	2,
		initiator_ws_type1	=	1,
		initiatorMissionID	=	"39",
	}, -- end of [12]
	[13] = 
	{
		initiatorPilotName	=	"Su-25",
		target_coalition	=	2,
		linked_event_id	=	0,
		targetMissionID	=	"0",
		target_ws_type1	=	1,
		initiator_object_id	=	16785664,
		target	=	"",
		target_object_id	=	33557248,
		targetPilotName	=	"",
		type	=	"eject",
		target_unit_type	=	"",
		t	=	524.02,
		initiator_unit_type	=	"Su-25",
		event_id	=	223,
		initiator_ws_type1	=	1,
		initiatorMissionID	=	"39",
		initiator_coalition	=	2,
	}, -- end of [13]
	[14] = 
	{
		weapon_type	=	919396,
		initiatorPilotName	=	"Su-27",
		target_coalition	=	2,
		linked_event_id	=	220,
		targetMissionID	=	"39",
		target_ws_type1	=	1,
		initiator_object_id	=	16779008,
		target	=	"Su-25",
		target_object_id	=	16785664,
		targetPilotName	=	"Su-25",
		type	=	"kill",
		target_unit_type	=	"Su-25",
		t	=	524.02,
		initiator_unit_type	=	"Su-27",
		event_id	=	224,
		weapon	=	"R-27ER (AA-10 Alamo C)",
		initiator_ws_type1	=	1,
		initiatorMissionID	=	"37",
		initiator_coalition	=	1,
	}, -- end of [14]
	[15] = 
	{
		type	=	"score",
		initiatorPilotName	=	"Su-27",
		t	=	524.02,
		linked_event_id	=	224,
		initiator_unit_type	=	"Su-27",
		event_id	=	225,
		initiator_object_id	=	16779008,
		amount	=	40,
		comment	=	"air",
		initiator_coalition	=	1,
		initiator_ws_type1	=	1,
		initiatorMissionID	=	"37",
	}, -- end of [15]
	[16] = 
	{
		initiatorPilotName	=	"",
		target_coalition	=	2,
		linked_event_id	=	0,
		targetMissionID	=	"0",
		target_ws_type1	=	1,
		initiator_object_id	=	16811264,
		target	=	"",
		target_object_id	=	33557248,
		targetPilotName	=	"",
		type	=	"pilot discard chair",
		target_unit_type	=	"",
		t	=	525.1,
		initiator_unit_type	=	"",
		event_id	=	227,
		initiator_ws_type1	=	1,
		initiatorMissionID	=	"0",
		initiator_coalition	=	2,
	}, -- end of [16]
	[17] = 
	{
		type	=	"crash",
		initiatorPilotName	=	"Su-25",
		t	=	525.52,
		initiator_unit_type	=	"Su-25",
		initiator_object_id	=	16785664,
		linked_event_id	=	0,
		event_id	=	228,
		initiator_coalition	=	2,
		initiator_ws_type1	=	1,
		initiatorMissionID	=	"39",
	}, -- end of [17]
	[18] = 
	{
		weapon_type	=	919396,
		initiatorPilotName	=	"Su-27",
		target_coalition	=	2,
		linked_event_id	=	0,
		targetMissionID	=	"38",
		target_ws_type1	=	1,
		initiator_object_id	=	16779008,
		target	=	"Su-25",
		target_object_id	=	16785408,
		targetPilotName	=	"Su-25",
		type	=	"shot",
		target_unit_type	=	"Su-25",
		t	=	526.92,
		initiator_unit_type	=	"Su-27",
		event_id	=	229,
		weapon	=	"R-27ER (AA-10 Alamo C)",
		initiator_ws_type1	=	1,
		initiatorMissionID	=	"37",
		initiator_coalition	=	1,
	}, -- end of [18]
	[19] = 
	{
		weapon_type	=	919396,
		initiatorPilotName	=	"Su-27",
		target_coalition	=	2,
		linked_event_id	=	0,
		targetMissionID	=	"38",
		target_ws_type1	=	1,
		initiator_object_id	=	16778752,
		target	=	"Su-25",
		target_object_id	=	16785408,
		targetPilotName	=	"Su-25",
		type	=	"shot",
		target_unit_type	=	"Su-25",
		t	=	528.46,
		initiator_unit_type	=	"Su-27",
		event_id	=	230,
		weapon	=	"R-27ER (AA-10 Alamo C)",
		initiator_ws_type1	=	1,
		initiatorMissionID	=	"36",
		initiator_coalition	=	1,
	}, -- end of [19]
	[20] = 
	{
		type	=	"ai abort mission",
		initiatorPilotName	=	"Su-25",
		t	=	550.54,
		initiator_unit_type	=	"Su-25",
		initiator_object_id	=	16785408,
		linked_event_id	=	0,
		event_id	=	231,
		initiator_coalition	=	2,
		initiator_ws_type1	=	1,
		initiatorMissionID	=	"38",
	}, -- end of [20]
	[21] = 
	{
		weapon_type	=	919396,
		initiatorPilotName	=	"Su-27",
		target_coalition	=	2,
		linked_event_id	=	230,
		targetMissionID	=	"38",
		target_ws_type1	=	1,
		initiator_object_id	=	16778752,
		target	=	"Su-25",
		target_object_id	=	16785408,
		targetPilotName	=	"Su-25",
		type	=	"hit",
		target_unit_type	=	"Su-25",
		t	=	550.83,
		initiator_unit_type	=	"Su-27",
		event_id	=	232,
		weapon	=	"R-27ER (AA-10 Alamo C)",
		initiator_ws_type1	=	1,
		initiatorMissionID	=	"36",
		initiator_coalition	=	1,
	}, -- end of [21]
	[22] = 
	{
		weapon_type	=	919396,
		initiatorPilotName	=	"Su-27",
		target_coalition	=	2,
		linked_event_id	=	0,
		targetMissionID	=	"38",
		target_ws_type1	=	1,
		initiator_object_id	=	16778752,
		target	=	"Su-25",
		target_object_id	=	16785408,
		targetPilotName	=	"Su-25",
		type	=	"bda",
		target_unit_type	=	"Su-25",
		t	=	550.83,
		initiator_unit_type	=	"Su-27",
		event_id	=	233,
		weapon	=	"R-27ER (AA-10 Alamo C)",
		initiator_ws_type1	=	1,
		initiatorMissionID	=	"36",
		initiator_coalition	=	1,
	}, -- end of [22]
	[23] = 
	{
		type	=	"pilot dead",
		initiatorPilotName	=	"Su-25",
		t	=	551.94,
		initiator_unit_type	=	"Su-25",
		initiator_object_id	=	16785408,
		linked_event_id	=	0,
		event_id	=	234,
		initiator_coalition	=	2,
		initiator_ws_type1	=	1,
		initiatorMissionID	=	"38",
	}, -- end of [23]
	[24] = 
	{
		weapon_type	=	919396,
		initiatorPilotName	=	"Su-27",
		target_coalition	=	2,
		linked_event_id	=	232,
		targetMissionID	=	"38",
		target_ws_type1	=	1,
		initiator_object_id	=	16778752,
		target	=	"Su-25",
		target_object_id	=	16785408,
		targetPilotName	=	"Su-25",
		type	=	"kill",
		target_unit_type	=	"Su-25",
		t	=	551.94,
		initiator_unit_type	=	"Su-27",
		event_id	=	235,
		weapon	=	"R-27ER (AA-10 Alamo C)",
		initiator_ws_type1	=	1,
		initiatorMissionID	=	"36",
		initiator_coalition	=	1,
	}, -- end of [24]
	[25] = 
	{
		type	=	"score",
		initiatorPilotName	=	"Su-27",
		t	=	551.94,
		linked_event_id	=	235,
		initiator_unit_type	=	"Su-27",
		event_id	=	236,
		initiator_object_id	=	16778752,
		amount	=	40,
		comment	=	"air",
		initiator_coalition	=	1,
		initiator_ws_type1	=	1,
		initiatorMissionID	=	"36",
	}, -- end of [25]
	[26] = 
	{
		type	=	"crash",
		initiatorPilotName	=	"Su-25",
		t	=	551.94,
		initiator_unit_type	=	"Su-25",
		initiator_object_id	=	16785408,
		linked_event_id	=	0,
		event_id	=	238,
		initiator_coalition	=	2,
		initiator_ws_type1	=	1,
		initiatorMissionID	=	"38",
	}, -- end of [26]
	[27] = 
	{
		weapon_type	=	3016756,
		initiatorPilotName	=	"Su-34",
		target_coalition	=	2,
		linked_event_id	=	0,
		targetMissionID	=	"7",
		target_ws_type1	=	2,
		initiator_object_id	=	16777472,
		target	=	"SA-11 Buk SR 9S18M1",
		target_object_id	=	16785920,
		targetPilotName	=	"SA-11 Buk SR 9S18M1",
		type	=	"shot",
		target_unit_type	=	"SA-11 Buk SR 9S18M1",
		t	=	580.72,
		initiator_unit_type	=	"Su-34",
		event_id	=	239,
		weapon	=	"Kh-58U",
		initiator_ws_type1	=	1,
		initiatorMissionID	=	"29",
		initiator_coalition	=	1,
	}, -- end of [27]
	[28] = 
	{
		weapon_type	=	3016756,
		initiatorPilotName	=	"Su-34",
		target_coalition	=	2,
		linked_event_id	=	0,
		targetMissionID	=	"7",
		target_ws_type1	=	2,
		initiator_object_id	=	16777728,
		target	=	"SA-11 Buk SR 9S18M1",
		target_object_id	=	16785920,
		targetPilotName	=	"SA-11 Buk SR 9S18M1",
		type	=	"shot",
		target_unit_type	=	"SA-11 Buk SR 9S18M1",
		t	=	705.92,
		initiator_unit_type	=	"Su-34",
		event_id	=	240,
		weapon	=	"Kh-58U",
		initiator_ws_type1	=	1,
		initiatorMissionID	=	"30",
		initiator_coalition	=	1,
	}, -- end of [28]
	[29] = 
	{
		weapon_type	=	3016756,
		initiatorPilotName	=	"Su-34",
		target_coalition	=	2,
		linked_event_id	=	0,
		targetMissionID	=	"22",
		target_ws_type1	=	2,
		initiator_object_id	=	16777472,
		target	=	"Osa 9A33 ln",
		target_object_id	=	16789248,
		targetPilotName	=	"Osa 9A33 ln",
		type	=	"shot",
		target_unit_type	=	"Osa 9A33 ln",
		t	=	730.54,
		initiator_unit_type	=	"Su-34",
		event_id	=	241,
		weapon	=	"Kh-58U",
		initiator_ws_type1	=	1,
		initiatorMissionID	=	"29",
		initiator_coalition	=	1,
	}, -- end of [29]
	[30] = 
	{
		weapon_type	=	3016756,
		initiatorPilotName	=	"Su-34",
		target_coalition	=	2,
		linked_event_id	=	0,
		targetMissionID	=	"23",
		target_ws_type1	=	2,
		initiator_object_id	=	16777728,
		target	=	"Osa 9A33 ln",
		target_object_id	=	16789504,
		targetPilotName	=	"Osa 9A33 ln",
		type	=	"shot",
		target_unit_type	=	"Osa 9A33 ln",
		t	=	736,
		initiator_unit_type	=	"Su-34",
		event_id	=	242,
		weapon	=	"Kh-58U",
		initiator_ws_type1	=	1,
		initiatorMissionID	=	"30",
		initiator_coalition	=	1,
	}, -- end of [30]
	[31] = 
	{
		weapon_type	=	5579364,
		initiatorPilotName	=	"Osa 9A33 ln",
		target_coalition	=	1,
		linked_event_id	=	0,
		targetMissionID	=	"0",
		target_ws_type1	=	4,
		initiator_object_id	=	16789248,
		target	=	"X_58",
		target_object_id	=	16812032,
		targetPilotName	=	"X_58",
		type	=	"shot",
		target_unit_type	=	"X_58",
		t	=	747.608,
		initiator_unit_type	=	"Osa 9A33 ln",
		event_id	=	243,
		weapon	=	"9M33 Osa (SA-8 Gecko)",
		initiator_ws_type1	=	2,
		initiatorMissionID	=	"22",
		initiator_coalition	=	2,
	}, -- end of [31]
	[32] = 
	{
		weapon_type	=	5579364,
		initiatorPilotName	=	"Osa 9A33 ln",
		target_coalition	=	1,
		linked_event_id	=	0,
		targetMissionID	=	"0",
		target_ws_type1	=	4,
		initiator_object_id	=	16789248,
		target	=	"X_58",
		target_object_id	=	16812032,
		targetPilotName	=	"X_58",
		type	=	"shot",
		target_unit_type	=	"X_58",
		t	=	751.706,
		initiator_unit_type	=	"Osa 9A33 ln",
		event_id	=	244,
		weapon	=	"9M33 Osa (SA-8 Gecko)",
		initiator_ws_type1	=	2,
		initiatorMissionID	=	"22",
		initiator_coalition	=	2,
	}, -- end of [32]
	[33] = 
	{
		weapon_type	=	5579364,
		initiatorPilotName	=	"Osa 9A33 ln",
		target_coalition	=	1,
		linked_event_id	=	243,
		targetMissionID	=	"0",
		target_ws_type1	=	4,
		initiator_object_id	=	16789248,
		target	=	"X_58",
		target_object_id	=	16812032,
		targetPilotName	=	"X_58",
		type	=	"hit",
		target_unit_type	=	"X_58",
		t	=	752.788,
		initiator_unit_type	=	"Osa 9A33 ln",
		event_id	=	245,
		weapon	=	"9M33 Osa (SA-8 Gecko)",
		initiator_ws_type1	=	2,
		initiatorMissionID	=	"22",
		initiator_coalition	=	2,
	}, -- end of [33]
	[34] = 
	{
		weapon_type	=	5579364,
		initiatorPilotName	=	"Osa 9A33 ln",
		target_coalition	=	1,
		linked_event_id	=	245,
		targetMissionID	=	"0",
		target_ws_type1	=	4,
		initiator_object_id	=	16789248,
		target	=	"X_58",
		target_object_id	=	16812032,
		targetPilotName	=	"X_58",
		type	=	"kill",
		target_unit_type	=	"X_58",
		t	=	752.788,
		initiator_unit_type	=	"Osa 9A33 ln",
		event_id	=	247,
		weapon	=	"9M33 Osa (SA-8 Gecko)",
		initiator_ws_type1	=	2,
		initiatorMissionID	=	"22",
		initiator_coalition	=	2,
	}, -- end of [34]
	[35] = 
	{
		type	=	"score",
		initiatorPilotName	=	"Osa 9A33 ln",
		t	=	752.788,
		linked_event_id	=	247,
		initiator_unit_type	=	"Osa 9A33 ln",
		event_id	=	248,
		initiator_object_id	=	16789248,
		amount	=	0,
		comment	=	"general",
		initiator_coalition	=	2,
		initiator_ws_type1	=	2,
		initiatorMissionID	=	"22",
	}, -- end of [35]
	[36] = 
	{
		weapon_type	=	3016756,
		initiatorPilotName	=	"Su-34",
		target_coalition	=	2,
		linked_event_id	=	0,
		targetMissionID	=	"7",
		target_ws_type1	=	2,
		initiator_object_id	=	16777984,
		target	=	"SA-11 Buk SR 9S18M1",
		target_object_id	=	16785920,
		targetPilotName	=	"SA-11 Buk SR 9S18M1",
		type	=	"shot",
		target_unit_type	=	"SA-11 Buk SR 9S18M1",
		t	=	840.7,
		initiator_unit_type	=	"Su-34",
		event_id	=	254,
		weapon	=	"Kh-58U",
		initiator_ws_type1	=	1,
		initiatorMissionID	=	"78",
		initiator_coalition	=	1,
	}, -- end of [36]
	[37] = 
	{
		weapon_type	=	3016756,
		initiatorPilotName	=	"Su-34",
		target_coalition	=	2,
		linked_event_id	=	0,
		targetMissionID	=	"23",
		target_ws_type1	=	2,
		initiator_object_id	=	16777984,
		target	=	"Osa 9A33 ln",
		target_object_id	=	16789504,
		targetPilotName	=	"Osa 9A33 ln",
		type	=	"shot",
		target_unit_type	=	"Osa 9A33 ln",
		t	=	846.74,
		initiator_unit_type	=	"Su-34",
		event_id	=	261,
		weapon	=	"Kh-58U",
		initiator_ws_type1	=	1,
		initiatorMissionID	=	"78",
		initiator_coalition	=	1,
	}, -- end of [37]
	[38] = 
	{
		weapon_type	=	3016756,
		initiatorPilotName	=	"Su-34",
		target_coalition	=	2,
		linked_event_id	=	0,
		targetMissionID	=	"22",
		target_ws_type1	=	2,
		initiator_object_id	=	16777728,
		target	=	"Osa 9A33 ln",
		target_object_id	=	16789248,
		targetPilotName	=	"Osa 9A33 ln",
		type	=	"shot",
		target_unit_type	=	"Osa 9A33 ln",
		t	=	864.82,
		initiator_unit_type	=	"Su-34",
		event_id	=	262,
		weapon	=	"Kh-58U",
		initiator_ws_type1	=	1,
		initiatorMissionID	=	"30",
		initiator_coalition	=	1,
	}, -- end of [38]
	[39] = 
	{
		weapon_type	=	5579364,
		initiatorPilotName	=	"Osa 9A33 ln",
		target_coalition	=	1,
		linked_event_id	=	0,
		targetMissionID	=	"0",
		target_ws_type1	=	4,
		initiator_object_id	=	16789248,
		target	=	"X_58",
		target_object_id	=	16812288,
		targetPilotName	=	"X_58",
		type	=	"shot",
		target_unit_type	=	"X_58",
		t	=	873.58,
		initiator_unit_type	=	"Osa 9A33 ln",
		event_id	=	263,
		weapon	=	"9M33 Osa (SA-8 Gecko)",
		initiator_ws_type1	=	2,
		initiatorMissionID	=	"22",
		initiator_coalition	=	2,
	}, -- end of [39]
	[40] = 
	{
		weapon_type	=	5579364,
		initiatorPilotName	=	"Osa 9A33 ln",
		target_coalition	=	1,
		linked_event_id	=	0,
		targetMissionID	=	"0",
		target_ws_type1	=	4,
		initiator_object_id	=	16789248,
		target	=	"X_58",
		target_object_id	=	16812288,
		targetPilotName	=	"X_58",
		type	=	"shot",
		target_unit_type	=	"X_58",
		t	=	877.83,
		initiator_unit_type	=	"Osa 9A33 ln",
		event_id	=	264,
		weapon	=	"9M33 Osa (SA-8 Gecko)",
		initiator_ws_type1	=	2,
		initiatorMissionID	=	"22",
		initiator_coalition	=	2,
	}, -- end of [40]
	[41] = 
	{
		weapon_type	=	5579364,
		initiatorPilotName	=	"Osa 9A33 ln",
		target_coalition	=	1,
		linked_event_id	=	263,
		targetMissionID	=	"0",
		target_ws_type1	=	4,
		initiator_object_id	=	16789248,
		target	=	"X_58",
		target_object_id	=	16812288,
		targetPilotName	=	"X_58",
		type	=	"hit",
		target_unit_type	=	"X_58",
		t	=	879.39,
		initiator_unit_type	=	"Osa 9A33 ln",
		event_id	=	265,
		weapon	=	"9M33 Osa (SA-8 Gecko)",
		initiator_ws_type1	=	2,
		initiatorMissionID	=	"22",
		initiator_coalition	=	2,
	}, -- end of [41]
	[42] = 
	{
		weapon_type	=	5579364,
		initiatorPilotName	=	"Osa 9A33 ln",
		target_coalition	=	1,
		linked_event_id	=	265,
		targetMissionID	=	"0",
		target_ws_type1	=	4,
		initiator_object_id	=	16789248,
		target	=	"X_58",
		target_object_id	=	16812288,
		targetPilotName	=	"X_58",
		type	=	"kill",
		target_unit_type	=	"X_58",
		t	=	879.39,
		initiator_unit_type	=	"Osa 9A33 ln",
		event_id	=	267,
		weapon	=	"9M33 Osa (SA-8 Gecko)",
		initiator_ws_type1	=	2,
		initiatorMissionID	=	"22",
		initiator_coalition	=	2,
	}, -- end of [42]
	[43] = 
	{
		type	=	"score",
		initiatorPilotName	=	"Osa 9A33 ln",
		t	=	879.39,
		linked_event_id	=	267,
		initiator_unit_type	=	"Osa 9A33 ln",
		event_id	=	268,
		initiator_object_id	=	16789248,
		amount	=	0,
		comment	=	"general",
		initiator_coalition	=	2,
		initiator_ws_type1	=	2,
		initiatorMissionID	=	"22",
	}, -- end of [43]
	[44] = 
	{
		weapon_type	=	3016756,
		initiatorPilotName	=	"Su-34",
		target_coalition	=	2,
		linked_event_id	=	0,
		targetMissionID	=	"22",
		target_ws_type1	=	2,
		initiator_object_id	=	16777728,
		target	=	"Osa 9A33 ln",
		target_object_id	=	16789248,
		targetPilotName	=	"Osa 9A33 ln",
		type	=	"shot",
		target_unit_type	=	"Osa 9A33 ln",
		t	=	1003.52,
		initiator_unit_type	=	"Su-34",
		event_id	=	270,
		weapon	=	"Kh-58U",
		initiator_ws_type1	=	1,
		initiatorMissionID	=	"30",
		initiator_coalition	=	1,
	}, -- end of [44]
	[45] = 
	{
		weapon_type	=	5579364,
		initiatorPilotName	=	"Osa 9A33 ln",
		target_coalition	=	1,
		linked_event_id	=	0,
		targetMissionID	=	"0",
		target_ws_type1	=	4,
		initiator_object_id	=	16789248,
		target	=	"X_58",
		target_object_id	=	16813568,
		targetPilotName	=	"X_58",
		type	=	"shot",
		target_unit_type	=	"X_58",
		t	=	1007.426,
		initiator_unit_type	=	"Osa 9A33 ln",
		event_id	=	271,
		weapon	=	"9M33 Osa (SA-8 Gecko)",
		initiator_ws_type1	=	2,
		initiatorMissionID	=	"22",
		initiator_coalition	=	2,
	}, -- end of [45]
	[46] = 
	{
		weapon_type	=	5579364,
		initiatorPilotName	=	"Osa 9A33 ln",
		target_coalition	=	1,
		linked_event_id	=	0,
		targetMissionID	=	"0",
		target_ws_type1	=	4,
		initiator_object_id	=	16789248,
		target	=	"X_58",
		target_object_id	=	16813568,
		targetPilotName	=	"X_58",
		type	=	"shot",
		target_unit_type	=	"X_58",
		t	=	1011.542,
		initiator_unit_type	=	"Osa 9A33 ln",
		event_id	=	272,
		weapon	=	"9M33 Osa (SA-8 Gecko)",
		initiator_ws_type1	=	2,
		initiatorMissionID	=	"22",
		initiator_coalition	=	2,
	}, -- end of [46]
	[47] = 
	{
		weapon_type	=	5579364,
		initiatorPilotName	=	"Osa 9A33 ln",
		target_coalition	=	1,
		linked_event_id	=	271,
		targetMissionID	=	"0",
		target_ws_type1	=	4,
		initiator_object_id	=	16789248,
		target	=	"X_58",
		target_object_id	=	16813568,
		targetPilotName	=	"X_58",
		type	=	"hit",
		target_unit_type	=	"X_58",
		t	=	1013.766,
		initiator_unit_type	=	"Osa 9A33 ln",
		event_id	=	273,
		weapon	=	"9M33 Osa (SA-8 Gecko)",
		initiator_ws_type1	=	2,
		initiatorMissionID	=	"22",
		initiator_coalition	=	2,
	}, -- end of [47]
	[48] = 
	{
		weapon_type	=	5579364,
		initiatorPilotName	=	"Osa 9A33 ln",
		target_coalition	=	1,
		linked_event_id	=	273,
		targetMissionID	=	"0",
		target_ws_type1	=	4,
		initiator_object_id	=	16789248,
		target	=	"X_58",
		target_object_id	=	16813568,
		targetPilotName	=	"X_58",
		type	=	"kill",
		target_unit_type	=	"X_58",
		t	=	1013.766,
		initiator_unit_type	=	"Osa 9A33 ln",
		event_id	=	275,
		weapon	=	"9M33 Osa (SA-8 Gecko)",
		initiator_ws_type1	=	2,
		initiatorMissionID	=	"22",
		initiator_coalition	=	2,
	}, -- end of [48]
	[49] = 
	{
		type	=	"score",
		initiatorPilotName	=	"Osa 9A33 ln",
		t	=	1013.766,
		linked_event_id	=	275,
		initiator_unit_type	=	"Osa 9A33 ln",
		event_id	=	276,
		initiator_object_id	=	16789248,
		amount	=	0,
		comment	=	"general",
		initiator_coalition	=	2,
		initiator_ws_type1	=	2,
		initiatorMissionID	=	"22",
	}, -- end of [49]
	[50] = 
	{
		weapon_type	=	3016756,
		initiatorPilotName	=	"Su-34",
		target_coalition	=	2,
		linked_event_id	=	0,
		targetMissionID	=	"7",
		target_ws_type1	=	2,
		initiator_object_id	=	16777984,
		target	=	"SA-11 Buk SR 9S18M1",
		target_object_id	=	16785920,
		targetPilotName	=	"SA-11 Buk SR 9S18M1",
		type	=	"shot",
		target_unit_type	=	"SA-11 Buk SR 9S18M1",
		t	=	1025,
		initiator_unit_type	=	"Su-34",
		event_id	=	278,
		weapon	=	"Kh-58U",
		initiator_ws_type1	=	1,
		initiatorMissionID	=	"78",
		initiator_coalition	=	1,
	}, -- end of [50]
	[51] = 
	{
		weapon_type	=	3016756,
		initiatorPilotName	=	"Su-34",
		target_coalition	=	2,
		linked_event_id	=	0,
		targetMissionID	=	"23",
		target_ws_type1	=	2,
		initiator_object_id	=	16777984,
		target	=	"Osa 9A33 ln",
		target_object_id	=	16789504,
		targetPilotName	=	"Osa 9A33 ln",
		type	=	"shot",
		target_unit_type	=	"Osa 9A33 ln",
		t	=	1078.18,
		initiator_unit_type	=	"Su-34",
		event_id	=	279,
		weapon	=	"Kh-58U",
		initiator_ws_type1	=	1,
		initiatorMissionID	=	"78",
		initiator_coalition	=	1,
	}, -- end of [51]
	[52] = 
	{
		weapon_type	=	3082292,
		initiatorPilotName	=	"Su-25T",
		target_coalition	=	2,
		linked_event_id	=	0,
		targetMissionID	=	"22",
		target_ws_type1	=	2,
		initiator_object_id	=	16792832,
		target	=	"Osa 9A33 ln",
		target_object_id	=	16789248,
		targetPilotName	=	"Osa 9A33 ln",
		type	=	"shot",
		target_unit_type	=	"Osa 9A33 ln",
		t	=	1121.66,
		initiator_unit_type	=	"Su-25T",
		event_id	=	280,
		weapon	=	"Kh-25MP",
		initiator_ws_type1	=	1,
		initiatorMissionID	=	"27",
		initiator_coalition	=	1,
	}, -- end of [52]
	[53] = 
	{
		weapon_type	=	3082292,
		initiatorPilotName	=	"Su-25T",
		target_coalition	=	2,
		linked_event_id	=	0,
		targetMissionID	=	"23",
		target_ws_type1	=	2,
		initiator_object_id	=	16792832,
		target	=	"Osa 9A33 ln",
		target_object_id	=	16789504,
		targetPilotName	=	"Osa 9A33 ln",
		type	=	"shot",
		target_unit_type	=	"Osa 9A33 ln",
		t	=	1130.16,
		initiator_unit_type	=	"Su-25T",
		event_id	=	281,
		weapon	=	"Kh-25MP",
		initiator_ws_type1	=	1,
		initiatorMissionID	=	"27",
		initiator_coalition	=	1,
	}, -- end of [53]
	[54] = 
	{
		weapon_type	=	5579364,
		initiatorPilotName	=	"Osa 9A33 ln",
		target_coalition	=	1,
		linked_event_id	=	0,
		targetMissionID	=	"0",
		target_ws_type1	=	4,
		initiator_object_id	=	16789504,
		target	=	"X_25MP",
		target_object_id	=	16816128,
		targetPilotName	=	"X_25MP",
		type	=	"shot",
		target_unit_type	=	"X_25MP",
		t	=	1190.171,
		initiator_unit_type	=	"Osa 9A33 ln",
		event_id	=	282,
		weapon	=	"9M33 Osa (SA-8 Gecko)",
		initiator_ws_type1	=	2,
		initiatorMissionID	=	"23",
		initiator_coalition	=	2,
	}, -- end of [54]
	[55] = 
	{
		weapon_type	=	5579364,
		initiatorPilotName	=	"Osa 9A33 ln",
		target_coalition	=	1,
		linked_event_id	=	0,
		targetMissionID	=	"0",
		target_ws_type1	=	4,
		initiator_object_id	=	16789504,
		target	=	"X_25MP",
		target_object_id	=	16816128,
		targetPilotName	=	"X_25MP",
		type	=	"shot",
		target_unit_type	=	"X_25MP",
		t	=	1194.569,
		initiator_unit_type	=	"Osa 9A33 ln",
		event_id	=	283,
		weapon	=	"9M33 Osa (SA-8 Gecko)",
		initiator_ws_type1	=	2,
		initiatorMissionID	=	"23",
		initiator_coalition	=	2,
	}, -- end of [55]
	[56] = 
	{
		weapon_type	=	5579364,
		initiatorPilotName	=	"Osa 9A33 ln",
		target_coalition	=	1,
		linked_event_id	=	282,
		targetMissionID	=	"0",
		target_ws_type1	=	4,
		initiator_object_id	=	16789504,
		target	=	"X_25MP",
		target_object_id	=	16816128,
		targetPilotName	=	"X_25MP",
		type	=	"hit",
		target_unit_type	=	"X_25MP",
		t	=	1196.571,
		initiator_unit_type	=	"Osa 9A33 ln",
		event_id	=	284,
		weapon	=	"9M33 Osa (SA-8 Gecko)",
		initiator_ws_type1	=	2,
		initiatorMissionID	=	"23",
		initiator_coalition	=	2,
	}, -- end of [56]
	[57] = 
	{
		weapon_type	=	5579364,
		initiatorPilotName	=	"Osa 9A33 ln",
		target_coalition	=	1,
		linked_event_id	=	284,
		targetMissionID	=	"0",
		target_ws_type1	=	4,
		initiator_object_id	=	16789504,
		target	=	"X_25MP",
		target_object_id	=	16816128,
		targetPilotName	=	"X_25MP",
		type	=	"kill",
		target_unit_type	=	"X_25MP",
		t	=	1196.571,
		initiator_unit_type	=	"Osa 9A33 ln",
		event_id	=	286,
		weapon	=	"9M33 Osa (SA-8 Gecko)",
		initiator_ws_type1	=	2,
		initiatorMissionID	=	"23",
		initiator_coalition	=	2,
	}, -- end of [57]
	[58] = 
	{
		type	=	"score",
		initiatorPilotName	=	"Osa 9A33 ln",
		t	=	1196.571,
		linked_event_id	=	286,
		initiator_unit_type	=	"Osa 9A33 ln",
		event_id	=	287,
		initiator_object_id	=	16789504,
		amount	=	0,
		comment	=	"general",
		initiator_coalition	=	2,
		initiator_ws_type1	=	2,
		initiatorMissionID	=	"23",
	}, -- end of [58]
	[59] = 
	{
		weapon_type	=	3082292,
		initiatorPilotName	=	"Su-25T",
		target_coalition	=	2,
		linked_event_id	=	281,
		targetMissionID	=	"23",
		target_ws_type1	=	2,
		initiator_object_id	=	16792832,
		target	=	"Osa 9A33 ln",
		target_object_id	=	16789504,
		targetPilotName	=	"Osa 9A33 ln",
		type	=	"hit",
		target_unit_type	=	"Osa 9A33 ln",
		t	=	1210.14,
		initiator_unit_type	=	"Su-25T",
		event_id	=	289,
		weapon	=	"Kh-25MP",
		initiator_ws_type1	=	1,
		initiatorMissionID	=	"27",
		initiator_coalition	=	1,
	}, -- end of [59]
	[60] = 
	{
		weapon_type	=	3082292,
		initiatorPilotName	=	"Su-25T",
		target_coalition	=	2,
		linked_event_id	=	289,
		targetMissionID	=	"23",
		target_ws_type1	=	2,
		initiator_object_id	=	16792832,
		target	=	"Osa 9A33 ln",
		target_object_id	=	16789504,
		targetPilotName	=	"Osa 9A33 ln",
		type	=	"kill",
		target_unit_type	=	"Osa 9A33 ln",
		t	=	1210.14,
		initiator_unit_type	=	"Su-25T",
		event_id	=	291,
		weapon	=	"Kh-25MP",
		initiator_ws_type1	=	1,
		initiatorMissionID	=	"27",
		initiator_coalition	=	1,
	}, -- end of [60]
	[61] = 
	{
		type	=	"score",
		initiatorPilotName	=	"Su-25T",
		t	=	1210.14,
		linked_event_id	=	291,
		initiator_unit_type	=	"Su-25T",
		event_id	=	292,
		initiator_object_id	=	16792832,
		amount	=	15,
		comment	=	"ground",
		initiator_coalition	=	1,
		initiator_ws_type1	=	1,
		initiatorMissionID	=	"27",
	}, -- end of [61]
	[62] = 
	{
		weapon_type	=	3082292,
		initiatorPilotName	=	"Su-25T",
		target_coalition	=	2,
		linked_event_id	=	0,
		targetMissionID	=	"23",
		target_ws_type1	=	2,
		initiator_object_id	=	16792832,
		target	=	"Osa 9A33 ln",
		target_object_id	=	16789504,
		targetPilotName	=	"Osa 9A33 ln",
		type	=	"bda",
		target_unit_type	=	"Osa 9A33 ln",
		t	=	1210.14,
		initiator_unit_type	=	"Su-25T",
		event_id	=	294,
		weapon	=	"Kh-25MP",
		initiator_ws_type1	=	1,
		initiatorMissionID	=	"27",
		initiator_coalition	=	1,
	}, -- end of [62]
	[63] = 
	{
		weapon_type	=	3016756,
		initiatorPilotName	=	"Su-34",
		target_coalition	=	2,
		linked_event_id	=	0,
		targetMissionID	=	"22",
		target_ws_type1	=	2,
		initiator_object_id	=	16777472,
		target	=	"Osa 9A33 ln",
		target_object_id	=	16789248,
		targetPilotName	=	"Osa 9A33 ln",
		type	=	"shot",
		target_unit_type	=	"Osa 9A33 ln",
		t	=	1233.3,
		initiator_unit_type	=	"Su-34",
		event_id	=	420,
		weapon	=	"Kh-58U",
		initiator_ws_type1	=	1,
		initiatorMissionID	=	"29",
		initiator_coalition	=	1,
	}, -- end of [63]
	[64] = 
	{
		weapon_type	=	3016756,
		initiatorPilotName	=	"Su-34",
		target_coalition	=	2,
		linked_event_id	=	0,
		targetMissionID	=	"7",
		target_ws_type1	=	2,
		initiator_object_id	=	16777472,
		target	=	"SA-11 Buk SR 9S18M1",
		target_object_id	=	16785920,
		targetPilotName	=	"SA-11 Buk SR 9S18M1",
		type	=	"shot",
		target_unit_type	=	"SA-11 Buk SR 9S18M1",
		t	=	1239.34,
		initiator_unit_type	=	"Su-34",
		event_id	=	421,
		weapon	=	"Kh-58U",
		initiator_ws_type1	=	1,
		initiatorMissionID	=	"29",
		initiator_coalition	=	1,
	}, -- end of [64]
	[65] = 
	{
		initiatorPilotName	=	"ZSU-23-4 Shilka",
		target_coalition	=	1,
		linked_event_id	=	0,
		targetMissionID	=	"0",
		target_ws_type1	=	4,
		initiator_object_id	=	16787712,
		target	=	"X_58",
		target_object_id	=	16814848,
		targetPilotName	=	"X_58",
		type	=	"start shooting",
		target_unit_type	=	"X_58",
		t	=	1256.498,
		initiator_unit_type	=	"ZSU-23-4 Shilka",
		event_id	=	422,
		weapon	=	"2A14_4",
		initiator_ws_type1	=	2,
		initiatorMissionID	=	"16",
		initiator_coalition	=	2,
	}, -- end of [65]
	[66] = 
	{
		initiatorPilotName	=	"ZSU-23-4 Shilka",
		target_coalition	=	1,
		linked_event_id	=	0,
		targetMissionID	=	"0",
		target_ws_type1	=	4,
		initiator_object_id	=	16787968,
		target	=	"X_58",
		target_object_id	=	16814848,
		targetPilotName	=	"X_58",
		type	=	"start shooting",
		target_unit_type	=	"X_58",
		t	=	1257.818,
		initiator_unit_type	=	"ZSU-23-4 Shilka",
		event_id	=	423,
		weapon	=	"2A14_4",
		initiator_ws_type1	=	2,
		initiatorMissionID	=	"17",
		initiator_coalition	=	2,
	}, -- end of [66]
	[67] = 
	{
		weapon_type	=	2566,
		type	=	"end shooting",
		initiatorPilotName	=	"ZSU-23-4 Shilka",
		t	=	1258.574,
		linked_event_id	=	0,
		initiator_unit_type	=	"ZSU-23-4 Shilka",
		event_id	=	424,
		initiator_object_id	=	16787712,
		weapon	=	"2A14_4",
		ammo_consumption	=	0,
		initiator_coalition	=	2,
		initiator_ws_type1	=	2,
		initiatorMissionID	=	"16",
	}, -- end of [67]
	[68] = 
	{
		weapon_type	=	2566,
		type	=	"end shooting",
		initiatorPilotName	=	"ZSU-23-4 Shilka",
		t	=	1260.043,
		linked_event_id	=	0,
		initiator_unit_type	=	"ZSU-23-4 Shilka",
		event_id	=	425,
		initiator_object_id	=	16787968,
		weapon	=	"2A14_4",
		ammo_consumption	=	0,
		initiator_coalition	=	2,
		initiator_ws_type1	=	2,
		initiatorMissionID	=	"17",
	}, -- end of [68]
	[69] = 
	{
		type	=	"score",
		initiatorPilotName	=	"Su-34",
		t	=	1260.46,
		linked_event_id	=	481,
		initiator_unit_type	=	"Su-34",
		event_id	=	482,
		initiator_object_id	=	16777728,
		amount	=	0,
		comment	=	"general",
		initiator_coalition	=	1,
		initiator_ws_type1	=	1,
		initiatorMissionID	=	"30",
	}, -- end of [69]
	[70] = 
	{
		type	=	"score",
		initiatorPilotName	=	"Su-34",
		t	=	1260.46,
		linked_event_id	=	582,
		initiator_unit_type	=	"Su-34",
		event_id	=	583,
		initiator_object_id	=	16777728,
		amount	=	0,
		comment	=	"general",
		initiator_coalition	=	1,
		initiator_ws_type1	=	1,
		initiatorMissionID	=	"30",
	}, -- end of [70]
	[71] = 
	{
		type	=	"score",
		initiatorPilotName	=	"Su-34",
		t	=	1260.46,
		linked_event_id	=	587,
		initiator_unit_type	=	"Su-34",
		event_id	=	588,
		initiator_object_id	=	16777728,
		amount	=	0,
		comment	=	"general",
		initiator_coalition	=	1,
		initiator_ws_type1	=	1,
		initiatorMissionID	=	"30",
	}, -- end of [71]
	[72] = 
	{
		type	=	"score",
		initiatorPilotName	=	"Su-34",
		t	=	1260.46,
		linked_event_id	=	592,
		initiator_unit_type	=	"Su-34",
		event_id	=	593,
		initiator_object_id	=	16777728,
		amount	=	0,
		comment	=	"general",
		initiator_coalition	=	1,
		initiator_ws_type1	=	1,
		initiatorMissionID	=	"30",
	}, -- end of [72]
	[73] = 
	{
		type	=	"score",
		initiatorPilotName	=	"Su-34",
		t	=	1260.46,
		linked_event_id	=	597,
		initiator_unit_type	=	"Su-34",
		event_id	=	598,
		initiator_object_id	=	16777728,
		amount	=	0,
		comment	=	"general",
		initiator_coalition	=	1,
		initiator_ws_type1	=	1,
		initiatorMissionID	=	"30",
	}, -- end of [73]
	[74] = 
	{
		type	=	"score",
		initiatorPilotName	=	"Su-34",
		t	=	1260.46,
		linked_event_id	=	602,
		initiator_unit_type	=	"Su-34",
		event_id	=	603,
		initiator_object_id	=	16777728,
		amount	=	0,
		comment	=	"general",
		initiator_coalition	=	1,
		initiator_ws_type1	=	1,
		initiatorMissionID	=	"30",
	}, -- end of [74]
	[75] = 
	{
		type	=	"score",
		initiatorPilotName	=	"Su-34",
		t	=	1260.46,
		linked_event_id	=	607,
		initiator_unit_type	=	"Su-34",
		event_id	=	608,
		initiator_object_id	=	16777728,
		amount	=	0,
		comment	=	"general",
		initiator_coalition	=	1,
		initiator_ws_type1	=	1,
		initiatorMissionID	=	"30",
	}, -- end of [75]
	[76] = 
	{
		type	=	"score",
		initiatorPilotName	=	"Su-34",
		t	=	1260.46,
		linked_event_id	=	612,
		initiator_unit_type	=	"Su-34",
		event_id	=	613,
		initiator_object_id	=	16777728,
		amount	=	0,
		comment	=	"general",
		initiator_coalition	=	1,
		initiator_ws_type1	=	1,
		initiatorMissionID	=	"30",
	}, -- end of [76]
	[77] = 
	{
		type	=	"score",
		initiatorPilotName	=	"Su-34",
		t	=	1260.46,
		linked_event_id	=	617,
		initiator_unit_type	=	"Su-34",
		event_id	=	618,
		initiator_object_id	=	16777728,
		amount	=	0,
		comment	=	"general",
		initiator_coalition	=	1,
		initiator_ws_type1	=	1,
		initiatorMissionID	=	"30",
	}, -- end of [77]
	[78] = 
	{
		type	=	"score",
		initiatorPilotName	=	"Su-34",
		t	=	1260.46,
		linked_event_id	=	622,
		initiator_unit_type	=	"Su-34",
		event_id	=	623,
		initiator_object_id	=	16777728,
		amount	=	0,
		comment	=	"general",
		initiator_coalition	=	1,
		initiator_ws_type1	=	1,
		initiatorMissionID	=	"30",
	}, -- end of [78]
	[79] = 
	{
		type	=	"score",
		initiatorPilotName	=	"Su-34",
		t	=	1260.46,
		linked_event_id	=	627,
		initiator_unit_type	=	"Su-34",
		event_id	=	628,
		initiator_object_id	=	16777728,
		amount	=	0,
		comment	=	"general",
		initiator_coalition	=	1,
		initiator_ws_type1	=	1,
		initiatorMissionID	=	"30",
	}, -- end of [79]
	[80] = 
	{
		type	=	"score",
		initiatorPilotName	=	"Su-34",
		t	=	1260.46,
		linked_event_id	=	632,
		initiator_unit_type	=	"Su-34",
		event_id	=	633,
		initiator_object_id	=	16777728,
		amount	=	0,
		comment	=	"general",
		initiator_coalition	=	1,
		initiator_ws_type1	=	1,
		initiatorMissionID	=	"30",
	}, -- end of [80]
	[81] = 
	{
		type	=	"score",
		initiatorPilotName	=	"Su-34",
		t	=	1260.46,
		linked_event_id	=	637,
		initiator_unit_type	=	"Su-34",
		event_id	=	638,
		initiator_object_id	=	16777728,
		amount	=	0,
		comment	=	"general",
		initiator_coalition	=	1,
		initiator_ws_type1	=	1,
		initiatorMissionID	=	"30",
	}, -- end of [81]
	[82] = 
	{
		type	=	"score",
		initiatorPilotName	=	"Su-34",
		t	=	1260.46,
		linked_event_id	=	642,
		initiator_unit_type	=	"Su-34",
		event_id	=	643,
		initiator_object_id	=	16777728,
		amount	=	0,
		comment	=	"general",
		initiator_coalition	=	1,
		initiator_ws_type1	=	1,
		initiatorMissionID	=	"30",
	}, -- end of [82]
	[83] = 
	{
		type	=	"score",
		initiatorPilotName	=	"Su-34",
		t	=	1260.46,
		linked_event_id	=	647,
		initiator_unit_type	=	"Su-34",
		event_id	=	648,
		initiator_object_id	=	16777728,
		amount	=	0,
		comment	=	"general",
		initiator_coalition	=	1,
		initiator_ws_type1	=	1,
		initiatorMissionID	=	"30",
	}, -- end of [83]
	[84] = 
	{
		type	=	"score",
		initiatorPilotName	=	"Su-34",
		t	=	1260.46,
		linked_event_id	=	652,
		initiator_unit_type	=	"Su-34",
		event_id	=	653,
		initiator_object_id	=	16777728,
		amount	=	0,
		comment	=	"general",
		initiator_coalition	=	1,
		initiator_ws_type1	=	1,
		initiatorMissionID	=	"30",
	}, -- end of [84]
	[85] = 
	{
		type	=	"score",
		initiatorPilotName	=	"Su-34",
		t	=	1260.46,
		linked_event_id	=	657,
		initiator_unit_type	=	"Su-34",
		event_id	=	658,
		initiator_object_id	=	16777728,
		amount	=	0,
		comment	=	"general",
		initiator_coalition	=	1,
		initiator_ws_type1	=	1,
		initiatorMissionID	=	"30",
	}, -- end of [85]
	[86] = 
	{
		type	=	"score",
		initiatorPilotName	=	"Su-34",
		t	=	1260.46,
		linked_event_id	=	662,
		initiator_unit_type	=	"Su-34",
		event_id	=	663,
		initiator_object_id	=	16777728,
		amount	=	0,
		comment	=	"general",
		initiator_coalition	=	1,
		initiator_ws_type1	=	1,
		initiatorMissionID	=	"30",
	}, -- end of [86]
	[87] = 
	{
		type	=	"score",
		initiatorPilotName	=	"Su-34",
		t	=	1260.46,
		linked_event_id	=	667,
		initiator_unit_type	=	"Su-34",
		event_id	=	668,
		initiator_object_id	=	16777728,
		amount	=	0,
		comment	=	"general",
		initiator_coalition	=	1,
		initiator_ws_type1	=	1,
		initiatorMissionID	=	"30",
	}, -- end of [87]
	[88] = 
	{
		type	=	"score",
		initiatorPilotName	=	"Su-34",
		t	=	1260.46,
		linked_event_id	=	728,
		initiator_unit_type	=	"Su-34",
		event_id	=	729,
		initiator_object_id	=	16777728,
		amount	=	0,
		comment	=	"general",
		initiator_coalition	=	1,
		initiator_ws_type1	=	1,
		initiatorMissionID	=	"30",
	}, -- end of [88]
	[89] = 
	{
		type	=	"score",
		initiatorPilotName	=	"Su-34",
		t	=	1260.46,
		linked_event_id	=	733,
		initiator_unit_type	=	"Su-34",
		event_id	=	734,
		initiator_object_id	=	16777728,
		amount	=	0,
		comment	=	"general",
		initiator_coalition	=	1,
		initiator_ws_type1	=	1,
		initiatorMissionID	=	"30",
	}, -- end of [89]
	[90] = 
	{
		initiatorPilotName	=	"ZSU-23-4 Shilka",
		target_coalition	=	1,
		linked_event_id	=	0,
		targetMissionID	=	"0",
		target_ws_type1	=	4,
		initiator_object_id	=	16787712,
		target	=	"X_58",
		target_object_id	=	16815616,
		targetPilotName	=	"X_58",
		type	=	"start shooting",
		target_unit_type	=	"X_58",
		t	=	1303.438,
		initiator_unit_type	=	"ZSU-23-4 Shilka",
		event_id	=	736,
		weapon	=	"2A14_4",
		initiator_ws_type1	=	2,
		initiatorMissionID	=	"16",
		initiator_coalition	=	2,
	}, -- end of [90]
	[91] = 
	{
		weapon_type	=	2566,
		type	=	"end shooting",
		initiatorPilotName	=	"ZSU-23-4 Shilka",
		t	=	1305.336,
		linked_event_id	=	0,
		initiator_unit_type	=	"ZSU-23-4 Shilka",
		event_id	=	737,
		initiator_object_id	=	16787712,
		weapon	=	"2A14_4",
		ammo_consumption	=	0,
		initiator_coalition	=	2,
		initiator_ws_type1	=	2,
		initiatorMissionID	=	"16",
	}, -- end of [91]
	[92] = 
	{
		initiatorPilotName	=	"ZSU-23-4 Shilka",
		target_coalition	=	1,
		linked_event_id	=	0,
		targetMissionID	=	"0",
		target_ws_type1	=	4,
		initiator_object_id	=	16787968,
		target	=	"X_58",
		target_object_id	=	16815616,
		targetPilotName	=	"X_58",
		type	=	"start shooting",
		target_unit_type	=	"X_58",
		t	=	1305.678,
		initiator_unit_type	=	"ZSU-23-4 Shilka",
		event_id	=	738,
		weapon	=	"2A14_4",
		initiator_ws_type1	=	2,
		initiatorMissionID	=	"17",
		initiator_coalition	=	2,
	}, -- end of [92]
	[93] = 
	{
		weapon_type	=	2566,
		type	=	"end shooting",
		initiatorPilotName	=	"ZSU-23-4 Shilka",
		t	=	1306.378,
		linked_event_id	=	0,
		initiator_unit_type	=	"ZSU-23-4 Shilka",
		event_id	=	743,
		initiator_object_id	=	16787968,
		weapon	=	"2A14_4",
		ammo_consumption	=	0,
		initiator_coalition	=	2,
		initiator_ws_type1	=	2,
		initiatorMissionID	=	"17",
	}, -- end of [93]
	[94] = 
	{
		initiatorPilotName	=	"ZSU-23-4 Shilka",
		target_coalition	=	1,
		linked_event_id	=	0,
		targetMissionID	=	"0",
		target_ws_type1	=	4,
		initiator_object_id	=	16787712,
		target	=	"X_58",
		target_object_id	=	16815872,
		targetPilotName	=	"X_58",
		type	=	"start shooting",
		target_unit_type	=	"X_58",
		t	=	1323.798,
		initiator_unit_type	=	"ZSU-23-4 Shilka",
		event_id	=	744,
		weapon	=	"2A14_4",
		initiator_ws_type1	=	2,
		initiatorMissionID	=	"16",
		initiator_coalition	=	2,
	}, -- end of [94]
	[95] = 
	{
		initiatorPilotName	=	"ZSU-23-4 Shilka",
		target_coalition	=	1,
		linked_event_id	=	0,
		targetMissionID	=	"0",
		target_ws_type1	=	4,
		initiator_object_id	=	16787968,
		target	=	"X_58",
		target_object_id	=	16815872,
		targetPilotName	=	"X_58",
		type	=	"start shooting",
		target_unit_type	=	"X_58",
		t	=	1325.318,
		initiator_unit_type	=	"ZSU-23-4 Shilka",
		event_id	=	745,
		weapon	=	"2A14_4",
		initiator_ws_type1	=	2,
		initiatorMissionID	=	"17",
		initiator_coalition	=	2,
	}, -- end of [95]
	[96] = 
	{
		weapon_type	=	2566,
		type	=	"end shooting",
		initiatorPilotName	=	"ZSU-23-4 Shilka",
		t	=	1325.965,
		linked_event_id	=	0,
		initiator_unit_type	=	"ZSU-23-4 Shilka",
		event_id	=	746,
		initiator_object_id	=	16787712,
		weapon	=	"2A14_4",
		ammo_consumption	=	0,
		initiator_coalition	=	2,
		initiator_ws_type1	=	2,
		initiatorMissionID	=	"16",
	}, -- end of [96]
	[97] = 
	{
		weapon_type	=	2566,
		type	=	"end shooting",
		initiatorPilotName	=	"ZSU-23-4 Shilka",
		t	=	1327.631,
		linked_event_id	=	0,
		initiator_unit_type	=	"ZSU-23-4 Shilka",
		event_id	=	747,
		initiator_object_id	=	16787968,
		weapon	=	"2A14_4",
		ammo_consumption	=	0,
		initiator_coalition	=	2,
		initiator_ws_type1	=	2,
		initiatorMissionID	=	"17",
	}, -- end of [97]
	[98] = 
	{
		weapon_type	=	3016756,
		initiatorPilotName	=	"Su-34",
		target_coalition	=	2,
		linked_event_id	=	279,
		targetMissionID	=	"22",
		target_ws_type1	=	2,
		initiator_object_id	=	16777984,
		target	=	"Osa 9A33 ln",
		target_object_id	=	16789248,
		targetPilotName	=	"Osa 9A33 ln",
		type	=	"hit",
		target_unit_type	=	"Osa 9A33 ln",
		t	=	1327.78,
		initiator_unit_type	=	"Su-34",
		event_id	=	748,
		weapon	=	"Kh-58U",
		initiator_ws_type1	=	1,
		initiatorMissionID	=	"78",
		initiator_coalition	=	1,
	}, -- end of [98]
	[99] = 
	{
		weapon_type	=	3016756,
		initiatorPilotName	=	"Su-34",
		target_coalition	=	2,
		linked_event_id	=	748,
		targetMissionID	=	"22",
		target_ws_type1	=	2,
		initiator_object_id	=	16777984,
		target	=	"Osa 9A33 ln",
		target_object_id	=	16789248,
		targetPilotName	=	"Osa 9A33 ln",
		type	=	"kill",
		target_unit_type	=	"Osa 9A33 ln",
		t	=	1327.78,
		initiator_unit_type	=	"Su-34",
		event_id	=	750,
		weapon	=	"Kh-58U",
		initiator_ws_type1	=	1,
		initiatorMissionID	=	"78",
		initiator_coalition	=	1,
	}, -- end of [99]
	[100] = 
	{
		type	=	"score",
		initiatorPilotName	=	"Su-34",
		t	=	1327.78,
		linked_event_id	=	750,
		initiator_unit_type	=	"Su-34",
		event_id	=	751,
		initiator_object_id	=	16777984,
		amount	=	15,
		comment	=	"ground",
		initiator_coalition	=	1,
		initiator_ws_type1	=	1,
		initiatorMissionID	=	"78",
	}, -- end of [100]
	[101] = 
	{
		weapon_type	=	3016756,
		initiatorPilotName	=	"Su-34",
		target_coalition	=	2,
		linked_event_id	=	0,
		targetMissionID	=	"22",
		target_ws_type1	=	2,
		initiator_object_id	=	16777984,
		target	=	"Osa 9A33 ln",
		target_object_id	=	16789248,
		targetPilotName	=	"Osa 9A33 ln",
		type	=	"bda",
		target_unit_type	=	"Osa 9A33 ln",
		t	=	1327.78,
		initiator_unit_type	=	"Su-34",
		event_id	=	753,
		weapon	=	"Kh-58U",
		initiator_ws_type1	=	1,
		initiatorMissionID	=	"78",
		initiator_coalition	=	1,
	}, -- end of [101]
	[102] = 
	{
		type	=	"score",
		initiatorPilotName	=	"Su-34",
		t	=	1327.78,
		linked_event_id	=	940,
		initiator_unit_type	=	"Su-34",
		event_id	=	941,
		initiator_object_id	=	16777984,
		amount	=	0,
		comment	=	"general",
		initiator_coalition	=	1,
		initiator_ws_type1	=	1,
		initiatorMissionID	=	"78",
	}, -- end of [102]
	[103] = 
	{
		type	=	"score",
		initiatorPilotName	=	"Su-34",
		t	=	1327.78,
		linked_event_id	=	999,
		initiator_unit_type	=	"Su-34",
		event_id	=	1000,
		initiator_object_id	=	16777984,
		amount	=	0,
		comment	=	"general",
		initiator_coalition	=	1,
		initiator_ws_type1	=	1,
		initiatorMissionID	=	"78",
	}, -- end of [103]
	[104] = 
	{
		type	=	"score",
		initiatorPilotName	=	"Su-34",
		t	=	1327.78,
		linked_event_id	=	1005,
		initiator_unit_type	=	"Su-34",
		event_id	=	1006,
		initiator_object_id	=	16777984,
		amount	=	0,
		comment	=	"general",
		initiator_coalition	=	1,
		initiator_ws_type1	=	1,
		initiatorMissionID	=	"78",
	}, -- end of [104]
	[105] = 
	{
		type	=	"score",
		initiatorPilotName	=	"Su-34",
		t	=	1327.78,
		linked_event_id	=	1009,
		initiator_unit_type	=	"Su-34",
		event_id	=	1010,
		initiator_object_id	=	16777984,
		amount	=	0,
		comment	=	"general",
		initiator_coalition	=	1,
		initiator_ws_type1	=	1,
		initiatorMissionID	=	"78",
	}, -- end of [105]
	[106] = 
	{
		weapon_type	=	5710436,
		initiatorPilotName	=	"SA-11 Buk LN 9A310M1",
		target_coalition	=	1,
		linked_event_id	=	0,
		targetMissionID	=	"27",
		target_ws_type1	=	1,
		initiator_object_id	=	16786432,
		target	=	"Su-25T",
		target_object_id	=	16792832,
		targetPilotName	=	"Su-25T",
		type	=	"shot",
		target_unit_type	=	"Su-25T",
		t	=	1380.646,
		initiator_unit_type	=	"SA-11 Buk LN 9A310M1",
		event_id	=	1013,
		weapon	=	"9M38M1 Buk-M1 (SA-11 Gadfly)",
		initiator_ws_type1	=	2,
		initiatorMissionID	=	"9",
		initiator_coalition	=	2,
	}, -- end of [106]
	[107] = 
	{
		weapon_type	=	5710436,
		initiatorPilotName	=	"SA-11 Buk LN 9A310M1",
		target_coalition	=	1,
		linked_event_id	=	1013,
		targetMissionID	=	"28",
		target_ws_type1	=	1,
		initiator_object_id	=	16786432,
		target	=	"Su-25T",
		target_object_id	=	16793088,
		targetPilotName	=	"Su-25T",
		type	=	"hit",
		target_unit_type	=	"Su-25T",
		t	=	1404.686,
		initiator_unit_type	=	"SA-11 Buk LN 9A310M1",
		event_id	=	1014,
		weapon	=	"9M38M1 Buk-M1 (SA-11 Gadfly)",
		initiator_ws_type1	=	2,
		initiatorMissionID	=	"9",
		initiator_coalition	=	2,
	}, -- end of [107]
	[108] = 
	{
		weapon_type	=	5710436,
		initiatorPilotName	=	"SA-11 Buk LN 9A310M1",
		target_coalition	=	1,
		linked_event_id	=	0,
		targetMissionID	=	"28",
		target_ws_type1	=	1,
		initiator_object_id	=	16786432,
		target	=	"Su-25T",
		target_object_id	=	16793088,
		targetPilotName	=	"Su-25T",
		type	=	"bda",
		target_unit_type	=	"Su-25T",
		t	=	1404.686,
		initiator_unit_type	=	"SA-11 Buk LN 9A310M1",
		event_id	=	1015,
		weapon	=	"9M38M1 Buk-M1 (SA-11 Gadfly)",
		initiator_ws_type1	=	2,
		initiatorMissionID	=	"9",
		initiator_coalition	=	2,
	}, -- end of [108]
	[109] = 
	{
		type	=	"ai abort mission",
		initiatorPilotName	=	"Su-25T",
		t	=	1404.686,
		initiator_unit_type	=	"Su-25T",
		initiator_object_id	=	16793088,
		linked_event_id	=	0,
		event_id	=	1016,
		initiator_coalition	=	1,
		initiator_ws_type1	=	1,
		initiatorMissionID	=	"28",
	}, -- end of [109]
	[110] = 
	{
		initiatorPilotName	=	"Su-25T",
		target_coalition	=	1,
		linked_event_id	=	0,
		targetMissionID	=	"0",
		target_ws_type1	=	1,
		initiator_object_id	=	16793088,
		target	=	"",
		target_object_id	=	33743616,
		targetPilotName	=	"",
		type	=	"eject",
		target_unit_type	=	"",
		t	=	1406.7,
		initiator_unit_type	=	"Su-25T",
		event_id	=	1017,
		initiator_ws_type1	=	1,
		initiatorMissionID	=	"28",
		initiator_coalition	=	1,
	}, -- end of [110]
	[111] = 
	{
		weapon_type	=	5710436,
		initiatorPilotName	=	"SA-11 Buk LN 9A310M1",
		target_coalition	=	1,
		linked_event_id	=	1014,
		targetMissionID	=	"28",
		target_ws_type1	=	1,
		initiator_object_id	=	16786432,
		target	=	"Su-25T",
		target_object_id	=	16793088,
		targetPilotName	=	"Su-25T",
		type	=	"kill",
		target_unit_type	=	"Su-25T",
		t	=	1406.7,
		initiator_unit_type	=	"SA-11 Buk LN 9A310M1",
		event_id	=	1018,
		weapon	=	"9M38M1 Buk-M1 (SA-11 Gadfly)",
		initiator_ws_type1	=	2,
		initiatorMissionID	=	"9",
		initiator_coalition	=	2,
	}, -- end of [111]
	[112] = 
	{
		type	=	"score",
		initiatorPilotName	=	"SA-11 Buk LN 9A310M1",
		t	=	1406.7,
		linked_event_id	=	1018,
		initiator_unit_type	=	"SA-11 Buk LN 9A310M1",
		event_id	=	1019,
		initiator_object_id	=	16786432,
		amount	=	50,
		comment	=	"air",
		initiator_coalition	=	2,
		initiator_ws_type1	=	2,
		initiatorMissionID	=	"9",
	}, -- end of [112]
	[113] = 
	{
		initiatorPilotName	=	"",
		target_coalition	=	1,
		linked_event_id	=	0,
		targetMissionID	=	"0",
		target_ws_type1	=	1,
		initiator_object_id	=	16905728,
		target	=	"",
		target_object_id	=	33743616,
		targetPilotName	=	"",
		type	=	"pilot discard chair",
		target_unit_type	=	"",
		t	=	1407.78,
		initiator_unit_type	=	"",
		event_id	=	1021,
		initiator_ws_type1	=	1,
		initiatorMissionID	=	"0",
		initiator_coalition	=	1,
	}, -- end of [113]
	[114] = 
	{
		weapon_type	=	5710436,
		initiatorPilotName	=	"SA-11 Buk LN 9A310M1",
		target_coalition	=	1,
		linked_event_id	=	0,
		targetMissionID	=	"27",
		target_ws_type1	=	1,
		initiator_object_id	=	16786432,
		target	=	"Su-25T",
		target_object_id	=	16792832,
		targetPilotName	=	"Su-25T",
		type	=	"shot",
		target_unit_type	=	"Su-25T",
		t	=	1410.222,
		initiator_unit_type	=	"SA-11 Buk LN 9A310M1",
		event_id	=	1022,
		weapon	=	"9M38M1 Buk-M1 (SA-11 Gadfly)",
		initiator_ws_type1	=	2,
		initiatorMissionID	=	"9",
		initiator_coalition	=	2,
	}, -- end of [114]
	[115] = 
	{
		type	=	"crash",
		initiatorPilotName	=	"Su-25T",
		t	=	1410.3,
		initiator_unit_type	=	"Su-25T",
		initiator_object_id	=	16793088,
		linked_event_id	=	0,
		event_id	=	1023,
		initiator_coalition	=	1,
		initiator_ws_type1	=	1,
		initiatorMissionID	=	"28",
	}, -- end of [115]
	[116] = 
	{
		weapon_type	=	5710436,
		initiatorPilotName	=	"SA-11 Buk LN 9A310M1",
		target_coalition	=	1,
		linked_event_id	=	0,
		targetMissionID	=	"27",
		target_ws_type1	=	1,
		initiator_object_id	=	16786432,
		target	=	"Su-25T",
		target_object_id	=	16792832,
		targetPilotName	=	"Su-25T",
		type	=	"shot",
		target_unit_type	=	"Su-25T",
		t	=	1426.853,
		initiator_unit_type	=	"SA-11 Buk LN 9A310M1",
		event_id	=	1024,
		weapon	=	"9M38M1 Buk-M1 (SA-11 Gadfly)",
		initiator_ws_type1	=	2,
		initiatorMissionID	=	"9",
		initiator_coalition	=	2,
	}, -- end of [116]
	[117] = 
	{
		weapon_type	=	5710436,
		initiatorPilotName	=	"SA-11 Buk LN 9A310M1",
		target_coalition	=	1,
		linked_event_id	=	1022,
		targetMissionID	=	"27",
		target_ws_type1	=	1,
		initiator_object_id	=	16786432,
		target	=	"Su-25T",
		target_object_id	=	16792832,
		targetPilotName	=	"Su-25T",
		type	=	"hit",
		target_unit_type	=	"Su-25T",
		t	=	1427.462,
		initiator_unit_type	=	"SA-11 Buk LN 9A310M1",
		event_id	=	1025,
		weapon	=	"9M38M1 Buk-M1 (SA-11 Gadfly)",
		initiator_ws_type1	=	2,
		initiatorMissionID	=	"9",
		initiator_coalition	=	2,
	}, -- end of [117]
	[118] = 
	{
		weapon_type	=	5710436,
		initiatorPilotName	=	"SA-11 Buk LN 9A310M1",
		target_coalition	=	1,
		linked_event_id	=	0,
		targetMissionID	=	"27",
		target_ws_type1	=	1,
		initiator_object_id	=	16786432,
		target	=	"Su-25T",
		target_object_id	=	16792832,
		targetPilotName	=	"Su-25T",
		type	=	"bda",
		target_unit_type	=	"Su-25T",
		t	=	1427.462,
		initiator_unit_type	=	"SA-11 Buk LN 9A310M1",
		event_id	=	1026,
		weapon	=	"9M38M1 Buk-M1 (SA-11 Gadfly)",
		initiator_ws_type1	=	2,
		initiatorMissionID	=	"9",
		initiator_coalition	=	2,
	}, -- end of [118]
	[119] = 
	{
		type	=	"failure",
		initiatorPilotName	=	"Su-25T",
		t	=	1428,
		failure	=	"l_engine",
		initiator_unit_type	=	"Su-25T",
		linked_event_id	=	0,
		initiator_object_id	=	16792832,
		event_id	=	1027,
		failureDisplayName	=	"L-ENGINE",
		initiator_coalition	=	1,
		initiator_ws_type1	=	1,
		initiatorMissionID	=	"27",
	}, -- end of [119]
	[120] = 
	{
		type	=	"failure",
		initiatorPilotName	=	"Su-25T",
		t	=	1428,
		failure	=	"r_engine",
		initiator_unit_type	=	"Su-25T",
		linked_event_id	=	0,
		initiator_object_id	=	16792832,
		event_id	=	1028,
		failureDisplayName	=	"R-ENGINE",
		initiator_coalition	=	1,
		initiator_ws_type1	=	1,
		initiatorMissionID	=	"27",
	}, -- end of [120]
	[121] = 
	{
		type	=	"failure",
		initiatorPilotName	=	"Su-25T",
		t	=	1428,
		failure	=	"hydro",
		initiator_unit_type	=	"Su-25T",
		linked_event_id	=	0,
		initiator_object_id	=	16792832,
		event_id	=	1029,
		failureDisplayName	=	"HYDRO",
		initiator_coalition	=	1,
		initiator_ws_type1	=	1,
		initiatorMissionID	=	"27",
	}, -- end of [121]
	[122] = 
	{
		type	=	"pilot landing",
		initiatorPilotName	=	"",
		t	=	1441.96,
		initiator_unit_type	=	"",
		initiator_object_id	=	16905728,
		linked_event_id	=	0,
		event_id	=	1030,
		initiator_coalition	=	1,
		initiator_ws_type1	=	1,
		initiatorMissionID	=	"0",
	}, -- end of [122]
	[123] = 
	{
		type	=	"pilot dead",
		initiatorPilotName	=	"Su-25T",
		t	=	1450.12,
		initiator_unit_type	=	"Su-25T",
		initiator_object_id	=	16792832,
		linked_event_id	=	0,
		event_id	=	1032,
		initiator_coalition	=	1,
		initiator_ws_type1	=	1,
		initiatorMissionID	=	"27",
	}, -- end of [123]
	[124] = 
	{
		weapon_type	=	5710436,
		initiatorPilotName	=	"SA-11 Buk LN 9A310M1",
		target_coalition	=	1,
		linked_event_id	=	1025,
		targetMissionID	=	"27",
		target_ws_type1	=	1,
		initiator_object_id	=	16786432,
		target	=	"Su-25T",
		target_object_id	=	16792832,
		targetPilotName	=	"Su-25T",
		type	=	"kill",
		target_unit_type	=	"Su-25T",
		t	=	1450.12,
		initiator_unit_type	=	"SA-11 Buk LN 9A310M1",
		event_id	=	1033,
		weapon	=	"9M38M1 Buk-M1 (SA-11 Gadfly)",
		initiator_ws_type1	=	2,
		initiatorMissionID	=	"9",
		initiator_coalition	=	2,
	}, -- end of [124]
	[125] = 
	{
		type	=	"score",
		initiatorPilotName	=	"SA-11 Buk LN 9A310M1",
		t	=	1450.12,
		linked_event_id	=	1033,
		initiator_unit_type	=	"SA-11 Buk LN 9A310M1",
		event_id	=	1034,
		initiator_object_id	=	16786432,
		amount	=	50,
		comment	=	"air",
		initiator_coalition	=	2,
		initiator_ws_type1	=	2,
		initiatorMissionID	=	"9",
	}, -- end of [125]
	[126] = 
	{
		type	=	"crash",
		initiatorPilotName	=	"Su-25T",
		t	=	1450.12,
		initiator_unit_type	=	"Su-25T",
		initiator_object_id	=	16792832,
		linked_event_id	=	0,
		event_id	=	1036,
		initiator_coalition	=	1,
		initiator_ws_type1	=	1,
		initiatorMissionID	=	"27",
	}, -- end of [126]
	[127] = 
	{
		type	=	"mission end",
		comment	=	"winner: , msg: ",
		t	=	1460.94,
		linked_event_id	=	0,
		event_id	=	1038,
	}, -- end of [127]
} -- end of events
