callsign = "Lysergia"
events = {
	[1] = {
		["event_id"] = 51,
		["linked_event_id"] = 0,
		["t"] = 0,
		["ta"] = 28800,
		["type"] = "mission start",
	},
	[2] = {
		["initiatorPilotName"] = "Lysergia",
		["initiator_coalition"] = 1,
		["initiator_object_id"] = 16792832,
		["initiator_unit_type"] = "Su-25T",
		["t"] = 0,
		["target"] = "Player (430)",
		["targetMissionID"] = "27",
		["type"] = "under control",
	},
	[3] = {
		["event_id"] = 209,
		["initiatorMissionID"] = "35",
		["initiatorPilotName"] = "Su-25T",
		["initiator_coalition"] = 1,
		["initiator_object_id"] = 16778496,
		["initiator_unit_type"] = "Su-25T",
		["initiator_ws_type1"] = 1,
		["linked_event_id"] = 0,
		["place"] = "Nalchik",
		["placeDisplayName"] = "Nalchik",
		["t"] = 32.5,
		["type"] = "engine startup",
	},
	[4] = {
		["event_id"] = 210,
		["initiatorMissionID"] = "34",
		["initiatorPilotName"] = "Su-25T",
		["initiator_coalition"] = 1,
		["initiator_object_id"] = 16778240,
		["initiator_unit_type"] = "Su-25T",
		["initiator_ws_type1"] = 1,
		["linked_event_id"] = 0,
		["place"] = "Nalchik",
		["placeDisplayName"] = "Nalchik",
		["t"] = 32.7,
		["type"] = "engine startup",
	},
	[5] = {
		["event_id"] = 215,
		["initiatorMissionID"] = "39",
		["initiatorPilotName"] = "Su-25",
		["initiator_coalition"] = 2,
		["initiator_object_id"] = 16785664,
		["initiator_unit_type"] = "Su-25",
		["initiator_ws_type1"] = 1,
		["linked_event_id"] = 0,
		["place"] = "Kutaisi",
		["placeDisplayName"] = "Kutaisi",
		["t"] = 49.1,
		["type"] = "takeoff",
	},
	[6] = {
		["event_id"] = 216,
		["initiatorMissionID"] = "38",
		["initiatorPilotName"] = "Su-25",
		["initiator_coalition"] = 2,
		["initiator_object_id"] = 16785408,
		["initiator_unit_type"] = "Su-25",
		["initiator_ws_type1"] = 1,
		["linked_event_id"] = 0,
		["place"] = "Kutaisi",
		["placeDisplayName"] = "Kutaisi",
		["t"] = 50,
		["type"] = "takeoff",
	},
	[7] = {
		["event_id"] = 217,
		["initiatorMissionID"] = "28",
		["initiatorPilotName"] = "Su-25T",
		["initiator_coalition"] = 1,
		["initiator_object_id"] = 16793088,
		["initiator_unit_type"] = "Su-25T",
		["initiator_ws_type1"] = 1,
		["linked_event_id"] = 0,
		["place"] = "Nalchik",
		["placeDisplayName"] = "Nalchik",
		["t"] = 56.1,
		["type"] = "takeoff",
	},
	[8] = {
		["event_id"] = 218,
		["initiatorMissionID"] = "27",
		["initiatorPilotName"] = "Su-25T",
		["initiator_coalition"] = 1,
		["initiator_object_id"] = 16792832,
		["initiator_unit_type"] = "Su-25T",
		["initiator_ws_type1"] = 1,
		["linked_event_id"] = 0,
		["place"] = "Nalchik",
		["placeDisplayName"] = "Nalchik",
		["t"] = 58.88,
		["type"] = "takeoff",
	},
	[9] = {
		["event_id"] = 219,
		["initiatorMissionID"] = "37",
		["initiatorPilotName"] = "Su-27",
		["initiator_coalition"] = 1,
		["initiator_object_id"] = 16779008,
		["initiator_unit_type"] = "Su-27",
		["initiator_ws_type1"] = 1,
		["linked_event_id"] = 0,
		["t"] = 487.16,
		["target"] = "Su-25",
		["targetMissionID"] = "39",
		["targetPilotName"] = "Su-25",
		["target_coalition"] = 2,
		["target_object_id"] = 16785664,
		["target_unit_type"] = "Su-25",
		["target_ws_type1"] = 1,
		["type"] = "shot",
		["weapon"] = "R-27ER (AA-10 Alamo C)",
		["weapon_type"] = 919396,
	},
	[10] = {
		["event_id"] = 220,
		["initiatorMissionID"] = "37",
		["initiatorPilotName"] = "Su-27",
		["initiator_coalition"] = 1,
		["initiator_object_id"] = 16779008,
		["initiator_unit_type"] = "Su-27",
		["initiator_ws_type1"] = 1,
		["linked_event_id"] = 219,
		["t"] = 522,
		["target"] = "Su-25",
		["targetMissionID"] = "39",
		["targetPilotName"] = "Su-25",
		["target_coalition"] = 2,
		["target_object_id"] = 16785664,
		["target_unit_type"] = "Su-25",
		["target_ws_type1"] = 1,
		["type"] = "hit",
		["weapon"] = "R-27ER (AA-10 Alamo C)",
		["weapon_type"] = 919396,
	},
	[11] = {
		["event_id"] = 221,
		["initiatorMissionID"] = "37",
		["initiatorPilotName"] = "Su-27",
		["initiator_coalition"] = 1,
		["initiator_object_id"] = 16779008,
		["initiator_unit_type"] = "Su-27",
		["initiator_ws_type1"] = 1,
		["linked_event_id"] = 0,
		["t"] = 522,
		["target"] = "Su-25",
		["targetMissionID"] = "39",
		["targetPilotName"] = "Su-25",
		["target_coalition"] = 2,
		["target_object_id"] = 16785664,
		["target_unit_type"] = "Su-25",
		["target_ws_type1"] = 1,
		["type"] = "bda",
		["weapon"] = "R-27ER (AA-10 Alamo C)",
		["weapon_type"] = 919396,
	},
	[12] = {
		["event_id"] = 222,
		["initiatorMissionID"] = "39",
		["initiatorPilotName"] = "Su-25",
		["initiator_coalition"] = 2,
		["initiator_object_id"] = 16785664,
		["initiator_unit_type"] = "Su-25",
		["initiator_ws_type1"] = 1,
		["linked_event_id"] = 0,
		["t"] = 522,
		["type"] = "ai abort mission",
	},
	[13] = {
		["event_id"] = 223,
		["initiatorMissionID"] = "39",
		["initiatorPilotName"] = "Su-25",
		["initiator_coalition"] = 2,
		["initiator_object_id"] = 16785664,
		["initiator_unit_type"] = "Su-25",
		["initiator_ws_type1"] = 1,
		["linked_event_id"] = 0,
		["t"] = 524.02,
		["target"] = "",
		["targetMissionID"] = "0",
		["targetPilotName"] = "",
		["target_coalition"] = 2,
		["target_object_id"] = 33557248,
		["target_unit_type"] = "",
		["target_ws_type1"] = 1,
		["type"] = "eject",
	},
	[14] = {
		["event_id"] = 224,
		["initiatorMissionID"] = "37",
		["initiatorPilotName"] = "Su-27",
		["initiator_coalition"] = 1,
		["initiator_object_id"] = 16779008,
		["initiator_unit_type"] = "Su-27",
		["initiator_ws_type1"] = 1,
		["linked_event_id"] = 220,
		["t"] = 524.02,
		["target"] = "Su-25",
		["targetMissionID"] = "39",
		["targetPilotName"] = "Su-25",
		["target_coalition"] = 2,
		["target_object_id"] = 16785664,
		["target_unit_type"] = "Su-25",
		["target_ws_type1"] = 1,
		["type"] = "kill",
		["weapon"] = "R-27ER (AA-10 Alamo C)",
		["weapon_type"] = 919396,
	},
	[15] = {
		["amount"] = 40,
		["comment"] = "air",
		["event_id"] = 225,
		["initiatorMissionID"] = "37",
		["initiatorPilotName"] = "Su-27",
		["initiator_coalition"] = 1,
		["initiator_object_id"] = 16779008,
		["initiator_unit_type"] = "Su-27",
		["initiator_ws_type1"] = 1,
		["linked_event_id"] = 224,
		["t"] = 524.02,
		["type"] = "score",
	},
	[16] = {
		["event_id"] = 227,
		["initiatorMissionID"] = "0",
		["initiatorPilotName"] = "",
		["initiator_coalition"] = 2,
		["initiator_object_id"] = 16811264,
		["initiator_unit_type"] = "",
		["initiator_ws_type1"] = 1,
		["linked_event_id"] = 0,
		["t"] = 525.1,
		["target"] = "",
		["targetMissionID"] = "0",
		["targetPilotName"] = "",
		["target_coalition"] = 2,
		["target_object_id"] = 33557248,
		["target_unit_type"] = "",
		["target_ws_type1"] = 1,
		["type"] = "pilot discard chair",
	},
	[17] = {
		["event_id"] = 228,
		["initiatorMissionID"] = "39",
		["initiatorPilotName"] = "Su-25",
		["initiator_coalition"] = 2,
		["initiator_object_id"] = 16785664,
		["initiator_unit_type"] = "Su-25",
		["initiator_ws_type1"] = 1,
		["linked_event_id"] = 0,
		["t"] = 525.52,
		["type"] = "crash",
	},
	[18] = {
		["event_id"] = 229,
		["initiatorMissionID"] = "37",
		["initiatorPilotName"] = "Su-27",
		["initiator_coalition"] = 1,
		["initiator_object_id"] = 16779008,
		["initiator_unit_type"] = "Su-27",
		["initiator_ws_type1"] = 1,
		["linked_event_id"] = 0,
		["t"] = 526.92,
		["target"] = "Su-25",
		["targetMissionID"] = "38",
		["targetPilotName"] = "Su-25",
		["target_coalition"] = 2,
		["target_object_id"] = 16785408,
		["target_unit_type"] = "Su-25",
		["target_ws_type1"] = 1,
		["type"] = "shot",
		["weapon"] = "R-27ER (AA-10 Alamo C)",
		["weapon_type"] = 919396,
	},
	[19] = {
		["event_id"] = 230,
		["initiatorMissionID"] = "36",
		["initiatorPilotName"] = "Su-27",
		["initiator_coalition"] = 1,
		["initiator_object_id"] = 16778752,
		["initiator_unit_type"] = "Su-27",
		["initiator_ws_type1"] = 1,
		["linked_event_id"] = 0,
		["t"] = 528.46,
		["target"] = "Su-25",
		["targetMissionID"] = "38",
		["targetPilotName"] = "Su-25",
		["target_coalition"] = 2,
		["target_object_id"] = 16785408,
		["target_unit_type"] = "Su-25",
		["target_ws_type1"] = 1,
		["type"] = "shot",
		["weapon"] = "R-27ER (AA-10 Alamo C)",
		["weapon_type"] = 919396,
	},
	[20] = {
		["event_id"] = 231,
		["initiatorMissionID"] = "38",
		["initiatorPilotName"] = "Su-25",
		["initiator_coalition"] = 2,
		["initiator_object_id"] = 16785408,
		["initiator_unit_type"] = "Su-25",
		["initiator_ws_type1"] = 1,
		["linked_event_id"] = 0,
		["t"] = 550.54,
		["type"] = "ai abort mission",
	},
	[21] = {
		["event_id"] = 232,
		["initiatorMissionID"] = "36",
		["initiatorPilotName"] = "Su-27",
		["initiator_coalition"] = 1,
		["initiator_object_id"] = 16778752,
		["initiator_unit_type"] = "Su-27",
		["initiator_ws_type1"] = 1,
		["linked_event_id"] = 230,
		["t"] = 550.83,
		["target"] = "Su-25",
		["targetMissionID"] = "38",
		["targetPilotName"] = "Su-25",
		["target_coalition"] = 2,
		["target_object_id"] = 16785408,
		["target_unit_type"] = "Su-25",
		["target_ws_type1"] = 1,
		["type"] = "hit",
		["weapon"] = "R-27ER (AA-10 Alamo C)",
		["weapon_type"] = 919396,
	},
	[22] = {
		["event_id"] = 233,
		["initiatorMissionID"] = "36",
		["initiatorPilotName"] = "Su-27",
		["initiator_coalition"] = 1,
		["initiator_object_id"] = 16778752,
		["initiator_unit_type"] = "Su-27",
		["initiator_ws_type1"] = 1,
		["linked_event_id"] = 0,
		["t"] = 550.83,
		["target"] = "Su-25",
		["targetMissionID"] = "38",
		["targetPilotName"] = "Su-25",
		["target_coalition"] = 2,
		["target_object_id"] = 16785408,
		["target_unit_type"] = "Su-25",
		["target_ws_type1"] = 1,
		["type"] = "bda",
		["weapon"] = "R-27ER (AA-10 Alamo C)",
		["weapon_type"] = 919396,
	},
	[23] = {
		["event_id"] = 234,
		["initiatorMissionID"] = "38",
		["initiatorPilotName"] = "Su-25",
		["initiator_coalition"] = 2,
		["initiator_object_id"] = 16785408,
		["initiator_unit_type"] = "Su-25",
		["initiator_ws_type1"] = 1,
		["linked_event_id"] = 0,
		["t"] = 551.94,
		["type"] = "pilot dead",
	},
	[24] = {
		["event_id"] = 235,
		["initiatorMissionID"] = "36",
		["initiatorPilotName"] = "Su-27",
		["initiator_coalition"] = 1,
		["initiator_object_id"] = 16778752,
		["initiator_unit_type"] = "Su-27",
		["initiator_ws_type1"] = 1,
		["linked_event_id"] = 232,
		["t"] = 551.94,
		["target"] = "Su-25",
		["targetMissionID"] = "38",
		["targetPilotName"] = "Su-25",
		["target_coalition"] = 2,
		["target_object_id"] = 16785408,
		["target_unit_type"] = "Su-25",
		["target_ws_type1"] = 1,
		["type"] = "kill",
		["weapon"] = "R-27ER (AA-10 Alamo C)",
		["weapon_type"] = 919396,
	},
	[25] = {
		["amount"] = 40,
		["comment"] = "air",
		["event_id"] = 236,
		["initiatorMissionID"] = "36",
		["initiatorPilotName"] = "Su-27",
		["initiator_coalition"] = 1,
		["initiator_object_id"] = 16778752,
		["initiator_unit_type"] = "Su-27",
		["initiator_ws_type1"] = 1,
		["linked_event_id"] = 235,
		["t"] = 551.94,
		["type"] = "score",
	},
	[26] = {
		["event_id"] = 238,
		["initiatorMissionID"] = "38",
		["initiatorPilotName"] = "Su-25",
		["initiator_coalition"] = 2,
		["initiator_object_id"] = 16785408,
		["initiator_unit_type"] = "Su-25",
		["initiator_ws_type1"] = 1,
		["linked_event_id"] = 0,
		["t"] = 551.94,
		["type"] = "crash",
	},
	[27] = {
		["event_id"] = 239,
		["initiatorMissionID"] = "29",
		["initiatorPilotName"] = "Su-34",
		["initiator_coalition"] = 1,
		["initiator_object_id"] = 16777472,
		["initiator_unit_type"] = "Su-34",
		["initiator_ws_type1"] = 1,
		["linked_event_id"] = 0,
		["t"] = 580.72,
		["target"] = "SA-11 Buk SR 9S18M1",
		["targetMissionID"] = "7",
		["targetPilotName"] = "SA-11 Buk SR 9S18M1",
		["target_coalition"] = 2,
		["target_object_id"] = 16785920,
		["target_unit_type"] = "SA-11 Buk SR 9S18M1",
		["target_ws_type1"] = 2,
		["type"] = "shot",
		["weapon"] = "Kh-58U",
		["weapon_type"] = 3016756,
	},
	[28] = {
		["event_id"] = 240,
		["initiatorMissionID"] = "30",
		["initiatorPilotName"] = "Su-34",
		["initiator_coalition"] = 1,
		["initiator_object_id"] = 16777728,
		["initiator_unit_type"] = "Su-34",
		["initiator_ws_type1"] = 1,
		["linked_event_id"] = 0,
		["t"] = 705.92,
		["target"] = "SA-11 Buk SR 9S18M1",
		["targetMissionID"] = "7",
		["targetPilotName"] = "SA-11 Buk SR 9S18M1",
		["target_coalition"] = 2,
		["target_object_id"] = 16785920,
		["target_unit_type"] = "SA-11 Buk SR 9S18M1",
		["target_ws_type1"] = 2,
		["type"] = "shot",
		["weapon"] = "Kh-58U",
		["weapon_type"] = 3016756,
	},
	[29] = {
		["event_id"] = 241,
		["initiatorMissionID"] = "29",
		["initiatorPilotName"] = "Su-34",
		["initiator_coalition"] = 1,
		["initiator_object_id"] = 16777472,
		["initiator_unit_type"] = "Su-34",
		["initiator_ws_type1"] = 1,
		["linked_event_id"] = 0,
		["t"] = 730.54,
		["target"] = "Osa 9A33 ln",
		["targetMissionID"] = "22",
		["targetPilotName"] = "Osa 9A33 ln",
		["target_coalition"] = 2,
		["target_object_id"] = 16789248,
		["target_unit_type"] = "Osa 9A33 ln",
		["target_ws_type1"] = 2,
		["type"] = "shot",
		["weapon"] = "Kh-58U",
		["weapon_type"] = 3016756,
	},
	[30] = {
		["event_id"] = 242,
		["initiatorMissionID"] = "30",
		["initiatorPilotName"] = "Su-34",
		["initiator_coalition"] = 1,
		["initiator_object_id"] = 16777728,
		["initiator_unit_type"] = "Su-34",
		["initiator_ws_type1"] = 1,
		["linked_event_id"] = 0,
		["t"] = 736,
		["target"] = "Osa 9A33 ln",
		["targetMissionID"] = "23",
		["targetPilotName"] = "Osa 9A33 ln",
		["target_coalition"] = 2,
		["target_object_id"] = 16789504,
		["target_unit_type"] = "Osa 9A33 ln",
		["target_ws_type1"] = 2,
		["type"] = "shot",
		["weapon"] = "Kh-58U",
		["weapon_type"] = 3016756,
	},
	[31] = {
		["event_id"] = 243,
		["initiatorMissionID"] = "22",
		["initiatorPilotName"] = "Osa 9A33 ln",
		["initiator_coalition"] = 2,
		["initiator_object_id"] = 16789248,
		["initiator_unit_type"] = "Osa 9A33 ln",
		["initiator_ws_type1"] = 2,
		["linked_event_id"] = 0,
		["t"] = 747.608,
		["target"] = "X_58",
		["targetMissionID"] = "0",
		["targetPilotName"] = "X_58",
		["target_coalition"] = 1,
		["target_object_id"] = 16812032,
		["target_unit_type"] = "X_58",
		["target_ws_type1"] = 4,
		["type"] = "shot",
		["weapon"] = "9M33 Osa (SA-8 Gecko)",
		["weapon_type"] = 5579364,
	},
	[32] = {
		["event_id"] = 244,
		["initiatorMissionID"] = "22",
		["initiatorPilotName"] = "Osa 9A33 ln",
		["initiator_coalition"] = 2,
		["initiator_object_id"] = 16789248,
		["initiator_unit_type"] = "Osa 9A33 ln",
		["initiator_ws_type1"] = 2,
		["linked_event_id"] = 0,
		["t"] = 751.706,
		["target"] = "X_58",
		["targetMissionID"] = "0",
		["targetPilotName"] = "X_58",
		["target_coalition"] = 1,
		["target_object_id"] = 16812032,
		["target_unit_type"] = "X_58",
		["target_ws_type1"] = 4,
		["type"] = "shot",
		["weapon"] = "9M33 Osa (SA-8 Gecko)",
		["weapon_type"] = 5579364,
	},
	[33] = {
		["event_id"] = 245,
		["initiatorMissionID"] = "22",
		["initiatorPilotName"] = "Osa 9A33 ln",
		["initiator_coalition"] = 2,
		["initiator_object_id"] = 16789248,
		["initiator_unit_type"] = "Osa 9A33 ln",
		["initiator_ws_type1"] = 2,
		["linked_event_id"] = 243,
		["t"] = 752.788,
		["target"] = "X_58",
		["targetMissionID"] = "0",
		["targetPilotName"] = "X_58",
		["target_coalition"] = 1,
		["target_object_id"] = 16812032,
		["target_unit_type"] = "X_58",
		["target_ws_type1"] = 4,
		["type"] = "hit",
		["weapon"] = "9M33 Osa (SA-8 Gecko)",
		["weapon_type"] = 5579364,
	},
	[34] = {
		["event_id"] = 247,
		["initiatorMissionID"] = "22",
		["initiatorPilotName"] = "Osa 9A33 ln",
		["initiator_coalition"] = 2,
		["initiator_object_id"] = 16789248,
		["initiator_unit_type"] = "Osa 9A33 ln",
		["initiator_ws_type1"] = 2,
		["linked_event_id"] = 245,
		["t"] = 752.788,
		["target"] = "X_58",
		["targetMissionID"] = "0",
		["targetPilotName"] = "X_58",
		["target_coalition"] = 1,
		["target_object_id"] = 16812032,
		["target_unit_type"] = "X_58",
		["target_ws_type1"] = 4,
		["type"] = "kill",
		["weapon"] = "9M33 Osa (SA-8 Gecko)",
		["weapon_type"] = 5579364,
	},
	[35] = {
		["amount"] = 0,
		["comment"] = "general",
		["event_id"] = 248,
		["initiatorMissionID"] = "22",
		["initiatorPilotName"] = "Osa 9A33 ln",
		["initiator_coalition"] = 2,
		["initiator_object_id"] = 16789248,
		["initiator_unit_type"] = "Osa 9A33 ln",
		["initiator_ws_type1"] = 2,
		["linked_event_id"] = 247,
		["t"] = 752.788,
		["type"] = "score",
	},
	[36] = {
		["event_id"] = 254,
		["initiatorMissionID"] = "78",
		["initiatorPilotName"] = "Su-34",
		["initiator_coalition"] = 1,
		["initiator_object_id"] = 16777984,
		["initiator_unit_type"] = "Su-34",
		["initiator_ws_type1"] = 1,
		["linked_event_id"] = 0,
		["t"] = 840.7,
		["target"] = "SA-11 Buk SR 9S18M1",
		["targetMissionID"] = "7",
		["targetPilotName"] = "SA-11 Buk SR 9S18M1",
		["target_coalition"] = 2,
		["target_object_id"] = 16785920,
		["target_unit_type"] = "SA-11 Buk SR 9S18M1",
		["target_ws_type1"] = 2,
		["type"] = "shot",
		["weapon"] = "Kh-58U",
		["weapon_type"] = 3016756,
	},
	[37] = {
		["event_id"] = 261,
		["initiatorMissionID"] = "78",
		["initiatorPilotName"] = "Su-34",
		["initiator_coalition"] = 1,
		["initiator_object_id"] = 16777984,
		["initiator_unit_type"] = "Su-34",
		["initiator_ws_type1"] = 1,
		["linked_event_id"] = 0,
		["t"] = 846.74,
		["target"] = "Osa 9A33 ln",
		["targetMissionID"] = "23",
		["targetPilotName"] = "Osa 9A33 ln",
		["target_coalition"] = 2,
		["target_object_id"] = 16789504,
		["target_unit_type"] = "Osa 9A33 ln",
		["target_ws_type1"] = 2,
		["type"] = "shot",
		["weapon"] = "Kh-58U",
		["weapon_type"] = 3016756,
	},
	[38] = {
		["event_id"] = 262,
		["initiatorMissionID"] = "30",
		["initiatorPilotName"] = "Su-34",
		["initiator_coalition"] = 1,
		["initiator_object_id"] = 16777728,
		["initiator_unit_type"] = "Su-34",
		["initiator_ws_type1"] = 1,
		["linked_event_id"] = 0,
		["t"] = 864.82,
		["target"] = "Osa 9A33 ln",
		["targetMissionID"] = "22",
		["targetPilotName"] = "Osa 9A33 ln",
		["target_coalition"] = 2,
		["target_object_id"] = 16789248,
		["target_unit_type"] = "Osa 9A33 ln",
		["target_ws_type1"] = 2,
		["type"] = "shot",
		["weapon"] = "Kh-58U",
		["weapon_type"] = 3016756,
	},
	[39] = {
		["event_id"] = 263,
		["initiatorMissionID"] = "22",
		["initiatorPilotName"] = "Osa 9A33 ln",
		["initiator_coalition"] = 2,
		["initiator_object_id"] = 16789248,
		["initiator_unit_type"] = "Osa 9A33 ln",
		["initiator_ws_type1"] = 2,
		["linked_event_id"] = 0,
		["t"] = 873.58,
		["target"] = "X_58",
		["targetMissionID"] = "0",
		["targetPilotName"] = "X_58",
		["target_coalition"] = 1,
		["target_object_id"] = 16812288,
		["target_unit_type"] = "X_58",
		["target_ws_type1"] = 4,
		["type"] = "shot",
		["weapon"] = "9M33 Osa (SA-8 Gecko)",
		["weapon_type"] = 5579364,
	},
	[40] = {
		["event_id"] = 264,
		["initiatorMissionID"] = "22",
		["initiatorPilotName"] = "Osa 9A33 ln",
		["initiator_coalition"] = 2,
		["initiator_object_id"] = 16789248,
		["initiator_unit_type"] = "Osa 9A33 ln",
		["initiator_ws_type1"] = 2,
		["linked_event_id"] = 0,
		["t"] = 877.83,
		["target"] = "X_58",
		["targetMissionID"] = "0",
		["targetPilotName"] = "X_58",
		["target_coalition"] = 1,
		["target_object_id"] = 16812288,
		["target_unit_type"] = "X_58",
		["target_ws_type1"] = 4,
		["type"] = "shot",
		["weapon"] = "9M33 Osa (SA-8 Gecko)",
		["weapon_type"] = 5579364,
	},
	[41] = {
		["event_id"] = 265,
		["initiatorMissionID"] = "22",
		["initiatorPilotName"] = "Osa 9A33 ln",
		["initiator_coalition"] = 2,
		["initiator_object_id"] = 16789248,
		["initiator_unit_type"] = "Osa 9A33 ln",
		["initiator_ws_type1"] = 2,
		["linked_event_id"] = 263,
		["t"] = 879.39,
		["target"] = "X_58",
		["targetMissionID"] = "0",
		["targetPilotName"] = "X_58",
		["target_coalition"] = 1,
		["target_object_id"] = 16812288,
		["target_unit_type"] = "X_58",
		["target_ws_type1"] = 4,
		["type"] = "hit",
		["weapon"] = "9M33 Osa (SA-8 Gecko)",
		["weapon_type"] = 5579364,
	},
	[42] = {
		["event_id"] = 267,
		["initiatorMissionID"] = "22",
		["initiatorPilotName"] = "Osa 9A33 ln",
		["initiator_coalition"] = 2,
		["initiator_object_id"] = 16789248,
		["initiator_unit_type"] = "Osa 9A33 ln",
		["initiator_ws_type1"] = 2,
		["linked_event_id"] = 265,
		["t"] = 879.39,
		["target"] = "X_58",
		["targetMissionID"] = "0",
		["targetPilotName"] = "X_58",
		["target_coalition"] = 1,
		["target_object_id"] = 16812288,
		["target_unit_type"] = "X_58",
		["target_ws_type1"] = 4,
		["type"] = "kill",
		["weapon"] = "9M33 Osa (SA-8 Gecko)",
		["weapon_type"] = 5579364,
	},
	[43] = {
		["amount"] = 0,
		["comment"] = "general",
		["event_id"] = 268,
		["initiatorMissionID"] = "22",
		["initiatorPilotName"] = "Osa 9A33 ln",
		["initiator_coalition"] = 2,
		["initiator_object_id"] = 16789248,
		["initiator_unit_type"] = "Osa 9A33 ln",
		["initiator_ws_type1"] = 2,
		["linked_event_id"] = 267,
		["t"] = 879.39,
		["type"] = "score",
	},
	[44] = {
		["event_id"] = 270,
		["initiatorMissionID"] = "30",
		["initiatorPilotName"] = "Su-34",
		["initiator_coalition"] = 1,
		["initiator_object_id"] = 16777728,
		["initiator_unit_type"] = "Su-34",
		["initiator_ws_type1"] = 1,
		["linked_event_id"] = 0,
		["t"] = 1003.52,
		["target"] = "Osa 9A33 ln",
		["targetMissionID"] = "22",
		["targetPilotName"] = "Osa 9A33 ln",
		["target_coalition"] = 2,
		["target_object_id"] = 16789248,
		["target_unit_type"] = "Osa 9A33 ln",
		["target_ws_type1"] = 2,
		["type"] = "shot",
		["weapon"] = "Kh-58U",
		["weapon_type"] = 3016756,
	},
	[45] = {
		["event_id"] = 271,
		["initiatorMissionID"] = "22",
		["initiatorPilotName"] = "Osa 9A33 ln",
		["initiator_coalition"] = 2,
		["initiator_object_id"] = 16789248,
		["initiator_unit_type"] = "Osa 9A33 ln",
		["initiator_ws_type1"] = 2,
		["linked_event_id"] = 0,
		["t"] = 1007.426,
		["target"] = "X_58",
		["targetMissionID"] = "0",
		["targetPilotName"] = "X_58",
		["target_coalition"] = 1,
		["target_object_id"] = 16813568,
		["target_unit_type"] = "X_58",
		["target_ws_type1"] = 4,
		["type"] = "shot",
		["weapon"] = "9M33 Osa (SA-8 Gecko)",
		["weapon_type"] = 5579364,
	},
	[46] = {
		["event_id"] = 272,
		["initiatorMissionID"] = "22",
		["initiatorPilotName"] = "Osa 9A33 ln",
		["initiator_coalition"] = 2,
		["initiator_object_id"] = 16789248,
		["initiator_unit_type"] = "Osa 9A33 ln",
		["initiator_ws_type1"] = 2,
		["linked_event_id"] = 0,
		["t"] = 1011.542,
		["target"] = "X_58",
		["targetMissionID"] = "0",
		["targetPilotName"] = "X_58",
		["target_coalition"] = 1,
		["target_object_id"] = 16813568,
		["target_unit_type"] = "X_58",
		["target_ws_type1"] = 4,
		["type"] = "shot",
		["weapon"] = "9M33 Osa (SA-8 Gecko)",
		["weapon_type"] = 5579364,
	},
	[47] = {
		["event_id"] = 273,
		["initiatorMissionID"] = "22",
		["initiatorPilotName"] = "Osa 9A33 ln",
		["initiator_coalition"] = 2,
		["initiator_object_id"] = 16789248,
		["initiator_unit_type"] = "Osa 9A33 ln",
		["initiator_ws_type1"] = 2,
		["linked_event_id"] = 271,
		["t"] = 1013.766,
		["target"] = "X_58",
		["targetMissionID"] = "0",
		["targetPilotName"] = "X_58",
		["target_coalition"] = 1,
		["target_object_id"] = 16813568,
		["target_unit_type"] = "X_58",
		["target_ws_type1"] = 4,
		["type"] = "hit",
		["weapon"] = "9M33 Osa (SA-8 Gecko)",
		["weapon_type"] = 5579364,
	},
	[48] = {
		["event_id"] = 275,
		["initiatorMissionID"] = "22",
		["initiatorPilotName"] = "Osa 9A33 ln",
		["initiator_coalition"] = 2,
		["initiator_object_id"] = 16789248,
		["initiator_unit_type"] = "Osa 9A33 ln",
		["initiator_ws_type1"] = 2,
		["linked_event_id"] = 273,
		["t"] = 1013.766,
		["target"] = "X_58",
		["targetMissionID"] = "0",
		["targetPilotName"] = "X_58",
		["target_coalition"] = 1,
		["target_object_id"] = 16813568,
		["target_unit_type"] = "X_58",
		["target_ws_type1"] = 4,
		["type"] = "kill",
		["weapon"] = "9M33 Osa (SA-8 Gecko)",
		["weapon_type"] = 5579364,
	},
	[49] = {
		["amount"] = 0,
		["comment"] = "general",
		["event_id"] = 276,
		["initiatorMissionID"] = "22",
		["initiatorPilotName"] = "Osa 9A33 ln",
		["initiator_coalition"] = 2,
		["initiator_object_id"] = 16789248,
		["initiator_unit_type"] = "Osa 9A33 ln",
		["initiator_ws_type1"] = 2,
		["linked_event_id"] = 275,
		["t"] = 1013.766,
		["type"] = "score",
	},
	[50] = {
		["event_id"] = 278,
		["initiatorMissionID"] = "78",
		["initiatorPilotName"] = "Su-34",
		["initiator_coalition"] = 1,
		["initiator_object_id"] = 16777984,
		["initiator_unit_type"] = "Su-34",
		["initiator_ws_type1"] = 1,
		["linked_event_id"] = 0,
		["t"] = 1025,
		["target"] = "SA-11 Buk SR 9S18M1",
		["targetMissionID"] = "7",
		["targetPilotName"] = "SA-11 Buk SR 9S18M1",
		["target_coalition"] = 2,
		["target_object_id"] = 16785920,
		["target_unit_type"] = "SA-11 Buk SR 9S18M1",
		["target_ws_type1"] = 2,
		["type"] = "shot",
		["weapon"] = "Kh-58U",
		["weapon_type"] = 3016756,
	},
	[51] = {
		["event_id"] = 279,
		["initiatorMissionID"] = "78",
		["initiatorPilotName"] = "Su-34",
		["initiator_coalition"] = 1,
		["initiator_object_id"] = 16777984,
		["initiator_unit_type"] = "Su-34",
		["initiator_ws_type1"] = 1,
		["linked_event_id"] = 0,
		["t"] = 1078.18,
		["target"] = "Osa 9A33 ln",
		["targetMissionID"] = "23",
		["targetPilotName"] = "Osa 9A33 ln",
		["target_coalition"] = 2,
		["target_object_id"] = 16789504,
		["target_unit_type"] = "Osa 9A33 ln",
		["target_ws_type1"] = 2,
		["type"] = "shot",
		["weapon"] = "Kh-58U",
		["weapon_type"] = 3016756,
	},
	[52] = {
		["event_id"] = 280,
		["initiatorMissionID"] = "27",
		["initiatorPilotName"] = "Su-25T",
		["initiator_coalition"] = 1,
		["initiator_object_id"] = 16792832,
		["initiator_unit_type"] = "Su-25T",
		["initiator_ws_type1"] = 1,
		["linked_event_id"] = 0,
		["t"] = 1121.66,
		["target"] = "Osa 9A33 ln",
		["targetMissionID"] = "22",
		["targetPilotName"] = "Osa 9A33 ln",
		["target_coalition"] = 2,
		["target_object_id"] = 16789248,
		["target_unit_type"] = "Osa 9A33 ln",
		["target_ws_type1"] = 2,
		["type"] = "shot",
		["weapon"] = "Kh-25MP",
		["weapon_type"] = 3082292,
	},
	[53] = {
		["event_id"] = 281,
		["initiatorMissionID"] = "27",
		["initiatorPilotName"] = "Su-25T",
		["initiator_coalition"] = 1,
		["initiator_object_id"] = 16792832,
		["initiator_unit_type"] = "Su-25T",
		["initiator_ws_type1"] = 1,
		["linked_event_id"] = 0,
		["t"] = 1130.16,
		["target"] = "Osa 9A33 ln",
		["targetMissionID"] = "23",
		["targetPilotName"] = "Osa 9A33 ln",
		["target_coalition"] = 2,
		["target_object_id"] = 16789504,
		["target_unit_type"] = "Osa 9A33 ln",
		["target_ws_type1"] = 2,
		["type"] = "shot",
		["weapon"] = "Kh-25MP",
		["weapon_type"] = 3082292,
	},
	[54] = {
		["event_id"] = 282,
		["initiatorMissionID"] = "23",
		["initiatorPilotName"] = "Osa 9A33 ln",
		["initiator_coalition"] = 2,
		["initiator_object_id"] = 16789504,
		["initiator_unit_type"] = "Osa 9A33 ln",
		["initiator_ws_type1"] = 2,
		["linked_event_id"] = 0,
		["t"] = 1190.171,
		["target"] = "X_25MP",
		["targetMissionID"] = "0",
		["targetPilotName"] = "X_25MP",
		["target_coalition"] = 1,
		["target_object_id"] = 16816128,
		["target_unit_type"] = "X_25MP",
		["target_ws_type1"] = 4,
		["type"] = "shot",
		["weapon"] = "9M33 Osa (SA-8 Gecko)",
		["weapon_type"] = 5579364,
	},
	[55] = {
		["event_id"] = 283,
		["initiatorMissionID"] = "23",
		["initiatorPilotName"] = "Osa 9A33 ln",
		["initiator_coalition"] = 2,
		["initiator_object_id"] = 16789504,
		["initiator_unit_type"] = "Osa 9A33 ln",
		["initiator_ws_type1"] = 2,
		["linked_event_id"] = 0,
		["t"] = 1194.569,
		["target"] = "X_25MP",
		["targetMissionID"] = "0",
		["targetPilotName"] = "X_25MP",
		["target_coalition"] = 1,
		["target_object_id"] = 16816128,
		["target_unit_type"] = "X_25MP",
		["target_ws_type1"] = 4,
		["type"] = "shot",
		["weapon"] = "9M33 Osa (SA-8 Gecko)",
		["weapon_type"] = 5579364,
	},
	[56] = {
		["event_id"] = 284,
		["initiatorMissionID"] = "23",
		["initiatorPilotName"] = "Osa 9A33 ln",
		["initiator_coalition"] = 2,
		["initiator_object_id"] = 16789504,
		["initiator_unit_type"] = "Osa 9A33 ln",
		["initiator_ws_type1"] = 2,
		["linked_event_id"] = 282,
		["t"] = 1196.571,
		["target"] = "X_25MP",
		["targetMissionID"] = "0",
		["targetPilotName"] = "X_25MP",
		["target_coalition"] = 1,
		["target_object_id"] = 16816128,
		["target_unit_type"] = "X_25MP",
		["target_ws_type1"] = 4,
		["type"] = "hit",
		["weapon"] = "9M33 Osa (SA-8 Gecko)",
		["weapon_type"] = 5579364,
	},
	[57] = {
		["event_id"] = 286,
		["initiatorMissionID"] = "23",
		["initiatorPilotName"] = "Osa 9A33 ln",
		["initiator_coalition"] = 2,
		["initiator_object_id"] = 16789504,
		["initiator_unit_type"] = "Osa 9A33 ln",
		["initiator_ws_type1"] = 2,
		["linked_event_id"] = 284,
		["t"] = 1196.571,
		["target"] = "X_25MP",
		["targetMissionID"] = "0",
		["targetPilotName"] = "X_25MP",
		["target_coalition"] = 1,
		["target_object_id"] = 16816128,
		["target_unit_type"] = "X_25MP",
		["target_ws_type1"] = 4,
		["type"] = "kill",
		["weapon"] = "9M33 Osa (SA-8 Gecko)",
		["weapon_type"] = 5579364,
	},
	[58] = {
		["amount"] = 0,
		["comment"] = "general",
		["event_id"] = 287,
		["initiatorMissionID"] = "23",
		["initiatorPilotName"] = "Osa 9A33 ln",
		["initiator_coalition"] = 2,
		["initiator_object_id"] = 16789504,
		["initiator_unit_type"] = "Osa 9A33 ln",
		["initiator_ws_type1"] = 2,
		["linked_event_id"] = 286,
		["t"] = 1196.571,
		["type"] = "score",
	},
	[59] = {
		["event_id"] = 289,
		["initiatorMissionID"] = "27",
		["initiatorPilotName"] = "Su-25T",
		["initiator_coalition"] = 1,
		["initiator_object_id"] = 16792832,
		["initiator_unit_type"] = "Su-25T",
		["initiator_ws_type1"] = 1,
		["linked_event_id"] = 281,
		["t"] = 1210.14,
		["target"] = "Osa 9A33 ln",
		["targetMissionID"] = "23",
		["targetPilotName"] = "Osa 9A33 ln",
		["target_coalition"] = 2,
		["target_object_id"] = 16789504,
		["target_unit_type"] = "Osa 9A33 ln",
		["target_ws_type1"] = 2,
		["type"] = "hit",
		["weapon"] = "Kh-25MP",
		["weapon_type"] = 3082292,
	},
	[60] = {
		["event_id"] = 291,
		["initiatorMissionID"] = "27",
		["initiatorPilotName"] = "Su-25T",
		["initiator_coalition"] = 1,
		["initiator_object_id"] = 16792832,
		["initiator_unit_type"] = "Su-25T",
		["initiator_ws_type1"] = 1,
		["linked_event_id"] = 289,
		["t"] = 1210.14,
		["target"] = "Osa 9A33 ln",
		["targetMissionID"] = "23",
		["targetPilotName"] = "Osa 9A33 ln",
		["target_coalition"] = 2,
		["target_object_id"] = 16789504,
		["target_unit_type"] = "Osa 9A33 ln",
		["target_ws_type1"] = 2,
		["type"] = "kill",
		["weapon"] = "Kh-25MP",
		["weapon_type"] = 3082292,
	},
	[61] = {
		["amount"] = 15,
		["comment"] = "ground",
		["event_id"] = 292,
		["initiatorMissionID"] = "27",
		["initiatorPilotName"] = "Su-25T",
		["initiator_coalition"] = 1,
		["initiator_object_id"] = 16792832,
		["initiator_unit_type"] = "Su-25T",
		["initiator_ws_type1"] = 1,
		["linked_event_id"] = 291,
		["t"] = 1210.14,
		["type"] = "score",
	},
	[62] = {
		["event_id"] = 294,
		["initiatorMissionID"] = "27",
		["initiatorPilotName"] = "Su-25T",
		["initiator_coalition"] = 1,
		["initiator_object_id"] = 16792832,
		["initiator_unit_type"] = "Su-25T",
		["initiator_ws_type1"] = 1,
		["linked_event_id"] = 0,
		["t"] = 1210.14,
		["target"] = "Osa 9A33 ln",
		["targetMissionID"] = "23",
		["targetPilotName"] = "Osa 9A33 ln",
		["target_coalition"] = 2,
		["target_object_id"] = 16789504,
		["target_unit_type"] = "Osa 9A33 ln",
		["target_ws_type1"] = 2,
		["type"] = "bda",
		["weapon"] = "Kh-25MP",
		["weapon_type"] = 3082292,
	},
	[63] = {
		["event_id"] = 420,
		["initiatorMissionID"] = "29",
		["initiatorPilotName"] = "Su-34",
		["initiator_coalition"] = 1,
		["initiator_object_id"] = 16777472,
		["initiator_unit_type"] = "Su-34",
		["initiator_ws_type1"] = 1,
		["linked_event_id"] = 0,
		["t"] = 1233.3,
		["target"] = "Osa 9A33 ln",
		["targetMissionID"] = "22",
		["targetPilotName"] = "Osa 9A33 ln",
		["target_coalition"] = 2,
		["target_object_id"] = 16789248,
		["target_unit_type"] = "Osa 9A33 ln",
		["target_ws_type1"] = 2,
		["type"] = "shot",
		["weapon"] = "Kh-58U",
		["weapon_type"] = 3016756,
	},
	[64] = {
		["event_id"] = 421,
		["initiatorMissionID"] = "29",
		["initiatorPilotName"] = "Su-34",
		["initiator_coalition"] = 1,
		["initiator_object_id"] = 16777472,
		["initiator_unit_type"] = "Su-34",
		["initiator_ws_type1"] = 1,
		["linked_event_id"] = 0,
		["t"] = 1239.34,
		["target"] = "SA-11 Buk SR 9S18M1",
		["targetMissionID"] = "7",
		["targetPilotName"] = "SA-11 Buk SR 9S18M1",
		["target_coalition"] = 2,
		["target_object_id"] = 16785920,
		["target_unit_type"] = "SA-11 Buk SR 9S18M1",
		["target_ws_type1"] = 2,
		["type"] = "shot",
		["weapon"] = "Kh-58U",
		["weapon_type"] = 3016756,
	},
	[65] = {
		["event_id"] = 422,
		["initiatorMissionID"] = "16",
		["initiatorPilotName"] = "ZSU-23-4 Shilka",
		["initiator_coalition"] = 2,
		["initiator_object_id"] = 16787712,
		["initiator_unit_type"] = "ZSU-23-4 Shilka",
		["initiator_ws_type1"] = 2,
		["linked_event_id"] = 0,
		["t"] = 1256.498,
		["target"] = "X_58",
		["targetMissionID"] = "0",
		["targetPilotName"] = "X_58",
		["target_coalition"] = 1,
		["target_object_id"] = 16814848,
		["target_unit_type"] = "X_58",
		["target_ws_type1"] = 4,
		["type"] = "start shooting",
		["weapon"] = "2A14_4",
	},
	[66] = {
		["event_id"] = 423,
		["initiatorMissionID"] = "17",
		["initiatorPilotName"] = "ZSU-23-4 Shilka",
		["initiator_coalition"] = 2,
		["initiator_object_id"] = 16787968,
		["initiator_unit_type"] = "ZSU-23-4 Shilka",
		["initiator_ws_type1"] = 2,
		["linked_event_id"] = 0,
		["t"] = 1257.818,
		["target"] = "X_58",
		["targetMissionID"] = "0",
		["targetPilotName"] = "X_58",
		["target_coalition"] = 1,
		["target_object_id"] = 16814848,
		["target_unit_type"] = "X_58",
		["target_ws_type1"] = 4,
		["type"] = "start shooting",
		["weapon"] = "2A14_4",
	},
	[67] = {
		["ammo_consumption"] = 0,
		["event_id"] = 424,
		["initiatorMissionID"] = "16",
		["initiatorPilotName"] = "ZSU-23-4 Shilka",
		["initiator_coalition"] = 2,
		["initiator_object_id"] = 16787712,
		["initiator_unit_type"] = "ZSU-23-4 Shilka",
		["initiator_ws_type1"] = 2,
		["linked_event_id"] = 0,
		["t"] = 1258.574,
		["type"] = "end shooting",
		["weapon"] = "2A14_4",
		["weapon_type"] = 2566,
	},
	[68] = {
		["ammo_consumption"] = 0,
		["event_id"] = 425,
		["initiatorMissionID"] = "17",
		["initiatorPilotName"] = "ZSU-23-4 Shilka",
		["initiator_coalition"] = 2,
		["initiator_object_id"] = 16787968,
		["initiator_unit_type"] = "ZSU-23-4 Shilka",
		["initiator_ws_type1"] = 2,
		["linked_event_id"] = 0,
		["t"] = 1260.043,
		["type"] = "end shooting",
		["weapon"] = "2A14_4",
		["weapon_type"] = 2566,
	},
	[69] = {
		["amount"] = 0,
		["comment"] = "general",
		["event_id"] = 482,
		["initiatorMissionID"] = "30",
		["initiatorPilotName"] = "Su-34",
		["initiator_coalition"] = 1,
		["initiator_object_id"] = 16777728,
		["initiator_unit_type"] = "Su-34",
		["initiator_ws_type1"] = 1,
		["linked_event_id"] = 481,
		["t"] = 1260.46,
		["type"] = "score",
	},
	[70] = {
		["amount"] = 0,
		["comment"] = "general",
		["event_id"] = 583,
		["initiatorMissionID"] = "30",
		["initiatorPilotName"] = "Su-34",
		["initiator_coalition"] = 1,
		["initiator_object_id"] = 16777728,
		["initiator_unit_type"] = "Su-34",
		["initiator_ws_type1"] = 1,
		["linked_event_id"] = 582,
		["t"] = 1260.46,
		["type"] = "score",
	},
	[71] = {
		["amount"] = 0,
		["comment"] = "general",
		["event_id"] = 588,
		["initiatorMissionID"] = "30",
		["initiatorPilotName"] = "Su-34",
		["initiator_coalition"] = 1,
		["initiator_object_id"] = 16777728,
		["initiator_unit_type"] = "Su-34",
		["initiator_ws_type1"] = 1,
		["linked_event_id"] = 587,
		["t"] = 1260.46,
		["type"] = "score",
	},
	[72] = {
		["amount"] = 0,
		["comment"] = "general",
		["event_id"] = 593,
		["initiatorMissionID"] = "30",
		["initiatorPilotName"] = "Su-34",
		["initiator_coalition"] = 1,
		["initiator_object_id"] = 16777728,
		["initiator_unit_type"] = "Su-34",
		["initiator_ws_type1"] = 1,
		["linked_event_id"] = 592,
		["t"] = 1260.46,
		["type"] = "score",
	},
	[73] = {
		["amount"] = 0,
		["comment"] = "general",
		["event_id"] = 598,
		["initiatorMissionID"] = "30",
		["initiatorPilotName"] = "Su-34",
		["initiator_coalition"] = 1,
		["initiator_object_id"] = 16777728,
		["initiator_unit_type"] = "Su-34",
		["initiator_ws_type1"] = 1,
		["linked_event_id"] = 597,
		["t"] = 1260.46,
		["type"] = "score",
	},
	[74] = {
		["amount"] = 0,
		["comment"] = "general",
		["event_id"] = 603,
		["initiatorMissionID"] = "30",
		["initiatorPilotName"] = "Su-34",
		["initiator_coalition"] = 1,
		["initiator_object_id"] = 16777728,
		["initiator_unit_type"] = "Su-34",
		["initiator_ws_type1"] = 1,
		["linked_event_id"] = 602,
		["t"] = 1260.46,
		["type"] = "score",
	},
	[75] = {
		["amount"] = 0,
		["comment"] = "general",
		["event_id"] = 608,
		["initiatorMissionID"] = "30",
		["initiatorPilotName"] = "Su-34",
		["initiator_coalition"] = 1,
		["initiator_object_id"] = 16777728,
		["initiator_unit_type"] = "Su-34",
		["initiator_ws_type1"] = 1,
		["linked_event_id"] = 607,
		["t"] = 1260.46,
		["type"] = "score",
	},
	[76] = {
		["amount"] = 0,
		["comment"] = "general",
		["event_id"] = 613,
		["initiatorMissionID"] = "30",
		["initiatorPilotName"] = "Su-34",
		["initiator_coalition"] = 1,
		["initiator_object_id"] = 16777728,
		["initiator_unit_type"] = "Su-34",
		["initiator_ws_type1"] = 1,
		["linked_event_id"] = 612,
		["t"] = 1260.46,
		["type"] = "score",
	},
	[77] = {
		["amount"] = 0,
		["comment"] = "general",
		["event_id"] = 618,
		["initiatorMissionID"] = "30",
		["initiatorPilotName"] = "Su-34",
		["initiator_coalition"] = 1,
		["initiator_object_id"] = 16777728,
		["initiator_unit_type"] = "Su-34",
		["initiator_ws_type1"] = 1,
		["linked_event_id"] = 617,
		["t"] = 1260.46,
		["type"] = "score",
	},
	[78] = {
		["amount"] = 0,
		["comment"] = "general",
		["event_id"] = 623,
		["initiatorMissionID"] = "30",
		["initiatorPilotName"] = "Su-34",
		["initiator_coalition"] = 1,
		["initiator_object_id"] = 16777728,
		["initiator_unit_type"] = "Su-34",
		["initiator_ws_type1"] = 1,
		["linked_event_id"] = 622,
		["t"] = 1260.46,
		["type"] = "score",
	},
	[79] = {
		["amount"] = 0,
		["comment"] = "general",
		["event_id"] = 628,
		["initiatorMissionID"] = "30",
		["initiatorPilotName"] = "Su-34",
		["initiator_coalition"] = 1,
		["initiator_object_id"] = 16777728,
		["initiator_unit_type"] = "Su-34",
		["initiator_ws_type1"] = 1,
		["linked_event_id"] = 627,
		["t"] = 1260.46,
		["type"] = "score",
	},
	[80] = {
		["amount"] = 0,
		["comment"] = "general",
		["event_id"] = 633,
		["initiatorMissionID"] = "30",
		["initiatorPilotName"] = "Su-34",
		["initiator_coalition"] = 1,
		["initiator_object_id"] = 16777728,
		["initiator_unit_type"] = "Su-34",
		["initiator_ws_type1"] = 1,
		["linked_event_id"] = 632,
		["t"] = 1260.46,
		["type"] = "score",
	},
	[81] = {
		["amount"] = 0,
		["comment"] = "general",
		["event_id"] = 638,
		["initiatorMissionID"] = "30",
		["initiatorPilotName"] = "Su-34",
		["initiator_coalition"] = 1,
		["initiator_object_id"] = 16777728,
		["initiator_unit_type"] = "Su-34",
		["initiator_ws_type1"] = 1,
		["linked_event_id"] = 637,
		["t"] = 1260.46,
		["type"] = "score",
	},
	[82] = {
		["amount"] = 0,
		["comment"] = "general",
		["event_id"] = 643,
		["initiatorMissionID"] = "30",
		["initiatorPilotName"] = "Su-34",
		["initiator_coalition"] = 1,
		["initiator_object_id"] = 16777728,
		["initiator_unit_type"] = "Su-34",
		["initiator_ws_type1"] = 1,
		["linked_event_id"] = 642,
		["t"] = 1260.46,
		["type"] = "score",
	},
	[83] = {
		["amount"] = 0,
		["comment"] = "general",
		["event_id"] = 648,
		["initiatorMissionID"] = "30",
		["initiatorPilotName"] = "Su-34",
		["initiator_coalition"] = 1,
		["initiator_object_id"] = 16777728,
		["initiator_unit_type"] = "Su-34",
		["initiator_ws_type1"] = 1,
		["linked_event_id"] = 647,
		["t"] = 1260.46,
		["type"] = "score",
	},
	[84] = {
		["amount"] = 0,
		["comment"] = "general",
		["event_id"] = 653,
		["initiatorMissionID"] = "30",
		["initiatorPilotName"] = "Su-34",
		["initiator_coalition"] = 1,
		["initiator_object_id"] = 16777728,
		["initiator_unit_type"] = "Su-34",
		["initiator_ws_type1"] = 1,
		["linked_event_id"] = 652,
		["t"] = 1260.46,
		["type"] = "score",
	},
	[85] = {
		["amount"] = 0,
		["comment"] = "general",
		["event_id"] = 658,
		["initiatorMissionID"] = "30",
		["initiatorPilotName"] = "Su-34",
		["initiator_coalition"] = 1,
		["initiator_object_id"] = 16777728,
		["initiator_unit_type"] = "Su-34",
		["initiator_ws_type1"] = 1,
		["linked_event_id"] = 657,
		["t"] = 1260.46,
		["type"] = "score",
	},
	[86] = {
		["amount"] = 0,
		["comment"] = "general",
		["event_id"] = 663,
		["initiatorMissionID"] = "30",
		["initiatorPilotName"] = "Su-34",
		["initiator_coalition"] = 1,
		["initiator_object_id"] = 16777728,
		["initiator_unit_type"] = "Su-34",
		["initiator_ws_type1"] = 1,
		["linked_event_id"] = 662,
		["t"] = 1260.46,
		["type"] = "score",
	},
	[87] = {
		["amount"] = 0,
		["comment"] = "general",
		["event_id"] = 668,
		["initiatorMissionID"] = "30",
		["initiatorPilotName"] = "Su-34",
		["initiator_coalition"] = 1,
		["initiator_object_id"] = 16777728,
		["initiator_unit_type"] = "Su-34",
		["initiator_ws_type1"] = 1,
		["linked_event_id"] = 667,
		["t"] = 1260.46,
		["type"] = "score",
	},
	[88] = {
		["amount"] = 0,
		["comment"] = "general",
		["event_id"] = 729,
		["initiatorMissionID"] = "30",
		["initiatorPilotName"] = "Su-34",
		["initiator_coalition"] = 1,
		["initiator_object_id"] = 16777728,
		["initiator_unit_type"] = "Su-34",
		["initiator_ws_type1"] = 1,
		["linked_event_id"] = 728,
		["t"] = 1260.46,
		["type"] = "score",
	},
	[89] = {
		["amount"] = 0,
		["comment"] = "general",
		["event_id"] = 734,
		["initiatorMissionID"] = "30",
		["initiatorPilotName"] = "Su-34",
		["initiator_coalition"] = 1,
		["initiator_object_id"] = 16777728,
		["initiator_unit_type"] = "Su-34",
		["initiator_ws_type1"] = 1,
		["linked_event_id"] = 733,
		["t"] = 1260.46,
		["type"] = "score",
	},
	[90] = {
		["event_id"] = 736,
		["initiatorMissionID"] = "16",
		["initiatorPilotName"] = "ZSU-23-4 Shilka",
		["initiator_coalition"] = 2,
		["initiator_object_id"] = 16787712,
		["initiator_unit_type"] = "ZSU-23-4 Shilka",
		["initiator_ws_type1"] = 2,
		["linked_event_id"] = 0,
		["t"] = 1303.438,
		["target"] = "X_58",
		["targetMissionID"] = "0",
		["targetPilotName"] = "X_58",
		["target_coalition"] = 1,
		["target_object_id"] = 16815616,
		["target_unit_type"] = "X_58",
		["target_ws_type1"] = 4,
		["type"] = "start shooting",
		["weapon"] = "2A14_4",
	},
	[91] = {
		["ammo_consumption"] = 0,
		["event_id"] = 737,
		["initiatorMissionID"] = "16",
		["initiatorPilotName"] = "ZSU-23-4 Shilka",
		["initiator_coalition"] = 2,
		["initiator_object_id"] = 16787712,
		["initiator_unit_type"] = "ZSU-23-4 Shilka",
		["initiator_ws_type1"] = 2,
		["linked_event_id"] = 0,
		["t"] = 1305.336,
		["type"] = "end shooting",
		["weapon"] = "2A14_4",
		["weapon_type"] = 2566,
	},
	[92] = {
		["event_id"] = 738,
		["initiatorMissionID"] = "17",
		["initiatorPilotName"] = "ZSU-23-4 Shilka",
		["initiator_coalition"] = 2,
		["initiator_object_id"] = 16787968,
		["initiator_unit_type"] = "ZSU-23-4 Shilka",
		["initiator_ws_type1"] = 2,
		["linked_event_id"] = 0,
		["t"] = 1305.678,
		["target"] = "X_58",
		["targetMissionID"] = "0",
		["targetPilotName"] = "X_58",
		["target_coalition"] = 1,
		["target_object_id"] = 16815616,
		["target_unit_type"] = "X_58",
		["target_ws_type1"] = 4,
		["type"] = "start shooting",
		["weapon"] = "2A14_4",
	},
	[93] = {
		["ammo_consumption"] = 0,
		["event_id"] = 743,
		["initiatorMissionID"] = "17",
		["initiatorPilotName"] = "ZSU-23-4 Shilka",
		["initiator_coalition"] = 2,
		["initiator_object_id"] = 16787968,
		["initiator_unit_type"] = "ZSU-23-4 Shilka",
		["initiator_ws_type1"] = 2,
		["linked_event_id"] = 0,
		["t"] = 1306.378,
		["type"] = "end shooting",
		["weapon"] = "2A14_4",
		["weapon_type"] = 2566,
	},
	[94] = {
		["event_id"] = 744,
		["initiatorMissionID"] = "16",
		["initiatorPilotName"] = "ZSU-23-4 Shilka",
		["initiator_coalition"] = 2,
		["initiator_object_id"] = 16787712,
		["initiator_unit_type"] = "ZSU-23-4 Shilka",
		["initiator_ws_type1"] = 2,
		["linked_event_id"] = 0,
		["t"] = 1323.798,
		["target"] = "X_58",
		["targetMissionID"] = "0",
		["targetPilotName"] = "X_58",
		["target_coalition"] = 1,
		["target_object_id"] = 16815872,
		["target_unit_type"] = "X_58",
		["target_ws_type1"] = 4,
		["type"] = "start shooting",
		["weapon"] = "2A14_4",
	},
	[95] = {
		["event_id"] = 745,
		["initiatorMissionID"] = "17",
		["initiatorPilotName"] = "ZSU-23-4 Shilka",
		["initiator_coalition"] = 2,
		["initiator_object_id"] = 16787968,
		["initiator_unit_type"] = "ZSU-23-4 Shilka",
		["initiator_ws_type1"] = 2,
		["linked_event_id"] = 0,
		["t"] = 1325.318,
		["target"] = "X_58",
		["targetMissionID"] = "0",
		["targetPilotName"] = "X_58",
		["target_coalition"] = 1,
		["target_object_id"] = 16815872,
		["target_unit_type"] = "X_58",
		["target_ws_type1"] = 4,
		["type"] = "start shooting",
		["weapon"] = "2A14_4",
	},
	[96] = {
		["ammo_consumption"] = 0,
		["event_id"] = 746,
		["initiatorMissionID"] = "16",
		["initiatorPilotName"] = "ZSU-23-4 Shilka",
		["initiator_coalition"] = 2,
		["initiator_object_id"] = 16787712,
		["initiator_unit_type"] = "ZSU-23-4 Shilka",
		["initiator_ws_type1"] = 2,
		["linked_event_id"] = 0,
		["t"] = 1325.965,
		["type"] = "end shooting",
		["weapon"] = "2A14_4",
		["weapon_type"] = 2566,
	},
	[97] = {
		["ammo_consumption"] = 0,
		["event_id"] = 747,
		["initiatorMissionID"] = "17",
		["initiatorPilotName"] = "ZSU-23-4 Shilka",
		["initiator_coalition"] = 2,
		["initiator_object_id"] = 16787968,
		["initiator_unit_type"] = "ZSU-23-4 Shilka",
		["initiator_ws_type1"] = 2,
		["linked_event_id"] = 0,
		["t"] = 1327.631,
		["type"] = "end shooting",
		["weapon"] = "2A14_4",
		["weapon_type"] = 2566,
	},
	[98] = {
		["event_id"] = 748,
		["initiatorMissionID"] = "78",
		["initiatorPilotName"] = "Su-34",
		["initiator_coalition"] = 1,
		["initiator_object_id"] = 16777984,
		["initiator_unit_type"] = "Su-34",
		["initiator_ws_type1"] = 1,
		["linked_event_id"] = 279,
		["t"] = 1327.78,
		["target"] = "Osa 9A33 ln",
		["targetMissionID"] = "22",
		["targetPilotName"] = "Osa 9A33 ln",
		["target_coalition"] = 2,
		["target_object_id"] = 16789248,
		["target_unit_type"] = "Osa 9A33 ln",
		["target_ws_type1"] = 2,
		["type"] = "hit",
		["weapon"] = "Kh-58U",
		["weapon_type"] = 3016756,
	},
	[99] = {
		["event_id"] = 750,
		["initiatorMissionID"] = "78",
		["initiatorPilotName"] = "Su-34",
		["initiator_coalition"] = 1,
		["initiator_object_id"] = 16777984,
		["initiator_unit_type"] = "Su-34",
		["initiator_ws_type1"] = 1,
		["linked_event_id"] = 748,
		["t"] = 1327.78,
		["target"] = "Osa 9A33 ln",
		["targetMissionID"] = "22",
		["targetPilotName"] = "Osa 9A33 ln",
		["target_coalition"] = 2,
		["target_object_id"] = 16789248,
		["target_unit_type"] = "Osa 9A33 ln",
		["target_ws_type1"] = 2,
		["type"] = "kill",
		["weapon"] = "Kh-58U",
		["weapon_type"] = 3016756,
	},
	[100] = {
		["amount"] = 15,
		["comment"] = "ground",
		["event_id"] = 751,
		["initiatorMissionID"] = "78",
		["initiatorPilotName"] = "Su-34",
		["initiator_coalition"] = 1,
		["initiator_object_id"] = 16777984,
		["initiator_unit_type"] = "Su-34",
		["initiator_ws_type1"] = 1,
		["linked_event_id"] = 750,
		["t"] = 1327.78,
		["type"] = "score",
	},
	[101] = {
		["event_id"] = 753,
		["initiatorMissionID"] = "78",
		["initiatorPilotName"] = "Su-34",
		["initiator_coalition"] = 1,
		["initiator_object_id"] = 16777984,
		["initiator_unit_type"] = "Su-34",
		["initiator_ws_type1"] = 1,
		["linked_event_id"] = 0,
		["t"] = 1327.78,
		["target"] = "Osa 9A33 ln",
		["targetMissionID"] = "22",
		["targetPilotName"] = "Osa 9A33 ln",
		["target_coalition"] = 2,
		["target_object_id"] = 16789248,
		["target_unit_type"] = "Osa 9A33 ln",
		["target_ws_type1"] = 2,
		["type"] = "bda",
		["weapon"] = "Kh-58U",
		["weapon_type"] = 3016756,
	},
	[102] = {
		["amount"] = 0,
		["comment"] = "general",
		["event_id"] = 941,
		["initiatorMissionID"] = "78",
		["initiatorPilotName"] = "Su-34",
		["initiator_coalition"] = 1,
		["initiator_object_id"] = 16777984,
		["initiator_unit_type"] = "Su-34",
		["initiator_ws_type1"] = 1,
		["linked_event_id"] = 940,
		["t"] = 1327.78,
		["type"] = "score",
	},
	[103] = {
		["amount"] = 0,
		["comment"] = "general",
		["event_id"] = 1000,
		["initiatorMissionID"] = "78",
		["initiatorPilotName"] = "Su-34",
		["initiator_coalition"] = 1,
		["initiator_object_id"] = 16777984,
		["initiator_unit_type"] = "Su-34",
		["initiator_ws_type1"] = 1,
		["linked_event_id"] = 999,
		["t"] = 1327.78,
		["type"] = "score",
	},
	[104] = {
		["amount"] = 0,
		["comment"] = "general",
		["event_id"] = 1006,
		["initiatorMissionID"] = "78",
		["initiatorPilotName"] = "Su-34",
		["initiator_coalition"] = 1,
		["initiator_object_id"] = 16777984,
		["initiator_unit_type"] = "Su-34",
		["initiator_ws_type1"] = 1,
		["linked_event_id"] = 1005,
		["t"] = 1327.78,
		["type"] = "score",
	},
	[105] = {
		["amount"] = 0,
		["comment"] = "general",
		["event_id"] = 1010,
		["initiatorMissionID"] = "78",
		["initiatorPilotName"] = "Su-34",
		["initiator_coalition"] = 1,
		["initiator_object_id"] = 16777984,
		["initiator_unit_type"] = "Su-34",
		["initiator_ws_type1"] = 1,
		["linked_event_id"] = 1009,
		["t"] = 1327.78,
		["type"] = "score",
	},
	[106] = {
		["event_id"] = 1013,
		["initiatorMissionID"] = "9",
		["initiatorPilotName"] = "SA-11 Buk LN 9A310M1",
		["initiator_coalition"] = 2,
		["initiator_object_id"] = 16786432,
		["initiator_unit_type"] = "SA-11 Buk LN 9A310M1",
		["initiator_ws_type1"] = 2,
		["linked_event_id"] = 0,
		["t"] = 1380.646,
		["target"] = "Su-25T",
		["targetMissionID"] = "27",
		["targetPilotName"] = "Su-25T",
		["target_coalition"] = 1,
		["target_object_id"] = 16792832,
		["target_unit_type"] = "Su-25T",
		["target_ws_type1"] = 1,
		["type"] = "shot",
		["weapon"] = "9M38M1 Buk-M1 (SA-11 Gadfly)",
		["weapon_type"] = 5710436,
	},
	[107] = {
		["event_id"] = 1014,
		["initiatorMissionID"] = "9",
		["initiatorPilotName"] = "SA-11 Buk LN 9A310M1",
		["initiator_coalition"] = 2,
		["initiator_object_id"] = 16786432,
		["initiator_unit_type"] = "SA-11 Buk LN 9A310M1",
		["initiator_ws_type1"] = 2,
		["linked_event_id"] = 1013,
		["t"] = 1404.686,
		["target"] = "Su-25T",
		["targetMissionID"] = "28",
		["targetPilotName"] = "Su-25T",
		["target_coalition"] = 1,
		["target_object_id"] = 16793088,
		["target_unit_type"] = "Su-25T",
		["target_ws_type1"] = 1,
		["type"] = "hit",
		["weapon"] = "9M38M1 Buk-M1 (SA-11 Gadfly)",
		["weapon_type"] = 5710436,
	},
	[108] = {
		["event_id"] = 1015,
		["initiatorMissionID"] = "9",
		["initiatorPilotName"] = "SA-11 Buk LN 9A310M1",
		["initiator_coalition"] = 2,
		["initiator_object_id"] = 16786432,
		["initiator_unit_type"] = "SA-11 Buk LN 9A310M1",
		["initiator_ws_type1"] = 2,
		["linked_event_id"] = 0,
		["t"] = 1404.686,
		["target"] = "Su-25T",
		["targetMissionID"] = "28",
		["targetPilotName"] = "Su-25T",
		["target_coalition"] = 1,
		["target_object_id"] = 16793088,
		["target_unit_type"] = "Su-25T",
		["target_ws_type1"] = 1,
		["type"] = "bda",
		["weapon"] = "9M38M1 Buk-M1 (SA-11 Gadfly)",
		["weapon_type"] = 5710436,
	},
	[109] = {
		["event_id"] = 1016,
		["initiatorMissionID"] = "28",
		["initiatorPilotName"] = "Su-25T",
		["initiator_coalition"] = 1,
		["initiator_object_id"] = 16793088,
		["initiator_unit_type"] = "Su-25T",
		["initiator_ws_type1"] = 1,
		["linked_event_id"] = 0,
		["t"] = 1404.686,
		["type"] = "ai abort mission",
	},
	[110] = {
		["event_id"] = 1017,
		["initiatorMissionID"] = "28",
		["initiatorPilotName"] = "Su-25T",
		["initiator_coalition"] = 1,
		["initiator_object_id"] = 16793088,
		["initiator_unit_type"] = "Su-25T",
		["initiator_ws_type1"] = 1,
		["linked_event_id"] = 0,
		["t"] = 1406.7,
		["target"] = "",
		["targetMissionID"] = "0",
		["targetPilotName"] = "",
		["target_coalition"] = 1,
		["target_object_id"] = 33743616,
		["target_unit_type"] = "",
		["target_ws_type1"] = 1,
		["type"] = "eject",
	},
	[111] = {
		["event_id"] = 1018,
		["initiatorMissionID"] = "9",
		["initiatorPilotName"] = "SA-11 Buk LN 9A310M1",
		["initiator_coalition"] = 2,
		["initiator_object_id"] = 16786432,
		["initiator_unit_type"] = "SA-11 Buk LN 9A310M1",
		["initiator_ws_type1"] = 2,
		["linked_event_id"] = 1014,
		["t"] = 1406.7,
		["target"] = "Su-25T",
		["targetMissionID"] = "28",
		["targetPilotName"] = "Su-25T",
		["target_coalition"] = 1,
		["target_object_id"] = 16793088,
		["target_unit_type"] = "Su-25T",
		["target_ws_type1"] = 1,
		["type"] = "kill",
		["weapon"] = "9M38M1 Buk-M1 (SA-11 Gadfly)",
		["weapon_type"] = 5710436,
	},
	[112] = {
		["amount"] = 50,
		["comment"] = "air",
		["event_id"] = 1019,
		["initiatorMissionID"] = "9",
		["initiatorPilotName"] = "SA-11 Buk LN 9A310M1",
		["initiator_coalition"] = 2,
		["initiator_object_id"] = 16786432,
		["initiator_unit_type"] = "SA-11 Buk LN 9A310M1",
		["initiator_ws_type1"] = 2,
		["linked_event_id"] = 1018,
		["t"] = 1406.7,
		["type"] = "score",
	},
	[113] = {
		["event_id"] = 1021,
		["initiatorMissionID"] = "0",
		["initiatorPilotName"] = "",
		["initiator_coalition"] = 1,
		["initiator_object_id"] = 16905728,
		["initiator_unit_type"] = "",
		["initiator_ws_type1"] = 1,
		["linked_event_id"] = 0,
		["t"] = 1407.78,
		["target"] = "",
		["targetMissionID"] = "0",
		["targetPilotName"] = "",
		["target_coalition"] = 1,
		["target_object_id"] = 33743616,
		["target_unit_type"] = "",
		["target_ws_type1"] = 1,
		["type"] = "pilot discard chair",
	},
	[114] = {
		["event_id"] = 1022,
		["initiatorMissionID"] = "9",
		["initiatorPilotName"] = "SA-11 Buk LN 9A310M1",
		["initiator_coalition"] = 2,
		["initiator_object_id"] = 16786432,
		["initiator_unit_type"] = "SA-11 Buk LN 9A310M1",
		["initiator_ws_type1"] = 2,
		["linked_event_id"] = 0,
		["t"] = 1410.222,
		["target"] = "Su-25T",
		["targetMissionID"] = "27",
		["targetPilotName"] = "Su-25T",
		["target_coalition"] = 1,
		["target_object_id"] = 16792832,
		["target_unit_type"] = "Su-25T",
		["target_ws_type1"] = 1,
		["type"] = "shot",
		["weapon"] = "9M38M1 Buk-M1 (SA-11 Gadfly)",
		["weapon_type"] = 5710436,
	},
	[115] = {
		["event_id"] = 1023,
		["initiatorMissionID"] = "28",
		["initiatorPilotName"] = "Su-25T",
		["initiator_coalition"] = 1,
		["initiator_object_id"] = 16793088,
		["initiator_unit_type"] = "Su-25T",
		["initiator_ws_type1"] = 1,
		["linked_event_id"] = 0,
		["t"] = 1410.3,
		["type"] = "crash",
	},
	[116] = {
		["event_id"] = 1024,
		["initiatorMissionID"] = "9",
		["initiatorPilotName"] = "SA-11 Buk LN 9A310M1",
		["initiator_coalition"] = 2,
		["initiator_object_id"] = 16786432,
		["initiator_unit_type"] = "SA-11 Buk LN 9A310M1",
		["initiator_ws_type1"] = 2,
		["linked_event_id"] = 0,
		["t"] = 1426.853,
		["target"] = "Su-25T",
		["targetMissionID"] = "27",
		["targetPilotName"] = "Su-25T",
		["target_coalition"] = 1,
		["target_object_id"] = 16792832,
		["target_unit_type"] = "Su-25T",
		["target_ws_type1"] = 1,
		["type"] = "shot",
		["weapon"] = "9M38M1 Buk-M1 (SA-11 Gadfly)",
		["weapon_type"] = 5710436,
	},
	[117] = {
		["event_id"] = 1025,
		["initiatorMissionID"] = "9",
		["initiatorPilotName"] = "SA-11 Buk LN 9A310M1",
		["initiator_coalition"] = 2,
		["initiator_object_id"] = 16786432,
		["initiator_unit_type"] = "SA-11 Buk LN 9A310M1",
		["initiator_ws_type1"] = 2,
		["linked_event_id"] = 1022,
		["t"] = 1427.462,
		["target"] = "Su-25T",
		["targetMissionID"] = "27",
		["targetPilotName"] = "Su-25T",
		["target_coalition"] = 1,
		["target_object_id"] = 16792832,
		["target_unit_type"] = "Su-25T",
		["target_ws_type1"] = 1,
		["type"] = "hit",
		["weapon"] = "9M38M1 Buk-M1 (SA-11 Gadfly)",
		["weapon_type"] = 5710436,
	},
	[118] = {
		["event_id"] = 1026,
		["initiatorMissionID"] = "9",
		["initiatorPilotName"] = "SA-11 Buk LN 9A310M1",
		["initiator_coalition"] = 2,
		["initiator_object_id"] = 16786432,
		["initiator_unit_type"] = "SA-11 Buk LN 9A310M1",
		["initiator_ws_type1"] = 2,
		["linked_event_id"] = 0,
		["t"] = 1427.462,
		["target"] = "Su-25T",
		["targetMissionID"] = "27",
		["targetPilotName"] = "Su-25T",
		["target_coalition"] = 1,
		["target_object_id"] = 16792832,
		["target_unit_type"] = "Su-25T",
		["target_ws_type1"] = 1,
		["type"] = "bda",
		["weapon"] = "9M38M1 Buk-M1 (SA-11 Gadfly)",
		["weapon_type"] = 5710436,
	},
	[119] = {
		["event_id"] = 1027,
		["failure"] = "l_engine",
		["failureDisplayName"] = "L-ENGINE",
		["initiatorMissionID"] = "27",
		["initiatorPilotName"] = "Su-25T",
		["initiator_coalition"] = 1,
		["initiator_object_id"] = 16792832,
		["initiator_unit_type"] = "Su-25T",
		["initiator_ws_type1"] = 1,
		["linked_event_id"] = 0,
		["t"] = 1428,
		["type"] = "failure",
	},
	[120] = {
		["event_id"] = 1028,
		["failure"] = "r_engine",
		["failureDisplayName"] = "R-ENGINE",
		["initiatorMissionID"] = "27",
		["initiatorPilotName"] = "Su-25T",
		["initiator_coalition"] = 1,
		["initiator_object_id"] = 16792832,
		["initiator_unit_type"] = "Su-25T",
		["initiator_ws_type1"] = 1,
		["linked_event_id"] = 0,
		["t"] = 1428,
		["type"] = "failure",
	},
	[121] = {
		["event_id"] = 1029,
		["failure"] = "hydro",
		["failureDisplayName"] = "HYDRO",
		["initiatorMissionID"] = "27",
		["initiatorPilotName"] = "Su-25T",
		["initiator_coalition"] = 1,
		["initiator_object_id"] = 16792832,
		["initiator_unit_type"] = "Su-25T",
		["initiator_ws_type1"] = 1,
		["linked_event_id"] = 0,
		["t"] = 1428,
		["type"] = "failure",
	},
	[122] = {
		["event_id"] = 1030,
		["initiatorMissionID"] = "0",
		["initiatorPilotName"] = "",
		["initiator_coalition"] = 1,
		["initiator_object_id"] = 16905728,
		["initiator_unit_type"] = "",
		["initiator_ws_type1"] = 1,
		["linked_event_id"] = 0,
		["t"] = 1441.96,
		["type"] = "pilot landing",
	},
	[123] = {
		["event_id"] = 1032,
		["initiatorMissionID"] = "27",
		["initiatorPilotName"] = "Su-25T",
		["initiator_coalition"] = 1,
		["initiator_object_id"] = 16792832,
		["initiator_unit_type"] = "Su-25T",
		["initiator_ws_type1"] = 1,
		["linked_event_id"] = 0,
		["t"] = 1450.12,
		["type"] = "pilot dead",
	},
	[124] = {
		["event_id"] = 1033,
		["initiatorMissionID"] = "9",
		["initiatorPilotName"] = "SA-11 Buk LN 9A310M1",
		["initiator_coalition"] = 2,
		["initiator_object_id"] = 16786432,
		["initiator_unit_type"] = "SA-11 Buk LN 9A310M1",
		["initiator_ws_type1"] = 2,
		["linked_event_id"] = 1025,
		["t"] = 1450.12,
		["target"] = "Su-25T",
		["targetMissionID"] = "27",
		["targetPilotName"] = "Su-25T",
		["target_coalition"] = 1,
		["target_object_id"] = 16792832,
		["target_unit_type"] = "Su-25T",
		["target_ws_type1"] = 1,
		["type"] = "kill",
		["weapon"] = "9M38M1 Buk-M1 (SA-11 Gadfly)",
		["weapon_type"] = 5710436,
	},
	[125] = {
		["amount"] = 50,
		["comment"] = "air",
		["event_id"] = 1034,
		["initiatorMissionID"] = "9",
		["initiatorPilotName"] = "SA-11 Buk LN 9A310M1",
		["initiator_coalition"] = 2,
		["initiator_object_id"] = 16786432,
		["initiator_unit_type"] = "SA-11 Buk LN 9A310M1",
		["initiator_ws_type1"] = 2,
		["linked_event_id"] = 1033,
		["t"] = 1450.12,
		["type"] = "score",
	},
	[126] = {
		["event_id"] = 1036,
		["initiatorMissionID"] = "27",
		["initiatorPilotName"] = "Su-25T",
		["initiator_coalition"] = 1,
		["initiator_object_id"] = 16792832,
		["initiator_unit_type"] = "Su-25T",
		["initiator_ws_type1"] = 1,
		["linked_event_id"] = 0,
		["t"] = 1450.12,
		["type"] = "crash",
	},
	[127] = {
		["comment"] = "winner: , msg: ",
		["event_id"] = 1038,
		["linked_event_id"] = 0,
		["t"] = 1460.94,
		["type"] = "mission end",
	},
}
mission_file_mark = 1754032553
mission_file_path = ".\\Mods\\aircraft\\Su-25T\\Missions\\Single\\Su-25T - Command post strike.miz"
mission_time = 1460.94
result = 0
triggers_state = {
	["1"] = {
		["time"] = 657.901,
		["value"] = 1,
	},
	["11"] = {
		["time"] = 1427.701,
		["value"] = 1,
	},
	["5"] = {
		["time"] = 1172.101,
		["value"] = 1,
	},
}
warehouses = {
	["airports"] = {
		[12] = {
			["unlimitedAircrafts"] = true,
			["unlimitedFuel"] = true,
			["unlimitedMunitions"] = true,
		},
		[13] = {
			["unlimitedAircrafts"] = true,
			["unlimitedFuel"] = true,
			["unlimitedMunitions"] = true,
		},
		[14] = {
			["unlimitedAircrafts"] = true,
			["unlimitedFuel"] = true,
			["unlimitedMunitions"] = true,
		},
		[15] = {
			["unlimitedAircrafts"] = true,
			["unlimitedFuel"] = true,
			["unlimitedMunitions"] = true,
		},
		[16] = {
			["unlimitedAircrafts"] = true,
			["unlimitedFuel"] = true,
			["unlimitedMunitions"] = true,
		},
		[17] = {
			["unlimitedAircrafts"] = true,
			["unlimitedFuel"] = true,
			["unlimitedMunitions"] = true,
		},
		[18] = {
			["unlimitedAircrafts"] = true,
			["unlimitedFuel"] = true,
			["unlimitedMunitions"] = true,
		},
		[19] = {
			["unlimitedAircrafts"] = true,
			["unlimitedFuel"] = true,
			["unlimitedMunitions"] = true,
		},
		[20] = {
			["unlimitedAircrafts"] = true,
			["unlimitedFuel"] = true,
			["unlimitedMunitions"] = true,
		},
		[21] = {
			["unlimitedAircrafts"] = true,
			["unlimitedFuel"] = true,
			["unlimitedMunitions"] = true,
		},
		[22] = {
			["unlimitedAircrafts"] = true,
			["unlimitedFuel"] = true,
			["unlimitedMunitions"] = true,
		},
		[23] = {
			["unlimitedAircrafts"] = true,
			["unlimitedFuel"] = true,
			["unlimitedMunitions"] = true,
		},
		[24] = {
			["unlimitedAircrafts"] = true,
			["unlimitedFuel"] = true,
			["unlimitedMunitions"] = true,
		},
		[25] = {
			["unlimitedAircrafts"] = true,
			["unlimitedFuel"] = true,
			["unlimitedMunitions"] = true,
		},
		[26] = {
			["unlimitedAircrafts"] = true,
			["unlimitedFuel"] = true,
			["unlimitedMunitions"] = true,
		},
		[27] = {
			["unlimitedAircrafts"] = true,
			["unlimitedFuel"] = true,
			["unlimitedMunitions"] = true,
		},
		[28] = {
			["unlimitedAircrafts"] = true,
			["unlimitedFuel"] = true,
			["unlimitedMunitions"] = true,
		},
		[29] = {
			["unlimitedAircrafts"] = true,
			["unlimitedFuel"] = true,
			["unlimitedMunitions"] = true,
		},
		[30] = {
			["unlimitedAircrafts"] = true,
			["unlimitedFuel"] = true,
			["unlimitedMunitions"] = true,
		},
		[31] = {
			["unlimitedAircrafts"] = true,
			["unlimitedFuel"] = true,
			["unlimitedMunitions"] = true,
		},
		[32] = {
			["unlimitedAircrafts"] = true,
			["unlimitedFuel"] = true,
			["unlimitedMunitions"] = true,
		},
	},
	["warehouses"] = {
		[2] = {
			["unlimitedAircrafts"] = true,
			["unlimitedFuel"] = true,
			["unlimitedMunitions"] = true,
		},
		[3] = {
			["unlimitedAircrafts"] = true,
			["unlimitedFuel"] = true,
			["unlimitedMunitions"] = true,
		},
		[4] = {
			["unlimitedAircrafts"] = true,
			["unlimitedFuel"] = true,
			["unlimitedMunitions"] = true,
		},
	},
}
world_state = {
	[1] = {
		["alt"] = 432.04638671875,
		["coalition"] = "red",
		["country"] = 0,
		["heading"] = 5.6723199526416,
		["type"] = "Su-25T",
		["unitId"] = 40,
		["x"] = -125461.765625,
		["y"] = 760271.8125,
	},
	[2] = {
		["alt"] = 432.04635620117,
		["coalition"] = "red",
		["country"] = 0,
		["heading"] = 5.6723199526416,
		["type"] = "Su-25T",
		["unitId"] = 41,
		["x"] = -125427.828125,
		["y"] = 760321.0625,
	},
	[3] = {
		["alt"] = 432.04635620117,
		["coalition"] = "red",
		["country"] = 0,
		["heading"] = 5.6723199526416,
		["type"] = "Su-25T",
		["unitId"] = 42,
		["x"] = -125393.8984375,
		["y"] = 760370.3125,
	},
	[4] = {
		["alt"] = 432.68890380859,
		["coalition"] = "red",
		["country"] = 0,
		["heading"] = 5.6897735635387,
		["type"] = "An-26B",
		["unitId"] = 44,
		["x"] = -125123.3828125,
		["y"] = 760766.625,
	},
	[5] = {
		["alt"] = 115.95494842529,
		["coalition"] = "blue",
		["country"] = 16,
		["heading"] = 3.0543261210071,
		["type"] = ".Command Center",
		["unitId"] = 1,
		["x"] = -275225.03125,
		["y"] = 695299.875,
	},
	[6] = {
		["alt"] = 111.19746398926,
		["coalition"] = "blue",
		["country"] = 16,
		["heading"] = 4.7123889366733,
		["type"] = ".Ammunition depot",
		["unitId"] = 2,
		["x"] = -275327.71875,
		["y"] = 694181.25,
	},
	[7] = {
		["alt"] = 111.78379058838,
		["coalition"] = "blue",
		["country"] = 16,
		["heading"] = 4.7123889366733,
		["type"] = ".Ammunition depot",
		["unitId"] = 3,
		["x"] = -275326.875,
		["y"] = 694298.0625,
	},
	[8] = {
		["alt"] = 112.37938690186,
		["coalition"] = "blue",
		["country"] = 16,
		["heading"] = 4.7123889366733,
		["type"] = ".Ammunition depot",
		["unitId"] = 4,
		["x"] = -275325.15625,
		["y"] = 694416.5625,
	},
	[9] = {
		["alt"] = 112.68858337402,
		["coalition"] = "blue",
		["country"] = 16,
		["heading"] = 6.0737457017051,
		["type"] = "An-26B",
		["unitId"] = 5,
		["x"] = -275886.84375,
		["y"] = 695043.4375,
	},
	[10] = {
		["alt"] = 112.68859100342,
		["coalition"] = "blue",
		["country"] = 16,
		["heading"] = 6.0737457017051,
		["type"] = "An-26B",
		["unitId"] = 6,
		["x"] = -275898.8125,
		["y"] = 694989.5,
	},
	[11] = {
		["alt"] = 115.88205718994,
		["coalition"] = "blue",
		["country"] = 16,
		["heading"] = 3.0543261210071,
		["type"] = ".Command Center",
		["unitId"] = 48,
		["x"] = -275161.53125,
		["y"] = 695103.25,
	},
	[12] = {
		["N_obj"] = 1,
		["alt"] = 3113.8034667969,
		["coalition"] = "red",
		["country"] = 0,
		["goto"] = 3,
		["groupId"] = 14,
		["heading"] = 0.5333722273456,
		["inAir"] = true,
		["payload"] = {
			["chaff"] = 0,
			["flare"] = 64,
			["fuel"] = 7107,
			["gun"] = 100,
			["pylons"] = {
				[1] = {
					["CLSID"] = "{44EE8698-89F9-48EE-AF36-5FD31896A82F}",
				},
				[2] = {
					["CLSID"] = "{FBC29BFE-3D24-4C64-B81D-941239D12249}",
				},
				[5] = {
					["CLSID"] = "{B4C01D60-A8A3-4237-BD72-CA7655BC0FE9}",
				},
				[6] = {
					["CLSID"] = "{E8069896-8435-4B90-95C0-01A03AE6E400}",
				},
				[7] = {
					["CLSID"] = "{E8069896-8435-4B90-95C0-01A03AE6E400}",
				},
				[8] = {
					["CLSID"] = "{B4C01D60-A8A3-4237-BD72-CA7655BC0FE9}",
				},
				[11] = {
					["CLSID"] = "{FBC29BFE-3D24-4C64-B81D-941239D12249}",
				},
				[12] = {
					["CLSID"] = "{44EE8698-89F9-48EE-AF36-5FD31896A82A}",
				},
			},
		},
		["speed"] = 109.1188583374,
		["type"] = "Su-34",
		["unitId"] = 29,
		["x"] = -207032.203125,
		["y"] = 725206.6875,
	},
	[13] = {
		["N_obj"] = 2,
		["alt"] = 3781.5805664063,
		["coalition"] = "red",
		["country"] = 0,
		["goto"] = 2,
		["groupId"] = 14,
		["heading"] = 0.53727418581118,
		["inAir"] = true,
		["payload"] = {
			["chaff"] = 64,
			["flare"] = 64,
			["fuel"] = 6729,
			["gun"] = 100,
			["pylons"] = {
				[1] = {
					["CLSID"] = "{44EE8698-89F9-48EE-AF36-5FD31896A82F}",
				},
				[2] = {
					["CLSID"] = "{FBC29BFE-3D24-4C64-B81D-941239D12249}",
				},
				[5] = {
					["CLSID"] = "{B4C01D60-A8A3-4237-BD72-CA7655BC0FE9}",
				},
				[6] = {
					["CLSID"] = "{E8069896-8435-4B90-95C0-01A03AE6E400}",
				},
				[7] = {
					["CLSID"] = "{E8069896-8435-4B90-95C0-01A03AE6E400}",
				},
				[8] = {
					["CLSID"] = "{B4C01D60-A8A3-4237-BD72-CA7655BC0FE9}",
				},
				[11] = {
					["CLSID"] = "{FBC29BFE-3D24-4C64-B81D-941239D12249}",
				},
				[12] = {
					["CLSID"] = "{44EE8698-89F9-48EE-AF36-5FD31896A82A}",
				},
			},
		},
		["speed"] = 197.68284606934,
		["type"] = "Su-34",
		["unitId"] = 30,
		["x"] = -140802.765625,
		["y"] = 764158.25,
	},
	[14] = {
		["N_obj"] = 3,
		["alt"] = 4928.0703125,
		["coalition"] = "red",
		["country"] = 0,
		["goto"] = 2,
		["groupId"] = 14,
		["heading"] = 0.60307008424868,
		["inAir"] = true,
		["payload"] = {
			["chaff"] = 64,
			["flare"] = 64,
			["fuel"] = 6706,
			["gun"] = 100,
			["pylons"] = {
				[1] = {
					["CLSID"] = "{44EE8698-89F9-48EE-AF36-5FD31896A82F}",
				},
				[2] = {
					["CLSID"] = "{FBC29BFE-3D24-4C64-B81D-941239D12249}",
				},
				[5] = {
					["CLSID"] = "{B4C01D60-A8A3-4237-BD72-CA7655BC0FE9}",
				},
				[6] = {
					["CLSID"] = "{E8069896-8435-4B90-95C0-01A03AE6E400}",
				},
				[7] = {
					["CLSID"] = "{E8069896-8435-4B90-95C0-01A03AE6E400}",
				},
				[8] = {
					["CLSID"] = "{B4C01D60-A8A3-4237-BD72-CA7655BC0FE9}",
				},
				[11] = {
					["CLSID"] = "{FBC29BFE-3D24-4C64-B81D-941239D12249}",
				},
				[12] = {
					["CLSID"] = "{44EE8698-89F9-48EE-AF36-5FD31896A82A}",
				},
			},
		},
		["speed"] = 170.30400085449,
		["type"] = "Su-34",
		["unitId"] = 78,
		["x"] = -157267.25,
		["y"] = 751420.125,
	},
	[15] = {
		["N_obj"] = 1,
		["alt"] = 431.97528076172,
		["coalition"] = "red",
		["country"] = 0,
		["goto"] = 1,
		["groupId"] = 16,
		["heading"] = 4.1432402769672,
		["payload"] = {
			["chaff"] = 128,
			["flare"] = 128,
			["fuel"] = 2981,
			["gun"] = 100,
			["pylons"] = {
				[1] = {
					["CLSID"] = "{44EE8698-89F9-48EE-AF36-5FD31896A82D}",
				},
				[2] = {
					["CLSID"] = "{35B698AC-9FEF-4EC4-AD29-484A0085F62B}",
				},
				[3] = {
					["CLSID"] = "{35B698AC-9FEF-4EC4-AD29-484A0085F62B}",
				},
				[4] = {
					["CLSID"] = "{35B698AC-9FEF-4EC4-AD29-484A0085F62B}",
				},
				[5] = {
					["CLSID"] = "{0180F983-C14A-11d8-9897-000476191836}",
				},
				[6] = {
					["CLSID"] = "{0519A264-0AB6-11d6-9193-00A0249B6F00}",
				},
				[7] = {
					["CLSID"] = "{0180F983-C14A-11d8-9897-000476191836}",
				},
				[8] = {
					["CLSID"] = "{35B698AC-9FEF-4EC4-AD29-484A0085F62B}",
				},
				[9] = {
					["CLSID"] = "{35B698AC-9FEF-4EC4-AD29-484A0085F62B}",
				},
				[10] = {
					["CLSID"] = "{35B698AC-9FEF-4EC4-AD29-484A0085F62B}",
				},
				[11] = {
					["CLSID"] = "{44EE8698-89F9-48EE-AF36-5FD31896A82C}",
				},
			},
		},
		["speed"] = 0,
		["type"] = "Su-25T",
		["unitId"] = 34,
		["x"] = -125385.140625,
		["y"] = 760395.1875,
	},
	[16] = {
		["N_obj"] = 2,
		["alt"] = 431.97528076172,
		["coalition"] = "red",
		["country"] = 0,
		["goto"] = 1,
		["groupId"] = 16,
		["heading"] = 4.1099713484394,
		["payload"] = {
			["chaff"] = 128,
			["flare"] = 128,
			["fuel"] = 2969,
			["gun"] = 100,
			["pylons"] = {
				[1] = {
					["CLSID"] = "{44EE8698-89F9-48EE-AF36-5FD31896A82D}",
				},
				[2] = {
					["CLSID"] = "{35B698AC-9FEF-4EC4-AD29-484A0085F62B}",
				},
				[3] = {
					["CLSID"] = "{35B698AC-9FEF-4EC4-AD29-484A0085F62B}",
				},
				[4] = {
					["CLSID"] = "{35B698AC-9FEF-4EC4-AD29-484A0085F62B}",
				},
				[5] = {
					["CLSID"] = "{0180F983-C14A-11d8-9897-000476191836}",
				},
				[6] = {
					["CLSID"] = "{0519A264-0AB6-11d6-9193-00A0249B6F00}",
				},
				[7] = {
					["CLSID"] = "{0180F983-C14A-11d8-9897-000476191836}",
				},
				[8] = {
					["CLSID"] = "{35B698AC-9FEF-4EC4-AD29-484A0085F62B}",
				},
				[9] = {
					["CLSID"] = "{35B698AC-9FEF-4EC4-AD29-484A0085F62B}",
				},
				[10] = {
					["CLSID"] = "{35B698AC-9FEF-4EC4-AD29-484A0085F62B}",
				},
				[11] = {
					["CLSID"] = "{44EE8698-89F9-48EE-AF36-5FD31896A82C}",
				},
			},
		},
		["speed"] = 0,
		["type"] = "Su-25T",
		["unitId"] = 35,
		["x"] = -125353.0703125,
		["y"] = 760441.1875,
	},
	[17] = {
		["N_obj"] = 1,
		["alt"] = 4999.9858398438,
		["coalition"] = "red",
		["country"] = 0,
		["goto"] = 5,
		["groupId"] = 17,
		["heading"] = 5.4034708778011,
		["inAir"] = true,
		["payload"] = {
			["chaff"] = 0,
			["flare"] = 96,
			["fuel"] = 7333,
			["gun"] = 100,
			["pylons"] = {
				[1] = {
					["CLSID"] = "{44EE8698-89F9-48EE-AF36-5FD31896A82F}",
				},
				[2] = {
					["CLSID"] = "{FBC29BFE-3D24-4C64-B81D-941239D12249}",
				},
				[3] = {
					["CLSID"] = "{B79C379A-9E87-4E50-A1EE-7F7E29C2E87A}",
				},
				[5] = {
					["CLSID"] = "{E8069896-8435-4B90-95C0-01A03AE6E400}",
				},
				[6] = {
					["CLSID"] = "{E8069896-8435-4B90-95C0-01A03AE6E400}",
				},
				[7] = {
					["CLSID"] = "{E8069896-8435-4B90-95C0-01A03AE6E400}",
				},
				[8] = {
					["CLSID"] = "{B79C379A-9E87-4E50-A1EE-7F7E29C2E87A}",
				},
				[9] = {
					["CLSID"] = "{FBC29BFE-3D24-4C64-B81D-941239D12249}",
				},
				[10] = {
					["CLSID"] = "{44EE8698-89F9-48EE-AF36-5FD31896A82A}",
				},
			},
		},
		["speed"] = 180.55555725098,
		["type"] = "Su-27",
		["unitId"] = 36,
		["x"] = -231882.84375,
		["y"] = 709145.4375,
	},
	[18] = {
		["N_obj"] = 2,
		["alt"] = 5000.0581054688,
		["coalition"] = "red",
		["country"] = 0,
		["goto"] = 5,
		["groupId"] = 17,
		["heading"] = 5.4059770146953,
		["inAir"] = true,
		["payload"] = {
			["chaff"] = 0,
			["flare"] = 96,
			["fuel"] = 6999,
			["gun"] = 100,
			["pylons"] = {
				[1] = {
					["CLSID"] = "{44EE8698-89F9-48EE-AF36-5FD31896A82F}",
				},
				[2] = {
					["CLSID"] = "{FBC29BFE-3D24-4C64-B81D-941239D12249}",
				},
				[3] = {
					["CLSID"] = "{B79C379A-9E87-4E50-A1EE-7F7E29C2E87A}",
				},
				[5] = {
					["CLSID"] = "{E8069896-8435-4B90-95C0-01A03AE6E400}",
				},
				[6] = {
					["CLSID"] = "{E8069896-8435-4B90-95C0-01A03AE6E400}",
				},
				[8] = {
					["CLSID"] = "{B79C379A-9E87-4E50-A1EE-7F7E29C2E87A}",
				},
				[9] = {
					["CLSID"] = "{FBC29BFE-3D24-4C64-B81D-941239D12249}",
				},
				[10] = {
					["CLSID"] = "{44EE8698-89F9-48EE-AF36-5FD31896A82A}",
				},
			},
		},
		["speed"] = 180.02502441406,
		["type"] = "Su-27",
		["unitId"] = 37,
		["x"] = -231458.515625,
		["y"] = 710285.8125,
	},
	[19] = {
		["N_obj"] = 1,
		["alt"] = 7000.001953125,
		["coalition"] = "red",
		["country"] = 0,
		["goto"] = 2,
		["groupId"] = 24,
		["heading"] = 1.5890210310565,
		["inAir"] = true,
		["payload"] = {
			["chaff"] = 192,
			["flare"] = 192,
			["fuel"] = 62532,
			["gun"] = 100,
			["pylons"] = {
			},
		},
		["speed"] = 222.22222900391,
		["type"] = "A-50",
		["unitId"] = 45,
		["x"] = -108182.7578125,
		["y"] = 716649.25,
	},
	[20] = {
		["N_obj"] = 1,
		["alt"] = 6499.6879882813,
		["coalition"] = "red",
		["country"] = 0,
		["goto"] = 1,
		["groupId"] = 25,
		["heading"] = 1.5889456907855,
		["inAir"] = true,
		["payload"] = {
			["chaff"] = 96,
			["flare"] = 96,
			["fuel"] = 8310,
			["gun"] = 100,
			["pylons"] = {
				[1] = {
					["CLSID"] = "{44EE8698-89F9-48EE-AF36-5FD31896A82F}",
				},
				[2] = {
					["CLSID"] = "{FBC29BFE-3D24-4C64-B81D-941239D12249}",
				},
				[3] = {
					["CLSID"] = "{B79C379A-9E87-4E50-A1EE-7F7E29C2E87A}",
				},
				[4] = {
					["CLSID"] = "{E8069896-8435-4B90-95C0-01A03AE6E400}",
				},
				[5] = {
					["CLSID"] = "{E8069896-8435-4B90-95C0-01A03AE6E400}",
				},
				[6] = {
					["CLSID"] = "{E8069896-8435-4B90-95C0-01A03AE6E400}",
				},
				[7] = {
					["CLSID"] = "{E8069896-8435-4B90-95C0-01A03AE6E400}",
				},
				[8] = {
					["CLSID"] = "{B79C379A-9E87-4E50-A1EE-7F7E29C2E87A}",
				},
				[9] = {
					["CLSID"] = "{FBC29BFE-3D24-4C64-B81D-941239D12249}",
				},
				[10] = {
					["CLSID"] = "{44EE8698-89F9-48EE-AF36-5FD31896A82A}",
				},
			},
		},
		["speed"] = 222.23442077637,
		["type"] = "Su-27",
		["unitId"] = 46,
		["x"] = -108179.109375,
		["y"] = 716448.8125,
	},
	[21] = {
		["N_obj"] = 2,
		["alt"] = 6499.6831054688,
		["coalition"] = "red",
		["country"] = 0,
		["goto"] = 1,
		["groupId"] = 25,
		["heading"] = 1.5887134710895,
		["inAir"] = true,
		["payload"] = {
			["chaff"] = 96,
			["flare"] = 96,
			["fuel"] = 8099,
			["gun"] = 100,
			["pylons"] = {
				[1] = {
					["CLSID"] = "{44EE8698-89F9-48EE-AF36-5FD31896A82F}",
				},
				[2] = {
					["CLSID"] = "{FBC29BFE-3D24-4C64-B81D-941239D12249}",
				},
				[3] = {
					["CLSID"] = "{B79C379A-9E87-4E50-A1EE-7F7E29C2E87A}",
				},
				[4] = {
					["CLSID"] = "{E8069896-8435-4B90-95C0-01A03AE6E400}",
				},
				[5] = {
					["CLSID"] = "{E8069896-8435-4B90-95C0-01A03AE6E400}",
				},
				[6] = {
					["CLSID"] = "{E8069896-8435-4B90-95C0-01A03AE6E400}",
				},
				[7] = {
					["CLSID"] = "{E8069896-8435-4B90-95C0-01A03AE6E400}",
				},
				[8] = {
					["CLSID"] = "{B79C379A-9E87-4E50-A1EE-7F7E29C2E87A}",
				},
				[9] = {
					["CLSID"] = "{FBC29BFE-3D24-4C64-B81D-941239D12249}",
				},
				[10] = {
					["CLSID"] = "{44EE8698-89F9-48EE-AF36-5FD31896A82A}",
				},
			},
		},
		["speed"] = 246.07807922363,
		["type"] = "Su-27",
		["unitId"] = 47,
		["x"] = -109219.2578125,
		["y"] = 715577,
	},
	[22] = {
		["N_obj"] = 1,
		["alt"] = 430.0114440918,
		["coalition"] = "red",
		["country"] = 0,
		["groupId"] = 22,
		["heading"] = 5.672319893037,
		["speed"] = 0,
		["type"] = "Ural-4320 APA-5D",
		["unitId"] = 43,
		["x"] = -125404.8671875,
		["y"] = 760358.5625,
	},
	[23] = {
		["N_obj"] = 1,
		["alt"] = 366.9328918457,
		["coalition"] = "red",
		["country"] = 0,
		["groupId"] = 27,
		["heading"] = 6.2831853071778,
		["speed"] = 0,
		["type"] = "S-300PS 40B6MD sr",
		["unitId"] = 49,
		["x"] = -124311.6328125,
		["y"] = 768136.875,
	},
	[24] = {
		["N_obj"] = 2,
		["alt"] = 367.85342407227,
		["coalition"] = "red",
		["country"] = 0,
		["groupId"] = 27,
		["heading"] = 6.2831853071796,
		["speed"] = 0,
		["type"] = "S-300PS 64H6E sr",
		["unitId"] = 50,
		["x"] = -124398.5078125,
		["y"] = 768082.625,
	},
	[25] = {
		["N_obj"] = 3,
		["alt"] = 367.1591796875,
		["coalition"] = "red",
		["country"] = 0,
		["groupId"] = 27,
		["heading"] = 6.2831853071778,
		["speed"] = 0,
		["type"] = "S-300PS 40B6M tr",
		["unitId"] = 51,
		["x"] = -124392.4375,
		["y"] = 768213.4375,
	},
	[26] = {
		["N_obj"] = 4,
		["alt"] = 367.3671875,
		["coalition"] = "red",
		["country"] = 0,
		["groupId"] = 27,
		["heading"] = 6.2831853071778,
		["speed"] = 0,
		["type"] = "S-300PS 54K6 cp",
		["unitId"] = 52,
		["x"] = -124382.875,
		["y"] = 768146,
	},
	[27] = {
		["N_obj"] = 5,
		["alt"] = 369.95901489258,
		["coalition"] = "red",
		["country"] = 0,
		["groupId"] = 27,
		["heading"] = 6.2831853071796,
		["speed"] = 0,
		["type"] = "S-300PS 5P85D ln",
		["unitId"] = 53,
		["x"] = -124436.640625,
		["y"] = 767832.75,
	},
	[28] = {
		["N_obj"] = 6,
		["alt"] = 370.55868530273,
		["coalition"] = "red",
		["country"] = 0,
		["groupId"] = 27,
		["heading"] = 6.2831853071796,
		["speed"] = 0,
		["type"] = "S-300PS 5P85D ln",
		["unitId"] = 54,
		["x"] = -124576.8515625,
		["y"] = 767897.4375,
	},
	[29] = {
		["N_obj"] = 7,
		["alt"] = 369.55252075195,
		["coalition"] = "red",
		["country"] = 0,
		["groupId"] = 27,
		["heading"] = 6.2831853071796,
		["speed"] = 0,
		["type"] = "S-300PS 5P85D ln",
		["unitId"] = 55,
		["x"] = -124642.9140625,
		["y"] = 768115.75,
	},
	[30] = {
		["N_obj"] = 8,
		["alt"] = 367.45034790039,
		["coalition"] = "red",
		["country"] = 0,
		["groupId"] = 27,
		["heading"] = 6.2831853071796,
		["speed"] = 0,
		["type"] = "S-300PS 5P85D ln",
		["unitId"] = 56,
		["x"] = -124546.015625,
		["y"] = 768350.625,
	},
	[31] = {
		["N_obj"] = 9,
		["alt"] = 365.5964050293,
		["coalition"] = "red",
		["country"] = 0,
		["groupId"] = 27,
		["heading"] = 6.2831853071796,
		["speed"] = 0,
		["type"] = "S-300PS 5P85D ln",
		["unitId"] = 57,
		["x"] = -124379.4765625,
		["y"] = 768473.3125,
	},
	[32] = {
		["N_obj"] = 10,
		["alt"] = 365.466796875,
		["coalition"] = "red",
		["country"] = 0,
		["groupId"] = 27,
		["heading"] = 6.2831853071796,
		["speed"] = 0,
		["type"] = "S-300PS 5P85C ln",
		["unitId"] = 59,
		["x"] = -124376.8984375,
		["y"] = 768493.25,
	},
	[33] = {
		["N_obj"] = 11,
		["alt"] = 367.32870483398,
		["coalition"] = "red",
		["country"] = 0,
		["groupId"] = 27,
		["heading"] = 6.2831853071796,
		["speed"] = 0,
		["type"] = "S-300PS 5P85C ln",
		["unitId"] = 60,
		["x"] = -124543.234375,
		["y"] = 768372.1875,
	},
	[34] = {
		["N_obj"] = 12,
		["alt"] = 369.38891601563,
		["coalition"] = "red",
		["country"] = 0,
		["groupId"] = 27,
		["heading"] = 6.2831853071796,
		["speed"] = 0,
		["type"] = "S-300PS 5P85C ln",
		["unitId"] = 61,
		["x"] = -124640.296875,
		["y"] = 768135.9375,
	},
	[35] = {
		["N_obj"] = 13,
		["alt"] = 370.41198730469,
		["coalition"] = "red",
		["country"] = 0,
		["groupId"] = 27,
		["heading"] = 6.2831853071796,
		["speed"] = 0,
		["type"] = "S-300PS 5P85C ln",
		["unitId"] = 62,
		["x"] = -124574.625,
		["y"] = 767914.6875,
	},
	[36] = {
		["N_obj"] = 14,
		["alt"] = 369.75747680664,
		["coalition"] = "red",
		["country"] = 0,
		["groupId"] = 27,
		["heading"] = 6.2831853071796,
		["speed"] = 0,
		["type"] = "S-300PS 5P85C ln",
		["unitId"] = 63,
		["x"] = -124433.3671875,
		["y"] = 767854,
	},
	[37] = {
		["N_obj"] = 15,
		["alt"] = 367.60244750977,
		["coalition"] = "red",
		["country"] = 0,
		["groupId"] = 27,
		["heading"] = 6.2831853071796,
		["speed"] = 0,
		["type"] = "55G6 EWR",
		["unitId"] = 64,
		["x"] = -124254.4140625,
		["y"] = 767920.1875,
	},
	[38] = {
		["N_obj"] = 16,
		["alt"] = 366.92041015625,
		["coalition"] = "red",
		["country"] = 0,
		["groupId"] = 27,
		["heading"] = 6.2831853071778,
		["speed"] = 0,
		["type"] = "ZIL-131 KUNG",
		["unitId"] = 65,
		["x"] = -124219.9375,
		["y"] = 767989.25,
	},
	[39] = {
		["N_obj"] = 17,
		["alt"] = 366.88598632813,
		["coalition"] = "red",
		["country"] = 0,
		["groupId"] = 27,
		["heading"] = 6.2831853071778,
		["speed"] = 0,
		["type"] = "ZIL-131 KUNG",
		["unitId"] = 66,
		["x"] = -124219.8984375,
		["y"] = 767997.75,
	},
	[40] = {
		["N_obj"] = 1,
		["alt"] = 430.0114440918,
		["coalition"] = "red",
		["country"] = 0,
		["groupId"] = 29,
		["heading"] = 5.550147060548,
		["speed"] = 0,
		["type"] = "ATMZ-5",
		["unitId"] = 79,
		["x"] = -125027.7109375,
		["y"] = 760901.4375,
	},
	[41] = {
		["N_obj"] = 1,
		["alt"] = 430.0114440918,
		["coalition"] = "red",
		["country"] = 0,
		["groupId"] = 30,
		["heading"] = 5.550147060548,
		["speed"] = 0,
		["type"] = "ZiL-131 APA-80",
		["unitId"] = 80,
		["x"] = -125009.140625,
		["y"] = 760931.4375,
	},
	[42] = {
		["N_obj"] = 1,
		["alt"] = 430.0114440918,
		["coalition"] = "red",
		["country"] = 0,
		["groupId"] = 31,
		["heading"] = 5.550147060548,
		["speed"] = 0,
		["type"] = "Ural-375",
		["unitId"] = 81,
		["x"] = -124987.140625,
		["y"] = 760962.875,
	},
	[43] = {
		["N_obj"] = 1,
		["alt"] = 112.54824829102,
		["coalition"] = "blue",
		["country"] = 16,
		["groupId"] = 7,
		["heading"] = -1.7484556025238e-07,
		["speed"] = 0,
		["type"] = "SA-11 Buk SR 9S18M1",
		["unitId"] = 7,
		["x"] = -275084.40625,
		["y"] = 693967.0625,
	},
	[44] = {
		["N_obj"] = 2,
		["alt"] = 113.19716644287,
		["coalition"] = "blue",
		["country"] = 16,
		["groupId"] = 7,
		["heading"] = -1.7484556025238e-07,
		["speed"] = 0,
		["type"] = "SA-11 Buk LN 9A310M1",
		["unitId"] = 8,
		["x"] = -275004.71875,
		["y"] = 693869.875,
	},
	[45] = {
		["N_obj"] = 3,
		["alt"] = 114.13059234619,
		["coalition"] = "blue",
		["country"] = 16,
		["groupId"] = 7,
		["heading"] = 6.2831853071796,
		["speed"] = 0,
		["type"] = "SA-11 Buk LN 9A310M1",
		["unitId"] = 9,
		["x"] = -274990.09375,
		["y"] = 694034.9375,
	},
	[46] = {
		["N_obj"] = 4,
		["alt"] = 110.93581390381,
		["coalition"] = "blue",
		["country"] = 16,
		["groupId"] = 7,
		["heading"] = 6.2831853071796,
		["speed"] = 0,
		["type"] = "SA-11 Buk LN 9A310M1",
		["unitId"] = 10,
		["x"] = -275207.15625,
		["y"] = 693979.125,
	},
	[47] = {
		["N_obj"] = 5,
		["alt"] = 112.07739257813,
		["coalition"] = "blue",
		["country"] = 16,
		["groupId"] = 7,
		["heading"] = -1.7484556025238e-07,
		["speed"] = 0,
		["type"] = "SA-11 Buk CC 9S470M1",
		["unitId"] = 11,
		["x"] = -275119.875,
		["y"] = 693969.4375,
	},
	[48] = {
		["N_obj"] = 1,
		["alt"] = 117.33431243896,
		["coalition"] = "blue",
		["country"] = 16,
		["groupId"] = 8,
		["heading"] = 6.2831853071796,
		["speed"] = 0,
		["type"] = "Strela-10M3",
		["unitId"] = 14,
		["x"] = -275174.6875,
		["y"] = 695430.4375,
	},
	[49] = {
		["N_obj"] = 2,
		["alt"] = 112.61572265625,
		["coalition"] = "blue",
		["country"] = 16,
		["groupId"] = 8,
		["heading"] = 6.2831853071796,
		["speed"] = 0,
		["type"] = "Strela-10M3",
		["unitId"] = 15,
		["x"] = -275423.8125,
		["y"] = 695209.5625,
	},
	[50] = {
		["N_obj"] = 3,
		["alt"] = 119.15767669678,
		["coalition"] = "blue",
		["country"] = 16,
		["groupId"] = 8,
		["heading"] = 6.2831853071796,
		["speed"] = 0,
		["type"] = "ZSU-23-4 Shilka",
		["unitId"] = 16,
		["x"] = -274919.40625,
		["y"] = 695357.375,
	},
	[51] = {
		["N_obj"] = 4,
		["alt"] = 114.60457611084,
		["coalition"] = "blue",
		["country"] = 16,
		["groupId"] = 8,
		["heading"] = -1.7484556025238e-07,
		["speed"] = 0,
		["type"] = "ZSU-23-4 Shilka",
		["unitId"] = 17,
		["x"] = -275379.375,
		["y"] = 695471.25,
	},
	[52] = {
		["N_obj"] = 1,
		["alt"] = 110.01111602783,
		["coalition"] = "blue",
		["country"] = 16,
		["groupId"] = 9,
		["heading"] = 1.3448146025287,
		["speed"] = 0,
		["type"] = "KAMAZ Truck",
		["unitId"] = 18,
		["x"] = -275864.65625,
		["y"] = 695038.6875,
	},
	[53] = {
		["N_obj"] = 2,
		["alt"] = 110.01110839844,
		["coalition"] = "blue",
		["country"] = 16,
		["groupId"] = 9,
		["heading"] = 1.3450029532062,
		["speed"] = 0,
		["type"] = "KAMAZ Truck",
		["unitId"] = 19,
		["x"] = -275871.375,
		["y"] = 695009.4375,
	},
	[54] = {
		["N_obj"] = 3,
		["alt"] = 110.01111602783,
		["coalition"] = "blue",
		["country"] = 16,
		["groupId"] = 9,
		["heading"] = 1.4780352751361,
		["speed"] = 0,
		["type"] = "KAMAZ Truck",
		["unitId"] = 20,
		["x"] = -275878,
		["y"] = 694980.1875,
	},
	[55] = {
		["N_obj"] = 4,
		["alt"] = 110.01111602783,
		["coalition"] = "blue",
		["country"] = 16,
		["groupId"] = 9,
		["heading"] = 1.5488131682025,
		["speed"] = 0,
		["type"] = "KAMAZ Truck",
		["unitId"] = 21,
		["x"] = -275879.65625,
		["y"] = 694950.3125,
	},
	[56] = {
		["N_obj"] = 1,
		["alt"] = 113.21995544434,
		["coalition"] = "blue",
		["country"] = 16,
		["groupId"] = 11,
		["heading"] = 6.2831853071796,
		["speed"] = 0,
		["type"] = "SA-18 Igla manpad",
		["unitId"] = 24,
		["x"] = -275307.34375,
		["y"] = 694521.6875,
	},
	[57] = {
		["N_obj"] = 2,
		["alt"] = 113.22637939453,
		["coalition"] = "blue",
		["country"] = 16,
		["groupId"] = 11,
		["heading"] = 6.2831853071796,
		["speed"] = 0,
		["type"] = "SA-18 Igla comm",
		["unitId"] = 25,
		["x"] = -275308.34375,
		["y"] = 694524.75,
	},
	[58] = {
		["N_obj"] = 1,
		["alt"] = 110.01110839844,
		["coalition"] = "blue",
		["country"] = 16,
		["groupId"] = 12,
		["heading"] = 0.78539783159365,
		["speed"] = 0,
		["type"] = "ZiL-131 APA-80",
		["unitId"] = 26,
		["x"] = -275892.90625,
		["y"] = 695016.9375,
	},
	[59] = {
		["N_obj"] = 1,
		["alt"] = 159.21028137207,
		["coalition"] = "blue",
		["country"] = 16,
		["groupId"] = 28,
		["heading"] = 6.2831853071796,
		["speed"] = 0,
		["type"] = "SA-11 Buk SR 9S18M1",
		["unitId"] = 67,
		["x"] = -287219.34375,
		["y"] = 728786.3125,
	},
	[60] = {
		["N_obj"] = 2,
		["alt"] = 159.8738861084,
		["coalition"] = "blue",
		["country"] = 16,
		["groupId"] = 28,
		["heading"] = 6.2831853071787,
		["speed"] = 0,
		["type"] = "SA-11 Buk LN 9A310M1",
		["unitId"] = 68,
		["x"] = -287034.3125,
		["y"] = 728658.6875,
	},
	[61] = {
		["N_obj"] = 3,
		["alt"] = 159.54403686523,
		["coalition"] = "blue",
		["country"] = 16,
		["groupId"] = 28,
		["heading"] = -1.7484556025238e-07,
		["speed"] = 0,
		["type"] = "SA-11 Buk LN 9A310M1",
		["unitId"] = 69,
		["x"] = -287200.46875,
		["y"] = 728536.6875,
	},
	[62] = {
		["N_obj"] = 4,
		["alt"] = 160.25355529785,
		["coalition"] = "blue",
		["country"] = 16,
		["groupId"] = 28,
		["heading"] = 6.2831853071759,
		["speed"] = 0,
		["type"] = "SA-11 Buk LN 9A310M1",
		["unitId"] = 70,
		["x"] = -287402.1875,
		["y"] = 728559.9375,
	},
	[63] = {
		["N_obj"] = 5,
		["alt"] = 160.32585144043,
		["coalition"] = "blue",
		["country"] = 16,
		["groupId"] = 28,
		["heading"] = 6.2831853071791,
		["speed"] = 0,
		["type"] = "Ural-375 PBU",
		["unitId"] = 71,
		["x"] = -287390.03125,
		["y"] = 728830.25,
	},
	[64] = {
		["N_obj"] = 6,
		["alt"] = 160.29417419434,
		["coalition"] = "blue",
		["country"] = 16,
		["groupId"] = 28,
		["heading"] = 6.2831853071791,
		["speed"] = 0,
		["type"] = "Ural-375 PBU",
		["unitId"] = 72,
		["x"] = -287388.3125,
		["y"] = 728844.5625,
	},
	[65] = {
		["N_obj"] = 7,
		["alt"] = 160.28945922852,
		["coalition"] = "blue",
		["country"] = 16,
		["groupId"] = 28,
		["heading"] = 6.2831853071791,
		["speed"] = 0,
		["type"] = "Ural-375 PBU",
		["unitId"] = 73,
		["x"] = -287388.3125,
		["y"] = 728857.4375,
	},
	[66] = {
		["N_obj"] = 8,
		["alt"] = 159.06715393066,
		["coalition"] = "blue",
		["country"] = 16,
		["groupId"] = 28,
		["heading"] = 4.0176506678211,
		["speed"] = 0,
		["type"] = "UAZ-469",
		["unitId"] = 74,
		["x"] = -287088.125,
		["y"] = 728872.0625,
	},
	[67] = {
		["N_obj"] = 9,
		["alt"] = 160.54396057129,
		["coalition"] = "blue",
		["country"] = 16,
		["groupId"] = 28,
		["heading"] = 6.2831853071796,
		["speed"] = 0,
		["type"] = "SA-11 Buk CC 9S470M1",
		["unitId"] = 83,
		["x"] = -287220.09375,
		["y"] = 728927.3125,
	},
	[68] = {
		["alt"] = 1872.2745361328,
		["coalition"] = "red",
		["country"] = 0,
		["heading"] = 3.5696345011341,
		["inAir"] = true,
		["speed"] = 171.72135925293,
		["type"] = "X_58",
		["unitId"] = 0,
		["x"] = -271818.34375,
		["y"] = 695524.25,
	},
}
